<?xml version="1.0" encoding="UTF-8"?>
<testsuites name="Hapus Karywan" time="198.661" tests="5" failures="0" errors="0">
   <testsuite name="Hapus Karywan" tests="5" failures="0" errors="0" time="198.661" skipped="0" timestamp="08-12-2024T18:16:20" hostname="rafki - Tester" id="Test Suites/Hapus Karywan">
      <properties>
         <property name="deviceName" value=""/>
         <property name="devicePlatform"/>
         <property name="logFolder" value="C:\\Users\\rafki\\git\\automationTest\\Reports\\20241208_181605\\Hapus Karywan\\20241208_181605"/>
         <property name="logFiles" value="C:\\Users\\rafki\\git\\automationTest\\Reports\\20241208_181605\\Hapus Karywan\\20241208_181605\\execution0.log"/>
         <property name="attachments" value=""/>
         <property name="hostName" value="rafki - Tester"/>
         <property name="os" value="Windows 11 64bit"/>
         <property name="katalonVersion" value="10.0.0.223"/>
         <property name="browser" value="Chrome 131.0.0.0"/>
         <property name="hostAddress" value="192.168.43.169"/>
         <property name="sessionId" value="4959c639564f7cb97d6a2b97cc9f869c"/>
         <property name="seleniumVersion" value="4.22.0"/>
         <property name="proxyInformation" value="ProxyInformation { proxyOption=NO_PROXY, proxyServerType=HTTP, username=, password=********, proxyServerAddress=, proxyServerPort=0, executionList=&quot;&quot;, isApplyToDesiredCapabilities=true }"/>
         <property name="platform" value="Windows 11"/>
      </properties>
      <testcase name="Test Cases/TC - HK 007/TC 001 Muncul konfirmasi sebelum hapus karyawan" time="49.301" classname="Test Cases/TC - HK 007/TC 001 Muncul konfirmasi sebelum hapus karyawan" status="PASSED">
         <system-out><![CDATA[08-12-2024T18:16:21 - [TEST_CASE][PASSED] - Test Cases/TC - HK 007/TC 001 Muncul konfirmasi sebelum hapus karyawan: Test Cases/TC - HK 007/TC 001 Muncul konfirmasi sebelum hapus karyawan

08-12-2024T18:16:22 - [TEST_STEP][PASSED] - callTestCase(findTestCase("TC - TK 004/TC 001 Membuka fitur PIM"), [:], STOP_ON_FAILURE): Call Test Case 'Test Cases/TC - TK 004/TC 001 Membuka fitur PIM' successfully

08-12-2024T18:16:22 - [TEST_CASE][PASSED] - Test Cases/TC - TK 004/TC 001 Membuka fitur PIM: Test Cases/TC - TK 004/TC 001 Membuka fitur PIM

08-12-2024T18:16:23 - [TEST_STEP][PASSED] - callTestCase(findTestCase("TC - LW 002/TC 001 Login berhasil"), [:], STOP_ON_FAILURE): Call Test Case 'Test Cases/TC - LW 002/TC 001 Login berhasil' successfully

08-12-2024T18:16:23 - [TEST_CASE][PASSED] - Test Cases/TC - LW 002/TC 001 Login berhasil: Test Cases/TC - LW 002/TC 001 Login berhasil

08-12-2024T18:16:23 - [TEST_STEP][PASSED] - callTestCase(findTestCase("TC - OW 001/TC 001 Link website benar"), [:], STOP_ON_FAILURE): Call Test Case 'Test Cases/TC - OW 001/TC 001 Link website benar' successfully

08-12-2024T18:16:23 - [TEST_CASE][PASSED] - Test Cases/TC - OW 001/TC 001 Link website benar: Test Cases/TC - OW 001/TC 001 Link website benar

08-12-2024T18:16:24 - [TEST_STEP][PASSED] - openBrowser("https://opensource-demo.orangehrmlive.com/web/index.php/"): Browser is opened with url: 'https://opensource-demo.orangehrmlive.com/web/index.php/'

08-12-2024T18:16:24 - [MESSAGE][INFO] - Starting 'Chrome' driver

08-12-2024T18:16:25 - [MESSAGE][INFO] - Action delay is set to 0 milliseconds

08-12-2024T18:16:40 - [MESSAGE][PASSED] - Browser is opened with url: 'https://opensource-demo.orangehrmlive.com/web/index.php/'

08-12-2024T18:16:40 - [TEST_STEP][PASSED] - maximizeWindow(): Current window maximized

08-12-2024T18:16:41 - [MESSAGE][PASSED] - Current window maximized

08-12-2024T18:16:41 - [TEST_STEP][PASSED] - verifyElementPresent(findTestObject("Login/textLogin"), 0): Object 'Object Repository/Login/textLogin' is present

08-12-2024T18:16:44 - [MESSAGE][WARNING] - Timeout '0' is invalid. Using default page load timeout: '30'

08-12-2024T18:16:45 - [MESSAGE][PASSED] - Object 'Object Repository/Login/textLogin' is present

08-12-2024T18:16:45 - [MESSAGE][PASSED] - Call Test Case 'Test Cases/TC - OW 001/TC 001 Link website benar' successfully

08-12-2024T18:16:45 - [TEST_STEP][PASSED] - click(findTestObject("Login/inputUsername")): Object: 'Object Repository/Login/inputUsername' is clicked on

08-12-2024T18:16:47 - [MESSAGE][PASSED] - Object: 'Object Repository/Login/inputUsername' is clicked on

08-12-2024T18:16:47 - [TEST_STEP][PASSED] - setText(findTestObject("Login/inputUsername"), "admin"): Text 'admin' is set on object 'Object Repository/Login/inputUsername'

08-12-2024T18:16:50 - [MESSAGE][PASSED] - Text 'admin' is set on object 'Object Repository/Login/inputUsername'

08-12-2024T18:16:50 - [TEST_STEP][PASSED] - click(findTestObject("Login/inputPaasword")): Object: 'Object Repository/Login/inputPaasword' is clicked on

08-12-2024T18:16:51 - [MESSAGE][PASSED] - Object: 'Object Repository/Login/inputPaasword' is clicked on

08-12-2024T18:16:51 - [TEST_STEP][PASSED] - setText(findTestObject("Login/inputPaasword"), "admin123"): Text 'admin123' is set on object 'Object Repository/Login/inputPaasword'

08-12-2024T18:16:52 - [MESSAGE][PASSED] - Text 'admin123' is set on object 'Object Repository/Login/inputPaasword'

08-12-2024T18:16:52 - [TEST_STEP][PASSED] - click(findTestObject("Login/buttonLogin")): Object: 'Object Repository/Login/buttonLogin' is clicked on

08-12-2024T18:16:55 - [MESSAGE][PASSED] - Object: 'Object Repository/Login/buttonLogin' is clicked on

08-12-2024T18:16:55 - [TEST_STEP][PASSED] - verifyElementPresent(findTestObject("Dashboard/textDashboard"), 0): Object 'Object Repository/Dashboard/textDashboard' is present

08-12-2024T18:16:55 - [MESSAGE][WARNING] - Timeout '0' is invalid. Using default page load timeout: '30'

08-12-2024T18:16:58 - [MESSAGE][PASSED] - Object 'Object Repository/Dashboard/textDashboard' is present

08-12-2024T18:16:58 - [MESSAGE][PASSED] - Call Test Case 'Test Cases/TC - LW 002/TC 001 Login berhasil' successfully

08-12-2024T18:16:58 - [TEST_STEP][PASSED] - click(findTestObject("PIM/buttonMenupim")): Object: 'Object Repository/PIM/buttonMenupim' is clicked on

08-12-2024T18:17:00 - [MESSAGE][PASSED] - Object: 'Object Repository/PIM/buttonMenupim' is clicked on

08-12-2024T18:17:00 - [TEST_STEP][PASSED] - verifyElementPresent(findTestObject("Dashboard/textDashboard"), 0): Object 'Object Repository/Dashboard/textDashboard' is present

08-12-2024T18:17:00 - [MESSAGE][WARNING] - Timeout '0' is invalid. Using default page load timeout: '30'

08-12-2024T18:17:01 - [MESSAGE][PASSED] - Object 'Object Repository/Dashboard/textDashboard' is present

08-12-2024T18:17:01 - [MESSAGE][PASSED] - Call Test Case 'Test Cases/TC - TK 004/TC 001 Membuka fitur PIM' successfully

08-12-2024T18:17:01 - [TEST_STEP][PASSED] - click(findTestObject("Search Employee/inputUsername")): Object: 'Object Repository/Search Employee/inputUsername' is clicked on

08-12-2024T18:17:02 - [MESSAGE][PASSED] - Object: 'Object Repository/Search Employee/inputUsername' is clicked on

08-12-2024T18:17:02 - [TEST_STEP][PASSED] - click(findTestObject("Search Employee/inputEmployeeid")): Object: 'Object Repository/Search Employee/inputEmployeeid' is clicked on

08-12-2024T18:17:02 - [MESSAGE][PASSED] - Object: 'Object Repository/Search Employee/inputEmployeeid' is clicked on

08-12-2024T18:17:03 - [TEST_STEP][PASSED] - setText(findTestObject("Search Employee/inputEmployeeid"), "970906"): Text '970906' is set on object 'Object Repository/Search Employee/inputEmployeeid'

08-12-2024T18:17:03 - [MESSAGE][PASSED] - Text '970906' is set on object 'Object Repository/Search Employee/inputEmployeeid'

08-12-2024T18:17:03 - [TEST_STEP][PASSED] - click(findTestObject("Search Employee/buttonSearch")): Object: 'Object Repository/Search Employee/buttonSearch' is clicked on

08-12-2024T18:17:04 - [MESSAGE][PASSED] - Object: 'Object Repository/Search Employee/buttonSearch' is clicked on

08-12-2024T18:17:04 - [TEST_STEP][PASSED] - focus(findTestObject("Search Employee/tableEmployee")): Object: 'Object Repository/Search Employee/tableEmployee' is focused

08-12-2024T18:17:06 - [MESSAGE][PASSED] - Object: 'Object Repository/Search Employee/tableEmployee' is focused

08-12-2024T18:17:06 - [TEST_STEP][PASSED] - getText(findTestObject("Search Employee/inputEmployeeid")): Text of object 'Object Repository/Search Employee/inputEmployeeid' is: ''

08-12-2024T18:17:06 - [MESSAGE][PASSED] - Text of object 'Object Repository/Search Employee/inputEmployeeid' is: ''

08-12-2024T18:17:06 - [TEST_STEP][PASSED] - verifyMatch("970906", "970906", false): Actual text '970906' and expected text '970906' are matched 

08-12-2024T18:17:06 - [MESSAGE][PASSED] - Actual text '970906' and expected text '970906' are matched 

08-12-2024T18:17:06 - [TEST_STEP][PASSED] - click(findTestObject("Delete Employee/buttonDelete")): Object: 'Object Repository/Delete Employee/buttonDelete' is clicked on

08-12-2024T18:17:07 - [MESSAGE][PASSED] - Object: 'Object Repository/Delete Employee/buttonDelete' is clicked on

08-12-2024T18:17:07 - [TEST_STEP][PASSED] - verifyElementPresent(findTestObject("Delete Employee/alertConfirmdelete"), 0): Object 'Object Repository/Delete Employee/alertConfirmdelete' is present

08-12-2024T18:17:07 - [MESSAGE][WARNING] - Timeout '0' is invalid. Using default page load timeout: '30'

08-12-2024T18:17:07 - [MESSAGE][PASSED] - Object 'Object Repository/Delete Employee/alertConfirmdelete' is present

08-12-2024T18:17:07 - [TEST_STEP][PASSED] - delay(2): Delayed 2 second(s)

08-12-2024T18:17:09 - [MESSAGE][PASSED] - Delayed 2 second(s)

08-12-2024T18:17:09 - [TEST_STEP][PASSED] - closeBrowser(): Browser is closed

08-12-2024T18:17:10 - [MESSAGE][PASSED] - Browser is closed]]></system-out>
         <system-err><![CDATA[]]></system-err>
      </testcase>
      <testcase name="Test Cases/TC - HK 007/TC 002 Tekan icon X untuk menutup konfirmasi hapus data" time="36.64" classname="Test Cases/TC - HK 007/TC 002 Tekan icon X untuk menutup konfirmasi hapus data" status="PASSED">
         <system-out><![CDATA[08-12-2024T18:17:10 - [TEST_CASE][PASSED] - Test Cases/TC - HK 007/TC 002 Tekan icon X untuk menutup konfirmasi hapus data: Test Cases/TC - HK 007/TC 002 Tekan icon X untuk menutup konfirmasi hapus data

08-12-2024T18:17:11 - [TEST_STEP][PASSED] - callTestCase(findTestCase("TC - TK 004/TC 001 Membuka fitur PIM"), [:], STOP_ON_FAILURE): Call Test Case 'Test Cases/TC - TK 004/TC 001 Membuka fitur PIM' successfully

08-12-2024T18:17:11 - [TEST_CASE][PASSED] - Test Cases/TC - TK 004/TC 001 Membuka fitur PIM: Test Cases/TC - TK 004/TC 001 Membuka fitur PIM

08-12-2024T18:17:11 - [TEST_STEP][PASSED] - callTestCase(findTestCase("TC - LW 002/TC 001 Login berhasil"), [:], STOP_ON_FAILURE): Call Test Case 'Test Cases/TC - LW 002/TC 001 Login berhasil' successfully

08-12-2024T18:17:11 - [TEST_CASE][PASSED] - Test Cases/TC - LW 002/TC 001 Login berhasil: Test Cases/TC - LW 002/TC 001 Login berhasil

08-12-2024T18:17:11 - [TEST_STEP][PASSED] - callTestCase(findTestCase("TC - OW 001/TC 001 Link website benar"), [:], STOP_ON_FAILURE): Call Test Case 'Test Cases/TC - OW 001/TC 001 Link website benar' successfully

08-12-2024T18:17:11 - [TEST_CASE][PASSED] - Test Cases/TC - OW 001/TC 001 Link website benar: Test Cases/TC - OW 001/TC 001 Link website benar

08-12-2024T18:17:11 - [TEST_STEP][PASSED] - openBrowser("https://opensource-demo.orangehrmlive.com/web/index.php/"): Browser is opened with url: 'https://opensource-demo.orangehrmlive.com/web/index.php/'

08-12-2024T18:17:11 - [MESSAGE][INFO] - Starting 'Chrome' driver

08-12-2024T18:17:11 - [MESSAGE][INFO] - Action delay is set to 0 milliseconds

08-12-2024T18:17:20 - [MESSAGE][PASSED] - Browser is opened with url: 'https://opensource-demo.orangehrmlive.com/web/index.php/'

08-12-2024T18:17:20 - [TEST_STEP][PASSED] - maximizeWindow(): Current window maximized

08-12-2024T18:17:21 - [MESSAGE][PASSED] - Current window maximized

08-12-2024T18:17:21 - [TEST_STEP][PASSED] - verifyElementPresent(findTestObject("Login/textLogin"), 0): Object 'Object Repository/Login/textLogin' is present

08-12-2024T18:17:21 - [MESSAGE][WARNING] - Timeout '0' is invalid. Using default page load timeout: '30'

08-12-2024T18:17:22 - [MESSAGE][PASSED] - Object 'Object Repository/Login/textLogin' is present

08-12-2024T18:17:22 - [MESSAGE][PASSED] - Call Test Case 'Test Cases/TC - OW 001/TC 001 Link website benar' successfully

08-12-2024T18:17:22 - [TEST_STEP][PASSED] - click(findTestObject("Login/inputUsername")): Object: 'Object Repository/Login/inputUsername' is clicked on

08-12-2024T18:17:22 - [MESSAGE][PASSED] - Object: 'Object Repository/Login/inputUsername' is clicked on

08-12-2024T18:17:22 - [TEST_STEP][PASSED] - setText(findTestObject("Login/inputUsername"), "admin"): Text 'admin' is set on object 'Object Repository/Login/inputUsername'

08-12-2024T18:17:23 - [MESSAGE][PASSED] - Text 'admin' is set on object 'Object Repository/Login/inputUsername'

08-12-2024T18:17:23 - [TEST_STEP][PASSED] - click(findTestObject("Login/inputPaasword")): Object: 'Object Repository/Login/inputPaasword' is clicked on

08-12-2024T18:17:24 - [MESSAGE][PASSED] - Object: 'Object Repository/Login/inputPaasword' is clicked on

08-12-2024T18:17:24 - [TEST_STEP][PASSED] - setText(findTestObject("Login/inputPaasword"), "admin123"): Text 'admin123' is set on object 'Object Repository/Login/inputPaasword'

08-12-2024T18:17:25 - [MESSAGE][PASSED] - Text 'admin123' is set on object 'Object Repository/Login/inputPaasword'

08-12-2024T18:17:25 - [TEST_STEP][PASSED] - click(findTestObject("Login/buttonLogin")): Object: 'Object Repository/Login/buttonLogin' is clicked on

08-12-2024T18:17:27 - [MESSAGE][PASSED] - Object: 'Object Repository/Login/buttonLogin' is clicked on

08-12-2024T18:17:27 - [TEST_STEP][PASSED] - verifyElementPresent(findTestObject("Dashboard/textDashboard"), 0): Object 'Object Repository/Dashboard/textDashboard' is present

08-12-2024T18:17:27 - [MESSAGE][WARNING] - Timeout '0' is invalid. Using default page load timeout: '30'

08-12-2024T18:17:29 - [MESSAGE][PASSED] - Object 'Object Repository/Dashboard/textDashboard' is present

08-12-2024T18:17:29 - [MESSAGE][PASSED] - Call Test Case 'Test Cases/TC - LW 002/TC 001 Login berhasil' successfully

08-12-2024T18:17:29 - [TEST_STEP][PASSED] - click(findTestObject("PIM/buttonMenupim")): Object: 'Object Repository/PIM/buttonMenupim' is clicked on

08-12-2024T18:17:32 - [MESSAGE][PASSED] - Object: 'Object Repository/PIM/buttonMenupim' is clicked on

08-12-2024T18:17:32 - [TEST_STEP][PASSED] - verifyElementPresent(findTestObject("Dashboard/textDashboard"), 0): Object 'Object Repository/Dashboard/textDashboard' is present

08-12-2024T18:17:32 - [MESSAGE][WARNING] - Timeout '0' is invalid. Using default page load timeout: '30'

08-12-2024T18:17:35 - [MESSAGE][PASSED] - Object 'Object Repository/Dashboard/textDashboard' is present

08-12-2024T18:17:35 - [MESSAGE][PASSED] - Call Test Case 'Test Cases/TC - TK 004/TC 001 Membuka fitur PIM' successfully

08-12-2024T18:17:35 - [TEST_STEP][PASSED] - click(findTestObject("Search Employee/inputUsername")): Object: 'Object Repository/Search Employee/inputUsername' is clicked on

08-12-2024T18:17:36 - [MESSAGE][PASSED] - Object: 'Object Repository/Search Employee/inputUsername' is clicked on

08-12-2024T18:17:36 - [TEST_STEP][PASSED] - click(findTestObject("Search Employee/inputEmployeeid")): Object: 'Object Repository/Search Employee/inputEmployeeid' is clicked on

08-12-2024T18:17:37 - [MESSAGE][PASSED] - Object: 'Object Repository/Search Employee/inputEmployeeid' is clicked on

08-12-2024T18:17:37 - [TEST_STEP][PASSED] - setText(findTestObject("Search Employee/inputEmployeeid"), "970906"): Text '970906' is set on object 'Object Repository/Search Employee/inputEmployeeid'

08-12-2024T18:17:38 - [MESSAGE][PASSED] - Text '970906' is set on object 'Object Repository/Search Employee/inputEmployeeid'

08-12-2024T18:17:38 - [TEST_STEP][PASSED] - click(findTestObject("Search Employee/buttonSearch")): Object: 'Object Repository/Search Employee/buttonSearch' is clicked on

08-12-2024T18:17:38 - [MESSAGE][PASSED] - Object: 'Object Repository/Search Employee/buttonSearch' is clicked on

08-12-2024T18:17:38 - [TEST_STEP][PASSED] - focus(findTestObject("Search Employee/tableEmployee")): Object: 'Object Repository/Search Employee/tableEmployee' is focused

08-12-2024T18:17:40 - [MESSAGE][PASSED] - Object: 'Object Repository/Search Employee/tableEmployee' is focused

08-12-2024T18:17:40 - [TEST_STEP][PASSED] - getText(findTestObject("Search Employee/inputEmployeeid")): Text of object 'Object Repository/Search Employee/inputEmployeeid' is: ''

08-12-2024T18:17:41 - [MESSAGE][PASSED] - Text of object 'Object Repository/Search Employee/inputEmployeeid' is: ''

08-12-2024T18:17:41 - [TEST_STEP][PASSED] - verifyMatch("970906", "970906", false): Actual text '970906' and expected text '970906' are matched 

08-12-2024T18:17:41 - [MESSAGE][PASSED] - Actual text '970906' and expected text '970906' are matched 

08-12-2024T18:17:41 - [TEST_STEP][PASSED] - click(findTestObject("Delete Employee/buttonDelete")): Object: 'Object Repository/Delete Employee/buttonDelete' is clicked on

08-12-2024T18:17:41 - [MESSAGE][PASSED] - Object: 'Object Repository/Delete Employee/buttonDelete' is clicked on

08-12-2024T18:17:41 - [TEST_STEP][PASSED] - verifyElementPresent(findTestObject("Delete Employee/alertConfirmdelete"), 0): Object 'Object Repository/Delete Employee/alertConfirmdelete' is present

08-12-2024T18:17:41 - [MESSAGE][WARNING] - Timeout '0' is invalid. Using default page load timeout: '30'

08-12-2024T18:17:41 - [MESSAGE][PASSED] - Object 'Object Repository/Delete Employee/alertConfirmdelete' is present

08-12-2024T18:17:41 - [TEST_STEP][PASSED] - delay(2): Delayed 2 second(s)

08-12-2024T18:17:43 - [MESSAGE][PASSED] - Delayed 2 second(s)

08-12-2024T18:17:43 - [TEST_STEP][PASSED] - click(findTestObject("Delete Employee/iconX")): Object: 'Object Repository/Delete Employee/iconX' is clicked on

08-12-2024T18:17:44 - [MESSAGE][PASSED] - Object: 'Object Repository/Delete Employee/iconX' is clicked on

08-12-2024T18:17:44 - [TEST_STEP][PASSED] - delay(2): Delayed 2 second(s)

08-12-2024T18:17:46 - [MESSAGE][PASSED] - Delayed 2 second(s)

08-12-2024T18:17:46 - [TEST_STEP][PASSED] - closeBrowser(): Browser is closed

08-12-2024T18:17:47 - [MESSAGE][PASSED] - Browser is closed]]></system-out>
         <system-err><![CDATA[]]></system-err>
      </testcase>
      <testcase name="Test Cases/TC - HK 007/TC 003 Tekan tombol Cancel untuk membatalkan hapus data" time="36.534" classname="Test Cases/TC - HK 007/TC 003 Tekan tombol Cancel untuk membatalkan hapus data" status="PASSED">
         <system-out><![CDATA[08-12-2024T18:17:47 - [TEST_CASE][PASSED] - Test Cases/TC - HK 007/TC 003 Tekan tombol Cancel untuk membatalkan hapus data: Test Cases/TC - HK 007/TC 003 Tekan tombol Cancel untuk membatalkan hapus data

08-12-2024T18:17:47 - [TEST_STEP][PASSED] - callTestCase(findTestCase("TC - TK 004/TC 001 Membuka fitur PIM"), [:], STOP_ON_FAILURE): Call Test Case 'Test Cases/TC - TK 004/TC 001 Membuka fitur PIM' successfully

08-12-2024T18:17:48 - [TEST_CASE][PASSED] - Test Cases/TC - TK 004/TC 001 Membuka fitur PIM: Test Cases/TC - TK 004/TC 001 Membuka fitur PIM

08-12-2024T18:17:48 - [TEST_STEP][PASSED] - callTestCase(findTestCase("TC - LW 002/TC 001 Login berhasil"), [:], STOP_ON_FAILURE): Call Test Case 'Test Cases/TC - LW 002/TC 001 Login berhasil' successfully

08-12-2024T18:17:48 - [TEST_CASE][PASSED] - Test Cases/TC - LW 002/TC 001 Login berhasil: Test Cases/TC - LW 002/TC 001 Login berhasil

08-12-2024T18:17:48 - [TEST_STEP][PASSED] - callTestCase(findTestCase("TC - OW 001/TC 001 Link website benar"), [:], STOP_ON_FAILURE): Call Test Case 'Test Cases/TC - OW 001/TC 001 Link website benar' successfully

08-12-2024T18:17:48 - [TEST_CASE][PASSED] - Test Cases/TC - OW 001/TC 001 Link website benar: Test Cases/TC - OW 001/TC 001 Link website benar

08-12-2024T18:17:48 - [TEST_STEP][PASSED] - openBrowser("https://opensource-demo.orangehrmlive.com/web/index.php/"): Browser is opened with url: 'https://opensource-demo.orangehrmlive.com/web/index.php/'

08-12-2024T18:17:48 - [MESSAGE][INFO] - Starting 'Chrome' driver

08-12-2024T18:17:48 - [MESSAGE][INFO] - Action delay is set to 0 milliseconds

08-12-2024T18:17:57 - [MESSAGE][PASSED] - Browser is opened with url: 'https://opensource-demo.orangehrmlive.com/web/index.php/'

08-12-2024T18:17:57 - [TEST_STEP][PASSED] - maximizeWindow(): Current window maximized

08-12-2024T18:17:57 - [MESSAGE][PASSED] - Current window maximized

08-12-2024T18:17:57 - [TEST_STEP][PASSED] - verifyElementPresent(findTestObject("Login/textLogin"), 0): Object 'Object Repository/Login/textLogin' is present

08-12-2024T18:17:57 - [MESSAGE][WARNING] - Timeout '0' is invalid. Using default page load timeout: '30'

08-12-2024T18:17:58 - [MESSAGE][PASSED] - Object 'Object Repository/Login/textLogin' is present

08-12-2024T18:17:58 - [MESSAGE][PASSED] - Call Test Case 'Test Cases/TC - OW 001/TC 001 Link website benar' successfully

08-12-2024T18:17:58 - [TEST_STEP][PASSED] - click(findTestObject("Login/inputUsername")): Object: 'Object Repository/Login/inputUsername' is clicked on

08-12-2024T18:17:59 - [MESSAGE][PASSED] - Object: 'Object Repository/Login/inputUsername' is clicked on

08-12-2024T18:17:59 - [TEST_STEP][PASSED] - setText(findTestObject("Login/inputUsername"), "admin"): Text 'admin' is set on object 'Object Repository/Login/inputUsername'

08-12-2024T18:18:00 - [MESSAGE][PASSED] - Text 'admin' is set on object 'Object Repository/Login/inputUsername'

08-12-2024T18:18:00 - [TEST_STEP][PASSED] - click(findTestObject("Login/inputPaasword")): Object: 'Object Repository/Login/inputPaasword' is clicked on

08-12-2024T18:18:01 - [MESSAGE][PASSED] - Object: 'Object Repository/Login/inputPaasword' is clicked on

08-12-2024T18:18:01 - [TEST_STEP][PASSED] - setText(findTestObject("Login/inputPaasword"), "admin123"): Text 'admin123' is set on object 'Object Repository/Login/inputPaasword'

08-12-2024T18:18:02 - [MESSAGE][PASSED] - Text 'admin123' is set on object 'Object Repository/Login/inputPaasword'

08-12-2024T18:18:02 - [TEST_STEP][PASSED] - click(findTestObject("Login/buttonLogin")): Object: 'Object Repository/Login/buttonLogin' is clicked on

08-12-2024T18:18:04 - [MESSAGE][PASSED] - Object: 'Object Repository/Login/buttonLogin' is clicked on

08-12-2024T18:18:04 - [TEST_STEP][PASSED] - verifyElementPresent(findTestObject("Dashboard/textDashboard"), 0): Object 'Object Repository/Dashboard/textDashboard' is present

08-12-2024T18:18:04 - [MESSAGE][WARNING] - Timeout '0' is invalid. Using default page load timeout: '30'

08-12-2024T18:18:07 - [MESSAGE][PASSED] - Object 'Object Repository/Dashboard/textDashboard' is present

08-12-2024T18:18:07 - [MESSAGE][PASSED] - Call Test Case 'Test Cases/TC - LW 002/TC 001 Login berhasil' successfully

08-12-2024T18:18:07 - [TEST_STEP][PASSED] - click(findTestObject("PIM/buttonMenupim")): Object: 'Object Repository/PIM/buttonMenupim' is clicked on

08-12-2024T18:18:11 - [MESSAGE][PASSED] - Object: 'Object Repository/PIM/buttonMenupim' is clicked on

08-12-2024T18:18:11 - [TEST_STEP][PASSED] - verifyElementPresent(findTestObject("Dashboard/textDashboard"), 0): Object 'Object Repository/Dashboard/textDashboard' is present

08-12-2024T18:18:11 - [MESSAGE][WARNING] - Timeout '0' is invalid. Using default page load timeout: '30'

08-12-2024T18:18:13 - [MESSAGE][PASSED] - Object 'Object Repository/Dashboard/textDashboard' is present

08-12-2024T18:18:13 - [MESSAGE][PASSED] - Call Test Case 'Test Cases/TC - TK 004/TC 001 Membuka fitur PIM' successfully

08-12-2024T18:18:13 - [TEST_STEP][PASSED] - click(findTestObject("Search Employee/inputUsername")): Object: 'Object Repository/Search Employee/inputUsername' is clicked on

08-12-2024T18:18:14 - [MESSAGE][PASSED] - Object: 'Object Repository/Search Employee/inputUsername' is clicked on

08-12-2024T18:18:14 - [TEST_STEP][PASSED] - click(findTestObject("Search Employee/inputEmployeeid")): Object: 'Object Repository/Search Employee/inputEmployeeid' is clicked on

08-12-2024T18:18:15 - [MESSAGE][PASSED] - Object: 'Object Repository/Search Employee/inputEmployeeid' is clicked on

08-12-2024T18:18:15 - [TEST_STEP][PASSED] - setText(findTestObject("Search Employee/inputEmployeeid"), "970906"): Text '970906' is set on object 'Object Repository/Search Employee/inputEmployeeid'

08-12-2024T18:18:16 - [MESSAGE][PASSED] - Text '970906' is set on object 'Object Repository/Search Employee/inputEmployeeid'

08-12-2024T18:18:16 - [TEST_STEP][PASSED] - click(findTestObject("Search Employee/buttonSearch")): Object: 'Object Repository/Search Employee/buttonSearch' is clicked on

08-12-2024T18:18:17 - [MESSAGE][PASSED] - Object: 'Object Repository/Search Employee/buttonSearch' is clicked on

08-12-2024T18:18:17 - [TEST_STEP][PASSED] - focus(findTestObject("Search Employee/tableEmployee")): Object: 'Object Repository/Search Employee/tableEmployee' is focused

08-12-2024T18:18:18 - [MESSAGE][PASSED] - Object: 'Object Repository/Search Employee/tableEmployee' is focused

08-12-2024T18:18:18 - [TEST_STEP][PASSED] - getText(findTestObject("Search Employee/inputEmployeeid")): Text of object 'Object Repository/Search Employee/inputEmployeeid' is: ''

08-12-2024T18:18:19 - [MESSAGE][PASSED] - Text of object 'Object Repository/Search Employee/inputEmployeeid' is: ''

08-12-2024T18:18:19 - [TEST_STEP][PASSED] - verifyMatch("970906", "970906", false): Actual text '970906' and expected text '970906' are matched 

08-12-2024T18:18:19 - [MESSAGE][PASSED] - Actual text '970906' and expected text '970906' are matched 

08-12-2024T18:18:19 - [TEST_STEP][PASSED] - click(findTestObject("Delete Employee/buttonDelete")): Object: 'Object Repository/Delete Employee/buttonDelete' is clicked on

08-12-2024T18:18:19 - [MESSAGE][PASSED] - Object: 'Object Repository/Delete Employee/buttonDelete' is clicked on

08-12-2024T18:18:19 - [TEST_STEP][PASSED] - verifyElementPresent(findTestObject("Delete Employee/alertConfirmdelete"), 0): Object 'Object Repository/Delete Employee/alertConfirmdelete' is present

08-12-2024T18:18:19 - [MESSAGE][WARNING] - Timeout '0' is invalid. Using default page load timeout: '30'

08-12-2024T18:18:20 - [MESSAGE][PASSED] - Object 'Object Repository/Delete Employee/alertConfirmdelete' is present

08-12-2024T18:18:20 - [TEST_STEP][PASSED] - click(findTestObject("Delete Employee/buttonCanceldelete")): Object: 'Object Repository/Delete Employee/buttonCanceldelete' is clicked on

08-12-2024T18:18:20 - [MESSAGE][PASSED] - Object: 'Object Repository/Delete Employee/buttonCanceldelete' is clicked on

08-12-2024T18:18:20 - [TEST_STEP][PASSED] - delay(2): Delayed 2 second(s)

08-12-2024T18:18:22 - [MESSAGE][PASSED] - Delayed 2 second(s)

08-12-2024T18:18:22 - [TEST_STEP][PASSED] - closeBrowser(): Browser is closed

08-12-2024T18:18:23 - [MESSAGE][PASSED] - Browser is closed]]></system-out>
         <system-err><![CDATA[]]></system-err>
      </testcase>
      <testcase name="Test Cases/TC - HK 007/TC 004 Tekan tombol Yes untuk hapus data" time="39.957" classname="Test Cases/TC - HK 007/TC 004 Tekan tombol Yes untuk hapus data" status="PASSED">
         <system-out><![CDATA[08-12-2024T18:18:24 - [TEST_CASE][PASSED] - Test Cases/TC - HK 007/TC 004 Tekan tombol Yes untuk hapus data: Test Cases/TC - HK 007/TC 004 Tekan tombol Yes untuk hapus data

08-12-2024T18:18:24 - [TEST_STEP][PASSED] - callTestCase(findTestCase("TC - TK 004/TC 001 Membuka fitur PIM"), [:], STOP_ON_FAILURE): Call Test Case 'Test Cases/TC - TK 004/TC 001 Membuka fitur PIM' successfully

08-12-2024T18:18:24 - [TEST_CASE][PASSED] - Test Cases/TC - TK 004/TC 001 Membuka fitur PIM: Test Cases/TC - TK 004/TC 001 Membuka fitur PIM

08-12-2024T18:18:24 - [TEST_STEP][PASSED] - callTestCase(findTestCase("TC - LW 002/TC 001 Login berhasil"), [:], STOP_ON_FAILURE): Call Test Case 'Test Cases/TC - LW 002/TC 001 Login berhasil' successfully

08-12-2024T18:18:24 - [TEST_CASE][PASSED] - Test Cases/TC - LW 002/TC 001 Login berhasil: Test Cases/TC - LW 002/TC 001 Login berhasil

08-12-2024T18:18:24 - [TEST_STEP][PASSED] - callTestCase(findTestCase("TC - OW 001/TC 001 Link website benar"), [:], STOP_ON_FAILURE): Call Test Case 'Test Cases/TC - OW 001/TC 001 Link website benar' successfully

08-12-2024T18:18:24 - [TEST_CASE][PASSED] - Test Cases/TC - OW 001/TC 001 Link website benar: Test Cases/TC - OW 001/TC 001 Link website benar

08-12-2024T18:18:24 - [TEST_STEP][PASSED] - openBrowser("https://opensource-demo.orangehrmlive.com/web/index.php/"): Browser is opened with url: 'https://opensource-demo.orangehrmlive.com/web/index.php/'

08-12-2024T18:18:24 - [MESSAGE][INFO] - Starting 'Chrome' driver

08-12-2024T18:18:24 - [MESSAGE][INFO] - Action delay is set to 0 milliseconds

08-12-2024T18:18:33 - [MESSAGE][PASSED] - Browser is opened with url: 'https://opensource-demo.orangehrmlive.com/web/index.php/'

08-12-2024T18:18:33 - [TEST_STEP][PASSED] - maximizeWindow(): Current window maximized

08-12-2024T18:18:33 - [MESSAGE][PASSED] - Current window maximized

08-12-2024T18:18:33 - [TEST_STEP][PASSED] - verifyElementPresent(findTestObject("Login/textLogin"), 0): Object 'Object Repository/Login/textLogin' is present

08-12-2024T18:18:33 - [MESSAGE][WARNING] - Timeout '0' is invalid. Using default page load timeout: '30'

08-12-2024T18:18:34 - [MESSAGE][PASSED] - Object 'Object Repository/Login/textLogin' is present

08-12-2024T18:18:34 - [MESSAGE][PASSED] - Call Test Case 'Test Cases/TC - OW 001/TC 001 Link website benar' successfully

08-12-2024T18:18:34 - [TEST_STEP][PASSED] - click(findTestObject("Login/inputUsername")): Object: 'Object Repository/Login/inputUsername' is clicked on

08-12-2024T18:18:35 - [MESSAGE][PASSED] - Object: 'Object Repository/Login/inputUsername' is clicked on

08-12-2024T18:18:35 - [TEST_STEP][PASSED] - setText(findTestObject("Login/inputUsername"), "admin"): Text 'admin' is set on object 'Object Repository/Login/inputUsername'

08-12-2024T18:18:35 - [MESSAGE][PASSED] - Text 'admin' is set on object 'Object Repository/Login/inputUsername'

08-12-2024T18:18:35 - [TEST_STEP][PASSED] - click(findTestObject("Login/inputPaasword")): Object: 'Object Repository/Login/inputPaasword' is clicked on

08-12-2024T18:18:36 - [MESSAGE][PASSED] - Object: 'Object Repository/Login/inputPaasword' is clicked on

08-12-2024T18:18:36 - [TEST_STEP][PASSED] - setText(findTestObject("Login/inputPaasword"), "admin123"): Text 'admin123' is set on object 'Object Repository/Login/inputPaasword'

08-12-2024T18:18:38 - [MESSAGE][PASSED] - Text 'admin123' is set on object 'Object Repository/Login/inputPaasword'

08-12-2024T18:18:38 - [TEST_STEP][PASSED] - click(findTestObject("Login/buttonLogin")): Object: 'Object Repository/Login/buttonLogin' is clicked on

08-12-2024T18:18:40 - [MESSAGE][PASSED] - Object: 'Object Repository/Login/buttonLogin' is clicked on

08-12-2024T18:18:40 - [TEST_STEP][PASSED] - verifyElementPresent(findTestObject("Dashboard/textDashboard"), 0): Object 'Object Repository/Dashboard/textDashboard' is present

08-12-2024T18:18:40 - [MESSAGE][WARNING] - Timeout '0' is invalid. Using default page load timeout: '30'

08-12-2024T18:18:43 - [MESSAGE][PASSED] - Object 'Object Repository/Dashboard/textDashboard' is present

08-12-2024T18:18:43 - [MESSAGE][PASSED] - Call Test Case 'Test Cases/TC - LW 002/TC 001 Login berhasil' successfully

08-12-2024T18:18:43 - [TEST_STEP][PASSED] - click(findTestObject("PIM/buttonMenupim")): Object: 'Object Repository/PIM/buttonMenupim' is clicked on

08-12-2024T18:18:46 - [MESSAGE][PASSED] - Object: 'Object Repository/PIM/buttonMenupim' is clicked on

08-12-2024T18:18:46 - [TEST_STEP][PASSED] - verifyElementPresent(findTestObject("Dashboard/textDashboard"), 0): Object 'Object Repository/Dashboard/textDashboard' is present

08-12-2024T18:18:46 - [MESSAGE][WARNING] - Timeout '0' is invalid. Using default page load timeout: '30'

08-12-2024T18:18:48 - [MESSAGE][PASSED] - Object 'Object Repository/Dashboard/textDashboard' is present

08-12-2024T18:18:48 - [MESSAGE][PASSED] - Call Test Case 'Test Cases/TC - TK 004/TC 001 Membuka fitur PIM' successfully

08-12-2024T18:18:48 - [TEST_STEP][PASSED] - click(findTestObject("Search Employee/inputUsername")): Object: 'Object Repository/Search Employee/inputUsername' is clicked on

08-12-2024T18:18:49 - [MESSAGE][PASSED] - Object: 'Object Repository/Search Employee/inputUsername' is clicked on

08-12-2024T18:18:49 - [TEST_STEP][PASSED] - click(findTestObject("Search Employee/inputEmployeeid")): Object: 'Object Repository/Search Employee/inputEmployeeid' is clicked on

08-12-2024T18:18:50 - [MESSAGE][PASSED] - Object: 'Object Repository/Search Employee/inputEmployeeid' is clicked on

08-12-2024T18:18:50 - [TEST_STEP][PASSED] - setText(findTestObject("Search Employee/inputEmployeeid"), "970906"): Text '970906' is set on object 'Object Repository/Search Employee/inputEmployeeid'

08-12-2024T18:18:51 - [MESSAGE][PASSED] - Text '970906' is set on object 'Object Repository/Search Employee/inputEmployeeid'

08-12-2024T18:18:52 - [TEST_STEP][PASSED] - click(findTestObject("Search Employee/buttonSearch")): Object: 'Object Repository/Search Employee/buttonSearch' is clicked on

08-12-2024T18:18:52 - [MESSAGE][PASSED] - Object: 'Object Repository/Search Employee/buttonSearch' is clicked on

08-12-2024T18:18:52 - [TEST_STEP][PASSED] - focus(findTestObject("Search Employee/tableEmployee")): Object: 'Object Repository/Search Employee/tableEmployee' is focused

08-12-2024T18:18:54 - [MESSAGE][PASSED] - Object: 'Object Repository/Search Employee/tableEmployee' is focused

08-12-2024T18:18:54 - [TEST_STEP][PASSED] - getText(findTestObject("Search Employee/inputEmployeeid")): Text of object 'Object Repository/Search Employee/inputEmployeeid' is: ''

08-12-2024T18:18:54 - [MESSAGE][PASSED] - Text of object 'Object Repository/Search Employee/inputEmployeeid' is: ''

08-12-2024T18:18:54 - [TEST_STEP][PASSED] - verifyMatch("970906", "970906", false): Actual text '970906' and expected text '970906' are matched 

08-12-2024T18:18:54 - [MESSAGE][PASSED] - Actual text '970906' and expected text '970906' are matched 

08-12-2024T18:18:54 - [TEST_STEP][PASSED] - click(findTestObject("Delete Employee/buttonDelete")): Object: 'Object Repository/Delete Employee/buttonDelete' is clicked on

08-12-2024T18:18:55 - [MESSAGE][PASSED] - Object: 'Object Repository/Delete Employee/buttonDelete' is clicked on

08-12-2024T18:18:55 - [TEST_STEP][PASSED] - verifyElementPresent(findTestObject("Delete Employee/alertConfirmdelete"), 0): Object 'Object Repository/Delete Employee/alertConfirmdelete' is present

08-12-2024T18:18:55 - [MESSAGE][WARNING] - Timeout '0' is invalid. Using default page load timeout: '30'

08-12-2024T18:18:55 - [MESSAGE][PASSED] - Object 'Object Repository/Delete Employee/alertConfirmdelete' is present

08-12-2024T18:18:55 - [TEST_STEP][PASSED] - delay(2): Delayed 2 second(s)

08-12-2024T18:18:57 - [MESSAGE][PASSED] - Delayed 2 second(s)

08-12-2024T18:18:57 - [TEST_STEP][PASSED] - click(findTestObject("Delete Employee/buttonYesdelete")): Object: 'Object Repository/Delete Employee/buttonYesdelete' is clicked on

08-12-2024T18:18:58 - [MESSAGE][PASSED] - Object: 'Object Repository/Delete Employee/buttonYesdelete' is clicked on

08-12-2024T18:18:58 - [TEST_STEP][PASSED] - verifyElementPresent(findTestObject("Delete Employee/toasSuccess"), 0): Object 'Object Repository/Delete Employee/toasSuccess' is present

08-12-2024T18:18:58 - [MESSAGE][WARNING] - Timeout '0' is invalid. Using default page load timeout: '30'

08-12-2024T18:19:00 - [MESSAGE][PASSED] - Object 'Object Repository/Delete Employee/toasSuccess' is present

08-12-2024T18:19:00 - [TEST_STEP][PASSED] - delay(3): Delayed 3 second(s)

08-12-2024T18:19:03 - [MESSAGE][PASSED] - Delayed 3 second(s)

08-12-2024T18:19:03 - [TEST_STEP][PASSED] - closeBrowser(): Browser is closed

08-12-2024T18:19:03 - [MESSAGE][PASSED] - Browser is closed]]></system-out>
         <system-err><![CDATA[]]></system-err>
      </testcase>
      <testcase name="Test Cases/TC - HK 007/TC 005 Validasi data yang dihapus" time="35.262" classname="Test Cases/TC - HK 007/TC 005 Validasi data yang dihapus" status="PASSED">
         <system-out><![CDATA[08-12-2024T18:19:03 - [TEST_CASE][PASSED] - Test Cases/TC - HK 007/TC 005 Validasi data yang dihapus: Test Cases/TC - HK 007/TC 005 Validasi data yang dihapus

08-12-2024T18:19:04 - [TEST_STEP][PASSED] - callTestCase(findTestCase("TC - TK 004/TC 001 Membuka fitur PIM"), [:], STOP_ON_FAILURE): Call Test Case 'Test Cases/TC - TK 004/TC 001 Membuka fitur PIM' successfully

08-12-2024T18:19:04 - [TEST_CASE][PASSED] - Test Cases/TC - TK 004/TC 001 Membuka fitur PIM: Test Cases/TC - TK 004/TC 001 Membuka fitur PIM

08-12-2024T18:19:04 - [TEST_STEP][PASSED] - callTestCase(findTestCase("TC - LW 002/TC 001 Login berhasil"), [:], STOP_ON_FAILURE): Call Test Case 'Test Cases/TC - LW 002/TC 001 Login berhasil' successfully

08-12-2024T18:19:04 - [TEST_CASE][PASSED] - Test Cases/TC - LW 002/TC 001 Login berhasil: Test Cases/TC - LW 002/TC 001 Login berhasil

08-12-2024T18:19:04 - [TEST_STEP][PASSED] - callTestCase(findTestCase("TC - OW 001/TC 001 Link website benar"), [:], STOP_ON_FAILURE): Call Test Case 'Test Cases/TC - OW 001/TC 001 Link website benar' successfully

08-12-2024T18:19:04 - [TEST_CASE][PASSED] - Test Cases/TC - OW 001/TC 001 Link website benar: Test Cases/TC - OW 001/TC 001 Link website benar

08-12-2024T18:19:04 - [TEST_STEP][PASSED] - openBrowser("https://opensource-demo.orangehrmlive.com/web/index.php/"): Browser is opened with url: 'https://opensource-demo.orangehrmlive.com/web/index.php/'

08-12-2024T18:19:04 - [MESSAGE][INFO] - Starting 'Chrome' driver

08-12-2024T18:19:04 - [MESSAGE][INFO] - Action delay is set to 0 milliseconds

08-12-2024T18:19:12 - [MESSAGE][PASSED] - Browser is opened with url: 'https://opensource-demo.orangehrmlive.com/web/index.php/'

08-12-2024T18:19:12 - [TEST_STEP][PASSED] - maximizeWindow(): Current window maximized

08-12-2024T18:19:12 - [MESSAGE][PASSED] - Current window maximized

08-12-2024T18:19:12 - [TEST_STEP][PASSED] - verifyElementPresent(findTestObject("Login/textLogin"), 0): Object 'Object Repository/Login/textLogin' is present

08-12-2024T18:19:12 - [MESSAGE][WARNING] - Timeout '0' is invalid. Using default page load timeout: '30'

08-12-2024T18:19:13 - [MESSAGE][PASSED] - Object 'Object Repository/Login/textLogin' is present

08-12-2024T18:19:13 - [MESSAGE][PASSED] - Call Test Case 'Test Cases/TC - OW 001/TC 001 Link website benar' successfully

08-12-2024T18:19:13 - [TEST_STEP][PASSED] - click(findTestObject("Login/inputUsername")): Object: 'Object Repository/Login/inputUsername' is clicked on

08-12-2024T18:19:14 - [MESSAGE][PASSED] - Object: 'Object Repository/Login/inputUsername' is clicked on

08-12-2024T18:19:14 - [TEST_STEP][PASSED] - setText(findTestObject("Login/inputUsername"), "admin"): Text 'admin' is set on object 'Object Repository/Login/inputUsername'

08-12-2024T18:19:15 - [MESSAGE][PASSED] - Text 'admin' is set on object 'Object Repository/Login/inputUsername'

08-12-2024T18:19:15 - [TEST_STEP][PASSED] - click(findTestObject("Login/inputPaasword")): Object: 'Object Repository/Login/inputPaasword' is clicked on

08-12-2024T18:19:16 - [MESSAGE][PASSED] - Object: 'Object Repository/Login/inputPaasword' is clicked on

08-12-2024T18:19:16 - [TEST_STEP][PASSED] - setText(findTestObject("Login/inputPaasword"), "admin123"): Text 'admin123' is set on object 'Object Repository/Login/inputPaasword'

08-12-2024T18:19:17 - [MESSAGE][PASSED] - Text 'admin123' is set on object 'Object Repository/Login/inputPaasword'

08-12-2024T18:19:17 - [TEST_STEP][PASSED] - click(findTestObject("Login/buttonLogin")): Object: 'Object Repository/Login/buttonLogin' is clicked on

08-12-2024T18:19:19 - [MESSAGE][PASSED] - Object: 'Object Repository/Login/buttonLogin' is clicked on

08-12-2024T18:19:19 - [TEST_STEP][PASSED] - verifyElementPresent(findTestObject("Dashboard/textDashboard"), 0): Object 'Object Repository/Dashboard/textDashboard' is present

08-12-2024T18:19:19 - [MESSAGE][WARNING] - Timeout '0' is invalid. Using default page load timeout: '30'

08-12-2024T18:19:22 - [MESSAGE][PASSED] - Object 'Object Repository/Dashboard/textDashboard' is present

08-12-2024T18:19:22 - [MESSAGE][PASSED] - Call Test Case 'Test Cases/TC - LW 002/TC 001 Login berhasil' successfully

08-12-2024T18:19:22 - [TEST_STEP][PASSED] - click(findTestObject("PIM/buttonMenupim")): Object: 'Object Repository/PIM/buttonMenupim' is clicked on

08-12-2024T18:19:25 - [MESSAGE][PASSED] - Object: 'Object Repository/PIM/buttonMenupim' is clicked on

08-12-2024T18:19:25 - [TEST_STEP][PASSED] - verifyElementPresent(findTestObject("Dashboard/textDashboard"), 0): Object 'Object Repository/Dashboard/textDashboard' is present

08-12-2024T18:19:26 - [MESSAGE][WARNING] - Timeout '0' is invalid. Using default page load timeout: '30'

08-12-2024T18:19:28 - [MESSAGE][PASSED] - Object 'Object Repository/Dashboard/textDashboard' is present

08-12-2024T18:19:28 - [MESSAGE][PASSED] - Call Test Case 'Test Cases/TC - TK 004/TC 001 Membuka fitur PIM' successfully

08-12-2024T18:19:28 - [TEST_STEP][PASSED] - click(findTestObject("Search Employee/inputUsername")): Object: 'Object Repository/Search Employee/inputUsername' is clicked on

08-12-2024T18:19:28 - [MESSAGE][PASSED] - Object: 'Object Repository/Search Employee/inputUsername' is clicked on

08-12-2024T18:19:28 - [TEST_STEP][PASSED] - click(findTestObject("Search Employee/inputEmployeeid")): Object: 'Object Repository/Search Employee/inputEmployeeid' is clicked on

08-12-2024T18:19:29 - [MESSAGE][PASSED] - Object: 'Object Repository/Search Employee/inputEmployeeid' is clicked on

08-12-2024T18:19:29 - [TEST_STEP][PASSED] - setText(findTestObject("Search Employee/inputEmployeeid"), "970906"): Text '970906' is set on object 'Object Repository/Search Employee/inputEmployeeid'

08-12-2024T18:19:30 - [MESSAGE][PASSED] - Text '970906' is set on object 'Object Repository/Search Employee/inputEmployeeid'

08-12-2024T18:19:30 - [TEST_STEP][PASSED] - click(findTestObject("Search Employee/buttonSearch")): Object: 'Object Repository/Search Employee/buttonSearch' is clicked on

08-12-2024T18:19:31 - [MESSAGE][PASSED] - Object: 'Object Repository/Search Employee/buttonSearch' is clicked on

08-12-2024T18:19:31 - [TEST_STEP][PASSED] - focus(findTestObject("Search Employee/tableEmployee")): Object: 'Object Repository/Search Employee/tableEmployee' is focused

08-12-2024T18:19:32 - [MESSAGE][PASSED] - Object: 'Object Repository/Search Employee/tableEmployee' is focused

08-12-2024T18:19:32 - [TEST_STEP][PASSED] - getText(findTestObject("Search Employee/inputEmployeeid")): Text of object 'Object Repository/Search Employee/inputEmployeeid' is: ''

08-12-2024T18:19:33 - [MESSAGE][PASSED] - Text of object 'Object Repository/Search Employee/inputEmployeeid' is: ''

08-12-2024T18:19:33 - [TEST_STEP][PASSED] - verifyMatch("970906", "970906", false): Actual text '970906' and expected text '970906' are matched 

08-12-2024T18:19:33 - [MESSAGE][PASSED] - Actual text '970906' and expected text '970906' are matched 

08-12-2024T18:19:33 - [TEST_STEP][PASSED] - delay(5): Delayed 5 second(s)

08-12-2024T18:19:38 - [MESSAGE][PASSED] - Delayed 5 second(s)

08-12-2024T18:19:38 - [TEST_STEP][PASSED] - closeBrowser(): Browser is closed

08-12-2024T18:19:39 - [MESSAGE][PASSED] - Browser is closed]]></system-out>
         <system-err><![CDATA[]]></system-err>
      </testcase>
      <system-out><![CDATA[08-12-2024T18:16:20 - [TEST_SUITE][PASSED] - Hapus Karywan: Test Cases/TC - HK 007/TC 005 Validasi data yang dihapus]]></system-out>
      <system-err><![CDATA[]]></system-err>
   </testsuite>
</testsuites>
