<?xml version="1.0" encoding="UTF-8"?>
<testsuites name="Scope Test" time="391.829" tests="6" failures="0" errors="0">
   <testsuite name="Scope Test" tests="6" failures="0" errors="0" time="391.829" skipped="0" timestamp="10-12-2024T02:13:13" hostname="rafki - Tester" id="Test Suites/Scope Test">
      <properties>
         <property name="deviceName" value=""/>
         <property name="devicePlatform"/>
         <property name="logFolder" value="C:\\Users\\rafki\\git\\automationTesting\\Reports\\20241210_021247\\Scope Test\\20241210_021247"/>
         <property name="logFiles" value="C:\\Users\\rafki\\git\\automationTesting\\Reports\\20241210_021247\\Scope Test\\20241210_021247\\execution0.log"/>
         <property name="attachments" value=""/>
         <property name="hostName" value="rafki - Tester"/>
         <property name="os" value="Windows 11 64bit"/>
         <property name="katalonVersion" value="10.0.1.223"/>
         <property name="browser" value="Chrome 131.0.0.0"/>
         <property name="hostAddress" value="192.168.0.46"/>
         <property name="sessionId" value="651c55a74de97c7e2e7d8b7f58a0d92d"/>
         <property name="seleniumVersion" value="4.22.0"/>
         <property name="proxyInformation" value="ProxyInformation { proxyOption=NO_PROXY, proxyServerType=HTTP, username=, password=********, proxyServerAddress=, proxyServerPort=0, executionList=&quot;&quot;, isApplyToDesiredCapabilities=true }"/>
         <property name="platform" value="Windows 11"/>
      </properties>
      <testcase name="Test Cases/Scope Test/TC 001 Login berhasil" time="60.162" classname="Test Cases/Scope Test/TC 001 Login berhasil" status="PASSED">
         <system-out><![CDATA[10-12-2024T02:13:14 - [TEST_CASE][PASSED] - Test Cases/Scope Test/TC 001 Login berhasil: Test Cases/Scope Test/TC 001 Login berhasil

10-12-2024T02:13:17 - [TEST_STEP][PASSED] - callTestCase(findTestCase("TC - OW 001/TC 001 Link website benar"), [:], STOP_ON_FAILURE): Call Test Case 'Test Cases/TC - OW 001/TC 001 Link website benar' successfully

10-12-2024T02:13:20 - [TEST_CASE][PASSED] - Test Cases/TC - OW 001/TC 001 Link website benar: Test Cases/TC - OW 001/TC 001 Link website benar

10-12-2024T02:13:21 - [TEST_STEP][PASSED] - openBrowser("https://opensource-demo.orangehrmlive.com/web/index.php/"): Browser is opened with url: 'https://opensource-demo.orangehrmlive.com/web/index.php/'

10-12-2024T02:13:22 - [MESSAGE][INFO] - Starting 'Chrome' driver

10-12-2024T02:13:23 - [MESSAGE][INFO] - Action delay is set to 0 milliseconds

10-12-2024T02:13:57 - [MESSAGE][PASSED] - Browser is opened with url: 'https://opensource-demo.orangehrmlive.com/web/index.php/'

10-12-2024T02:13:57 - [TEST_STEP][PASSED] - maximizeWindow(): Current window maximized

10-12-2024T02:13:58 - [MESSAGE][PASSED] - Current window maximized

10-12-2024T02:13:58 - [TEST_STEP][PASSED] - verifyElementPresent(findTestObject("Login/textLogin"), 0): Object 'Object Repository/Login/textLogin' is present

10-12-2024T02:13:59 - [MESSAGE][WARNING] - Timeout '0' is invalid. Using default page load timeout: '30'

10-12-2024T02:14:00 - [MESSAGE][PASSED] - Object 'Object Repository/Login/textLogin' is present

10-12-2024T02:14:00 - [MESSAGE][PASSED] - Call Test Case 'Test Cases/TC - OW 001/TC 001 Link website benar' successfully

10-12-2024T02:14:00 - [TEST_STEP][PASSED] - click(findTestObject("Login/inputUsername")): Object: 'Object Repository/Login/inputUsername' is clicked on

10-12-2024T02:14:01 - [MESSAGE][PASSED] - Object: 'Object Repository/Login/inputUsername' is clicked on

10-12-2024T02:14:01 - [TEST_STEP][PASSED] - setText(findTestObject("Login/inputUsername"), "admin"): Text 'admin' is set on object 'Object Repository/Login/inputUsername'

10-12-2024T02:14:05 - [MESSAGE][PASSED] - Text 'admin' is set on object 'Object Repository/Login/inputUsername'

10-12-2024T02:14:05 - [TEST_STEP][PASSED] - click(findTestObject("Login/inputPaasword")): Object: 'Object Repository/Login/inputPaasword' is clicked on

10-12-2024T02:14:07 - [MESSAGE][PASSED] - Object: 'Object Repository/Login/inputPaasword' is clicked on

10-12-2024T02:14:07 - [TEST_STEP][PASSED] - setText(findTestObject("Login/inputPaasword"), "admin123"): Text 'admin123' is set on object 'Object Repository/Login/inputPaasword'

10-12-2024T02:14:08 - [MESSAGE][PASSED] - Text 'admin123' is set on object 'Object Repository/Login/inputPaasword'

10-12-2024T02:14:08 - [TEST_STEP][PASSED] - click(findTestObject("Login/buttonLogin")): Object: 'Object Repository/Login/buttonLogin' is clicked on

10-12-2024T02:14:11 - [MESSAGE][PASSED] - Object: 'Object Repository/Login/buttonLogin' is clicked on

10-12-2024T02:14:11 - [TEST_STEP][PASSED] - verifyElementPresent(findTestObject("Dashboard/textDashboard"), 0): Object 'Object Repository/Dashboard/textDashboard' is present

10-12-2024T02:14:11 - [MESSAGE][WARNING] - Timeout '0' is invalid. Using default page load timeout: '30'

10-12-2024T02:14:14 - [MESSAGE][PASSED] - Object 'Object Repository/Dashboard/textDashboard' is present]]></system-out>
         <system-err><![CDATA[]]></system-err>
      </testcase>
      <testcase name="Test Cases/Scope Test/TC 001 Membuka fitur PIM" time="51.723" classname="Test Cases/Scope Test/TC 001 Membuka fitur PIM" status="PASSED">
         <system-out><![CDATA[10-12-2024T02:14:14 - [TEST_CASE][PASSED] - Test Cases/Scope Test/TC 001 Membuka fitur PIM: Test Cases/Scope Test/TC 001 Membuka fitur PIM

10-12-2024T02:14:16 - [TEST_STEP][PASSED] - callTestCase(findTestCase("TC - LW 002/TC 001 Login berhasil"), [:], STOP_ON_FAILURE): Call Test Case 'Test Cases/TC - LW 002/TC 001 Login berhasil' successfully

10-12-2024T02:14:17 - [TEST_CASE][PASSED] - Test Cases/TC - LW 002/TC 001 Login berhasil: Test Cases/TC - LW 002/TC 001 Login berhasil

10-12-2024T02:14:18 - [TEST_STEP][PASSED] - callTestCase(findTestCase("TC - OW 001/TC 001 Link website benar"), [:], STOP_ON_FAILURE): Call Test Case 'Test Cases/TC - OW 001/TC 001 Link website benar' successfully

10-12-2024T02:14:18 - [TEST_CASE][PASSED] - Test Cases/TC - OW 001/TC 001 Link website benar: Test Cases/TC - OW 001/TC 001 Link website benar

10-12-2024T02:14:19 - [TEST_STEP][PASSED] - openBrowser("https://opensource-demo.orangehrmlive.com/web/index.php/"): Browser is opened with url: 'https://opensource-demo.orangehrmlive.com/web/index.php/'

10-12-2024T02:14:19 - [MESSAGE][WARNING] - A browser is already opened. Closing browser and opening a new one

10-12-2024T02:14:23 - [MESSAGE][INFO] - Starting 'Chrome' driver

10-12-2024T02:14:23 - [MESSAGE][INFO] - Action delay is set to 0 milliseconds

10-12-2024T02:14:37 - [MESSAGE][PASSED] - Browser is opened with url: 'https://opensource-demo.orangehrmlive.com/web/index.php/'

10-12-2024T02:14:37 - [TEST_STEP][PASSED] - maximizeWindow(): Current window maximized

10-12-2024T02:14:39 - [MESSAGE][PASSED] - Current window maximized

10-12-2024T02:14:39 - [TEST_STEP][PASSED] - verifyElementPresent(findTestObject("Login/textLogin"), 0): Object 'Object Repository/Login/textLogin' is present

10-12-2024T02:14:39 - [MESSAGE][WARNING] - Timeout '0' is invalid. Using default page load timeout: '30'

10-12-2024T02:14:41 - [MESSAGE][PASSED] - Object 'Object Repository/Login/textLogin' is present

10-12-2024T02:14:41 - [MESSAGE][PASSED] - Call Test Case 'Test Cases/TC - OW 001/TC 001 Link website benar' successfully

10-12-2024T02:14:41 - [TEST_STEP][PASSED] - click(findTestObject("Login/inputUsername")): Object: 'Object Repository/Login/inputUsername' is clicked on

10-12-2024T02:14:42 - [MESSAGE][PASSED] - Object: 'Object Repository/Login/inputUsername' is clicked on

10-12-2024T02:14:42 - [TEST_STEP][PASSED] - setText(findTestObject("Login/inputUsername"), "admin"): Text 'admin' is set on object 'Object Repository/Login/inputUsername'

10-12-2024T02:14:43 - [MESSAGE][PASSED] - Text 'admin' is set on object 'Object Repository/Login/inputUsername'

10-12-2024T02:14:43 - [TEST_STEP][PASSED] - click(findTestObject("Login/inputPaasword")): Object: 'Object Repository/Login/inputPaasword' is clicked on

10-12-2024T02:14:47 - [MESSAGE][PASSED] - Object: 'Object Repository/Login/inputPaasword' is clicked on

10-12-2024T02:14:47 - [TEST_STEP][PASSED] - setText(findTestObject("Login/inputPaasword"), "admin123"): Text 'admin123' is set on object 'Object Repository/Login/inputPaasword'

10-12-2024T02:14:48 - [MESSAGE][PASSED] - Text 'admin123' is set on object 'Object Repository/Login/inputPaasword'

10-12-2024T02:14:48 - [TEST_STEP][PASSED] - click(findTestObject("Login/buttonLogin")): Object: 'Object Repository/Login/buttonLogin' is clicked on

10-12-2024T02:14:49 - [MESSAGE][PASSED] - Object: 'Object Repository/Login/buttonLogin' is clicked on

10-12-2024T02:14:49 - [TEST_STEP][PASSED] - verifyElementPresent(findTestObject("Dashboard/textDashboard"), 0): Object 'Object Repository/Dashboard/textDashboard' is present

10-12-2024T02:14:49 - [MESSAGE][WARNING] - Timeout '0' is invalid. Using default page load timeout: '30'

10-12-2024T02:15:01 - [MESSAGE][PASSED] - Object 'Object Repository/Dashboard/textDashboard' is present

10-12-2024T02:15:01 - [MESSAGE][PASSED] - Call Test Case 'Test Cases/TC - LW 002/TC 001 Login berhasil' successfully

10-12-2024T02:15:01 - [TEST_STEP][PASSED] - click(findTestObject("PIM/buttonMenupim")): Object: 'Object Repository/PIM/buttonMenupim' is clicked on

10-12-2024T02:15:04 - [MESSAGE][PASSED] - Object: 'Object Repository/PIM/buttonMenupim' is clicked on

10-12-2024T02:15:04 - [TEST_STEP][PASSED] - verifyElementPresent(findTestObject("Dashboard/textDashboard"), 0): Object 'Object Repository/Dashboard/textDashboard' is present

10-12-2024T02:15:04 - [MESSAGE][WARNING] - Timeout '0' is invalid. Using default page load timeout: '30'

10-12-2024T02:15:06 - [MESSAGE][PASSED] - Object 'Object Repository/Dashboard/textDashboard' is present]]></system-out>
         <system-err><![CDATA[]]></system-err>
      </testcase>
      <testcase name="Test Cases/Scope Test/TC 002 Buat data karyawan" time="52.622" classname="Test Cases/Scope Test/TC 002 Buat data karyawan" status="PASSED">
         <system-out><![CDATA[10-12-2024T02:15:06 - [TEST_CASE][PASSED] - Test Cases/Scope Test/TC 002 Buat data karyawan: Test Cases/Scope Test/TC 002 Buat data karyawan

10-12-2024T02:15:06 - [TEST_STEP][PASSED] - callTestCase(findTestCase("TC - LW 002/TC 001 Login berhasil"), [:], STOP_ON_FAILURE): Call Test Case 'Test Cases/TC - LW 002/TC 001 Login berhasil' successfully

10-12-2024T02:15:07 - [TEST_CASE][PASSED] - Test Cases/TC - LW 002/TC 001 Login berhasil: Test Cases/TC - LW 002/TC 001 Login berhasil

10-12-2024T02:15:07 - [TEST_STEP][PASSED] - callTestCase(findTestCase("TC - OW 001/TC 001 Link website benar"), [:], STOP_ON_FAILURE): Call Test Case 'Test Cases/TC - OW 001/TC 001 Link website benar' successfully

10-12-2024T02:15:07 - [TEST_CASE][PASSED] - Test Cases/TC - OW 001/TC 001 Link website benar: Test Cases/TC - OW 001/TC 001 Link website benar

10-12-2024T02:15:07 - [TEST_STEP][PASSED] - openBrowser("https://opensource-demo.orangehrmlive.com/web/index.php/"): Browser is opened with url: 'https://opensource-demo.orangehrmlive.com/web/index.php/'

10-12-2024T02:15:07 - [MESSAGE][WARNING] - A browser is already opened. Closing browser and opening a new one

10-12-2024T02:15:09 - [MESSAGE][INFO] - Starting 'Chrome' driver

10-12-2024T02:15:09 - [MESSAGE][INFO] - Action delay is set to 0 milliseconds

10-12-2024T02:15:19 - [MESSAGE][PASSED] - Browser is opened with url: 'https://opensource-demo.orangehrmlive.com/web/index.php/'

10-12-2024T02:15:19 - [TEST_STEP][PASSED] - maximizeWindow(): Current window maximized

10-12-2024T02:15:22 - [MESSAGE][PASSED] - Current window maximized

10-12-2024T02:15:22 - [TEST_STEP][PASSED] - verifyElementPresent(findTestObject("Login/textLogin"), 0): Object 'Object Repository/Login/textLogin' is present

10-12-2024T02:15:22 - [MESSAGE][WARNING] - Timeout '0' is invalid. Using default page load timeout: '30'

10-12-2024T02:15:25 - [MESSAGE][PASSED] - Object 'Object Repository/Login/textLogin' is present

10-12-2024T02:15:25 - [MESSAGE][PASSED] - Call Test Case 'Test Cases/TC - OW 001/TC 001 Link website benar' successfully

10-12-2024T02:15:25 - [TEST_STEP][PASSED] - click(findTestObject("Login/inputUsername")): Object: 'Object Repository/Login/inputUsername' is clicked on

10-12-2024T02:15:26 - [MESSAGE][PASSED] - Object: 'Object Repository/Login/inputUsername' is clicked on

10-12-2024T02:15:26 - [TEST_STEP][PASSED] - setText(findTestObject("Login/inputUsername"), "admin"): Text 'admin' is set on object 'Object Repository/Login/inputUsername'

10-12-2024T02:15:28 - [MESSAGE][PASSED] - Text 'admin' is set on object 'Object Repository/Login/inputUsername'

10-12-2024T02:15:28 - [TEST_STEP][PASSED] - click(findTestObject("Login/inputPaasword")): Object: 'Object Repository/Login/inputPaasword' is clicked on

10-12-2024T02:15:28 - [MESSAGE][PASSED] - Object: 'Object Repository/Login/inputPaasword' is clicked on

10-12-2024T02:15:28 - [TEST_STEP][PASSED] - setText(findTestObject("Login/inputPaasword"), "admin123"): Text 'admin123' is set on object 'Object Repository/Login/inputPaasword'

10-12-2024T02:15:29 - [MESSAGE][PASSED] - Text 'admin123' is set on object 'Object Repository/Login/inputPaasword'

10-12-2024T02:15:29 - [TEST_STEP][PASSED] - click(findTestObject("Login/buttonLogin")): Object: 'Object Repository/Login/buttonLogin' is clicked on

10-12-2024T02:15:32 - [MESSAGE][PASSED] - Object: 'Object Repository/Login/buttonLogin' is clicked on

10-12-2024T02:15:33 - [TEST_STEP][PASSED] - verifyElementPresent(findTestObject("Dashboard/textDashboard"), 0): Object 'Object Repository/Dashboard/textDashboard' is present

10-12-2024T02:15:34 - [MESSAGE][WARNING] - Timeout '0' is invalid. Using default page load timeout: '30'

10-12-2024T02:15:36 - [MESSAGE][PASSED] - Object 'Object Repository/Dashboard/textDashboard' is present

10-12-2024T02:15:37 - [MESSAGE][PASSED] - Call Test Case 'Test Cases/TC - LW 002/TC 001 Login berhasil' successfully

10-12-2024T02:15:37 - [TEST_STEP][PASSED] - click(findTestObject("PIM/buttonMenupim")): Object: 'Object Repository/PIM/buttonMenupim' is clicked on

10-12-2024T02:15:40 - [MESSAGE][PASSED] - Object: 'Object Repository/PIM/buttonMenupim' is clicked on

10-12-2024T02:15:40 - [TEST_STEP][PASSED] - verifyElementPresent(findTestObject("Dashboard/textDashboard"), 0): Object 'Object Repository/Dashboard/textDashboard' is present

10-12-2024T02:15:40 - [MESSAGE][WARNING] - Timeout '0' is invalid. Using default page load timeout: '30'

10-12-2024T02:15:42 - [MESSAGE][PASSED] - Object 'Object Repository/Dashboard/textDashboard' is present

10-12-2024T02:15:42 - [TEST_STEP][PASSED] - click(findTestObject("PIM/addButton")): Object: 'Object Repository/PIM/addButton' is clicked on

10-12-2024T02:15:43 - [MESSAGE][PASSED] - Object: 'Object Repository/PIM/addButton' is clicked on

10-12-2024T02:15:43 - [TEST_STEP][PASSED] - click(findTestObject("PIM/inputFirstname")): Object: 'Object Repository/PIM/inputFirstname' is clicked on

10-12-2024T02:15:45 - [MESSAGE][PASSED] - Object: 'Object Repository/PIM/inputFirstname' is clicked on

10-12-2024T02:15:45 - [TEST_STEP][PASSED] - setText(findTestObject("PIM/inputFirstname"), "Rafki"): Text 'Rafki' is set on object 'Object Repository/PIM/inputFirstname'

10-12-2024T02:15:46 - [MESSAGE][PASSED] - Text 'Rafki' is set on object 'Object Repository/PIM/inputFirstname'

10-12-2024T02:15:46 - [TEST_STEP][PASSED] - click(findTestObject("PIM/inputMiddlename")): Object: 'Object Repository/PIM/inputMiddlename' is clicked on

10-12-2024T02:15:47 - [MESSAGE][PASSED] - Object: 'Object Repository/PIM/inputMiddlename' is clicked on

10-12-2024T02:15:47 - [TEST_STEP][PASSED] - setText(findTestObject("PIM/inputMiddlename"), "Mustafa"): Text 'Mustafa' is set on object 'Object Repository/PIM/inputMiddlename'

10-12-2024T02:15:47 - [MESSAGE][PASSED] - Text 'Mustafa' is set on object 'Object Repository/PIM/inputMiddlename'

10-12-2024T02:15:47 - [TEST_STEP][PASSED] - click(findTestObject("PIM/inputLastname")): Object: 'Object Repository/PIM/inputLastname' is clicked on

10-12-2024T02:15:48 - [MESSAGE][PASSED] - Object: 'Object Repository/PIM/inputLastname' is clicked on

10-12-2024T02:15:48 - [TEST_STEP][PASSED] - setText(findTestObject("PIM/inputLastname"), "Abdullah Kafi"): Text 'Abdullah Kafi' is set on object 'Object Repository/PIM/inputLastname'

10-12-2024T02:15:49 - [MESSAGE][PASSED] - Text 'Abdullah Kafi' is set on object 'Object Repository/PIM/inputLastname'

10-12-2024T02:15:49 - [TEST_STEP][PASSED] - click(findTestObject("PIM/inputEmployeeid")): Object: 'Object Repository/PIM/inputEmployeeid' is clicked on

10-12-2024T02:15:50 - [MESSAGE][PASSED] - Object: 'Object Repository/PIM/inputEmployeeid' is clicked on

10-12-2024T02:15:50 - [TEST_STEP][PASSED] - sendKeys(findTestObject("PIM/inputEmployeeid"), Keys.chord(CONTROL, "a", DELETE)): Keys 'CONTROL + DELETE + a' sent to object: 'Object Repository/PIM/inputEmployeeid'

10-12-2024T02:15:51 - [MESSAGE][PASSED] - Keys 'CONTROL + DELETE + a' sent to object: 'Object Repository/PIM/inputEmployeeid'

10-12-2024T02:15:51 - [TEST_STEP][PASSED] - setText(findTestObject("PIM/inputEmployeeid"), "060997"): Text '060997' is set on object 'Object Repository/PIM/inputEmployeeid'

10-12-2024T02:15:53 - [MESSAGE][PASSED] - Text '060997' is set on object 'Object Repository/PIM/inputEmployeeid'

10-12-2024T02:15:53 - [TEST_STEP][PASSED] - click(findTestObject("PIM/buttonSave")): Object: 'Object Repository/PIM/buttonSave' is clicked on

10-12-2024T02:15:54 - [MESSAGE][PASSED] - Object: 'Object Repository/PIM/buttonSave' is clicked on

10-12-2024T02:15:54 - [TEST_STEP][PASSED] - delay(3): Delayed 3 second(s)

10-12-2024T02:15:57 - [MESSAGE][PASSED] - Delayed 3 second(s)

10-12-2024T02:15:57 - [TEST_STEP][PASSED] - closeBrowser(): Browser is closed

10-12-2024T02:15:58 - [MESSAGE][PASSED] - Browser is closed]]></system-out>
         <system-err><![CDATA[]]></system-err>
      </testcase>
      <testcase name="Test Cases/Scope Test/TC 004 Mengubah Employee id karyawan" time="95.043" classname="Test Cases/Scope Test/TC 004 Mengubah Employee id karyawan" status="PASSED">
         <system-out><![CDATA[10-12-2024T02:15:58 - [TEST_CASE][PASSED] - Test Cases/Scope Test/TC 004 Mengubah Employee id karyawan: Test Cases/Scope Test/TC 004 Mengubah Employee id karyawan

10-12-2024T02:15:59 - [TEST_STEP][PASSED] - callTestCase(findTestCase("TC - TK 004/TC 001 Membuka fitur PIM"), [:], STOP_ON_FAILURE): Call Test Case 'Test Cases/TC - TK 004/TC 001 Membuka fitur PIM' successfully

10-12-2024T02:15:59 - [TEST_CASE][PASSED] - Test Cases/TC - TK 004/TC 001 Membuka fitur PIM: Test Cases/TC - TK 004/TC 001 Membuka fitur PIM

10-12-2024T02:15:59 - [TEST_STEP][PASSED] - callTestCase(findTestCase("TC - LW 002/TC 001 Login berhasil"), [:], STOP_ON_FAILURE): Call Test Case 'Test Cases/TC - LW 002/TC 001 Login berhasil' successfully

10-12-2024T02:15:59 - [TEST_CASE][PASSED] - Test Cases/TC - LW 002/TC 001 Login berhasil: Test Cases/TC - LW 002/TC 001 Login berhasil

10-12-2024T02:15:59 - [TEST_STEP][PASSED] - callTestCase(findTestCase("TC - OW 001/TC 001 Link website benar"), [:], STOP_ON_FAILURE): Call Test Case 'Test Cases/TC - OW 001/TC 001 Link website benar' successfully

10-12-2024T02:15:59 - [TEST_CASE][PASSED] - Test Cases/TC - OW 001/TC 001 Link website benar: Test Cases/TC - OW 001/TC 001 Link website benar

10-12-2024T02:15:59 - [TEST_STEP][PASSED] - openBrowser("https://opensource-demo.orangehrmlive.com/web/index.php/"): Browser is opened with url: 'https://opensource-demo.orangehrmlive.com/web/index.php/'

10-12-2024T02:15:59 - [MESSAGE][INFO] - Starting 'Chrome' driver

10-12-2024T02:15:59 - [MESSAGE][INFO] - Action delay is set to 0 milliseconds

10-12-2024T02:16:17 - [MESSAGE][PASSED] - Browser is opened with url: 'https://opensource-demo.orangehrmlive.com/web/index.php/'

10-12-2024T02:16:17 - [TEST_STEP][PASSED] - maximizeWindow(): Current window maximized

10-12-2024T02:16:17 - [MESSAGE][PASSED] - Current window maximized

10-12-2024T02:16:17 - [TEST_STEP][PASSED] - verifyElementPresent(findTestObject("Login/textLogin"), 0): Object 'Object Repository/Login/textLogin' is present

10-12-2024T02:16:18 - [MESSAGE][WARNING] - Timeout '0' is invalid. Using default page load timeout: '30'

10-12-2024T02:16:19 - [MESSAGE][PASSED] - Object 'Object Repository/Login/textLogin' is present

10-12-2024T02:16:19 - [MESSAGE][PASSED] - Call Test Case 'Test Cases/TC - OW 001/TC 001 Link website benar' successfully

10-12-2024T02:16:19 - [TEST_STEP][PASSED] - click(findTestObject("Login/inputUsername")): Object: 'Object Repository/Login/inputUsername' is clicked on

10-12-2024T02:16:20 - [MESSAGE][PASSED] - Object: 'Object Repository/Login/inputUsername' is clicked on

10-12-2024T02:16:20 - [TEST_STEP][PASSED] - setText(findTestObject("Login/inputUsername"), "admin"): Text 'admin' is set on object 'Object Repository/Login/inputUsername'

10-12-2024T02:16:22 - [MESSAGE][PASSED] - Text 'admin' is set on object 'Object Repository/Login/inputUsername'

10-12-2024T02:16:22 - [TEST_STEP][PASSED] - click(findTestObject("Login/inputPaasword")): Object: 'Object Repository/Login/inputPaasword' is clicked on

10-12-2024T02:16:22 - [MESSAGE][PASSED] - Object: 'Object Repository/Login/inputPaasword' is clicked on

10-12-2024T02:16:22 - [TEST_STEP][PASSED] - setText(findTestObject("Login/inputPaasword"), "admin123"): Text 'admin123' is set on object 'Object Repository/Login/inputPaasword'

10-12-2024T02:16:26 - [MESSAGE][PASSED] - Text 'admin123' is set on object 'Object Repository/Login/inputPaasword'

10-12-2024T02:16:26 - [TEST_STEP][PASSED] - click(findTestObject("Login/buttonLogin")): Object: 'Object Repository/Login/buttonLogin' is clicked on

10-12-2024T02:16:32 - [MESSAGE][PASSED] - Object: 'Object Repository/Login/buttonLogin' is clicked on

10-12-2024T02:16:32 - [TEST_STEP][PASSED] - verifyElementPresent(findTestObject("Dashboard/textDashboard"), 0): Object 'Object Repository/Dashboard/textDashboard' is present

10-12-2024T02:16:33 - [MESSAGE][WARNING] - Timeout '0' is invalid. Using default page load timeout: '30'

10-12-2024T02:16:44 - [MESSAGE][PASSED] - Object 'Object Repository/Dashboard/textDashboard' is present

10-12-2024T02:16:44 - [MESSAGE][PASSED] - Call Test Case 'Test Cases/TC - LW 002/TC 001 Login berhasil' successfully

10-12-2024T02:16:44 - [TEST_STEP][PASSED] - click(findTestObject("PIM/buttonMenupim")): Object: 'Object Repository/PIM/buttonMenupim' is clicked on

10-12-2024T02:16:59 - [MESSAGE][PASSED] - Object: 'Object Repository/PIM/buttonMenupim' is clicked on

10-12-2024T02:16:59 - [TEST_STEP][PASSED] - verifyElementPresent(findTestObject("Dashboard/textDashboard"), 0): Object 'Object Repository/Dashboard/textDashboard' is present

10-12-2024T02:17:01 - [MESSAGE][WARNING] - Timeout '0' is invalid. Using default page load timeout: '30'

10-12-2024T02:17:05 - [MESSAGE][PASSED] - Object 'Object Repository/Dashboard/textDashboard' is present

10-12-2024T02:17:05 - [MESSAGE][PASSED] - Call Test Case 'Test Cases/TC - TK 004/TC 001 Membuka fitur PIM' successfully

10-12-2024T02:17:05 - [TEST_STEP][PASSED] - click(findTestObject("Search Employee/inputUsername")): Object: 'Object Repository/Search Employee/inputUsername' is clicked on

10-12-2024T02:17:06 - [MESSAGE][PASSED] - Object: 'Object Repository/Search Employee/inputUsername' is clicked on

10-12-2024T02:17:06 - [TEST_STEP][PASSED] - click(findTestObject("Search Employee/inputEmployeeid")): Object: 'Object Repository/Search Employee/inputEmployeeid' is clicked on

10-12-2024T02:17:07 - [MESSAGE][PASSED] - Object: 'Object Repository/Search Employee/inputEmployeeid' is clicked on

10-12-2024T02:17:08 - [TEST_STEP][PASSED] - setText(findTestObject("Search Employee/inputEmployeeid"), "060997"): Text '060997' is set on object 'Object Repository/Search Employee/inputEmployeeid'

10-12-2024T02:17:09 - [MESSAGE][PASSED] - Text '060997' is set on object 'Object Repository/Search Employee/inputEmployeeid'

10-12-2024T02:17:09 - [TEST_STEP][PASSED] - click(findTestObject("Search Employee/buttonSearch")): Object: 'Object Repository/Search Employee/buttonSearch' is clicked on

10-12-2024T02:17:11 - [MESSAGE][PASSED] - Object: 'Object Repository/Search Employee/buttonSearch' is clicked on

10-12-2024T02:17:11 - [TEST_STEP][PASSED] - focus(findTestObject("Search Employee/tableEmployee")): Object: 'Object Repository/Search Employee/tableEmployee' is focused

10-12-2024T02:17:13 - [MESSAGE][PASSED] - Object: 'Object Repository/Search Employee/tableEmployee' is focused

10-12-2024T02:17:13 - [TEST_STEP][PASSED] - getText(findTestObject("Search Employee/inputEmployeeid")): Text of object 'Object Repository/Search Employee/inputEmployeeid' is: ''

10-12-2024T02:17:14 - [MESSAGE][PASSED] - Text of object 'Object Repository/Search Employee/inputEmployeeid' is: ''

10-12-2024T02:17:14 - [TEST_STEP][PASSED] - verifyMatch("060997", "060997", false): Actual text '060997' and expected text '060997' are matched 

10-12-2024T02:17:14 - [MESSAGE][PASSED] - Actual text '060997' and expected text '060997' are matched 

10-12-2024T02:17:14 - [TEST_STEP][PASSED] - delay(2): Delayed 2 second(s)

10-12-2024T02:17:16 - [MESSAGE][PASSED] - Delayed 2 second(s)

10-12-2024T02:17:17 - [TEST_STEP][PASSED] - click(findTestObject("Edit Employee/buttonEditemployee")): Object: 'Object Repository/Edit Employee/buttonEditemployee' is clicked on

10-12-2024T02:17:19 - [MESSAGE][PASSED] - Object: 'Object Repository/Edit Employee/buttonEditemployee' is clicked on

10-12-2024T02:17:19 - [TEST_STEP][PASSED] - click(findTestObject("Edit Employee/inputEmployeeid")): Object: 'Object Repository/Edit Employee/inputEmployeeid' is clicked on

10-12-2024T02:17:22 - [MESSAGE][PASSED] - Object: 'Object Repository/Edit Employee/inputEmployeeid' is clicked on

10-12-2024T02:17:23 - [TEST_STEP][PASSED] - sendKeys(findTestObject("Edit Employee/inputEmployeeid"), Keys.chord(CONTROL, "a", DELETE)): Keys 'CONTROL + DELETE + a' sent to object: 'Object Repository/Edit Employee/inputEmployeeid'

10-12-2024T02:17:23 - [MESSAGE][PASSED] - Keys 'CONTROL + DELETE + a' sent to object: 'Object Repository/Edit Employee/inputEmployeeid'

10-12-2024T02:17:23 - [TEST_STEP][PASSED] - setText(findTestObject("Edit Employee/inputEmployeeid"), "970906"): Text '970906' is set on object 'Object Repository/Edit Employee/inputEmployeeid'

10-12-2024T02:17:24 - [MESSAGE][PASSED] - Text '970906' is set on object 'Object Repository/Edit Employee/inputEmployeeid'

10-12-2024T02:17:24 - [TEST_STEP][PASSED] - click(findTestObject("Edit Employee/buttonSave")): Object: 'Object Repository/Edit Employee/buttonSave' is clicked on

10-12-2024T02:17:25 - [MESSAGE][PASSED] - Object: 'Object Repository/Edit Employee/buttonSave' is clicked on

10-12-2024T02:17:25 - [TEST_STEP][PASSED] - verifyElementPresent(findTestObject("Edit Employee/toasSuccess"), 0): Object 'Object Repository/Edit Employee/toasSuccess' is present

10-12-2024T02:17:25 - [MESSAGE][WARNING] - Timeout '0' is invalid. Using default page load timeout: '30'

10-12-2024T02:17:26 - [MESSAGE][PASSED] - Object 'Object Repository/Edit Employee/toasSuccess' is present

10-12-2024T02:17:26 - [TEST_STEP][PASSED] - delay(3): Delayed 3 second(s)

10-12-2024T02:17:29 - [MESSAGE][PASSED] - Delayed 3 second(s)

10-12-2024T02:17:29 - [TEST_STEP][PASSED] - closeBrowser(): Browser is closed

10-12-2024T02:17:33 - [MESSAGE][PASSED] - Browser is closed]]></system-out>
         <system-err><![CDATA[]]></system-err>
      </testcase>
      <testcase name="Test Cases/Scope Test/TC 004 Tekan tombol Yes untuk hapus data" time="72.359" classname="Test Cases/Scope Test/TC 004 Tekan tombol Yes untuk hapus data" status="PASSED">
         <system-out><![CDATA[10-12-2024T02:17:33 - [TEST_CASE][PASSED] - Test Cases/Scope Test/TC 004 Tekan tombol Yes untuk hapus data: Test Cases/Scope Test/TC 004 Tekan tombol Yes untuk hapus data

10-12-2024T02:17:34 - [TEST_STEP][PASSED] - callTestCase(findTestCase("TC - TK 004/TC 001 Membuka fitur PIM"), [:], STOP_ON_FAILURE): Call Test Case 'Test Cases/TC - TK 004/TC 001 Membuka fitur PIM' successfully

10-12-2024T02:17:34 - [TEST_CASE][PASSED] - Test Cases/TC - TK 004/TC 001 Membuka fitur PIM: Test Cases/TC - TK 004/TC 001 Membuka fitur PIM

10-12-2024T02:17:34 - [TEST_STEP][PASSED] - callTestCase(findTestCase("TC - LW 002/TC 001 Login berhasil"), [:], STOP_ON_FAILURE): Call Test Case 'Test Cases/TC - LW 002/TC 001 Login berhasil' successfully

10-12-2024T02:17:34 - [TEST_CASE][PASSED] - Test Cases/TC - LW 002/TC 001 Login berhasil: Test Cases/TC - LW 002/TC 001 Login berhasil

10-12-2024T02:17:34 - [TEST_STEP][PASSED] - callTestCase(findTestCase("TC - OW 001/TC 001 Link website benar"), [:], STOP_ON_FAILURE): Call Test Case 'Test Cases/TC - OW 001/TC 001 Link website benar' successfully

10-12-2024T02:17:34 - [TEST_CASE][PASSED] - Test Cases/TC - OW 001/TC 001 Link website benar: Test Cases/TC - OW 001/TC 001 Link website benar

10-12-2024T02:17:35 - [TEST_STEP][PASSED] - openBrowser("https://opensource-demo.orangehrmlive.com/web/index.php/"): Browser is opened with url: 'https://opensource-demo.orangehrmlive.com/web/index.php/'

10-12-2024T02:17:35 - [MESSAGE][INFO] - Starting 'Chrome' driver

10-12-2024T02:17:35 - [MESSAGE][INFO] - Action delay is set to 0 milliseconds

10-12-2024T02:17:50 - [MESSAGE][PASSED] - Browser is opened with url: 'https://opensource-demo.orangehrmlive.com/web/index.php/'

10-12-2024T02:17:50 - [TEST_STEP][PASSED] - maximizeWindow(): Current window maximized

10-12-2024T02:17:50 - [MESSAGE][PASSED] - Current window maximized

10-12-2024T02:17:50 - [TEST_STEP][PASSED] - verifyElementPresent(findTestObject("Login/textLogin"), 0): Object 'Object Repository/Login/textLogin' is present

10-12-2024T02:17:50 - [MESSAGE][WARNING] - Timeout '0' is invalid. Using default page load timeout: '30'

10-12-2024T02:17:51 - [MESSAGE][PASSED] - Object 'Object Repository/Login/textLogin' is present

10-12-2024T02:17:51 - [MESSAGE][PASSED] - Call Test Case 'Test Cases/TC - OW 001/TC 001 Link website benar' successfully

10-12-2024T02:17:51 - [TEST_STEP][PASSED] - click(findTestObject("Login/inputUsername")): Object: 'Object Repository/Login/inputUsername' is clicked on

10-12-2024T02:17:52 - [MESSAGE][PASSED] - Object: 'Object Repository/Login/inputUsername' is clicked on

10-12-2024T02:17:52 - [TEST_STEP][PASSED] - setText(findTestObject("Login/inputUsername"), "admin"): Text 'admin' is set on object 'Object Repository/Login/inputUsername'

10-12-2024T02:17:55 - [MESSAGE][PASSED] - Text 'admin' is set on object 'Object Repository/Login/inputUsername'

10-12-2024T02:17:55 - [TEST_STEP][PASSED] - click(findTestObject("Login/inputPaasword")): Object: 'Object Repository/Login/inputPaasword' is clicked on

10-12-2024T02:17:58 - [MESSAGE][PASSED] - Object: 'Object Repository/Login/inputPaasword' is clicked on

10-12-2024T02:17:58 - [TEST_STEP][PASSED] - setText(findTestObject("Login/inputPaasword"), "admin123"): Text 'admin123' is set on object 'Object Repository/Login/inputPaasword'

10-12-2024T02:18:01 - [MESSAGE][PASSED] - Text 'admin123' is set on object 'Object Repository/Login/inputPaasword'

10-12-2024T02:18:01 - [TEST_STEP][PASSED] - click(findTestObject("Login/buttonLogin")): Object: 'Object Repository/Login/buttonLogin' is clicked on

10-12-2024T02:18:06 - [MESSAGE][PASSED] - Object: 'Object Repository/Login/buttonLogin' is clicked on

10-12-2024T02:18:07 - [TEST_STEP][PASSED] - verifyElementPresent(findTestObject("Dashboard/textDashboard"), 0): Object 'Object Repository/Dashboard/textDashboard' is present

10-12-2024T02:18:07 - [MESSAGE][WARNING] - Timeout '0' is invalid. Using default page load timeout: '30'

10-12-2024T02:18:11 - [MESSAGE][PASSED] - Object 'Object Repository/Dashboard/textDashboard' is present

10-12-2024T02:18:11 - [MESSAGE][PASSED] - Call Test Case 'Test Cases/TC - LW 002/TC 001 Login berhasil' successfully

10-12-2024T02:18:11 - [TEST_STEP][PASSED] - click(findTestObject("PIM/buttonMenupim")): Object: 'Object Repository/PIM/buttonMenupim' is clicked on

10-12-2024T02:18:14 - [MESSAGE][PASSED] - Object: 'Object Repository/PIM/buttonMenupim' is clicked on

10-12-2024T02:18:14 - [TEST_STEP][PASSED] - verifyElementPresent(findTestObject("Dashboard/textDashboard"), 0): Object 'Object Repository/Dashboard/textDashboard' is present

10-12-2024T02:18:14 - [MESSAGE][WARNING] - Timeout '0' is invalid. Using default page load timeout: '30'

10-12-2024T02:18:22 - [MESSAGE][PASSED] - Object 'Object Repository/Dashboard/textDashboard' is present

10-12-2024T02:18:22 - [MESSAGE][PASSED] - Call Test Case 'Test Cases/TC - TK 004/TC 001 Membuka fitur PIM' successfully

10-12-2024T02:18:22 - [TEST_STEP][PASSED] - click(findTestObject("Search Employee/inputUsername")): Object: 'Object Repository/Search Employee/inputUsername' is clicked on

10-12-2024T02:18:26 - [MESSAGE][PASSED] - Object: 'Object Repository/Search Employee/inputUsername' is clicked on

10-12-2024T02:18:26 - [TEST_STEP][PASSED] - click(findTestObject("Search Employee/inputEmployeeid")): Object: 'Object Repository/Search Employee/inputEmployeeid' is clicked on

10-12-2024T02:18:27 - [MESSAGE][PASSED] - Object: 'Object Repository/Search Employee/inputEmployeeid' is clicked on

10-12-2024T02:18:27 - [TEST_STEP][PASSED] - setText(findTestObject("Search Employee/inputEmployeeid"), "970906"): Text '970906' is set on object 'Object Repository/Search Employee/inputEmployeeid'

10-12-2024T02:18:30 - [MESSAGE][PASSED] - Text '970906' is set on object 'Object Repository/Search Employee/inputEmployeeid'

10-12-2024T02:18:30 - [TEST_STEP][PASSED] - click(findTestObject("Search Employee/buttonSearch")): Object: 'Object Repository/Search Employee/buttonSearch' is clicked on

10-12-2024T02:18:32 - [MESSAGE][PASSED] - Object: 'Object Repository/Search Employee/buttonSearch' is clicked on

10-12-2024T02:18:32 - [TEST_STEP][PASSED] - focus(findTestObject("Search Employee/tableEmployee")): Object: 'Object Repository/Search Employee/tableEmployee' is focused

10-12-2024T02:18:33 - [MESSAGE][PASSED] - Object: 'Object Repository/Search Employee/tableEmployee' is focused

10-12-2024T02:18:33 - [TEST_STEP][PASSED] - getText(findTestObject("Search Employee/inputEmployeeid")): Text of object 'Object Repository/Search Employee/inputEmployeeid' is: ''

10-12-2024T02:18:35 - [MESSAGE][PASSED] - Text of object 'Object Repository/Search Employee/inputEmployeeid' is: ''

10-12-2024T02:18:35 - [TEST_STEP][PASSED] - verifyMatch("970906", "970906", false): Actual text '970906' and expected text '970906' are matched 

10-12-2024T02:18:35 - [MESSAGE][PASSED] - Actual text '970906' and expected text '970906' are matched 

10-12-2024T02:18:35 - [TEST_STEP][PASSED] - click(findTestObject("Delete Employee/buttonDelete")): Object: 'Object Repository/Delete Employee/buttonDelete' is clicked on

10-12-2024T02:18:36 - [MESSAGE][PASSED] - Object: 'Object Repository/Delete Employee/buttonDelete' is clicked on

10-12-2024T02:18:36 - [TEST_STEP][PASSED] - verifyElementPresent(findTestObject("Delete Employee/alertConfirmdelete"), 0): Object 'Object Repository/Delete Employee/alertConfirmdelete' is present

10-12-2024T02:18:36 - [MESSAGE][WARNING] - Timeout '0' is invalid. Using default page load timeout: '30'

10-12-2024T02:18:36 - [MESSAGE][PASSED] - Object 'Object Repository/Delete Employee/alertConfirmdelete' is present

10-12-2024T02:18:36 - [TEST_STEP][PASSED] - delay(2): Delayed 2 second(s)

10-12-2024T02:18:38 - [MESSAGE][PASSED] - Delayed 2 second(s)

10-12-2024T02:18:38 - [TEST_STEP][PASSED] - click(findTestObject("Delete Employee/buttonYesdelete")): Object: 'Object Repository/Delete Employee/buttonYesdelete' is clicked on

10-12-2024T02:18:40 - [MESSAGE][PASSED] - Object: 'Object Repository/Delete Employee/buttonYesdelete' is clicked on

10-12-2024T02:18:40 - [TEST_STEP][PASSED] - verifyElementPresent(findTestObject("Delete Employee/toasSuccess"), 0): Object 'Object Repository/Delete Employee/toasSuccess' is present

10-12-2024T02:18:40 - [MESSAGE][WARNING] - Timeout '0' is invalid. Using default page load timeout: '30'

10-12-2024T02:18:41 - [MESSAGE][PASSED] - Object 'Object Repository/Delete Employee/toasSuccess' is present

10-12-2024T02:18:41 - [TEST_STEP][PASSED] - delay(3): Delayed 3 second(s)

10-12-2024T02:18:44 - [MESSAGE][PASSED] - Delayed 3 second(s)

10-12-2024T02:18:44 - [TEST_STEP][PASSED] - closeBrowser(): Browser is closed

10-12-2024T02:18:46 - [MESSAGE][PASSED] - Browser is closed]]></system-out>
         <system-err><![CDATA[]]></system-err>
      </testcase>
      <testcase name="Test Cases/Scope Test/TC 005 Validasi data yang dihapus" time="58.613" classname="Test Cases/Scope Test/TC 005 Validasi data yang dihapus" status="PASSED">
         <system-out><![CDATA[10-12-2024T02:18:46 - [TEST_CASE][PASSED] - Test Cases/Scope Test/TC 005 Validasi data yang dihapus: Test Cases/Scope Test/TC 005 Validasi data yang dihapus

10-12-2024T02:18:49 - [TEST_STEP][PASSED] - callTestCase(findTestCase("TC - TK 004/TC 001 Membuka fitur PIM"), [:], STOP_ON_FAILURE): Call Test Case 'Test Cases/TC - TK 004/TC 001 Membuka fitur PIM' successfully

10-12-2024T02:18:50 - [TEST_CASE][PASSED] - Test Cases/TC - TK 004/TC 001 Membuka fitur PIM: Test Cases/TC - TK 004/TC 001 Membuka fitur PIM

10-12-2024T02:18:50 - [TEST_STEP][PASSED] - callTestCase(findTestCase("TC - LW 002/TC 001 Login berhasil"), [:], STOP_ON_FAILURE): Call Test Case 'Test Cases/TC - LW 002/TC 001 Login berhasil' successfully

10-12-2024T02:18:50 - [TEST_CASE][PASSED] - Test Cases/TC - LW 002/TC 001 Login berhasil: Test Cases/TC - LW 002/TC 001 Login berhasil

10-12-2024T02:18:50 - [TEST_STEP][PASSED] - callTestCase(findTestCase("TC - OW 001/TC 001 Link website benar"), [:], STOP_ON_FAILURE): Call Test Case 'Test Cases/TC - OW 001/TC 001 Link website benar' successfully

10-12-2024T02:18:51 - [TEST_CASE][PASSED] - Test Cases/TC - OW 001/TC 001 Link website benar: Test Cases/TC - OW 001/TC 001 Link website benar

10-12-2024T02:18:51 - [TEST_STEP][PASSED] - openBrowser("https://opensource-demo.orangehrmlive.com/web/index.php/"): Browser is opened with url: 'https://opensource-demo.orangehrmlive.com/web/index.php/'

10-12-2024T02:18:51 - [MESSAGE][INFO] - Starting 'Chrome' driver

10-12-2024T02:18:51 - [MESSAGE][INFO] - Action delay is set to 0 milliseconds

10-12-2024T02:19:03 - [MESSAGE][PASSED] - Browser is opened with url: 'https://opensource-demo.orangehrmlive.com/web/index.php/'

10-12-2024T02:19:03 - [TEST_STEP][PASSED] - maximizeWindow(): Current window maximized

10-12-2024T02:19:04 - [MESSAGE][PASSED] - Current window maximized

10-12-2024T02:19:04 - [TEST_STEP][PASSED] - verifyElementPresent(findTestObject("Login/textLogin"), 0): Object 'Object Repository/Login/textLogin' is present

10-12-2024T02:19:04 - [MESSAGE][WARNING] - Timeout '0' is invalid. Using default page load timeout: '30'

10-12-2024T02:19:07 - [MESSAGE][PASSED] - Object 'Object Repository/Login/textLogin' is present

10-12-2024T02:19:07 - [MESSAGE][PASSED] - Call Test Case 'Test Cases/TC - OW 001/TC 001 Link website benar' successfully

10-12-2024T02:19:07 - [TEST_STEP][PASSED] - click(findTestObject("Login/inputUsername")): Object: 'Object Repository/Login/inputUsername' is clicked on

10-12-2024T02:19:09 - [MESSAGE][PASSED] - Object: 'Object Repository/Login/inputUsername' is clicked on

10-12-2024T02:19:09 - [TEST_STEP][PASSED] - setText(findTestObject("Login/inputUsername"), "admin"): Text 'admin' is set on object 'Object Repository/Login/inputUsername'

10-12-2024T02:19:11 - [MESSAGE][PASSED] - Text 'admin' is set on object 'Object Repository/Login/inputUsername'

10-12-2024T02:19:11 - [TEST_STEP][PASSED] - click(findTestObject("Login/inputPaasword")): Object: 'Object Repository/Login/inputPaasword' is clicked on

10-12-2024T02:19:13 - [MESSAGE][PASSED] - Object: 'Object Repository/Login/inputPaasword' is clicked on

10-12-2024T02:19:13 - [TEST_STEP][PASSED] - setText(findTestObject("Login/inputPaasword"), "admin123"): Text 'admin123' is set on object 'Object Repository/Login/inputPaasword'

10-12-2024T02:19:15 - [MESSAGE][PASSED] - Text 'admin123' is set on object 'Object Repository/Login/inputPaasword'

10-12-2024T02:19:15 - [TEST_STEP][PASSED] - click(findTestObject("Login/buttonLogin")): Object: 'Object Repository/Login/buttonLogin' is clicked on

10-12-2024T02:19:18 - [MESSAGE][PASSED] - Object: 'Object Repository/Login/buttonLogin' is clicked on

10-12-2024T02:19:18 - [TEST_STEP][PASSED] - verifyElementPresent(findTestObject("Dashboard/textDashboard"), 0): Object 'Object Repository/Dashboard/textDashboard' is present

10-12-2024T02:19:18 - [MESSAGE][WARNING] - Timeout '0' is invalid. Using default page load timeout: '30'

10-12-2024T02:19:21 - [MESSAGE][PASSED] - Object 'Object Repository/Dashboard/textDashboard' is present

10-12-2024T02:19:21 - [MESSAGE][PASSED] - Call Test Case 'Test Cases/TC - LW 002/TC 001 Login berhasil' successfully

10-12-2024T02:19:21 - [TEST_STEP][PASSED] - click(findTestObject("PIM/buttonMenupim")): Object: 'Object Repository/PIM/buttonMenupim' is clicked on

10-12-2024T02:19:23 - [MESSAGE][PASSED] - Object: 'Object Repository/PIM/buttonMenupim' is clicked on

10-12-2024T02:19:23 - [TEST_STEP][PASSED] - verifyElementPresent(findTestObject("Dashboard/textDashboard"), 0): Object 'Object Repository/Dashboard/textDashboard' is present

10-12-2024T02:19:23 - [MESSAGE][WARNING] - Timeout '0' is invalid. Using default page load timeout: '30'

10-12-2024T02:19:25 - [MESSAGE][PASSED] - Object 'Object Repository/Dashboard/textDashboard' is present

10-12-2024T02:19:25 - [MESSAGE][PASSED] - Call Test Case 'Test Cases/TC - TK 004/TC 001 Membuka fitur PIM' successfully

10-12-2024T02:19:25 - [TEST_STEP][PASSED] - click(findTestObject("Search Employee/inputUsername")): Object: 'Object Repository/Search Employee/inputUsername' is clicked on

10-12-2024T02:19:27 - [MESSAGE][PASSED] - Object: 'Object Repository/Search Employee/inputUsername' is clicked on

10-12-2024T02:19:27 - [TEST_STEP][PASSED] - click(findTestObject("Search Employee/inputEmployeeid")): Object: 'Object Repository/Search Employee/inputEmployeeid' is clicked on

10-12-2024T02:19:28 - [MESSAGE][PASSED] - Object: 'Object Repository/Search Employee/inputEmployeeid' is clicked on

10-12-2024T02:19:28 - [TEST_STEP][PASSED] - setText(findTestObject("Search Employee/inputEmployeeid"), "970906"): Text '970906' is set on object 'Object Repository/Search Employee/inputEmployeeid'

10-12-2024T02:19:29 - [MESSAGE][PASSED] - Text '970906' is set on object 'Object Repository/Search Employee/inputEmployeeid'

10-12-2024T02:19:29 - [TEST_STEP][PASSED] - click(findTestObject("Search Employee/buttonSearch")): Object: 'Object Repository/Search Employee/buttonSearch' is clicked on

10-12-2024T02:19:31 - [MESSAGE][PASSED] - Object: 'Object Repository/Search Employee/buttonSearch' is clicked on

10-12-2024T02:19:31 - [TEST_STEP][PASSED] - focus(findTestObject("Search Employee/tableEmployee")): Object: 'Object Repository/Search Employee/tableEmployee' is focused

10-12-2024T02:19:34 - [MESSAGE][PASSED] - Object: 'Object Repository/Search Employee/tableEmployee' is focused

10-12-2024T02:19:34 - [TEST_STEP][PASSED] - getText(findTestObject("Search Employee/inputEmployeeid")): Text of object 'Object Repository/Search Employee/inputEmployeeid' is: ''

10-12-2024T02:19:35 - [MESSAGE][PASSED] - Text of object 'Object Repository/Search Employee/inputEmployeeid' is: ''

10-12-2024T02:19:35 - [TEST_STEP][PASSED] - verifyMatch("970906", "970906", false): Actual text '970906' and expected text '970906' are matched 

10-12-2024T02:19:35 - [MESSAGE][PASSED] - Actual text '970906' and expected text '970906' are matched 

10-12-2024T02:19:35 - [TEST_STEP][PASSED] - delay(5): Delayed 5 second(s)

10-12-2024T02:19:40 - [MESSAGE][PASSED] - Delayed 5 second(s)

10-12-2024T02:19:40 - [TEST_STEP][PASSED] - closeBrowser(): Browser is closed

10-12-2024T02:19:44 - [MESSAGE][PASSED] - Browser is closed]]></system-out>
         <system-err><![CDATA[]]></system-err>
      </testcase>
      <system-out><![CDATA[10-12-2024T02:13:13 - [TEST_SUITE][PASSED] - Scope Test: Test Cases/Scope Test/TC 005 Validasi data yang dihapus]]></system-out>
      <system-err><![CDATA[]]></system-err>
   </testsuite>
</testsuites>
