<?xml version="1.0" encoding="UTF-8"?>
<testsuites name="automationTest" time="22.654" tests="1" failures="0" errors="0">
   <testsuite name="automationTest" tests="1" failures="0" errors="0" time="22.654" skipped="0" timestamp="04-12-2024T20:19:29" hostname="rafki - Tester" id="Test Suites/automationTest">
      <properties>
         <property name="deviceName" value=""/>
         <property name="devicePlatform"/>
         <property name="logFolder" value="C:\\Users\\rafki\\git\\automationTest\\Reports\\20241204_201916\\automationTest\\20241204_201916"/>
         <property name="logFiles" value="C:\\Users\\rafki\\git\\automationTest\\Reports\\20241204_201916\\automationTest\\20241204_201916\\execution0.log"/>
         <property name="attachments" value=""/>
         <property name="hostName" value="rafki - Tester"/>
         <property name="os" value="Windows 11 64bit"/>
         <property name="katalonVersion" value="10.0.0.223"/>
         <property name="browser" value="Chrome 131.0.0.0"/>
         <property name="hostAddress" value="192.168.43.169"/>
         <property name="sessionId" value="cf5ccffbe39308b50374b977861804e3"/>
         <property name="seleniumVersion" value="4.22.0"/>
         <property name="proxyInformation" value="ProxyInformation { proxyOption=NO_PROXY, proxyServerType=HTTP, username=, password=********, proxyServerAddress=, proxyServerPort=0, executionList=&quot;&quot;, isApplyToDesiredCapabilities=true }"/>
         <property name="platform" value="Windows 11"/>
      </properties>
      <testcase name="Test Cases/pageLogin" time="22.01" classname="Test Cases/pageLogin" status="PASSED">
         <system-out><![CDATA[04-12-2024T20:19:29 - [TEST_CASE][PASSED] - Test Cases/pageLogin: Test Cases/pageLogin

04-12-2024T20:19:30 - [TEST_STEP][PASSED] - openBrowser("https://opensource-demo.orangehrmlive.com/web/index.php/"): Browser is opened with url: 'https://opensource-demo.orangehrmlive.com/web/index.php/'

04-12-2024T20:19:31 - [MESSAGE][INFO] - Starting 'Chrome' driver

04-12-2024T20:19:31 - [MESSAGE][INFO] - Action delay is set to 0 milliseconds

04-12-2024T20:19:44 - [MESSAGE][PASSED] - Browser is opened with url: 'https://opensource-demo.orangehrmlive.com/web/index.php/'

04-12-2024T20:19:44 - [TEST_STEP][PASSED] - maximizeWindow(): Current window maximized

04-12-2024T20:19:45 - [MESSAGE][PASSED] - Current window maximized

04-12-2024T20:19:45 - [TEST_STEP][PASSED] - verifyElementPresent(findTestObject("textLogin"), 0): Object 'Object Repository/textLogin' is present

04-12-2024T20:19:45 - [MESSAGE][WARNING] - Timeout '0' is invalid. Using default page load timeout: '30'

04-12-2024T20:19:48 - [MESSAGE][PASSED] - Object 'Object Repository/textLogin' is present

04-12-2024T20:19:48 - [TEST_STEP][PASSED] - delay(2): Delayed 2 second(s)

04-12-2024T20:19:50 - [MESSAGE][PASSED] - Delayed 2 second(s)

04-12-2024T20:19:50 - [TEST_STEP][PASSED] - closeBrowser(): Browser is closed

04-12-2024T20:19:51 - [MESSAGE][PASSED] - Browser is closed]]></system-out>
         <system-err><![CDATA[]]></system-err>
      </testcase>
      <system-out><![CDATA[04-12-2024T20:19:29 - [TEST_SUITE][PASSED] - automationTest: Test Cases/pageLogin]]></system-out>
      <system-err><![CDATA[]]></system-err>
   </testsuite>
</testsuites>
