<?xml version="1.0" encoding="UTF-8"?>
<testsuites name="Scope Test" time="386.291" tests="6" failures="0" errors="0">
   <testsuite name="Scope Test" tests="6" failures="0" errors="0" time="386.291" skipped="0" timestamp="10-12-2024T02:46:33" hostname="TESTER$ - Tester" id="Test Suites/Scope Test">
      <properties>
         <property name="deviceName" value=""/>
         <property name="devicePlatform"/>
         <property name="logFolder" value="C:\\Users\\rafki\\git\\automationTesting\\Reports\\20241210_024452\\Scope Test\\20241210_024505"/>
         <property name="logFiles" value="C:\\Users\\rafki\\git\\automationTesting\\Reports\\20241210_024452\\Scope Test\\20241210_024505\\execution0.log"/>
         <property name="attachments" value=""/>
         <property name="hostName" value="TESTER$ - Tester"/>
         <property name="os" value="Windows 11 64bit"/>
         <property name="katalonVersion" value="10.0.1.223"/>
         <property name="browser" value="Chrome 131.0.0.0"/>
         <property name="hostAddress" value="192.168.0.46"/>
         <property name="sessionId" value="3882163f3cd29c11d6a8a8648c30bcdc"/>
         <property name="seleniumVersion" value="4.22.0"/>
         <property name="proxyInformation" value="ProxyInformation { proxyOption=NO_PROXY, proxyServerType=HTTP, username=, password=********, proxyServerAddress=, proxyServerPort=0, executionList=&quot;&quot;, isApplyToDesiredCapabilities=true }"/>
         <property name="platform" value="Windows 11"/>
      </properties>
      <testcase name="Test Cases/Scope Test/TC 001 Login berhasil" time="179.465" classname="Test Cases/Scope Test/TC 001 Login berhasil" status="PASSED">
         <system-out><![CDATA[10-12-2024T02:46:37 - [TEST_CASE][PASSED] - Test Cases/Scope Test/TC 001 Login berhasil: Test Cases/Scope Test/TC 001 Login berhasil

10-12-2024T02:46:44 - [TEST_STEP][PASSED] - callTestCase(findTestCase("TC - OW 001/TC 001 Link website benar"), [:], STOP_ON_FAILURE): Call Test Case 'Test Cases/TC - OW 001/TC 001 Link website benar' successfully

10-12-2024T02:46:47 - [TEST_CASE][PASSED] - Test Cases/TC - OW 001/TC 001 Link website benar: Test Cases/TC - OW 001/TC 001 Link website benar

10-12-2024T02:46:48 - [TEST_STEP][PASSED] - openBrowser("https://opensource-demo.orangehrmlive.com/web/index.php/"): Browser is opened with url: 'https://opensource-demo.orangehrmlive.com/web/index.php/'

10-12-2024T02:46:51 - [MESSAGE][INFO] - Starting 'Chrome' driver

10-12-2024T02:46:52 - [MESSAGE][INFO] - Action delay is set to 0 milliseconds

10-12-2024T02:49:01 - [MESSAGE][PASSED] - Browser is opened with url: 'https://opensource-demo.orangehrmlive.com/web/index.php/'

10-12-2024T02:49:02 - [TEST_STEP][PASSED] - maximizeWindow(): Current window maximized

10-12-2024T02:49:09 - [MESSAGE][PASSED] - Current window maximized

10-12-2024T02:49:09 - [TEST_STEP][PASSED] - verifyElementPresent(findTestObject("Login/textLogin"), 0): Object 'Object Repository/Login/textLogin' is present

10-12-2024T02:49:23 - [MESSAGE][WARNING] - Timeout '0' is invalid. Using default page load timeout: '30'

10-12-2024T02:49:24 - [MESSAGE][PASSED] - Object 'Object Repository/Login/textLogin' is present

10-12-2024T02:49:24 - [MESSAGE][PASSED] - Call Test Case 'Test Cases/TC - OW 001/TC 001 Link website benar' successfully

10-12-2024T02:49:24 - [TEST_STEP][PASSED] - click(findTestObject("Login/inputUsername")): Object: 'Object Repository/Login/inputUsername' is clicked on

10-12-2024T02:49:27 - [MESSAGE][PASSED] - Object: 'Object Repository/Login/inputUsername' is clicked on

10-12-2024T02:49:27 - [TEST_STEP][PASSED] - setText(findTestObject("Login/inputUsername"), "admin"): Text 'admin' is set on object 'Object Repository/Login/inputUsername'

10-12-2024T02:49:29 - [MESSAGE][PASSED] - Text 'admin' is set on object 'Object Repository/Login/inputUsername'

10-12-2024T02:49:29 - [TEST_STEP][PASSED] - click(findTestObject("Login/inputPaasword")): Object: 'Object Repository/Login/inputPaasword' is clicked on

10-12-2024T02:49:30 - [MESSAGE][PASSED] - Object: 'Object Repository/Login/inputPaasword' is clicked on

10-12-2024T02:49:30 - [TEST_STEP][PASSED] - setText(findTestObject("Login/inputPaasword"), "admin123"): Text 'admin123' is set on object 'Object Repository/Login/inputPaasword'

10-12-2024T02:49:31 - [MESSAGE][PASSED] - Text 'admin123' is set on object 'Object Repository/Login/inputPaasword'

10-12-2024T02:49:31 - [TEST_STEP][PASSED] - click(findTestObject("Login/buttonLogin")): Object: 'Object Repository/Login/buttonLogin' is clicked on

10-12-2024T02:49:34 - [MESSAGE][PASSED] - Object: 'Object Repository/Login/buttonLogin' is clicked on

10-12-2024T02:49:34 - [TEST_STEP][PASSED] - verifyElementPresent(findTestObject("Dashboard/textDashboard"), 0): Object 'Object Repository/Dashboard/textDashboard' is present

10-12-2024T02:49:34 - [MESSAGE][WARNING] - Timeout '0' is invalid. Using default page load timeout: '30'

10-12-2024T02:49:37 - [MESSAGE][PASSED] - Object 'Object Repository/Dashboard/textDashboard' is present]]></system-out>
         <system-err><![CDATA[]]></system-err>
      </testcase>
      <testcase name="Test Cases/Scope Test/TC 001 Membuka fitur PIM" time="42.181" classname="Test Cases/Scope Test/TC 001 Membuka fitur PIM" status="PASSED">
         <system-out><![CDATA[10-12-2024T02:49:37 - [TEST_CASE][PASSED] - Test Cases/Scope Test/TC 001 Membuka fitur PIM: Test Cases/Scope Test/TC 001 Membuka fitur PIM

10-12-2024T02:49:38 - [TEST_STEP][PASSED] - callTestCase(findTestCase("TC - LW 002/TC 001 Login berhasil"), [:], STOP_ON_FAILURE): Call Test Case 'Test Cases/TC - LW 002/TC 001 Login berhasil' successfully

10-12-2024T02:49:40 - [TEST_CASE][PASSED] - Test Cases/TC - LW 002/TC 001 Login berhasil: Test Cases/TC - LW 002/TC 001 Login berhasil

10-12-2024T02:49:40 - [TEST_STEP][PASSED] - callTestCase(findTestCase("TC - OW 001/TC 001 Link website benar"), [:], STOP_ON_FAILURE): Call Test Case 'Test Cases/TC - OW 001/TC 001 Link website benar' successfully

10-12-2024T02:49:40 - [TEST_CASE][PASSED] - Test Cases/TC - OW 001/TC 001 Link website benar: Test Cases/TC - OW 001/TC 001 Link website benar

10-12-2024T02:49:41 - [TEST_STEP][PASSED] - openBrowser("https://opensource-demo.orangehrmlive.com/web/index.php/"): Browser is opened with url: 'https://opensource-demo.orangehrmlive.com/web/index.php/'

10-12-2024T02:49:41 - [MESSAGE][WARNING] - A browser is already opened. Closing browser and opening a new one

10-12-2024T02:49:46 - [MESSAGE][INFO] - Starting 'Chrome' driver

10-12-2024T02:49:46 - [MESSAGE][INFO] - Action delay is set to 0 milliseconds

10-12-2024T02:50:01 - [MESSAGE][PASSED] - Browser is opened with url: 'https://opensource-demo.orangehrmlive.com/web/index.php/'

10-12-2024T02:50:01 - [TEST_STEP][PASSED] - maximizeWindow(): Current window maximized

10-12-2024T02:50:02 - [MESSAGE][PASSED] - Current window maximized

10-12-2024T02:50:02 - [TEST_STEP][PASSED] - verifyElementPresent(findTestObject("Login/textLogin"), 0): Object 'Object Repository/Login/textLogin' is present

10-12-2024T02:50:03 - [MESSAGE][WARNING] - Timeout '0' is invalid. Using default page load timeout: '30'

10-12-2024T02:50:05 - [MESSAGE][PASSED] - Object 'Object Repository/Login/textLogin' is present

10-12-2024T02:50:05 - [MESSAGE][PASSED] - Call Test Case 'Test Cases/TC - OW 001/TC 001 Link website benar' successfully

10-12-2024T02:50:05 - [TEST_STEP][PASSED] - click(findTestObject("Login/inputUsername")): Object: 'Object Repository/Login/inputUsername' is clicked on

10-12-2024T02:50:05 - [MESSAGE][PASSED] - Object: 'Object Repository/Login/inputUsername' is clicked on

10-12-2024T02:50:05 - [TEST_STEP][PASSED] - setText(findTestObject("Login/inputUsername"), "admin"): Text 'admin' is set on object 'Object Repository/Login/inputUsername'

10-12-2024T02:50:07 - [MESSAGE][PASSED] - Text 'admin' is set on object 'Object Repository/Login/inputUsername'

10-12-2024T02:50:07 - [TEST_STEP][PASSED] - click(findTestObject("Login/inputPaasword")): Object: 'Object Repository/Login/inputPaasword' is clicked on

10-12-2024T02:50:08 - [MESSAGE][PASSED] - Object: 'Object Repository/Login/inputPaasword' is clicked on

10-12-2024T02:50:08 - [TEST_STEP][PASSED] - setText(findTestObject("Login/inputPaasword"), "admin123"): Text 'admin123' is set on object 'Object Repository/Login/inputPaasword'

10-12-2024T02:50:09 - [MESSAGE][PASSED] - Text 'admin123' is set on object 'Object Repository/Login/inputPaasword'

10-12-2024T02:50:09 - [TEST_STEP][PASSED] - click(findTestObject("Login/buttonLogin")): Object: 'Object Repository/Login/buttonLogin' is clicked on

10-12-2024T02:50:10 - [MESSAGE][PASSED] - Object: 'Object Repository/Login/buttonLogin' is clicked on

10-12-2024T02:50:10 - [TEST_STEP][PASSED] - verifyElementPresent(findTestObject("Dashboard/textDashboard"), 0): Object 'Object Repository/Dashboard/textDashboard' is present

10-12-2024T02:50:10 - [MESSAGE][WARNING] - Timeout '0' is invalid. Using default page load timeout: '30'

10-12-2024T02:50:14 - [MESSAGE][PASSED] - Object 'Object Repository/Dashboard/textDashboard' is present

10-12-2024T02:50:14 - [MESSAGE][PASSED] - Call Test Case 'Test Cases/TC - LW 002/TC 001 Login berhasil' successfully

10-12-2024T02:50:14 - [TEST_STEP][PASSED] - click(findTestObject("PIM/buttonMenupim")): Object: 'Object Repository/PIM/buttonMenupim' is clicked on

10-12-2024T02:50:16 - [MESSAGE][PASSED] - Object: 'Object Repository/PIM/buttonMenupim' is clicked on

10-12-2024T02:50:16 - [TEST_STEP][PASSED] - verifyElementPresent(findTestObject("Dashboard/textDashboard"), 0): Object 'Object Repository/Dashboard/textDashboard' is present

10-12-2024T02:50:16 - [MESSAGE][WARNING] - Timeout '0' is invalid. Using default page load timeout: '30'

10-12-2024T02:50:19 - [MESSAGE][PASSED] - Object 'Object Repository/Dashboard/textDashboard' is present]]></system-out>
         <system-err><![CDATA[]]></system-err>
      </testcase>
      <testcase name="Test Cases/Scope Test/TC 002 Buat data karyawan" time="48.562" classname="Test Cases/Scope Test/TC 002 Buat data karyawan" status="PASSED">
         <system-out><![CDATA[10-12-2024T02:50:19 - [TEST_CASE][PASSED] - Test Cases/Scope Test/TC 002 Buat data karyawan: Test Cases/Scope Test/TC 002 Buat data karyawan

10-12-2024T02:50:22 - [TEST_STEP][PASSED] - callTestCase(findTestCase("TC - LW 002/TC 001 Login berhasil"), [:], STOP_ON_FAILURE): Call Test Case 'Test Cases/TC - LW 002/TC 001 Login berhasil' successfully

10-12-2024T02:50:22 - [TEST_CASE][PASSED] - Test Cases/TC - LW 002/TC 001 Login berhasil: Test Cases/TC - LW 002/TC 001 Login berhasil

10-12-2024T02:50:22 - [TEST_STEP][PASSED] - callTestCase(findTestCase("TC - OW 001/TC 001 Link website benar"), [:], STOP_ON_FAILURE): Call Test Case 'Test Cases/TC - OW 001/TC 001 Link website benar' successfully

10-12-2024T02:50:22 - [TEST_CASE][PASSED] - Test Cases/TC - OW 001/TC 001 Link website benar: Test Cases/TC - OW 001/TC 001 Link website benar

10-12-2024T02:50:22 - [TEST_STEP][PASSED] - openBrowser("https://opensource-demo.orangehrmlive.com/web/index.php/"): Browser is opened with url: 'https://opensource-demo.orangehrmlive.com/web/index.php/'

10-12-2024T02:50:22 - [MESSAGE][WARNING] - A browser is already opened. Closing browser and opening a new one

10-12-2024T02:50:24 - [MESSAGE][INFO] - Starting 'Chrome' driver

10-12-2024T02:50:24 - [MESSAGE][INFO] - Action delay is set to 0 milliseconds

10-12-2024T02:50:35 - [MESSAGE][PASSED] - Browser is opened with url: 'https://opensource-demo.orangehrmlive.com/web/index.php/'

10-12-2024T02:50:35 - [TEST_STEP][PASSED] - maximizeWindow(): Current window maximized

10-12-2024T02:50:35 - [MESSAGE][PASSED] - Current window maximized

10-12-2024T02:50:35 - [TEST_STEP][PASSED] - verifyElementPresent(findTestObject("Login/textLogin"), 0): Object 'Object Repository/Login/textLogin' is present

10-12-2024T02:50:35 - [MESSAGE][WARNING] - Timeout '0' is invalid. Using default page load timeout: '30'

10-12-2024T02:50:36 - [MESSAGE][PASSED] - Object 'Object Repository/Login/textLogin' is present

10-12-2024T02:50:36 - [MESSAGE][PASSED] - Call Test Case 'Test Cases/TC - OW 001/TC 001 Link website benar' successfully

10-12-2024T02:50:36 - [TEST_STEP][PASSED] - click(findTestObject("Login/inputUsername")): Object: 'Object Repository/Login/inputUsername' is clicked on

10-12-2024T02:50:37 - [MESSAGE][PASSED] - Object: 'Object Repository/Login/inputUsername' is clicked on

10-12-2024T02:50:37 - [TEST_STEP][PASSED] - setText(findTestObject("Login/inputUsername"), "admin"): Text 'admin' is set on object 'Object Repository/Login/inputUsername'

10-12-2024T02:50:38 - [MESSAGE][PASSED] - Text 'admin' is set on object 'Object Repository/Login/inputUsername'

10-12-2024T02:50:38 - [TEST_STEP][PASSED] - click(findTestObject("Login/inputPaasword")): Object: 'Object Repository/Login/inputPaasword' is clicked on

10-12-2024T02:50:38 - [MESSAGE][PASSED] - Object: 'Object Repository/Login/inputPaasword' is clicked on

10-12-2024T02:50:38 - [TEST_STEP][PASSED] - setText(findTestObject("Login/inputPaasword"), "admin123"): Text 'admin123' is set on object 'Object Repository/Login/inputPaasword'

10-12-2024T02:50:40 - [MESSAGE][PASSED] - Text 'admin123' is set on object 'Object Repository/Login/inputPaasword'

10-12-2024T02:50:40 - [TEST_STEP][PASSED] - click(findTestObject("Login/buttonLogin")): Object: 'Object Repository/Login/buttonLogin' is clicked on

10-12-2024T02:50:42 - [MESSAGE][PASSED] - Object: 'Object Repository/Login/buttonLogin' is clicked on

10-12-2024T02:50:42 - [TEST_STEP][PASSED] - verifyElementPresent(findTestObject("Dashboard/textDashboard"), 0): Object 'Object Repository/Dashboard/textDashboard' is present

10-12-2024T02:50:42 - [MESSAGE][WARNING] - Timeout '0' is invalid. Using default page load timeout: '30'

10-12-2024T02:50:46 - [MESSAGE][PASSED] - Object 'Object Repository/Dashboard/textDashboard' is present

10-12-2024T02:50:46 - [MESSAGE][PASSED] - Call Test Case 'Test Cases/TC - LW 002/TC 001 Login berhasil' successfully

10-12-2024T02:50:46 - [TEST_STEP][PASSED] - click(findTestObject("PIM/buttonMenupim")): Object: 'Object Repository/PIM/buttonMenupim' is clicked on

10-12-2024T02:50:47 - [MESSAGE][PASSED] - Object: 'Object Repository/PIM/buttonMenupim' is clicked on

10-12-2024T02:50:47 - [TEST_STEP][PASSED] - verifyElementPresent(findTestObject("Dashboard/textDashboard"), 0): Object 'Object Repository/Dashboard/textDashboard' is present

10-12-2024T02:50:47 - [MESSAGE][WARNING] - Timeout '0' is invalid. Using default page load timeout: '30'

10-12-2024T02:50:49 - [MESSAGE][PASSED] - Object 'Object Repository/Dashboard/textDashboard' is present

10-12-2024T02:50:49 - [TEST_STEP][PASSED] - click(findTestObject("PIM/addButton")): Object: 'Object Repository/PIM/addButton' is clicked on

10-12-2024T02:50:50 - [MESSAGE][PASSED] - Object: 'Object Repository/PIM/addButton' is clicked on

10-12-2024T02:50:50 - [TEST_STEP][PASSED] - click(findTestObject("PIM/inputFirstname")): Object: 'Object Repository/PIM/inputFirstname' is clicked on

10-12-2024T02:50:53 - [MESSAGE][PASSED] - Object: 'Object Repository/PIM/inputFirstname' is clicked on

10-12-2024T02:50:53 - [TEST_STEP][PASSED] - setText(findTestObject("PIM/inputFirstname"), "Rafki"): Text 'Rafki' is set on object 'Object Repository/PIM/inputFirstname'

10-12-2024T02:50:55 - [MESSAGE][PASSED] - Text 'Rafki' is set on object 'Object Repository/PIM/inputFirstname'

10-12-2024T02:50:55 - [TEST_STEP][PASSED] - click(findTestObject("PIM/inputMiddlename")): Object: 'Object Repository/PIM/inputMiddlename' is clicked on

10-12-2024T02:50:55 - [MESSAGE][PASSED] - Object: 'Object Repository/PIM/inputMiddlename' is clicked on

10-12-2024T02:50:55 - [TEST_STEP][PASSED] - setText(findTestObject("PIM/inputMiddlename"), "Mustafa"): Text 'Mustafa' is set on object 'Object Repository/PIM/inputMiddlename'

10-12-2024T02:50:56 - [MESSAGE][PASSED] - Text 'Mustafa' is set on object 'Object Repository/PIM/inputMiddlename'

10-12-2024T02:50:56 - [TEST_STEP][PASSED] - click(findTestObject("PIM/inputLastname")): Object: 'Object Repository/PIM/inputLastname' is clicked on

10-12-2024T02:50:57 - [MESSAGE][PASSED] - Object: 'Object Repository/PIM/inputLastname' is clicked on

10-12-2024T02:50:57 - [TEST_STEP][PASSED] - setText(findTestObject("PIM/inputLastname"), "Abdullah Kafi"): Text 'Abdullah Kafi' is set on object 'Object Repository/PIM/inputLastname'

10-12-2024T02:50:59 - [MESSAGE][PASSED] - Text 'Abdullah Kafi' is set on object 'Object Repository/PIM/inputLastname'

10-12-2024T02:50:59 - [TEST_STEP][PASSED] - click(findTestObject("PIM/inputEmployeeid")): Object: 'Object Repository/PIM/inputEmployeeid' is clicked on

10-12-2024T02:51:01 - [MESSAGE][PASSED] - Object: 'Object Repository/PIM/inputEmployeeid' is clicked on

10-12-2024T02:51:01 - [TEST_STEP][PASSED] - sendKeys(findTestObject("PIM/inputEmployeeid"), Keys.chord(CONTROL, "a", DELETE)): Keys 'CONTROL + DELETE + a' sent to object: 'Object Repository/PIM/inputEmployeeid'

10-12-2024T02:51:02 - [MESSAGE][PASSED] - Keys 'CONTROL + DELETE + a' sent to object: 'Object Repository/PIM/inputEmployeeid'

10-12-2024T02:51:02 - [TEST_STEP][PASSED] - setText(findTestObject("PIM/inputEmployeeid"), "060997"): Text '060997' is set on object 'Object Repository/PIM/inputEmployeeid'

10-12-2024T02:51:03 - [MESSAGE][PASSED] - Text '060997' is set on object 'Object Repository/PIM/inputEmployeeid'

10-12-2024T02:51:03 - [TEST_STEP][PASSED] - click(findTestObject("PIM/buttonSave")): Object: 'Object Repository/PIM/buttonSave' is clicked on

10-12-2024T02:51:04 - [MESSAGE][PASSED] - Object: 'Object Repository/PIM/buttonSave' is clicked on

10-12-2024T02:51:04 - [TEST_STEP][PASSED] - delay(3): Delayed 3 second(s)

10-12-2024T02:51:07 - [MESSAGE][PASSED] - Delayed 3 second(s)

10-12-2024T02:51:07 - [TEST_STEP][PASSED] - closeBrowser(): Browser is closed

10-12-2024T02:51:08 - [MESSAGE][PASSED] - Browser is closed]]></system-out>
         <system-err><![CDATA[]]></system-err>
      </testcase>
      <testcase name="Test Cases/Scope Test/TC 004 Mengubah Employee id karyawan" time="44.663" classname="Test Cases/Scope Test/TC 004 Mengubah Employee id karyawan" status="PASSED">
         <system-out><![CDATA[10-12-2024T02:51:08 - [TEST_CASE][PASSED] - Test Cases/Scope Test/TC 004 Mengubah Employee id karyawan: Test Cases/Scope Test/TC 004 Mengubah Employee id karyawan

10-12-2024T02:51:08 - [TEST_STEP][PASSED] - callTestCase(findTestCase("TC - TK 004/TC 001 Membuka fitur PIM"), [:], STOP_ON_FAILURE): Call Test Case 'Test Cases/TC - TK 004/TC 001 Membuka fitur PIM' successfully

10-12-2024T02:51:08 - [TEST_CASE][PASSED] - Test Cases/TC - TK 004/TC 001 Membuka fitur PIM: Test Cases/TC - TK 004/TC 001 Membuka fitur PIM

10-12-2024T02:51:08 - [TEST_STEP][PASSED] - callTestCase(findTestCase("TC - LW 002/TC 001 Login berhasil"), [:], STOP_ON_FAILURE): Call Test Case 'Test Cases/TC - LW 002/TC 001 Login berhasil' successfully

10-12-2024T02:51:08 - [TEST_CASE][PASSED] - Test Cases/TC - LW 002/TC 001 Login berhasil: Test Cases/TC - LW 002/TC 001 Login berhasil

10-12-2024T02:51:08 - [TEST_STEP][PASSED] - callTestCase(findTestCase("TC - OW 001/TC 001 Link website benar"), [:], STOP_ON_FAILURE): Call Test Case 'Test Cases/TC - OW 001/TC 001 Link website benar' successfully

10-12-2024T02:51:08 - [TEST_CASE][PASSED] - Test Cases/TC - OW 001/TC 001 Link website benar: Test Cases/TC - OW 001/TC 001 Link website benar

10-12-2024T02:51:08 - [TEST_STEP][PASSED] - openBrowser("https://opensource-demo.orangehrmlive.com/web/index.php/"): Browser is opened with url: 'https://opensource-demo.orangehrmlive.com/web/index.php/'

10-12-2024T02:51:08 - [MESSAGE][INFO] - Starting 'Chrome' driver

10-12-2024T02:51:08 - [MESSAGE][INFO] - Action delay is set to 0 milliseconds

10-12-2024T02:51:18 - [MESSAGE][PASSED] - Browser is opened with url: 'https://opensource-demo.orangehrmlive.com/web/index.php/'

10-12-2024T02:51:18 - [TEST_STEP][PASSED] - maximizeWindow(): Current window maximized

10-12-2024T02:51:18 - [MESSAGE][PASSED] - Current window maximized

10-12-2024T02:51:18 - [TEST_STEP][PASSED] - verifyElementPresent(findTestObject("Login/textLogin"), 0): Object 'Object Repository/Login/textLogin' is present

10-12-2024T02:51:18 - [MESSAGE][WARNING] - Timeout '0' is invalid. Using default page load timeout: '30'

10-12-2024T02:51:20 - [MESSAGE][PASSED] - Object 'Object Repository/Login/textLogin' is present

10-12-2024T02:51:20 - [MESSAGE][PASSED] - Call Test Case 'Test Cases/TC - OW 001/TC 001 Link website benar' successfully

10-12-2024T02:51:20 - [TEST_STEP][PASSED] - click(findTestObject("Login/inputUsername")): Object: 'Object Repository/Login/inputUsername' is clicked on

10-12-2024T02:51:20 - [MESSAGE][PASSED] - Object: 'Object Repository/Login/inputUsername' is clicked on

10-12-2024T02:51:20 - [TEST_STEP][PASSED] - setText(findTestObject("Login/inputUsername"), "admin"): Text 'admin' is set on object 'Object Repository/Login/inputUsername'

10-12-2024T02:51:21 - [MESSAGE][PASSED] - Text 'admin' is set on object 'Object Repository/Login/inputUsername'

10-12-2024T02:51:21 - [TEST_STEP][PASSED] - click(findTestObject("Login/inputPaasword")): Object: 'Object Repository/Login/inputPaasword' is clicked on

10-12-2024T02:51:21 - [MESSAGE][PASSED] - Object: 'Object Repository/Login/inputPaasword' is clicked on

10-12-2024T02:51:21 - [TEST_STEP][PASSED] - setText(findTestObject("Login/inputPaasword"), "admin123"): Text 'admin123' is set on object 'Object Repository/Login/inputPaasword'

10-12-2024T02:51:23 - [MESSAGE][PASSED] - Text 'admin123' is set on object 'Object Repository/Login/inputPaasword'

10-12-2024T02:51:23 - [TEST_STEP][PASSED] - click(findTestObject("Login/buttonLogin")): Object: 'Object Repository/Login/buttonLogin' is clicked on

10-12-2024T02:51:24 - [MESSAGE][PASSED] - Object: 'Object Repository/Login/buttonLogin' is clicked on

10-12-2024T02:51:24 - [TEST_STEP][PASSED] - verifyElementPresent(findTestObject("Dashboard/textDashboard"), 0): Object 'Object Repository/Dashboard/textDashboard' is present

10-12-2024T02:51:24 - [MESSAGE][WARNING] - Timeout '0' is invalid. Using default page load timeout: '30'

10-12-2024T02:51:28 - [MESSAGE][PASSED] - Object 'Object Repository/Dashboard/textDashboard' is present

10-12-2024T02:51:28 - [MESSAGE][PASSED] - Call Test Case 'Test Cases/TC - LW 002/TC 001 Login berhasil' successfully

10-12-2024T02:51:28 - [TEST_STEP][PASSED] - click(findTestObject("PIM/buttonMenupim")): Object: 'Object Repository/PIM/buttonMenupim' is clicked on

10-12-2024T02:51:30 - [MESSAGE][PASSED] - Object: 'Object Repository/PIM/buttonMenupim' is clicked on

10-12-2024T02:51:30 - [TEST_STEP][PASSED] - verifyElementPresent(findTestObject("Dashboard/textDashboard"), 0): Object 'Object Repository/Dashboard/textDashboard' is present

10-12-2024T02:51:30 - [MESSAGE][WARNING] - Timeout '0' is invalid. Using default page load timeout: '30'

10-12-2024T02:51:33 - [MESSAGE][PASSED] - Object 'Object Repository/Dashboard/textDashboard' is present

10-12-2024T02:51:33 - [MESSAGE][PASSED] - Call Test Case 'Test Cases/TC - TK 004/TC 001 Membuka fitur PIM' successfully

10-12-2024T02:51:33 - [TEST_STEP][PASSED] - click(findTestObject("Search Employee/inputUsername")): Object: 'Object Repository/Search Employee/inputUsername' is clicked on

10-12-2024T02:51:34 - [MESSAGE][PASSED] - Object: 'Object Repository/Search Employee/inputUsername' is clicked on

10-12-2024T02:51:34 - [TEST_STEP][PASSED] - click(findTestObject("Search Employee/inputEmployeeid")): Object: 'Object Repository/Search Employee/inputEmployeeid' is clicked on

10-12-2024T02:51:35 - [MESSAGE][PASSED] - Object: 'Object Repository/Search Employee/inputEmployeeid' is clicked on

10-12-2024T02:51:35 - [TEST_STEP][PASSED] - setText(findTestObject("Search Employee/inputEmployeeid"), "060997"): Text '060997' is set on object 'Object Repository/Search Employee/inputEmployeeid'

10-12-2024T02:51:36 - [MESSAGE][PASSED] - Text '060997' is set on object 'Object Repository/Search Employee/inputEmployeeid'

10-12-2024T02:51:36 - [TEST_STEP][PASSED] - click(findTestObject("Search Employee/buttonSearch")): Object: 'Object Repository/Search Employee/buttonSearch' is clicked on

10-12-2024T02:51:36 - [MESSAGE][PASSED] - Object: 'Object Repository/Search Employee/buttonSearch' is clicked on

10-12-2024T02:51:36 - [TEST_STEP][PASSED] - focus(findTestObject("Search Employee/tableEmployee")): Object: 'Object Repository/Search Employee/tableEmployee' is focused

10-12-2024T02:51:38 - [MESSAGE][PASSED] - Object: 'Object Repository/Search Employee/tableEmployee' is focused

10-12-2024T02:51:38 - [TEST_STEP][PASSED] - getText(findTestObject("Search Employee/inputEmployeeid")): Text of object 'Object Repository/Search Employee/inputEmployeeid' is: ''

10-12-2024T02:51:38 - [MESSAGE][PASSED] - Text of object 'Object Repository/Search Employee/inputEmployeeid' is: ''

10-12-2024T02:51:38 - [TEST_STEP][PASSED] - verifyMatch("060997", "060997", false): Actual text '060997' and expected text '060997' are matched 

10-12-2024T02:51:38 - [MESSAGE][PASSED] - Actual text '060997' and expected text '060997' are matched 

10-12-2024T02:51:38 - [TEST_STEP][PASSED] - delay(2): Delayed 2 second(s)

10-12-2024T02:51:40 - [MESSAGE][PASSED] - Delayed 2 second(s)

10-12-2024T02:51:40 - [TEST_STEP][PASSED] - click(findTestObject("Edit Employee/buttonEditemployee")): Object: 'Object Repository/Edit Employee/buttonEditemployee' is clicked on

10-12-2024T02:51:41 - [MESSAGE][PASSED] - Object: 'Object Repository/Edit Employee/buttonEditemployee' is clicked on

10-12-2024T02:51:41 - [TEST_STEP][PASSED] - click(findTestObject("Edit Employee/inputEmployeeid")): Object: 'Object Repository/Edit Employee/inputEmployeeid' is clicked on

10-12-2024T02:51:46 - [MESSAGE][PASSED] - Object: 'Object Repository/Edit Employee/inputEmployeeid' is clicked on

10-12-2024T02:51:46 - [TEST_STEP][PASSED] - sendKeys(findTestObject("Edit Employee/inputEmployeeid"), Keys.chord(CONTROL, "a", DELETE)): Keys 'CONTROL + DELETE + a' sent to object: 'Object Repository/Edit Employee/inputEmployeeid'

10-12-2024T02:51:47 - [MESSAGE][PASSED] - Keys 'CONTROL + DELETE + a' sent to object: 'Object Repository/Edit Employee/inputEmployeeid'

10-12-2024T02:51:47 - [TEST_STEP][PASSED] - setText(findTestObject("Edit Employee/inputEmployeeid"), "970906"): Text '970906' is set on object 'Object Repository/Edit Employee/inputEmployeeid'

10-12-2024T02:51:48 - [MESSAGE][PASSED] - Text '970906' is set on object 'Object Repository/Edit Employee/inputEmployeeid'

10-12-2024T02:51:48 - [TEST_STEP][PASSED] - click(findTestObject("Edit Employee/buttonSave")): Object: 'Object Repository/Edit Employee/buttonSave' is clicked on

10-12-2024T02:51:48 - [MESSAGE][PASSED] - Object: 'Object Repository/Edit Employee/buttonSave' is clicked on

10-12-2024T02:51:48 - [TEST_STEP][PASSED] - verifyElementPresent(findTestObject("Edit Employee/toasSuccess"), 0): Object 'Object Repository/Edit Employee/toasSuccess' is present

10-12-2024T02:51:48 - [MESSAGE][WARNING] - Timeout '0' is invalid. Using default page load timeout: '30'

10-12-2024T02:51:49 - [MESSAGE][PASSED] - Object 'Object Repository/Edit Employee/toasSuccess' is present

10-12-2024T02:51:49 - [TEST_STEP][PASSED] - delay(3): Delayed 3 second(s)

10-12-2024T02:51:52 - [MESSAGE][PASSED] - Delayed 3 second(s)

10-12-2024T02:51:52 - [TEST_STEP][PASSED] - closeBrowser(): Browser is closed

10-12-2024T02:51:52 - [MESSAGE][PASSED] - Browser is closed]]></system-out>
         <system-err><![CDATA[]]></system-err>
      </testcase>
      <testcase name="Test Cases/Scope Test/TC 004 Tekan tombol Yes untuk hapus data" time="36.717" classname="Test Cases/Scope Test/TC 004 Tekan tombol Yes untuk hapus data" status="PASSED">
         <system-out><![CDATA[10-12-2024T02:51:52 - [TEST_CASE][PASSED] - Test Cases/Scope Test/TC 004 Tekan tombol Yes untuk hapus data: Test Cases/Scope Test/TC 004 Tekan tombol Yes untuk hapus data

10-12-2024T02:51:53 - [TEST_STEP][PASSED] - callTestCase(findTestCase("TC - TK 004/TC 001 Membuka fitur PIM"), [:], STOP_ON_FAILURE): Call Test Case 'Test Cases/TC - TK 004/TC 001 Membuka fitur PIM' successfully

10-12-2024T02:51:53 - [TEST_CASE][PASSED] - Test Cases/TC - TK 004/TC 001 Membuka fitur PIM: Test Cases/TC - TK 004/TC 001 Membuka fitur PIM

10-12-2024T02:51:53 - [TEST_STEP][PASSED] - callTestCase(findTestCase("TC - LW 002/TC 001 Login berhasil"), [:], STOP_ON_FAILURE): Call Test Case 'Test Cases/TC - LW 002/TC 001 Login berhasil' successfully

10-12-2024T02:51:53 - [TEST_CASE][PASSED] - Test Cases/TC - LW 002/TC 001 Login berhasil: Test Cases/TC - LW 002/TC 001 Login berhasil

10-12-2024T02:51:53 - [TEST_STEP][PASSED] - callTestCase(findTestCase("TC - OW 001/TC 001 Link website benar"), [:], STOP_ON_FAILURE): Call Test Case 'Test Cases/TC - OW 001/TC 001 Link website benar' successfully

10-12-2024T02:51:53 - [TEST_CASE][PASSED] - Test Cases/TC - OW 001/TC 001 Link website benar: Test Cases/TC - OW 001/TC 001 Link website benar

10-12-2024T02:51:53 - [TEST_STEP][PASSED] - openBrowser("https://opensource-demo.orangehrmlive.com/web/index.php/"): Browser is opened with url: 'https://opensource-demo.orangehrmlive.com/web/index.php/'

10-12-2024T02:51:53 - [MESSAGE][INFO] - Starting 'Chrome' driver

10-12-2024T02:51:53 - [MESSAGE][INFO] - Action delay is set to 0 milliseconds

10-12-2024T02:52:02 - [MESSAGE][PASSED] - Browser is opened with url: 'https://opensource-demo.orangehrmlive.com/web/index.php/'

10-12-2024T02:52:02 - [TEST_STEP][PASSED] - maximizeWindow(): Current window maximized

10-12-2024T02:52:02 - [MESSAGE][PASSED] - Current window maximized

10-12-2024T02:52:02 - [TEST_STEP][PASSED] - verifyElementPresent(findTestObject("Login/textLogin"), 0): Object 'Object Repository/Login/textLogin' is present

10-12-2024T02:52:02 - [MESSAGE][WARNING] - Timeout '0' is invalid. Using default page load timeout: '30'

10-12-2024T02:52:03 - [MESSAGE][PASSED] - Object 'Object Repository/Login/textLogin' is present

10-12-2024T02:52:03 - [MESSAGE][PASSED] - Call Test Case 'Test Cases/TC - OW 001/TC 001 Link website benar' successfully

10-12-2024T02:52:03 - [TEST_STEP][PASSED] - click(findTestObject("Login/inputUsername")): Object: 'Object Repository/Login/inputUsername' is clicked on

10-12-2024T02:52:03 - [MESSAGE][PASSED] - Object: 'Object Repository/Login/inputUsername' is clicked on

10-12-2024T02:52:03 - [TEST_STEP][PASSED] - setText(findTestObject("Login/inputUsername"), "admin"): Text 'admin' is set on object 'Object Repository/Login/inputUsername'

10-12-2024T02:52:04 - [MESSAGE][PASSED] - Text 'admin' is set on object 'Object Repository/Login/inputUsername'

10-12-2024T02:52:04 - [TEST_STEP][PASSED] - click(findTestObject("Login/inputPaasword")): Object: 'Object Repository/Login/inputPaasword' is clicked on

10-12-2024T02:52:05 - [MESSAGE][PASSED] - Object: 'Object Repository/Login/inputPaasword' is clicked on

10-12-2024T02:52:05 - [TEST_STEP][PASSED] - setText(findTestObject("Login/inputPaasword"), "admin123"): Text 'admin123' is set on object 'Object Repository/Login/inputPaasword'

10-12-2024T02:52:06 - [MESSAGE][PASSED] - Text 'admin123' is set on object 'Object Repository/Login/inputPaasword'

10-12-2024T02:52:06 - [TEST_STEP][PASSED] - click(findTestObject("Login/buttonLogin")): Object: 'Object Repository/Login/buttonLogin' is clicked on

10-12-2024T02:52:07 - [MESSAGE][PASSED] - Object: 'Object Repository/Login/buttonLogin' is clicked on

10-12-2024T02:52:07 - [TEST_STEP][PASSED] - verifyElementPresent(findTestObject("Dashboard/textDashboard"), 0): Object 'Object Repository/Dashboard/textDashboard' is present

10-12-2024T02:52:07 - [MESSAGE][WARNING] - Timeout '0' is invalid. Using default page load timeout: '30'

10-12-2024T02:52:10 - [MESSAGE][PASSED] - Object 'Object Repository/Dashboard/textDashboard' is present

10-12-2024T02:52:10 - [MESSAGE][PASSED] - Call Test Case 'Test Cases/TC - LW 002/TC 001 Login berhasil' successfully

10-12-2024T02:52:10 - [TEST_STEP][PASSED] - click(findTestObject("PIM/buttonMenupim")): Object: 'Object Repository/PIM/buttonMenupim' is clicked on

10-12-2024T02:52:15 - [MESSAGE][PASSED] - Object: 'Object Repository/PIM/buttonMenupim' is clicked on

10-12-2024T02:52:15 - [TEST_STEP][PASSED] - verifyElementPresent(findTestObject("Dashboard/textDashboard"), 0): Object 'Object Repository/Dashboard/textDashboard' is present

10-12-2024T02:52:15 - [MESSAGE][WARNING] - Timeout '0' is invalid. Using default page load timeout: '30'

10-12-2024T02:52:17 - [MESSAGE][PASSED] - Object 'Object Repository/Dashboard/textDashboard' is present

10-12-2024T02:52:17 - [MESSAGE][PASSED] - Call Test Case 'Test Cases/TC - TK 004/TC 001 Membuka fitur PIM' successfully

10-12-2024T02:52:17 - [TEST_STEP][PASSED] - click(findTestObject("Search Employee/inputUsername")): Object: 'Object Repository/Search Employee/inputUsername' is clicked on

10-12-2024T02:52:17 - [MESSAGE][PASSED] - Object: 'Object Repository/Search Employee/inputUsername' is clicked on

10-12-2024T02:52:17 - [TEST_STEP][PASSED] - click(findTestObject("Search Employee/inputEmployeeid")): Object: 'Object Repository/Search Employee/inputEmployeeid' is clicked on

10-12-2024T02:52:18 - [MESSAGE][PASSED] - Object: 'Object Repository/Search Employee/inputEmployeeid' is clicked on

10-12-2024T02:52:18 - [TEST_STEP][PASSED] - setText(findTestObject("Search Employee/inputEmployeeid"), "970906"): Text '970906' is set on object 'Object Repository/Search Employee/inputEmployeeid'

10-12-2024T02:52:19 - [MESSAGE][PASSED] - Text '970906' is set on object 'Object Repository/Search Employee/inputEmployeeid'

10-12-2024T02:52:19 - [TEST_STEP][PASSED] - click(findTestObject("Search Employee/buttonSearch")): Object: 'Object Repository/Search Employee/buttonSearch' is clicked on

10-12-2024T02:52:19 - [MESSAGE][PASSED] - Object: 'Object Repository/Search Employee/buttonSearch' is clicked on

10-12-2024T02:52:19 - [TEST_STEP][PASSED] - focus(findTestObject("Search Employee/tableEmployee")): Object: 'Object Repository/Search Employee/tableEmployee' is focused

10-12-2024T02:52:21 - [MESSAGE][PASSED] - Object: 'Object Repository/Search Employee/tableEmployee' is focused

10-12-2024T02:52:21 - [TEST_STEP][PASSED] - getText(findTestObject("Search Employee/inputEmployeeid")): Text of object 'Object Repository/Search Employee/inputEmployeeid' is: ''

10-12-2024T02:52:21 - [MESSAGE][PASSED] - Text of object 'Object Repository/Search Employee/inputEmployeeid' is: ''

10-12-2024T02:52:21 - [TEST_STEP][PASSED] - verifyMatch("970906", "970906", false): Actual text '970906' and expected text '970906' are matched 

10-12-2024T02:52:21 - [MESSAGE][PASSED] - Actual text '970906' and expected text '970906' are matched 

10-12-2024T02:52:21 - [TEST_STEP][PASSED] - click(findTestObject("Delete Employee/buttonDelete")): Object: 'Object Repository/Delete Employee/buttonDelete' is clicked on

10-12-2024T02:52:22 - [MESSAGE][PASSED] - Object: 'Object Repository/Delete Employee/buttonDelete' is clicked on

10-12-2024T02:52:22 - [TEST_STEP][PASSED] - verifyElementPresent(findTestObject("Delete Employee/alertConfirmdelete"), 0): Object 'Object Repository/Delete Employee/alertConfirmdelete' is present

10-12-2024T02:52:22 - [MESSAGE][WARNING] - Timeout '0' is invalid. Using default page load timeout: '30'

10-12-2024T02:52:22 - [MESSAGE][PASSED] - Object 'Object Repository/Delete Employee/alertConfirmdelete' is present

10-12-2024T02:52:22 - [TEST_STEP][PASSED] - delay(2): Delayed 2 second(s)

10-12-2024T02:52:24 - [MESSAGE][PASSED] - Delayed 2 second(s)

10-12-2024T02:52:24 - [TEST_STEP][PASSED] - click(findTestObject("Delete Employee/buttonYesdelete")): Object: 'Object Repository/Delete Employee/buttonYesdelete' is clicked on

10-12-2024T02:52:25 - [MESSAGE][PASSED] - Object: 'Object Repository/Delete Employee/buttonYesdelete' is clicked on

10-12-2024T02:52:25 - [TEST_STEP][PASSED] - verifyElementPresent(findTestObject("Delete Employee/toasSuccess"), 0): Object 'Object Repository/Delete Employee/toasSuccess' is present

10-12-2024T02:52:25 - [MESSAGE][WARNING] - Timeout '0' is invalid. Using default page load timeout: '30'

10-12-2024T02:52:26 - [MESSAGE][PASSED] - Object 'Object Repository/Delete Employee/toasSuccess' is present

10-12-2024T02:52:26 - [TEST_STEP][PASSED] - delay(3): Delayed 3 second(s)

10-12-2024T02:52:29 - [MESSAGE][PASSED] - Delayed 3 second(s)

10-12-2024T02:52:29 - [TEST_STEP][PASSED] - closeBrowser(): Browser is closed

10-12-2024T02:52:29 - [MESSAGE][PASSED] - Browser is closed]]></system-out>
         <system-err><![CDATA[]]></system-err>
      </testcase>
      <testcase name="Test Cases/Scope Test/TC 005 Validasi data yang dihapus" time="30.475" classname="Test Cases/Scope Test/TC 005 Validasi data yang dihapus" status="PASSED">
         <system-out><![CDATA[10-12-2024T02:52:29 - [TEST_CASE][PASSED] - Test Cases/Scope Test/TC 005 Validasi data yang dihapus: Test Cases/Scope Test/TC 005 Validasi data yang dihapus

10-12-2024T02:52:29 - [TEST_STEP][PASSED] - callTestCase(findTestCase("TC - TK 004/TC 001 Membuka fitur PIM"), [:], STOP_ON_FAILURE): Call Test Case 'Test Cases/TC - TK 004/TC 001 Membuka fitur PIM' successfully

10-12-2024T02:52:29 - [TEST_CASE][PASSED] - Test Cases/TC - TK 004/TC 001 Membuka fitur PIM: Test Cases/TC - TK 004/TC 001 Membuka fitur PIM

10-12-2024T02:52:29 - [TEST_STEP][PASSED] - callTestCase(findTestCase("TC - LW 002/TC 001 Login berhasil"), [:], STOP_ON_FAILURE): Call Test Case 'Test Cases/TC - LW 002/TC 001 Login berhasil' successfully

10-12-2024T02:52:29 - [TEST_CASE][PASSED] - Test Cases/TC - LW 002/TC 001 Login berhasil: Test Cases/TC - LW 002/TC 001 Login berhasil

10-12-2024T02:52:29 - [TEST_STEP][PASSED] - callTestCase(findTestCase("TC - OW 001/TC 001 Link website benar"), [:], STOP_ON_FAILURE): Call Test Case 'Test Cases/TC - OW 001/TC 001 Link website benar' successfully

10-12-2024T02:52:30 - [TEST_CASE][PASSED] - Test Cases/TC - OW 001/TC 001 Link website benar: Test Cases/TC - OW 001/TC 001 Link website benar

10-12-2024T02:52:30 - [TEST_STEP][PASSED] - openBrowser("https://opensource-demo.orangehrmlive.com/web/index.php/"): Browser is opened with url: 'https://opensource-demo.orangehrmlive.com/web/index.php/'

10-12-2024T02:52:30 - [MESSAGE][INFO] - Starting 'Chrome' driver

10-12-2024T02:52:30 - [MESSAGE][INFO] - Action delay is set to 0 milliseconds

10-12-2024T02:52:37 - [MESSAGE][PASSED] - Browser is opened with url: 'https://opensource-demo.orangehrmlive.com/web/index.php/'

10-12-2024T02:52:37 - [TEST_STEP][PASSED] - maximizeWindow(): Current window maximized

10-12-2024T02:52:37 - [MESSAGE][PASSED] - Current window maximized

10-12-2024T02:52:37 - [TEST_STEP][PASSED] - verifyElementPresent(findTestObject("Login/textLogin"), 0): Object 'Object Repository/Login/textLogin' is present

10-12-2024T02:52:37 - [MESSAGE][WARNING] - Timeout '0' is invalid. Using default page load timeout: '30'

10-12-2024T02:52:38 - [MESSAGE][PASSED] - Object 'Object Repository/Login/textLogin' is present

10-12-2024T02:52:38 - [MESSAGE][PASSED] - Call Test Case 'Test Cases/TC - OW 001/TC 001 Link website benar' successfully

10-12-2024T02:52:38 - [TEST_STEP][PASSED] - click(findTestObject("Login/inputUsername")): Object: 'Object Repository/Login/inputUsername' is clicked on

10-12-2024T02:52:38 - [MESSAGE][PASSED] - Object: 'Object Repository/Login/inputUsername' is clicked on

10-12-2024T02:52:38 - [TEST_STEP][PASSED] - setText(findTestObject("Login/inputUsername"), "admin"): Text 'admin' is set on object 'Object Repository/Login/inputUsername'

10-12-2024T02:52:39 - [MESSAGE][PASSED] - Text 'admin' is set on object 'Object Repository/Login/inputUsername'

10-12-2024T02:52:39 - [TEST_STEP][PASSED] - click(findTestObject("Login/inputPaasword")): Object: 'Object Repository/Login/inputPaasword' is clicked on

10-12-2024T02:52:40 - [MESSAGE][PASSED] - Object: 'Object Repository/Login/inputPaasword' is clicked on

10-12-2024T02:52:40 - [TEST_STEP][PASSED] - setText(findTestObject("Login/inputPaasword"), "admin123"): Text 'admin123' is set on object 'Object Repository/Login/inputPaasword'

10-12-2024T02:52:41 - [MESSAGE][PASSED] - Text 'admin123' is set on object 'Object Repository/Login/inputPaasword'

10-12-2024T02:52:41 - [TEST_STEP][PASSED] - click(findTestObject("Login/buttonLogin")): Object: 'Object Repository/Login/buttonLogin' is clicked on

10-12-2024T02:52:43 - [MESSAGE][PASSED] - Object: 'Object Repository/Login/buttonLogin' is clicked on

10-12-2024T02:52:43 - [TEST_STEP][PASSED] - verifyElementPresent(findTestObject("Dashboard/textDashboard"), 0): Object 'Object Repository/Dashboard/textDashboard' is present

10-12-2024T02:52:43 - [MESSAGE][WARNING] - Timeout '0' is invalid. Using default page load timeout: '30'

10-12-2024T02:52:46 - [MESSAGE][PASSED] - Object 'Object Repository/Dashboard/textDashboard' is present

10-12-2024T02:52:46 - [MESSAGE][PASSED] - Call Test Case 'Test Cases/TC - LW 002/TC 001 Login berhasil' successfully

10-12-2024T02:52:46 - [TEST_STEP][PASSED] - click(findTestObject("PIM/buttonMenupim")): Object: 'Object Repository/PIM/buttonMenupim' is clicked on

10-12-2024T02:52:49 - [MESSAGE][PASSED] - Object: 'Object Repository/PIM/buttonMenupim' is clicked on

10-12-2024T02:52:49 - [TEST_STEP][PASSED] - verifyElementPresent(findTestObject("Dashboard/textDashboard"), 0): Object 'Object Repository/Dashboard/textDashboard' is present

10-12-2024T02:52:49 - [MESSAGE][WARNING] - Timeout '0' is invalid. Using default page load timeout: '30'

10-12-2024T02:52:50 - [MESSAGE][PASSED] - Object 'Object Repository/Dashboard/textDashboard' is present

10-12-2024T02:52:50 - [MESSAGE][PASSED] - Call Test Case 'Test Cases/TC - TK 004/TC 001 Membuka fitur PIM' successfully

10-12-2024T02:52:50 - [TEST_STEP][PASSED] - click(findTestObject("Search Employee/inputUsername")): Object: 'Object Repository/Search Employee/inputUsername' is clicked on

10-12-2024T02:52:51 - [MESSAGE][PASSED] - Object: 'Object Repository/Search Employee/inputUsername' is clicked on

10-12-2024T02:52:51 - [TEST_STEP][PASSED] - click(findTestObject("Search Employee/inputEmployeeid")): Object: 'Object Repository/Search Employee/inputEmployeeid' is clicked on

10-12-2024T02:52:51 - [MESSAGE][PASSED] - Object: 'Object Repository/Search Employee/inputEmployeeid' is clicked on

10-12-2024T02:52:51 - [TEST_STEP][PASSED] - setText(findTestObject("Search Employee/inputEmployeeid"), "970906"): Text '970906' is set on object 'Object Repository/Search Employee/inputEmployeeid'

10-12-2024T02:52:52 - [MESSAGE][PASSED] - Text '970906' is set on object 'Object Repository/Search Employee/inputEmployeeid'

10-12-2024T02:52:52 - [TEST_STEP][PASSED] - click(findTestObject("Search Employee/buttonSearch")): Object: 'Object Repository/Search Employee/buttonSearch' is clicked on

10-12-2024T02:52:53 - [MESSAGE][PASSED] - Object: 'Object Repository/Search Employee/buttonSearch' is clicked on

10-12-2024T02:52:53 - [TEST_STEP][PASSED] - focus(findTestObject("Search Employee/tableEmployee")): Object: 'Object Repository/Search Employee/tableEmployee' is focused

10-12-2024T02:52:54 - [MESSAGE][PASSED] - Object: 'Object Repository/Search Employee/tableEmployee' is focused

10-12-2024T02:52:54 - [TEST_STEP][PASSED] - getText(findTestObject("Search Employee/inputEmployeeid")): Text of object 'Object Repository/Search Employee/inputEmployeeid' is: ''

10-12-2024T02:52:54 - [MESSAGE][PASSED] - Text of object 'Object Repository/Search Employee/inputEmployeeid' is: ''

10-12-2024T02:52:54 - [TEST_STEP][PASSED] - verifyMatch("970906", "970906", false): Actual text '970906' and expected text '970906' are matched 

10-12-2024T02:52:54 - [MESSAGE][PASSED] - Actual text '970906' and expected text '970906' are matched 

10-12-2024T02:52:54 - [TEST_STEP][PASSED] - delay(5): Delayed 5 second(s)

10-12-2024T02:52:59 - [MESSAGE][PASSED] - Delayed 5 second(s)

10-12-2024T02:52:59 - [TEST_STEP][PASSED] - closeBrowser(): Browser is closed

10-12-2024T02:53:00 - [MESSAGE][PASSED] - Browser is closed]]></system-out>
         <system-err><![CDATA[]]></system-err>
      </testcase>
      <system-out><![CDATA[10-12-2024T02:46:33 - [TEST_SUITE][PASSED] - Scope Test: Test Cases/Scope Test/TC 005 Validasi data yang dihapus]]></system-out>
      <system-err><![CDATA[]]></system-err>
   </testsuite>
</testsuites>
