<?xml version="1.0" encoding="UTF-8"?>
<testsuites name="automationTest" time="49.61" tests="2" failures="0" errors="0">
   <testsuite name="automationTest" tests="2" failures="0" errors="0" time="49.61" skipped="0" timestamp="04-12-2024T20:41:33" hostname="rafki - Tester" id="Test Suites/automationTest">
      <properties>
         <property name="deviceName" value=""/>
         <property name="devicePlatform"/>
         <property name="logFolder" value="C:\\Users\\rafki\\git\\automationTest\\Reports\\20241204_204122\\automationTest\\20241204_204122"/>
         <property name="logFiles" value="C:\\Users\\rafki\\git\\automationTest\\Reports\\20241204_204122\\automationTest\\20241204_204122\\execution0.log"/>
         <property name="attachments" value=""/>
         <property name="hostName" value="rafki - Tester"/>
         <property name="os" value="Windows 11 64bit"/>
         <property name="katalonVersion" value="10.0.0.223"/>
         <property name="browser" value="Chrome 131.0.0.0"/>
         <property name="hostAddress" value="192.168.43.169"/>
         <property name="sessionId" value="1c612f34ad5f82eedb4ff26d4eb239e7"/>
         <property name="seleniumVersion" value="4.22.0"/>
         <property name="proxyInformation" value="ProxyInformation { proxyOption=NO_PROXY, proxyServerType=HTTP, username=, password=********, proxyServerAddress=, proxyServerPort=0, executionList=&quot;&quot;, isApplyToDesiredCapabilities=true }"/>
         <property name="platform" value="Windows 11"/>
      </properties>
      <testcase name="Test Cases/Login/0001 - pageLogin" time="16.066" classname="Test Cases/Login/0001 - pageLogin" status="PASSED">
         <system-out><![CDATA[04-12-2024T20:41:34 - [TEST_CASE][PASSED] - Test Cases/Login/0001 - pageLogin: Test Cases/Login/0001 - pageLogin

04-12-2024T20:41:35 - [TEST_STEP][PASSED] - openBrowser("https://opensource-demo.orangehrmlive.com/web/index.php/"): Browser is opened with url: 'https://opensource-demo.orangehrmlive.com/web/index.php/'

04-12-2024T20:41:36 - [MESSAGE][INFO] - Starting 'Chrome' driver

04-12-2024T20:41:36 - [MESSAGE][INFO] - Action delay is set to 0 milliseconds

04-12-2024T20:41:47 - [MESSAGE][PASSED] - Browser is opened with url: 'https://opensource-demo.orangehrmlive.com/web/index.php/'

04-12-2024T20:41:47 - [TEST_STEP][PASSED] - maximizeWindow(): Current window maximized

04-12-2024T20:41:48 - [MESSAGE][PASSED] - Current window maximized

04-12-2024T20:41:48 - [TEST_STEP][PASSED] - verifyElementPresent(findTestObject("textLogin"), 0): Object 'Object Repository/textLogin' is present

04-12-2024T20:41:49 - [MESSAGE][WARNING] - Timeout '0' is invalid. Using default page load timeout: '30'

04-12-2024T20:41:50 - [MESSAGE][PASSED] - Object 'Object Repository/textLogin' is present]]></system-out>
         <system-err><![CDATA[]]></system-err>
      </testcase>
      <testcase name="Test Cases/Login/0002 - loginSuccess" time="32.461" classname="Test Cases/Login/0002 - loginSuccess" status="PASSED">
         <system-out><![CDATA[04-12-2024T20:41:50 - [TEST_CASE][PASSED] - Test Cases/Login/0002 - loginSuccess: Test Cases/Login/0002 - loginSuccess

04-12-2024T20:41:51 - [TEST_STEP][PASSED] - callTestCase(findTestCase("Login/0001 - pageLogin"), [:], STOP_ON_FAILURE): Call Test Case 'Test Cases/Login/0001 - pageLogin' successfully

04-12-2024T20:41:51 - [TEST_CASE][PASSED] - Test Cases/Login/0001 - pageLogin: Test Cases/Login/0001 - pageLogin

04-12-2024T20:41:51 - [TEST_STEP][PASSED] - openBrowser("https://opensource-demo.orangehrmlive.com/web/index.php/"): Browser is opened with url: 'https://opensource-demo.orangehrmlive.com/web/index.php/'

04-12-2024T20:41:51 - [MESSAGE][WARNING] - A browser is already opened. Closing browser and opening a new one

04-12-2024T20:41:55 - [MESSAGE][INFO] - Starting 'Chrome' driver

04-12-2024T20:41:55 - [MESSAGE][INFO] - Action delay is set to 0 milliseconds

04-12-2024T20:42:06 - [MESSAGE][PASSED] - Browser is opened with url: 'https://opensource-demo.orangehrmlive.com/web/index.php/'

04-12-2024T20:42:06 - [TEST_STEP][PASSED] - maximizeWindow(): Current window maximized

04-12-2024T20:42:06 - [MESSAGE][PASSED] - Current window maximized

04-12-2024T20:42:06 - [TEST_STEP][PASSED] - verifyElementPresent(findTestObject("textLogin"), 0): Object 'Object Repository/textLogin' is present

04-12-2024T20:42:06 - [MESSAGE][WARNING] - Timeout '0' is invalid. Using default page load timeout: '30'

04-12-2024T20:42:07 - [MESSAGE][PASSED] - Object 'Object Repository/textLogin' is present

04-12-2024T20:42:08 - [MESSAGE][PASSED] - Call Test Case 'Test Cases/Login/0001 - pageLogin' successfully

04-12-2024T20:42:08 - [TEST_STEP][PASSED] - click(findTestObject("inputUsername")): Object: 'Object Repository/inputUsername' is clicked on

04-12-2024T20:42:09 - [MESSAGE][PASSED] - Object: 'Object Repository/inputUsername' is clicked on

04-12-2024T20:42:09 - [TEST_STEP][PASSED] - setText(findTestObject("inputUsername"), "admin"): Text 'admin' is set on object 'Object Repository/inputUsername'

04-12-2024T20:42:11 - [MESSAGE][PASSED] - Text 'admin' is set on object 'Object Repository/inputUsername'

04-12-2024T20:42:11 - [TEST_STEP][PASSED] - click(findTestObject("inputPaasword")): Object: 'Object Repository/inputPaasword' is clicked on

04-12-2024T20:42:13 - [MESSAGE][PASSED] - Object: 'Object Repository/inputPaasword' is clicked on

04-12-2024T20:42:13 - [TEST_STEP][PASSED] - setText(findTestObject("inputPaasword"), "admin123"): Text 'admin123' is set on object 'Object Repository/inputPaasword'

04-12-2024T20:42:14 - [MESSAGE][PASSED] - Text 'admin123' is set on object 'Object Repository/inputPaasword'

04-12-2024T20:42:14 - [TEST_STEP][PASSED] - click(findTestObject("buttonLogin")): Object: 'Object Repository/buttonLogin' is clicked on

04-12-2024T20:42:17 - [MESSAGE][PASSED] - Object: 'Object Repository/buttonLogin' is clicked on

04-12-2024T20:42:17 - [TEST_STEP][PASSED] - verifyElementPresent(findTestObject("textDashboard"), 0): Object 'Object Repository/textDashboard' is present

04-12-2024T20:42:18 - [MESSAGE][WARNING] - Timeout '0' is invalid. Using default page load timeout: '30'

04-12-2024T20:42:20 - [MESSAGE][PASSED] - Object 'Object Repository/textDashboard' is present

04-12-2024T20:42:20 - [TEST_STEP][PASSED] - delay(2): Delayed 2 second(s)

04-12-2024T20:42:22 - [MESSAGE][PASSED] - Delayed 2 second(s)

04-12-2024T20:42:22 - [TEST_STEP][PASSED] - closeBrowser(): Browser is closed

04-12-2024T20:42:23 - [MESSAGE][PASSED] - Browser is closed]]></system-out>
         <system-err><![CDATA[]]></system-err>
      </testcase>
      <system-out><![CDATA[04-12-2024T20:41:33 - [TEST_SUITE][PASSED] - automationTest: Test Cases/Login/0002 - loginSuccess]]></system-out>
      <system-err><![CDATA[]]></system-err>
   </testsuite>
</testsuites>
