<?xml version="1.0" encoding="UTF-8"?>
<testsuites name="Buka URL Web" time="42.153" tests="2" failures="0" errors="0">
   <testsuite name="Buka URL Web" tests="2" failures="0" errors="0" time="42.153" skipped="0" timestamp="08-12-2024T15:20:19" hostname="rafki - Tester" id="Test Suites/Buka URL Web">
      <properties>
         <property name="deviceName" value=""/>
         <property name="devicePlatform"/>
         <property name="logFolder" value="C:\\Users\\rafki\\git\\automationTest\\Reports\\20241208_152004\\Buka URL Web\\20241208_152004"/>
         <property name="logFiles" value="C:\\Users\\rafki\\git\\automationTest\\Reports\\20241208_152004\\Buka URL Web\\20241208_152004\\execution0.log"/>
         <property name="attachments" value=""/>
         <property name="hostName" value="rafki - Tester"/>
         <property name="os" value="Windows 11 64bit"/>
         <property name="katalonVersion" value="10.0.0.223"/>
         <property name="browser" value="Chrome 131.0.0.0"/>
         <property name="hostAddress" value="192.168.0.14"/>
         <property name="sessionId" value="26f0c3a49e863e54d538414ce28e1353"/>
         <property name="seleniumVersion" value="4.22.0"/>
         <property name="proxyInformation" value="ProxyInformation { proxyOption=NO_PROXY, proxyServerType=HTTP, username=, password=********, proxyServerAddress=, proxyServerPort=0, executionList=&quot;&quot;, isApplyToDesiredCapabilities=true }"/>
         <property name="platform" value="Windows 11"/>
      </properties>
      <testcase name="Test Cases/TC - OW 001/TC 001 Link website benar" time="21.975" classname="Test Cases/TC - OW 001/TC 001 Link website benar" status="PASSED">
         <system-out><![CDATA[08-12-2024T15:20:20 - [TEST_CASE][PASSED] - Test Cases/TC - OW 001/TC 001 Link website benar: Test Cases/TC - OW 001/TC 001 Link website benar

08-12-2024T15:20:21 - [TEST_STEP][PASSED] - openBrowser("https://opensource-demo.orangehrmlive.com/web/index.php/"): Browser is opened with url: 'https://opensource-demo.orangehrmlive.com/web/index.php/'

08-12-2024T15:20:22 - [MESSAGE][INFO] - Starting 'Chrome' driver

08-12-2024T15:20:22 - [MESSAGE][INFO] - Action delay is set to 0 milliseconds

08-12-2024T15:20:38 - [MESSAGE][PASSED] - Browser is opened with url: 'https://opensource-demo.orangehrmlive.com/web/index.php/'

08-12-2024T15:20:38 - [TEST_STEP][PASSED] - maximizeWindow(): Current window maximized

08-12-2024T15:20:40 - [MESSAGE][PASSED] - Current window maximized

08-12-2024T15:20:40 - [TEST_STEP][PASSED] - verifyElementPresent(findTestObject("Login/textLogin"), 0): Object 'Object Repository/Login/textLogin' is present

08-12-2024T15:20:41 - [MESSAGE][WARNING] - Timeout '0' is invalid. Using default page load timeout: '30'

08-12-2024T15:20:42 - [MESSAGE][PASSED] - Object 'Object Repository/Login/textLogin' is present]]></system-out>
         <system-err><![CDATA[]]></system-err>
      </testcase>
      <testcase name="Test Cases/TC - OW 001/TC 002 Link website salah" time="19.327" classname="Test Cases/TC - OW 001/TC 002 Link website salah" status="PASSED">
         <system-out><![CDATA[08-12-2024T15:20:42 - [TEST_CASE][PASSED] - Test Cases/TC - OW 001/TC 002 Link website salah: Test Cases/TC - OW 001/TC 002 Link website salah

08-12-2024T15:20:44 - [TEST_STEP][PASSED] - openBrowser("www.google.com"): Browser is opened with url: 'www.google.com'

08-12-2024T15:20:44 - [MESSAGE][WARNING] - A browser is already opened. Closing browser and opening a new one

08-12-2024T15:20:47 - [MESSAGE][INFO] - Starting 'Chrome' driver

08-12-2024T15:20:47 - [MESSAGE][INFO] - Action delay is set to 0 milliseconds

08-12-2024T15:20:58 - [MESSAGE][PASSED] - Browser is opened with url: 'www.google.com'

08-12-2024T15:20:58 - [TEST_STEP][PASSED] - maximizeWindow(): Current window maximized

08-12-2024T15:20:58 - [MESSAGE][PASSED] - Current window maximized

08-12-2024T15:20:58 - [TEST_STEP][PASSED] - verifyMatch("https://opensource-demo.orangehrmlive.com/web/index.php", "https://opensource-demo.orangehrmlive.com/web/index.php", false): Actual text 'https://opensource-demo.orangehrmlive.com/web/index.php' and expected text 'https://opensource-demo.orangehrmlive.com/web/index.php' are matched 

08-12-2024T15:20:58 - [MESSAGE][PASSED] - Actual text 'https://opensource-demo.orangehrmlive.com/web/index.php' and expected text 'https://opensource-demo.orangehrmlive.com/web/index.php' are matched 

08-12-2024T15:20:58 - [TEST_STEP][PASSED] - delay(2): Delayed 2 second(s)

08-12-2024T15:21:01 - [MESSAGE][PASSED] - Delayed 2 second(s)

08-12-2024T15:21:01 - [TEST_STEP][PASSED] - closeBrowser(): Browser is closed

08-12-2024T15:21:02 - [MESSAGE][PASSED] - Browser is closed]]></system-out>
         <system-err><![CDATA[]]></system-err>
      </testcase>
      <system-out><![CDATA[08-12-2024T15:20:19 - [TEST_SUITE][PASSED] - Buka URL Web: Test Cases/TC - OW 001/TC 002 Link website salah]]></system-out>
      <system-err><![CDATA[]]></system-err>
   </testsuite>
</testsuites>
