<?xml version="1.0" encoding="UTF-8"?>
<testsuites name="Scope Test" time="401.251" tests="6" failures="0" errors="0">
   <testsuite name="Scope Test" tests="6" failures="0" errors="0" time="401.251" skipped="0" timestamp="09-12-2024T23:20:46" hostname="TESTER$ - Tester" id="Test Suites/Scope Test">
      <properties>
         <property name="deviceName" value=""/>
         <property name="devicePlatform"/>
         <property name="logFolder" value="C:\\Users\\rafki\\git\\automationTesting\\Reports\\20241209_231939\\Scope Test\\20241209_231946"/>
         <property name="logFiles" value="C:\\Users\\rafki\\git\\automationTesting\\Reports\\20241209_231939\\Scope Test\\20241209_231946\\execution0.log"/>
         <property name="attachments" value=""/>
         <property name="hostName" value="TESTER$ - Tester"/>
         <property name="os" value="Windows 11 64bit"/>
         <property name="katalonVersion" value="10.0.1.223"/>
         <property name="browser" value="Chrome 131.0.0.0"/>
         <property name="hostAddress" value="192.168.0.46"/>
         <property name="sessionId" value="946388dd46d26bd0f4906002bb9c94e2"/>
         <property name="seleniumVersion" value="4.22.0"/>
         <property name="proxyInformation" value="ProxyInformation { proxyOption=NO_PROXY, proxyServerType=HTTP, username=, password=********, proxyServerAddress=, proxyServerPort=0, executionList=&quot;&quot;, isApplyToDesiredCapabilities=true }"/>
         <property name="platform" value="Windows 11"/>
      </properties>
      <testcase name="Test Cases/Scope Test/TC 001 Login berhasil" time="123.874" classname="Test Cases/Scope Test/TC 001 Login berhasil" status="PASSED">
         <system-out><![CDATA[09-12-2024T23:20:48 - [TEST_CASE][PASSED] - Test Cases/Scope Test/TC 001 Login berhasil: Test Cases/Scope Test/TC 001 Login berhasil

09-12-2024T23:20:57 - [TEST_STEP][PASSED] - callTestCase(findTestCase("TC - OW 001/TC 001 Link website benar"), [:], STOP_ON_FAILURE): Call Test Case 'Test Cases/TC - OW 001/TC 001 Link website benar' successfully

09-12-2024T23:21:04 - [TEST_CASE][PASSED] - Test Cases/TC - OW 001/TC 001 Link website benar: Test Cases/TC - OW 001/TC 001 Link website benar

09-12-2024T23:21:05 - [TEST_STEP][PASSED] - openBrowser("https://opensource-demo.orangehrmlive.com/web/index.php/"): Browser is opened with url: 'https://opensource-demo.orangehrmlive.com/web/index.php/'

09-12-2024T23:21:11 - [MESSAGE][INFO] - Starting 'Chrome' driver

09-12-2024T23:21:15 - [MESSAGE][INFO] - Action delay is set to 0 milliseconds

09-12-2024T23:22:19 - [MESSAGE][PASSED] - Browser is opened with url: 'https://opensource-demo.orangehrmlive.com/web/index.php/'

09-12-2024T23:22:19 - [TEST_STEP][PASSED] - maximizeWindow(): Current window maximized

09-12-2024T23:22:21 - [MESSAGE][PASSED] - Current window maximized

09-12-2024T23:22:21 - [TEST_STEP][PASSED] - verifyElementPresent(findTestObject("Login/textLogin"), 0): Object 'Object Repository/Login/textLogin' is present

09-12-2024T23:22:26 - [MESSAGE][WARNING] - Timeout '0' is invalid. Using default page load timeout: '30'

09-12-2024T23:22:27 - [MESSAGE][PASSED] - Object 'Object Repository/Login/textLogin' is present

09-12-2024T23:22:27 - [MESSAGE][PASSED] - Call Test Case 'Test Cases/TC - OW 001/TC 001 Link website benar' successfully

09-12-2024T23:22:27 - [TEST_STEP][PASSED] - click(findTestObject("Login/inputUsername")): Object: 'Object Repository/Login/inputUsername' is clicked on

09-12-2024T23:22:33 - [MESSAGE][PASSED] - Object: 'Object Repository/Login/inputUsername' is clicked on

09-12-2024T23:22:33 - [TEST_STEP][PASSED] - setText(findTestObject("Login/inputUsername"), "admin"): Text 'admin' is set on object 'Object Repository/Login/inputUsername'

09-12-2024T23:22:35 - [MESSAGE][PASSED] - Text 'admin' is set on object 'Object Repository/Login/inputUsername'

09-12-2024T23:22:35 - [TEST_STEP][PASSED] - click(findTestObject("Login/inputPaasword")): Object: 'Object Repository/Login/inputPaasword' is clicked on

09-12-2024T23:22:36 - [MESSAGE][PASSED] - Object: 'Object Repository/Login/inputPaasword' is clicked on

09-12-2024T23:22:36 - [TEST_STEP][PASSED] - setText(findTestObject("Login/inputPaasword"), "admin123"): Text 'admin123' is set on object 'Object Repository/Login/inputPaasword'

09-12-2024T23:22:39 - [MESSAGE][PASSED] - Text 'admin123' is set on object 'Object Repository/Login/inputPaasword'

09-12-2024T23:22:39 - [TEST_STEP][PASSED] - click(findTestObject("Login/buttonLogin")): Object: 'Object Repository/Login/buttonLogin' is clicked on

09-12-2024T23:22:39 - [MESSAGE][PASSED] - Object: 'Object Repository/Login/buttonLogin' is clicked on

09-12-2024T23:22:39 - [TEST_STEP][PASSED] - verifyElementPresent(findTestObject("Dashboard/textDashboard"), 0): Object 'Object Repository/Dashboard/textDashboard' is present

09-12-2024T23:22:39 - [MESSAGE][WARNING] - Timeout '0' is invalid. Using default page load timeout: '30'

09-12-2024T23:22:52 - [MESSAGE][PASSED] - Object 'Object Repository/Dashboard/textDashboard' is present]]></system-out>
         <system-err><![CDATA[]]></system-err>
      </testcase>
      <testcase name="Test Cases/Scope Test/TC 001 Membuka fitur PIM" time="55.062" classname="Test Cases/Scope Test/TC 001 Membuka fitur PIM" status="PASSED">
         <system-out><![CDATA[09-12-2024T23:22:52 - [TEST_CASE][PASSED] - Test Cases/Scope Test/TC 001 Membuka fitur PIM: Test Cases/Scope Test/TC 001 Membuka fitur PIM

09-12-2024T23:22:52 - [TEST_STEP][PASSED] - callTestCase(findTestCase("TC - LW 002/TC 001 Login berhasil"), [:], STOP_ON_FAILURE): Call Test Case 'Test Cases/TC - LW 002/TC 001 Login berhasil' successfully

09-12-2024T23:22:52 - [TEST_CASE][PASSED] - Test Cases/TC - LW 002/TC 001 Login berhasil: Test Cases/TC - LW 002/TC 001 Login berhasil

09-12-2024T23:22:52 - [TEST_STEP][PASSED] - callTestCase(findTestCase("TC - OW 001/TC 001 Link website benar"), [:], STOP_ON_FAILURE): Call Test Case 'Test Cases/TC - OW 001/TC 001 Link website benar' successfully

09-12-2024T23:22:52 - [TEST_CASE][PASSED] - Test Cases/TC - OW 001/TC 001 Link website benar: Test Cases/TC - OW 001/TC 001 Link website benar

09-12-2024T23:22:52 - [TEST_STEP][PASSED] - openBrowser("https://opensource-demo.orangehrmlive.com/web/index.php/"): Browser is opened with url: 'https://opensource-demo.orangehrmlive.com/web/index.php/'

09-12-2024T23:22:53 - [MESSAGE][WARNING] - A browser is already opened. Closing browser and opening a new one

09-12-2024T23:22:55 - [MESSAGE][INFO] - Starting 'Chrome' driver

09-12-2024T23:22:55 - [MESSAGE][INFO] - Action delay is set to 0 milliseconds

09-12-2024T23:23:20 - [MESSAGE][PASSED] - Browser is opened with url: 'https://opensource-demo.orangehrmlive.com/web/index.php/'

09-12-2024T23:23:20 - [TEST_STEP][PASSED] - maximizeWindow(): Current window maximized

09-12-2024T23:23:21 - [MESSAGE][PASSED] - Current window maximized

09-12-2024T23:23:21 - [TEST_STEP][PASSED] - verifyElementPresent(findTestObject("Login/textLogin"), 0): Object 'Object Repository/Login/textLogin' is present

09-12-2024T23:23:22 - [MESSAGE][WARNING] - Timeout '0' is invalid. Using default page load timeout: '30'

09-12-2024T23:23:24 - [MESSAGE][PASSED] - Object 'Object Repository/Login/textLogin' is present

09-12-2024T23:23:24 - [MESSAGE][PASSED] - Call Test Case 'Test Cases/TC - OW 001/TC 001 Link website benar' successfully

09-12-2024T23:23:24 - [TEST_STEP][PASSED] - click(findTestObject("Login/inputUsername")): Object: 'Object Repository/Login/inputUsername' is clicked on

09-12-2024T23:23:26 - [MESSAGE][PASSED] - Object: 'Object Repository/Login/inputUsername' is clicked on

09-12-2024T23:23:26 - [TEST_STEP][PASSED] - setText(findTestObject("Login/inputUsername"), "admin"): Text 'admin' is set on object 'Object Repository/Login/inputUsername'

09-12-2024T23:23:29 - [MESSAGE][PASSED] - Text 'admin' is set on object 'Object Repository/Login/inputUsername'

09-12-2024T23:23:29 - [TEST_STEP][PASSED] - click(findTestObject("Login/inputPaasword")): Object: 'Object Repository/Login/inputPaasword' is clicked on

09-12-2024T23:23:32 - [MESSAGE][PASSED] - Object: 'Object Repository/Login/inputPaasword' is clicked on

09-12-2024T23:23:32 - [TEST_STEP][PASSED] - setText(findTestObject("Login/inputPaasword"), "admin123"): Text 'admin123' is set on object 'Object Repository/Login/inputPaasword'

09-12-2024T23:23:35 - [MESSAGE][PASSED] - Text 'admin123' is set on object 'Object Repository/Login/inputPaasword'

09-12-2024T23:23:35 - [TEST_STEP][PASSED] - click(findTestObject("Login/buttonLogin")): Object: 'Object Repository/Login/buttonLogin' is clicked on

09-12-2024T23:23:38 - [MESSAGE][PASSED] - Object: 'Object Repository/Login/buttonLogin' is clicked on

09-12-2024T23:23:38 - [TEST_STEP][PASSED] - verifyElementPresent(findTestObject("Dashboard/textDashboard"), 0): Object 'Object Repository/Dashboard/textDashboard' is present

09-12-2024T23:23:38 - [MESSAGE][WARNING] - Timeout '0' is invalid. Using default page load timeout: '30'

09-12-2024T23:23:41 - [MESSAGE][PASSED] - Object 'Object Repository/Dashboard/textDashboard' is present

09-12-2024T23:23:41 - [MESSAGE][PASSED] - Call Test Case 'Test Cases/TC - LW 002/TC 001 Login berhasil' successfully

09-12-2024T23:23:41 - [TEST_STEP][PASSED] - click(findTestObject("PIM/buttonMenupim")): Object: 'Object Repository/PIM/buttonMenupim' is clicked on

09-12-2024T23:23:44 - [MESSAGE][PASSED] - Object: 'Object Repository/PIM/buttonMenupim' is clicked on

09-12-2024T23:23:44 - [TEST_STEP][PASSED] - verifyElementPresent(findTestObject("Dashboard/textDashboard"), 0): Object 'Object Repository/Dashboard/textDashboard' is present

09-12-2024T23:23:45 - [MESSAGE][WARNING] - Timeout '0' is invalid. Using default page load timeout: '30'

09-12-2024T23:23:47 - [MESSAGE][PASSED] - Object 'Object Repository/Dashboard/textDashboard' is present]]></system-out>
         <system-err><![CDATA[]]></system-err>
      </testcase>
      <testcase name="Test Cases/Scope Test/TC 002 Buat data karyawan" time="54.962" classname="Test Cases/Scope Test/TC 002 Buat data karyawan" status="PASSED">
         <system-out><![CDATA[09-12-2024T23:23:47 - [TEST_CASE][PASSED] - Test Cases/Scope Test/TC 002 Buat data karyawan: Test Cases/Scope Test/TC 002 Buat data karyawan

09-12-2024T23:23:47 - [TEST_STEP][PASSED] - callTestCase(findTestCase("TC - LW 002/TC 001 Login berhasil"), [:], STOP_ON_FAILURE): Call Test Case 'Test Cases/TC - LW 002/TC 001 Login berhasil' successfully

09-12-2024T23:23:47 - [TEST_CASE][PASSED] - Test Cases/TC - LW 002/TC 001 Login berhasil: Test Cases/TC - LW 002/TC 001 Login berhasil

09-12-2024T23:23:47 - [TEST_STEP][PASSED] - callTestCase(findTestCase("TC - OW 001/TC 001 Link website benar"), [:], STOP_ON_FAILURE): Call Test Case 'Test Cases/TC - OW 001/TC 001 Link website benar' successfully

09-12-2024T23:23:47 - [TEST_CASE][PASSED] - Test Cases/TC - OW 001/TC 001 Link website benar: Test Cases/TC - OW 001/TC 001 Link website benar

09-12-2024T23:23:48 - [TEST_STEP][PASSED] - openBrowser("https://opensource-demo.orangehrmlive.com/web/index.php/"): Browser is opened with url: 'https://opensource-demo.orangehrmlive.com/web/index.php/'

09-12-2024T23:23:48 - [MESSAGE][WARNING] - A browser is already opened. Closing browser and opening a new one

09-12-2024T23:23:56 - [MESSAGE][INFO] - Starting 'Chrome' driver

09-12-2024T23:23:56 - [MESSAGE][INFO] - Action delay is set to 0 milliseconds

09-12-2024T23:24:09 - [MESSAGE][PASSED] - Browser is opened with url: 'https://opensource-demo.orangehrmlive.com/web/index.php/'

09-12-2024T23:24:09 - [TEST_STEP][PASSED] - maximizeWindow(): Current window maximized

09-12-2024T23:24:09 - [MESSAGE][PASSED] - Current window maximized

09-12-2024T23:24:09 - [TEST_STEP][PASSED] - verifyElementPresent(findTestObject("Login/textLogin"), 0): Object 'Object Repository/Login/textLogin' is present

09-12-2024T23:24:09 - [MESSAGE][WARNING] - Timeout '0' is invalid. Using default page load timeout: '30'

09-12-2024T23:24:10 - [MESSAGE][PASSED] - Object 'Object Repository/Login/textLogin' is present

09-12-2024T23:24:10 - [MESSAGE][PASSED] - Call Test Case 'Test Cases/TC - OW 001/TC 001 Link website benar' successfully

09-12-2024T23:24:10 - [TEST_STEP][PASSED] - click(findTestObject("Login/inputUsername")): Object: 'Object Repository/Login/inputUsername' is clicked on

09-12-2024T23:24:11 - [MESSAGE][PASSED] - Object: 'Object Repository/Login/inputUsername' is clicked on

09-12-2024T23:24:11 - [TEST_STEP][PASSED] - setText(findTestObject("Login/inputUsername"), "admin"): Text 'admin' is set on object 'Object Repository/Login/inputUsername'

09-12-2024T23:24:11 - [MESSAGE][PASSED] - Text 'admin' is set on object 'Object Repository/Login/inputUsername'

09-12-2024T23:24:11 - [TEST_STEP][PASSED] - click(findTestObject("Login/inputPaasword")): Object: 'Object Repository/Login/inputPaasword' is clicked on

09-12-2024T23:24:13 - [MESSAGE][PASSED] - Object: 'Object Repository/Login/inputPaasword' is clicked on

09-12-2024T23:24:13 - [TEST_STEP][PASSED] - setText(findTestObject("Login/inputPaasword"), "admin123"): Text 'admin123' is set on object 'Object Repository/Login/inputPaasword'

09-12-2024T23:24:14 - [MESSAGE][PASSED] - Text 'admin123' is set on object 'Object Repository/Login/inputPaasword'

09-12-2024T23:24:15 - [TEST_STEP][PASSED] - click(findTestObject("Login/buttonLogin")): Object: 'Object Repository/Login/buttonLogin' is clicked on

09-12-2024T23:24:18 - [MESSAGE][PASSED] - Object: 'Object Repository/Login/buttonLogin' is clicked on

09-12-2024T23:24:18 - [TEST_STEP][PASSED] - verifyElementPresent(findTestObject("Dashboard/textDashboard"), 0): Object 'Object Repository/Dashboard/textDashboard' is present

09-12-2024T23:24:18 - [MESSAGE][WARNING] - Timeout '0' is invalid. Using default page load timeout: '30'

09-12-2024T23:24:20 - [MESSAGE][PASSED] - Object 'Object Repository/Dashboard/textDashboard' is present

09-12-2024T23:24:20 - [MESSAGE][PASSED] - Call Test Case 'Test Cases/TC - LW 002/TC 001 Login berhasil' successfully

09-12-2024T23:24:20 - [TEST_STEP][PASSED] - click(findTestObject("PIM/buttonMenupim")): Object: 'Object Repository/PIM/buttonMenupim' is clicked on

09-12-2024T23:24:23 - [MESSAGE][PASSED] - Object: 'Object Repository/PIM/buttonMenupim' is clicked on

09-12-2024T23:24:23 - [TEST_STEP][PASSED] - verifyElementPresent(findTestObject("Dashboard/textDashboard"), 0): Object 'Object Repository/Dashboard/textDashboard' is present

09-12-2024T23:24:23 - [MESSAGE][WARNING] - Timeout '0' is invalid. Using default page load timeout: '30'

09-12-2024T23:24:26 - [MESSAGE][PASSED] - Object 'Object Repository/Dashboard/textDashboard' is present

09-12-2024T23:24:26 - [TEST_STEP][PASSED] - click(findTestObject("PIM/addButton")): Object: 'Object Repository/PIM/addButton' is clicked on

09-12-2024T23:24:28 - [MESSAGE][PASSED] - Object: 'Object Repository/PIM/addButton' is clicked on

09-12-2024T23:24:28 - [TEST_STEP][PASSED] - click(findTestObject("PIM/inputFirstname")): Object: 'Object Repository/PIM/inputFirstname' is clicked on

09-12-2024T23:24:30 - [MESSAGE][PASSED] - Object: 'Object Repository/PIM/inputFirstname' is clicked on

09-12-2024T23:24:30 - [TEST_STEP][PASSED] - setText(findTestObject("PIM/inputFirstname"), "Rafki"): Text 'Rafki' is set on object 'Object Repository/PIM/inputFirstname'

09-12-2024T23:24:30 - [MESSAGE][PASSED] - Text 'Rafki' is set on object 'Object Repository/PIM/inputFirstname'

09-12-2024T23:24:30 - [TEST_STEP][PASSED] - click(findTestObject("PIM/inputMiddlename")): Object: 'Object Repository/PIM/inputMiddlename' is clicked on

09-12-2024T23:24:31 - [MESSAGE][PASSED] - Object: 'Object Repository/PIM/inputMiddlename' is clicked on

09-12-2024T23:24:31 - [TEST_STEP][PASSED] - setText(findTestObject("PIM/inputMiddlename"), "Mustafa"): Text 'Mustafa' is set on object 'Object Repository/PIM/inputMiddlename'

09-12-2024T23:24:32 - [MESSAGE][PASSED] - Text 'Mustafa' is set on object 'Object Repository/PIM/inputMiddlename'

09-12-2024T23:24:32 - [TEST_STEP][PASSED] - click(findTestObject("PIM/inputLastname")): Object: 'Object Repository/PIM/inputLastname' is clicked on

09-12-2024T23:24:33 - [MESSAGE][PASSED] - Object: 'Object Repository/PIM/inputLastname' is clicked on

09-12-2024T23:24:33 - [TEST_STEP][PASSED] - setText(findTestObject("PIM/inputLastname"), "Abdullah Kafi"): Text 'Abdullah Kafi' is set on object 'Object Repository/PIM/inputLastname'

09-12-2024T23:24:34 - [MESSAGE][PASSED] - Text 'Abdullah Kafi' is set on object 'Object Repository/PIM/inputLastname'

09-12-2024T23:24:35 - [TEST_STEP][PASSED] - click(findTestObject("PIM/inputEmployeeid")): Object: 'Object Repository/PIM/inputEmployeeid' is clicked on

09-12-2024T23:24:36 - [MESSAGE][PASSED] - Object: 'Object Repository/PIM/inputEmployeeid' is clicked on

09-12-2024T23:24:36 - [TEST_STEP][PASSED] - sendKeys(findTestObject("PIM/inputEmployeeid"), Keys.chord(CONTROL, "a", DELETE)): Keys 'CONTROL + DELETE + a' sent to object: 'Object Repository/PIM/inputEmployeeid'

09-12-2024T23:24:37 - [MESSAGE][PASSED] - Keys 'CONTROL + DELETE + a' sent to object: 'Object Repository/PIM/inputEmployeeid'

09-12-2024T23:24:37 - [TEST_STEP][PASSED] - setText(findTestObject("PIM/inputEmployeeid"), "060997"): Text '060997' is set on object 'Object Repository/PIM/inputEmployeeid'

09-12-2024T23:24:38 - [MESSAGE][PASSED] - Text '060997' is set on object 'Object Repository/PIM/inputEmployeeid'

09-12-2024T23:24:38 - [TEST_STEP][PASSED] - click(findTestObject("PIM/buttonSave")): Object: 'Object Repository/PIM/buttonSave' is clicked on

09-12-2024T23:24:39 - [MESSAGE][PASSED] - Object: 'Object Repository/PIM/buttonSave' is clicked on

09-12-2024T23:24:39 - [TEST_STEP][PASSED] - delay(2): Delayed 2 second(s)

09-12-2024T23:24:41 - [MESSAGE][PASSED] - Delayed 2 second(s)

09-12-2024T23:24:41 - [TEST_STEP][PASSED] - closeBrowser(): Browser is closed

09-12-2024T23:24:42 - [MESSAGE][PASSED] - Browser is closed]]></system-out>
         <system-err><![CDATA[]]></system-err>
      </testcase>
      <testcase name="Test Cases/Scope Test/TC 004 Mengubah Employee id karyawan" time="65.92" classname="Test Cases/Scope Test/TC 004 Mengubah Employee id karyawan" status="PASSED">
         <system-out><![CDATA[09-12-2024T23:24:42 - [TEST_CASE][PASSED] - Test Cases/Scope Test/TC 004 Mengubah Employee id karyawan: Test Cases/Scope Test/TC 004 Mengubah Employee id karyawan

09-12-2024T23:24:43 - [TEST_STEP][PASSED] - callTestCase(findTestCase("TC - TK 004/TC 001 Membuka fitur PIM"), [:], STOP_ON_FAILURE): Call Test Case 'Test Cases/TC - TK 004/TC 001 Membuka fitur PIM' successfully

09-12-2024T23:24:43 - [TEST_CASE][PASSED] - Test Cases/TC - TK 004/TC 001 Membuka fitur PIM: Test Cases/TC - TK 004/TC 001 Membuka fitur PIM

09-12-2024T23:24:43 - [TEST_STEP][PASSED] - callTestCase(findTestCase("TC - LW 002/TC 001 Login berhasil"), [:], STOP_ON_FAILURE): Call Test Case 'Test Cases/TC - LW 002/TC 001 Login berhasil' successfully

09-12-2024T23:24:43 - [TEST_CASE][PASSED] - Test Cases/TC - LW 002/TC 001 Login berhasil: Test Cases/TC - LW 002/TC 001 Login berhasil

09-12-2024T23:24:43 - [TEST_STEP][PASSED] - callTestCase(findTestCase("TC - OW 001/TC 001 Link website benar"), [:], STOP_ON_FAILURE): Call Test Case 'Test Cases/TC - OW 001/TC 001 Link website benar' successfully

09-12-2024T23:24:43 - [TEST_CASE][PASSED] - Test Cases/TC - OW 001/TC 001 Link website benar: Test Cases/TC - OW 001/TC 001 Link website benar

09-12-2024T23:24:43 - [TEST_STEP][PASSED] - openBrowser("https://opensource-demo.orangehrmlive.com/web/index.php/"): Browser is opened with url: 'https://opensource-demo.orangehrmlive.com/web/index.php/'

09-12-2024T23:24:43 - [MESSAGE][INFO] - Starting 'Chrome' driver

09-12-2024T23:24:44 - [MESSAGE][INFO] - Action delay is set to 0 milliseconds

09-12-2024T23:24:57 - [MESSAGE][PASSED] - Browser is opened with url: 'https://opensource-demo.orangehrmlive.com/web/index.php/'

09-12-2024T23:24:57 - [TEST_STEP][PASSED] - maximizeWindow(): Current window maximized

09-12-2024T23:24:57 - [MESSAGE][PASSED] - Current window maximized

09-12-2024T23:24:57 - [TEST_STEP][PASSED] - verifyElementPresent(findTestObject("Login/textLogin"), 0): Object 'Object Repository/Login/textLogin' is present

09-12-2024T23:24:57 - [MESSAGE][WARNING] - Timeout '0' is invalid. Using default page load timeout: '30'

09-12-2024T23:24:58 - [MESSAGE][PASSED] - Object 'Object Repository/Login/textLogin' is present

09-12-2024T23:24:58 - [MESSAGE][PASSED] - Call Test Case 'Test Cases/TC - OW 001/TC 001 Link website benar' successfully

09-12-2024T23:24:58 - [TEST_STEP][PASSED] - click(findTestObject("Login/inputUsername")): Object: 'Object Repository/Login/inputUsername' is clicked on

09-12-2024T23:24:58 - [MESSAGE][PASSED] - Object: 'Object Repository/Login/inputUsername' is clicked on

09-12-2024T23:24:58 - [TEST_STEP][PASSED] - setText(findTestObject("Login/inputUsername"), "admin"): Text 'admin' is set on object 'Object Repository/Login/inputUsername'

09-12-2024T23:25:00 - [MESSAGE][PASSED] - Text 'admin' is set on object 'Object Repository/Login/inputUsername'

09-12-2024T23:25:00 - [TEST_STEP][PASSED] - click(findTestObject("Login/inputPaasword")): Object: 'Object Repository/Login/inputPaasword' is clicked on

09-12-2024T23:25:00 - [MESSAGE][PASSED] - Object: 'Object Repository/Login/inputPaasword' is clicked on

09-12-2024T23:25:00 - [TEST_STEP][PASSED] - setText(findTestObject("Login/inputPaasword"), "admin123"): Text 'admin123' is set on object 'Object Repository/Login/inputPaasword'

09-12-2024T23:25:03 - [MESSAGE][PASSED] - Text 'admin123' is set on object 'Object Repository/Login/inputPaasword'

09-12-2024T23:25:03 - [TEST_STEP][PASSED] - click(findTestObject("Login/buttonLogin")): Object: 'Object Repository/Login/buttonLogin' is clicked on

09-12-2024T23:25:05 - [MESSAGE][PASSED] - Object: 'Object Repository/Login/buttonLogin' is clicked on

09-12-2024T23:25:05 - [TEST_STEP][PASSED] - verifyElementPresent(findTestObject("Dashboard/textDashboard"), 0): Object 'Object Repository/Dashboard/textDashboard' is present

09-12-2024T23:25:06 - [MESSAGE][WARNING] - Timeout '0' is invalid. Using default page load timeout: '30'

09-12-2024T23:25:08 - [MESSAGE][PASSED] - Object 'Object Repository/Dashboard/textDashboard' is present

09-12-2024T23:25:08 - [MESSAGE][PASSED] - Call Test Case 'Test Cases/TC - LW 002/TC 001 Login berhasil' successfully

09-12-2024T23:25:08 - [TEST_STEP][PASSED] - click(findTestObject("PIM/buttonMenupim")): Object: 'Object Repository/PIM/buttonMenupim' is clicked on

09-12-2024T23:25:16 - [MESSAGE][PASSED] - Object: 'Object Repository/PIM/buttonMenupim' is clicked on

09-12-2024T23:25:16 - [TEST_STEP][PASSED] - verifyElementPresent(findTestObject("Dashboard/textDashboard"), 0): Object 'Object Repository/Dashboard/textDashboard' is present

09-12-2024T23:25:17 - [MESSAGE][WARNING] - Timeout '0' is invalid. Using default page load timeout: '30'

09-12-2024T23:25:20 - [MESSAGE][PASSED] - Object 'Object Repository/Dashboard/textDashboard' is present

09-12-2024T23:25:20 - [MESSAGE][PASSED] - Call Test Case 'Test Cases/TC - TK 004/TC 001 Membuka fitur PIM' successfully

09-12-2024T23:25:20 - [TEST_STEP][PASSED] - click(findTestObject("Search Employee/inputUsername")): Object: 'Object Repository/Search Employee/inputUsername' is clicked on

09-12-2024T23:25:23 - [MESSAGE][PASSED] - Object: 'Object Repository/Search Employee/inputUsername' is clicked on

09-12-2024T23:25:23 - [TEST_STEP][PASSED] - click(findTestObject("Search Employee/inputEmployeeid")): Object: 'Object Repository/Search Employee/inputEmployeeid' is clicked on

09-12-2024T23:25:24 - [MESSAGE][PASSED] - Object: 'Object Repository/Search Employee/inputEmployeeid' is clicked on

09-12-2024T23:25:24 - [TEST_STEP][PASSED] - setText(findTestObject("Search Employee/inputEmployeeid"), "060997"): Text '060997' is set on object 'Object Repository/Search Employee/inputEmployeeid'

09-12-2024T23:25:25 - [MESSAGE][PASSED] - Text '060997' is set on object 'Object Repository/Search Employee/inputEmployeeid'

09-12-2024T23:25:25 - [TEST_STEP][PASSED] - click(findTestObject("Search Employee/buttonSearch")): Object: 'Object Repository/Search Employee/buttonSearch' is clicked on

09-12-2024T23:25:27 - [MESSAGE][PASSED] - Object: 'Object Repository/Search Employee/buttonSearch' is clicked on

09-12-2024T23:25:27 - [TEST_STEP][PASSED] - focus(findTestObject("Search Employee/tableEmployee")): Object: 'Object Repository/Search Employee/tableEmployee' is focused

09-12-2024T23:25:28 - [MESSAGE][PASSED] - Object: 'Object Repository/Search Employee/tableEmployee' is focused

09-12-2024T23:25:28 - [TEST_STEP][PASSED] - getText(findTestObject("Search Employee/inputEmployeeid")): Text of object 'Object Repository/Search Employee/inputEmployeeid' is: ''

09-12-2024T23:25:29 - [MESSAGE][PASSED] - Text of object 'Object Repository/Search Employee/inputEmployeeid' is: ''

09-12-2024T23:25:29 - [TEST_STEP][PASSED] - verifyMatch("060997", "060997", false): Actual text '060997' and expected text '060997' are matched 

09-12-2024T23:25:29 - [MESSAGE][PASSED] - Actual text '060997' and expected text '060997' are matched 

09-12-2024T23:25:29 - [TEST_STEP][PASSED] - delay(2): Delayed 2 second(s)

09-12-2024T23:25:31 - [MESSAGE][PASSED] - Delayed 2 second(s)

09-12-2024T23:25:31 - [TEST_STEP][PASSED] - click(findTestObject("Edit Employee/buttonEditemployee")): Object: 'Object Repository/Edit Employee/buttonEditemployee' is clicked on

09-12-2024T23:25:34 - [MESSAGE][PASSED] - Object: 'Object Repository/Edit Employee/buttonEditemployee' is clicked on

09-12-2024T23:25:34 - [TEST_STEP][PASSED] - click(findTestObject("Edit Employee/inputEmployeeid")): Object: 'Object Repository/Edit Employee/inputEmployeeid' is clicked on

09-12-2024T23:25:38 - [MESSAGE][PASSED] - Object: 'Object Repository/Edit Employee/inputEmployeeid' is clicked on

09-12-2024T23:25:38 - [TEST_STEP][PASSED] - sendKeys(findTestObject("Edit Employee/inputEmployeeid"), Keys.chord(CONTROL, "a", DELETE)): Keys 'CONTROL + DELETE + a' sent to object: 'Object Repository/Edit Employee/inputEmployeeid'

09-12-2024T23:25:40 - [MESSAGE][PASSED] - Keys 'CONTROL + DELETE + a' sent to object: 'Object Repository/Edit Employee/inputEmployeeid'

09-12-2024T23:25:40 - [TEST_STEP][PASSED] - setText(findTestObject("Edit Employee/inputEmployeeid"), "970906"): Text '970906' is set on object 'Object Repository/Edit Employee/inputEmployeeid'

09-12-2024T23:25:41 - [MESSAGE][PASSED] - Text '970906' is set on object 'Object Repository/Edit Employee/inputEmployeeid'

09-12-2024T23:25:41 - [TEST_STEP][PASSED] - click(findTestObject("Edit Employee/buttonSave")): Object: 'Object Repository/Edit Employee/buttonSave' is clicked on

09-12-2024T23:25:42 - [MESSAGE][PASSED] - Object: 'Object Repository/Edit Employee/buttonSave' is clicked on

09-12-2024T23:25:42 - [TEST_STEP][PASSED] - verifyElementPresent(findTestObject("Edit Employee/toasSuccess"), 0): Object 'Object Repository/Edit Employee/toasSuccess' is present

09-12-2024T23:25:42 - [MESSAGE][WARNING] - Timeout '0' is invalid. Using default page load timeout: '30'

09-12-2024T23:25:44 - [MESSAGE][PASSED] - Object 'Object Repository/Edit Employee/toasSuccess' is present

09-12-2024T23:25:44 - [TEST_STEP][PASSED] - delay(3): Delayed 3 second(s)

09-12-2024T23:25:47 - [MESSAGE][PASSED] - Delayed 3 second(s)

09-12-2024T23:25:47 - [TEST_STEP][PASSED] - closeBrowser(): Browser is closed

09-12-2024T23:25:48 - [MESSAGE][PASSED] - Browser is closed]]></system-out>
         <system-err><![CDATA[]]></system-err>
      </testcase>
      <testcase name="Test Cases/Scope Test/TC 004 Tekan tombol Yes untuk hapus data" time="49.612" classname="Test Cases/Scope Test/TC 004 Tekan tombol Yes untuk hapus data" status="PASSED">
         <system-out><![CDATA[09-12-2024T23:25:48 - [TEST_CASE][PASSED] - Test Cases/Scope Test/TC 004 Tekan tombol Yes untuk hapus data: Test Cases/Scope Test/TC 004 Tekan tombol Yes untuk hapus data

09-12-2024T23:25:48 - [TEST_STEP][PASSED] - callTestCase(findTestCase("TC - TK 004/TC 001 Membuka fitur PIM"), [:], STOP_ON_FAILURE): Call Test Case 'Test Cases/TC - TK 004/TC 001 Membuka fitur PIM' successfully

09-12-2024T23:25:49 - [TEST_CASE][PASSED] - Test Cases/TC - TK 004/TC 001 Membuka fitur PIM: Test Cases/TC - TK 004/TC 001 Membuka fitur PIM

09-12-2024T23:25:49 - [TEST_STEP][PASSED] - callTestCase(findTestCase("TC - LW 002/TC 001 Login berhasil"), [:], STOP_ON_FAILURE): Call Test Case 'Test Cases/TC - LW 002/TC 001 Login berhasil' successfully

09-12-2024T23:25:49 - [TEST_CASE][PASSED] - Test Cases/TC - LW 002/TC 001 Login berhasil: Test Cases/TC - LW 002/TC 001 Login berhasil

09-12-2024T23:25:49 - [TEST_STEP][PASSED] - callTestCase(findTestCase("TC - OW 001/TC 001 Link website benar"), [:], STOP_ON_FAILURE): Call Test Case 'Test Cases/TC - OW 001/TC 001 Link website benar' successfully

09-12-2024T23:25:49 - [TEST_CASE][PASSED] - Test Cases/TC - OW 001/TC 001 Link website benar: Test Cases/TC - OW 001/TC 001 Link website benar

09-12-2024T23:25:49 - [TEST_STEP][PASSED] - openBrowser("https://opensource-demo.orangehrmlive.com/web/index.php/"): Browser is opened with url: 'https://opensource-demo.orangehrmlive.com/web/index.php/'

09-12-2024T23:25:49 - [MESSAGE][INFO] - Starting 'Chrome' driver

09-12-2024T23:25:49 - [MESSAGE][INFO] - Action delay is set to 0 milliseconds

09-12-2024T23:26:08 - [MESSAGE][PASSED] - Browser is opened with url: 'https://opensource-demo.orangehrmlive.com/web/index.php/'

09-12-2024T23:26:08 - [TEST_STEP][PASSED] - maximizeWindow(): Current window maximized

09-12-2024T23:26:08 - [MESSAGE][PASSED] - Current window maximized

09-12-2024T23:26:08 - [TEST_STEP][PASSED] - verifyElementPresent(findTestObject("Login/textLogin"), 0): Object 'Object Repository/Login/textLogin' is present

09-12-2024T23:26:08 - [MESSAGE][WARNING] - Timeout '0' is invalid. Using default page load timeout: '30'

09-12-2024T23:26:09 - [MESSAGE][PASSED] - Object 'Object Repository/Login/textLogin' is present

09-12-2024T23:26:09 - [MESSAGE][PASSED] - Call Test Case 'Test Cases/TC - OW 001/TC 001 Link website benar' successfully

09-12-2024T23:26:09 - [TEST_STEP][PASSED] - click(findTestObject("Login/inputUsername")): Object: 'Object Repository/Login/inputUsername' is clicked on

09-12-2024T23:26:11 - [MESSAGE][PASSED] - Object: 'Object Repository/Login/inputUsername' is clicked on

09-12-2024T23:26:11 - [TEST_STEP][PASSED] - setText(findTestObject("Login/inputUsername"), "admin"): Text 'admin' is set on object 'Object Repository/Login/inputUsername'

09-12-2024T23:26:11 - [MESSAGE][PASSED] - Text 'admin' is set on object 'Object Repository/Login/inputUsername'

09-12-2024T23:26:11 - [TEST_STEP][PASSED] - click(findTestObject("Login/inputPaasword")): Object: 'Object Repository/Login/inputPaasword' is clicked on

09-12-2024T23:26:12 - [MESSAGE][PASSED] - Object: 'Object Repository/Login/inputPaasword' is clicked on

09-12-2024T23:26:12 - [TEST_STEP][PASSED] - setText(findTestObject("Login/inputPaasword"), "admin123"): Text 'admin123' is set on object 'Object Repository/Login/inputPaasword'

09-12-2024T23:26:13 - [MESSAGE][PASSED] - Text 'admin123' is set on object 'Object Repository/Login/inputPaasword'

09-12-2024T23:26:13 - [TEST_STEP][PASSED] - click(findTestObject("Login/buttonLogin")): Object: 'Object Repository/Login/buttonLogin' is clicked on

09-12-2024T23:26:17 - [MESSAGE][PASSED] - Object: 'Object Repository/Login/buttonLogin' is clicked on

09-12-2024T23:26:17 - [TEST_STEP][PASSED] - verifyElementPresent(findTestObject("Dashboard/textDashboard"), 0): Object 'Object Repository/Dashboard/textDashboard' is present

09-12-2024T23:26:17 - [MESSAGE][WARNING] - Timeout '0' is invalid. Using default page load timeout: '30'

09-12-2024T23:26:21 - [MESSAGE][PASSED] - Object 'Object Repository/Dashboard/textDashboard' is present

09-12-2024T23:26:21 - [MESSAGE][PASSED] - Call Test Case 'Test Cases/TC - LW 002/TC 001 Login berhasil' successfully

09-12-2024T23:26:21 - [TEST_STEP][PASSED] - click(findTestObject("PIM/buttonMenupim")): Object: 'Object Repository/PIM/buttonMenupim' is clicked on

09-12-2024T23:26:22 - [MESSAGE][PASSED] - Object: 'Object Repository/PIM/buttonMenupim' is clicked on

09-12-2024T23:26:22 - [TEST_STEP][PASSED] - verifyElementPresent(findTestObject("Dashboard/textDashboard"), 0): Object 'Object Repository/Dashboard/textDashboard' is present

09-12-2024T23:26:23 - [MESSAGE][WARNING] - Timeout '0' is invalid. Using default page load timeout: '30'

09-12-2024T23:26:25 - [MESSAGE][PASSED] - Object 'Object Repository/Dashboard/textDashboard' is present

09-12-2024T23:26:25 - [MESSAGE][PASSED] - Call Test Case 'Test Cases/TC - TK 004/TC 001 Membuka fitur PIM' successfully

09-12-2024T23:26:25 - [TEST_STEP][PASSED] - click(findTestObject("Search Employee/inputUsername")): Object: 'Object Repository/Search Employee/inputUsername' is clicked on

09-12-2024T23:26:25 - [MESSAGE][PASSED] - Object: 'Object Repository/Search Employee/inputUsername' is clicked on

09-12-2024T23:26:25 - [TEST_STEP][PASSED] - click(findTestObject("Search Employee/inputEmployeeid")): Object: 'Object Repository/Search Employee/inputEmployeeid' is clicked on

09-12-2024T23:26:26 - [MESSAGE][PASSED] - Object: 'Object Repository/Search Employee/inputEmployeeid' is clicked on

09-12-2024T23:26:26 - [TEST_STEP][PASSED] - setText(findTestObject("Search Employee/inputEmployeeid"), "970906"): Text '970906' is set on object 'Object Repository/Search Employee/inputEmployeeid'

09-12-2024T23:26:27 - [MESSAGE][PASSED] - Text '970906' is set on object 'Object Repository/Search Employee/inputEmployeeid'

09-12-2024T23:26:27 - [TEST_STEP][PASSED] - click(findTestObject("Search Employee/buttonSearch")): Object: 'Object Repository/Search Employee/buttonSearch' is clicked on

09-12-2024T23:26:27 - [MESSAGE][PASSED] - Object: 'Object Repository/Search Employee/buttonSearch' is clicked on

09-12-2024T23:26:27 - [TEST_STEP][PASSED] - focus(findTestObject("Search Employee/tableEmployee")): Object: 'Object Repository/Search Employee/tableEmployee' is focused

09-12-2024T23:26:29 - [MESSAGE][PASSED] - Object: 'Object Repository/Search Employee/tableEmployee' is focused

09-12-2024T23:26:29 - [TEST_STEP][PASSED] - getText(findTestObject("Search Employee/inputEmployeeid")): Text of object 'Object Repository/Search Employee/inputEmployeeid' is: ''

09-12-2024T23:26:29 - [MESSAGE][PASSED] - Text of object 'Object Repository/Search Employee/inputEmployeeid' is: ''

09-12-2024T23:26:29 - [TEST_STEP][PASSED] - verifyMatch("970906", "970906", false): Actual text '970906' and expected text '970906' are matched 

09-12-2024T23:26:29 - [MESSAGE][PASSED] - Actual text '970906' and expected text '970906' are matched 

09-12-2024T23:26:29 - [TEST_STEP][PASSED] - click(findTestObject("Delete Employee/buttonDelete")): Object: 'Object Repository/Delete Employee/buttonDelete' is clicked on

09-12-2024T23:26:30 - [MESSAGE][PASSED] - Object: 'Object Repository/Delete Employee/buttonDelete' is clicked on

09-12-2024T23:26:30 - [TEST_STEP][PASSED] - verifyElementPresent(findTestObject("Delete Employee/alertConfirmdelete"), 0): Object 'Object Repository/Delete Employee/alertConfirmdelete' is present

09-12-2024T23:26:30 - [MESSAGE][WARNING] - Timeout '0' is invalid. Using default page load timeout: '30'

09-12-2024T23:26:30 - [MESSAGE][PASSED] - Object 'Object Repository/Delete Employee/alertConfirmdelete' is present

09-12-2024T23:26:30 - [TEST_STEP][PASSED] - delay(2): Delayed 2 second(s)

09-12-2024T23:26:32 - [MESSAGE][PASSED] - Delayed 2 second(s)

09-12-2024T23:26:32 - [TEST_STEP][PASSED] - click(findTestObject("Delete Employee/buttonYesdelete")): Object: 'Object Repository/Delete Employee/buttonYesdelete' is clicked on

09-12-2024T23:26:33 - [MESSAGE][PASSED] - Object: 'Object Repository/Delete Employee/buttonYesdelete' is clicked on

09-12-2024T23:26:33 - [TEST_STEP][PASSED] - verifyElementPresent(findTestObject("Delete Employee/toasSuccess"), 0): Object 'Object Repository/Delete Employee/toasSuccess' is present

09-12-2024T23:26:33 - [MESSAGE][WARNING] - Timeout '0' is invalid. Using default page load timeout: '30'

09-12-2024T23:26:34 - [MESSAGE][PASSED] - Object 'Object Repository/Delete Employee/toasSuccess' is present

09-12-2024T23:26:34 - [TEST_STEP][PASSED] - delay(3): Delayed 3 second(s)

09-12-2024T23:26:37 - [MESSAGE][PASSED] - Delayed 3 second(s)

09-12-2024T23:26:37 - [TEST_STEP][PASSED] - closeBrowser(): Browser is closed

09-12-2024T23:26:37 - [MESSAGE][PASSED] - Browser is closed]]></system-out>
         <system-err><![CDATA[]]></system-err>
      </testcase>
      <testcase name="Test Cases/Scope Test/TC 005 Validasi data yang dihapus" time="50.048" classname="Test Cases/Scope Test/TC 005 Validasi data yang dihapus" status="PASSED">
         <system-out><![CDATA[09-12-2024T23:26:37 - [TEST_CASE][PASSED] - Test Cases/Scope Test/TC 005 Validasi data yang dihapus: Test Cases/Scope Test/TC 005 Validasi data yang dihapus

09-12-2024T23:26:38 - [TEST_STEP][PASSED] - callTestCase(findTestCase("TC - TK 004/TC 001 Membuka fitur PIM"), [:], STOP_ON_FAILURE): Call Test Case 'Test Cases/TC - TK 004/TC 001 Membuka fitur PIM' successfully

09-12-2024T23:26:38 - [TEST_CASE][PASSED] - Test Cases/TC - TK 004/TC 001 Membuka fitur PIM: Test Cases/TC - TK 004/TC 001 Membuka fitur PIM

09-12-2024T23:26:38 - [TEST_STEP][PASSED] - callTestCase(findTestCase("TC - LW 002/TC 001 Login berhasil"), [:], STOP_ON_FAILURE): Call Test Case 'Test Cases/TC - LW 002/TC 001 Login berhasil' successfully

09-12-2024T23:26:38 - [TEST_CASE][PASSED] - Test Cases/TC - LW 002/TC 001 Login berhasil: Test Cases/TC - LW 002/TC 001 Login berhasil

09-12-2024T23:26:38 - [TEST_STEP][PASSED] - callTestCase(findTestCase("TC - OW 001/TC 001 Link website benar"), [:], STOP_ON_FAILURE): Call Test Case 'Test Cases/TC - OW 001/TC 001 Link website benar' successfully

09-12-2024T23:26:38 - [TEST_CASE][PASSED] - Test Cases/TC - OW 001/TC 001 Link website benar: Test Cases/TC - OW 001/TC 001 Link website benar

09-12-2024T23:26:38 - [TEST_STEP][PASSED] - openBrowser("https://opensource-demo.orangehrmlive.com/web/index.php/"): Browser is opened with url: 'https://opensource-demo.orangehrmlive.com/web/index.php/'

09-12-2024T23:26:38 - [MESSAGE][INFO] - Starting 'Chrome' driver

09-12-2024T23:26:38 - [MESSAGE][INFO] - Action delay is set to 0 milliseconds

09-12-2024T23:26:50 - [MESSAGE][PASSED] - Browser is opened with url: 'https://opensource-demo.orangehrmlive.com/web/index.php/'

09-12-2024T23:26:50 - [TEST_STEP][PASSED] - maximizeWindow(): Current window maximized

09-12-2024T23:26:50 - [MESSAGE][PASSED] - Current window maximized

09-12-2024T23:26:50 - [TEST_STEP][PASSED] - verifyElementPresent(findTestObject("Login/textLogin"), 0): Object 'Object Repository/Login/textLogin' is present

09-12-2024T23:26:50 - [MESSAGE][WARNING] - Timeout '0' is invalid. Using default page load timeout: '30'

09-12-2024T23:26:53 - [MESSAGE][PASSED] - Object 'Object Repository/Login/textLogin' is present

09-12-2024T23:26:53 - [MESSAGE][PASSED] - Call Test Case 'Test Cases/TC - OW 001/TC 001 Link website benar' successfully

09-12-2024T23:26:53 - [TEST_STEP][PASSED] - click(findTestObject("Login/inputUsername")): Object: 'Object Repository/Login/inputUsername' is clicked on

09-12-2024T23:26:55 - [MESSAGE][PASSED] - Object: 'Object Repository/Login/inputUsername' is clicked on

09-12-2024T23:26:55 - [TEST_STEP][PASSED] - setText(findTestObject("Login/inputUsername"), "admin"): Text 'admin' is set on object 'Object Repository/Login/inputUsername'

09-12-2024T23:26:59 - [MESSAGE][PASSED] - Text 'admin' is set on object 'Object Repository/Login/inputUsername'

09-12-2024T23:26:59 - [TEST_STEP][PASSED] - click(findTestObject("Login/inputPaasword")): Object: 'Object Repository/Login/inputPaasword' is clicked on

09-12-2024T23:27:01 - [MESSAGE][PASSED] - Object: 'Object Repository/Login/inputPaasword' is clicked on

09-12-2024T23:27:01 - [TEST_STEP][PASSED] - setText(findTestObject("Login/inputPaasword"), "admin123"): Text 'admin123' is set on object 'Object Repository/Login/inputPaasword'

09-12-2024T23:27:02 - [MESSAGE][PASSED] - Text 'admin123' is set on object 'Object Repository/Login/inputPaasword'

09-12-2024T23:27:02 - [TEST_STEP][PASSED] - click(findTestObject("Login/buttonLogin")): Object: 'Object Repository/Login/buttonLogin' is clicked on

09-12-2024T23:27:04 - [MESSAGE][PASSED] - Object: 'Object Repository/Login/buttonLogin' is clicked on

09-12-2024T23:27:04 - [TEST_STEP][PASSED] - verifyElementPresent(findTestObject("Dashboard/textDashboard"), 0): Object 'Object Repository/Dashboard/textDashboard' is present

09-12-2024T23:27:04 - [MESSAGE][WARNING] - Timeout '0' is invalid. Using default page load timeout: '30'

09-12-2024T23:27:08 - [MESSAGE][PASSED] - Object 'Object Repository/Dashboard/textDashboard' is present

09-12-2024T23:27:08 - [MESSAGE][PASSED] - Call Test Case 'Test Cases/TC - LW 002/TC 001 Login berhasil' successfully

09-12-2024T23:27:08 - [TEST_STEP][PASSED] - click(findTestObject("PIM/buttonMenupim")): Object: 'Object Repository/PIM/buttonMenupim' is clicked on

09-12-2024T23:27:09 - [MESSAGE][PASSED] - Object: 'Object Repository/PIM/buttonMenupim' is clicked on

09-12-2024T23:27:09 - [TEST_STEP][PASSED] - verifyElementPresent(findTestObject("Dashboard/textDashboard"), 0): Object 'Object Repository/Dashboard/textDashboard' is present

09-12-2024T23:27:09 - [MESSAGE][WARNING] - Timeout '0' is invalid. Using default page load timeout: '30'

09-12-2024T23:27:12 - [MESSAGE][PASSED] - Object 'Object Repository/Dashboard/textDashboard' is present

09-12-2024T23:27:12 - [MESSAGE][PASSED] - Call Test Case 'Test Cases/TC - TK 004/TC 001 Membuka fitur PIM' successfully

09-12-2024T23:27:12 - [TEST_STEP][PASSED] - click(findTestObject("Search Employee/inputUsername")): Object: 'Object Repository/Search Employee/inputUsername' is clicked on

09-12-2024T23:27:16 - [MESSAGE][PASSED] - Object: 'Object Repository/Search Employee/inputUsername' is clicked on

09-12-2024T23:27:16 - [TEST_STEP][PASSED] - click(findTestObject("Search Employee/inputEmployeeid")): Object: 'Object Repository/Search Employee/inputEmployeeid' is clicked on

09-12-2024T23:27:17 - [MESSAGE][PASSED] - Object: 'Object Repository/Search Employee/inputEmployeeid' is clicked on

09-12-2024T23:27:17 - [TEST_STEP][PASSED] - setText(findTestObject("Search Employee/inputEmployeeid"), "970906"): Text '970906' is set on object 'Object Repository/Search Employee/inputEmployeeid'

09-12-2024T23:27:18 - [MESSAGE][PASSED] - Text '970906' is set on object 'Object Repository/Search Employee/inputEmployeeid'

09-12-2024T23:27:18 - [TEST_STEP][PASSED] - click(findTestObject("Search Employee/buttonSearch")): Object: 'Object Repository/Search Employee/buttonSearch' is clicked on

09-12-2024T23:27:19 - [MESSAGE][PASSED] - Object: 'Object Repository/Search Employee/buttonSearch' is clicked on

09-12-2024T23:27:19 - [TEST_STEP][PASSED] - focus(findTestObject("Search Employee/tableEmployee")): Object: 'Object Repository/Search Employee/tableEmployee' is focused

09-12-2024T23:27:21 - [MESSAGE][PASSED] - Object: 'Object Repository/Search Employee/tableEmployee' is focused

09-12-2024T23:27:21 - [TEST_STEP][PASSED] - getText(findTestObject("Search Employee/inputEmployeeid")): Text of object 'Object Repository/Search Employee/inputEmployeeid' is: ''

09-12-2024T23:27:22 - [MESSAGE][PASSED] - Text of object 'Object Repository/Search Employee/inputEmployeeid' is: ''

09-12-2024T23:27:22 - [TEST_STEP][PASSED] - verifyMatch("970906", "970906", false): Actual text '970906' and expected text '970906' are matched 

09-12-2024T23:27:22 - [MESSAGE][PASSED] - Actual text '970906' and expected text '970906' are matched 

09-12-2024T23:27:22 - [TEST_STEP][PASSED] - delay(5): Delayed 5 second(s)

09-12-2024T23:27:27 - [MESSAGE][PASSED] - Delayed 5 second(s)

09-12-2024T23:27:27 - [TEST_STEP][PASSED] - closeBrowser(): Browser is closed

09-12-2024T23:27:28 - [MESSAGE][PASSED] - Browser is closed]]></system-out>
         <system-err><![CDATA[]]></system-err>
      </testcase>
      <system-out><![CDATA[09-12-2024T23:20:46 - [TEST_SUITE][PASSED] - Scope Test: Test Cases/Scope Test/TC 005 Validasi data yang dihapus]]></system-out>
      <system-err><![CDATA[]]></system-err>
   </testsuite>
</testsuites>
