<?xml version="1.0" encoding="UTF-8"?>
<testsuites name="Edit Karyawan" time="298.159" tests="6" failures="0" errors="0">
   <testsuite name="Edit Karyawan" tests="6" failures="0" errors="0" time="298.159" skipped="0" timestamp="08-12-2024T17:05:28" hostname="rafki - Tester" id="Test Suites/Edit Karyawan">
      <properties>
         <property name="deviceName" value=""/>
         <property name="devicePlatform"/>
         <property name="logFolder" value="C:\\Users\\rafki\\git\\automationTest\\Reports\\20241208_170512\\Edit Karyawan\\20241208_170512"/>
         <property name="logFiles" value="C:\\Users\\rafki\\git\\automationTest\\Reports\\20241208_170512\\Edit Karyawan\\20241208_170512\\execution0.log"/>
         <property name="attachments" value=""/>
         <property name="hostName" value="rafki - Tester"/>
         <property name="os" value="Windows 11 64bit"/>
         <property name="katalonVersion" value="10.0.0.223"/>
         <property name="browser" value="Chrome 131.0.0.0"/>
         <property name="hostAddress" value="192.168.43.169"/>
         <property name="sessionId" value="497f5536d181fb985902496ad73b5ac2"/>
         <property name="seleniumVersion" value="4.22.0"/>
         <property name="proxyInformation" value="ProxyInformation { proxyOption=NO_PROXY, proxyServerType=HTTP, username=, password=********, proxyServerAddress=, proxyServerPort=0, executionList=&quot;&quot;, isApplyToDesiredCapabilities=true }"/>
         <property name="platform" value="Windows 11"/>
      </properties>
      <testcase name="Test Cases/TC - EK 006/TC 001 Mengubah First Name karyawan" time="54.379" classname="Test Cases/TC - EK 006/TC 001 Mengubah First Name karyawan" status="PASSED">
         <system-out><![CDATA[08-12-2024T17:05:29 - [TEST_CASE][PASSED] - Test Cases/TC - EK 006/TC 001 Mengubah First Name karyawan: Test Cases/TC - EK 006/TC 001 Mengubah First Name karyawan

08-12-2024T17:05:30 - [TEST_STEP][PASSED] - callTestCase(findTestCase("TC - TK 004/TC 001 Membuka fitur PIM"), [:], STOP_ON_FAILURE): Call Test Case 'Test Cases/TC - TK 004/TC 001 Membuka fitur PIM' successfully

08-12-2024T17:05:31 - [TEST_CASE][PASSED] - Test Cases/TC - TK 004/TC 001 Membuka fitur PIM: Test Cases/TC - TK 004/TC 001 Membuka fitur PIM

08-12-2024T17:05:31 - [TEST_STEP][PASSED] - callTestCase(findTestCase("TC - LW 002/TC 001 Login berhasil"), [:], STOP_ON_FAILURE): Call Test Case 'Test Cases/TC - LW 002/TC 001 Login berhasil' successfully

08-12-2024T17:05:31 - [TEST_CASE][PASSED] - Test Cases/TC - LW 002/TC 001 Login berhasil: Test Cases/TC - LW 002/TC 001 Login berhasil

08-12-2024T17:05:32 - [TEST_STEP][PASSED] - callTestCase(findTestCase("TC - OW 001/TC 001 Link website benar"), [:], STOP_ON_FAILURE): Call Test Case 'Test Cases/TC - OW 001/TC 001 Link website benar' successfully

08-12-2024T17:05:32 - [TEST_CASE][PASSED] - Test Cases/TC - OW 001/TC 001 Link website benar: Test Cases/TC - OW 001/TC 001 Link website benar

08-12-2024T17:05:32 - [TEST_STEP][PASSED] - openBrowser("https://opensource-demo.orangehrmlive.com/web/index.php/"): Browser is opened with url: 'https://opensource-demo.orangehrmlive.com/web/index.php/'

08-12-2024T17:05:33 - [MESSAGE][INFO] - Starting 'Chrome' driver

08-12-2024T17:05:33 - [MESSAGE][INFO] - Action delay is set to 0 milliseconds

08-12-2024T17:05:48 - [MESSAGE][PASSED] - Browser is opened with url: 'https://opensource-demo.orangehrmlive.com/web/index.php/'

08-12-2024T17:05:48 - [TEST_STEP][PASSED] - maximizeWindow(): Current window maximized

08-12-2024T17:05:49 - [MESSAGE][PASSED] - Current window maximized

08-12-2024T17:05:49 - [TEST_STEP][PASSED] - verifyElementPresent(findTestObject("Login/textLogin"), 0): Object 'Object Repository/Login/textLogin' is present

08-12-2024T17:05:50 - [MESSAGE][WARNING] - Timeout '0' is invalid. Using default page load timeout: '30'

08-12-2024T17:05:51 - [MESSAGE][PASSED] - Object 'Object Repository/Login/textLogin' is present

08-12-2024T17:05:51 - [MESSAGE][PASSED] - Call Test Case 'Test Cases/TC - OW 001/TC 001 Link website benar' successfully

08-12-2024T17:05:51 - [TEST_STEP][PASSED] - click(findTestObject("Login/inputUsername")): Object: 'Object Repository/Login/inputUsername' is clicked on

08-12-2024T17:05:52 - [MESSAGE][PASSED] - Object: 'Object Repository/Login/inputUsername' is clicked on

08-12-2024T17:05:52 - [TEST_STEP][PASSED] - setText(findTestObject("Login/inputUsername"), "admin"): Text 'admin' is set on object 'Object Repository/Login/inputUsername'

08-12-2024T17:05:54 - [MESSAGE][PASSED] - Text 'admin' is set on object 'Object Repository/Login/inputUsername'

08-12-2024T17:05:54 - [TEST_STEP][PASSED] - click(findTestObject("Login/inputPaasword")): Object: 'Object Repository/Login/inputPaasword' is clicked on

08-12-2024T17:05:55 - [MESSAGE][PASSED] - Object: 'Object Repository/Login/inputPaasword' is clicked on

08-12-2024T17:05:55 - [TEST_STEP][PASSED] - setText(findTestObject("Login/inputPaasword"), "admin123"): Text 'admin123' is set on object 'Object Repository/Login/inputPaasword'

08-12-2024T17:05:56 - [MESSAGE][PASSED] - Text 'admin123' is set on object 'Object Repository/Login/inputPaasword'

08-12-2024T17:05:56 - [TEST_STEP][PASSED] - click(findTestObject("Login/buttonLogin")): Object: 'Object Repository/Login/buttonLogin' is clicked on

08-12-2024T17:05:58 - [MESSAGE][PASSED] - Object: 'Object Repository/Login/buttonLogin' is clicked on

08-12-2024T17:05:58 - [TEST_STEP][PASSED] - verifyElementPresent(findTestObject("Dashboard/textDashboard"), 0): Object 'Object Repository/Dashboard/textDashboard' is present

08-12-2024T17:05:58 - [MESSAGE][WARNING] - Timeout '0' is invalid. Using default page load timeout: '30'

08-12-2024T17:06:01 - [MESSAGE][PASSED] - Object 'Object Repository/Dashboard/textDashboard' is present

08-12-2024T17:06:01 - [MESSAGE][PASSED] - Call Test Case 'Test Cases/TC - LW 002/TC 001 Login berhasil' successfully

08-12-2024T17:06:01 - [TEST_STEP][PASSED] - click(findTestObject("PIM/buttonMenupim")): Object: 'Object Repository/PIM/buttonMenupim' is clicked on

08-12-2024T17:06:02 - [MESSAGE][PASSED] - Object: 'Object Repository/PIM/buttonMenupim' is clicked on

08-12-2024T17:06:02 - [TEST_STEP][PASSED] - verifyElementPresent(findTestObject("Dashboard/textDashboard"), 0): Object 'Object Repository/Dashboard/textDashboard' is present

08-12-2024T17:06:02 - [MESSAGE][WARNING] - Timeout '0' is invalid. Using default page load timeout: '30'

08-12-2024T17:06:04 - [MESSAGE][PASSED] - Object 'Object Repository/Dashboard/textDashboard' is present

08-12-2024T17:06:04 - [MESSAGE][PASSED] - Call Test Case 'Test Cases/TC - TK 004/TC 001 Membuka fitur PIM' successfully

08-12-2024T17:06:04 - [TEST_STEP][PASSED] - click(findTestObject("Search Employee/inputUsername")): Object: 'Object Repository/Search Employee/inputUsername' is clicked on

08-12-2024T17:06:05 - [MESSAGE][PASSED] - Object: 'Object Repository/Search Employee/inputUsername' is clicked on

08-12-2024T17:06:05 - [TEST_STEP][PASSED] - click(findTestObject("Search Employee/inputEmployeeid")): Object: 'Object Repository/Search Employee/inputEmployeeid' is clicked on

08-12-2024T17:06:05 - [MESSAGE][PASSED] - Object: 'Object Repository/Search Employee/inputEmployeeid' is clicked on

08-12-2024T17:06:06 - [TEST_STEP][PASSED] - setText(findTestObject("Search Employee/inputEmployeeid"), "060997"): Text '060997' is set on object 'Object Repository/Search Employee/inputEmployeeid'

08-12-2024T17:06:06 - [MESSAGE][PASSED] - Text '060997' is set on object 'Object Repository/Search Employee/inputEmployeeid'

08-12-2024T17:06:06 - [TEST_STEP][PASSED] - click(findTestObject("Search Employee/buttonSearch")): Object: 'Object Repository/Search Employee/buttonSearch' is clicked on

08-12-2024T17:06:07 - [MESSAGE][PASSED] - Object: 'Object Repository/Search Employee/buttonSearch' is clicked on

08-12-2024T17:06:07 - [TEST_STEP][PASSED] - focus(findTestObject("Search Employee/tableEmployee")): Object: 'Object Repository/Search Employee/tableEmployee' is focused

08-12-2024T17:06:09 - [MESSAGE][PASSED] - Object: 'Object Repository/Search Employee/tableEmployee' is focused

08-12-2024T17:06:09 - [TEST_STEP][PASSED] - getText(findTestObject("Search Employee/inputEmployeeid")): Text of object 'Object Repository/Search Employee/inputEmployeeid' is: ''

08-12-2024T17:06:09 - [MESSAGE][PASSED] - Text of object 'Object Repository/Search Employee/inputEmployeeid' is: ''

08-12-2024T17:06:09 - [TEST_STEP][PASSED] - verifyMatch("060997", "060997", false): Actual text '060997' and expected text '060997' are matched 

08-12-2024T17:06:09 - [MESSAGE][PASSED] - Actual text '060997' and expected text '060997' are matched 

08-12-2024T17:06:09 - [TEST_STEP][PASSED] - delay(2): Delayed 2 second(s)

08-12-2024T17:06:11 - [MESSAGE][PASSED] - Delayed 2 second(s)

08-12-2024T17:06:11 - [TEST_STEP][PASSED] - click(findTestObject("Edit Employee/buttonEditemployee")): Object: 'Object Repository/Edit Employee/buttonEditemployee' is clicked on

08-12-2024T17:06:13 - [MESSAGE][PASSED] - Object: 'Object Repository/Edit Employee/buttonEditemployee' is clicked on

08-12-2024T17:06:13 - [TEST_STEP][PASSED] - click(findTestObject("Edit Employee/inputFirstname")): Object: 'Object Repository/Edit Employee/inputFirstname' is clicked on

08-12-2024T17:06:16 - [MESSAGE][PASSED] - Object: 'Object Repository/Edit Employee/inputFirstname' is clicked on

08-12-2024T17:06:16 - [TEST_STEP][PASSED] - sendKeys(findTestObject("Edit Employee/inputFirstname"), Keys.chord(CONTROL, "a", DELETE)): Keys 'CONTROL + DELETE + a' sent to object: 'Object Repository/Edit Employee/inputFirstname'

08-12-2024T17:06:17 - [MESSAGE][PASSED] - Keys 'CONTROL + DELETE + a' sent to object: 'Object Repository/Edit Employee/inputFirstname'

08-12-2024T17:06:17 - [TEST_STEP][PASSED] - setText(findTestObject("Edit Employee/inputFirstname"), "kafi"): Text 'kafi' is set on object 'Object Repository/Edit Employee/inputFirstname'

08-12-2024T17:06:18 - [MESSAGE][PASSED] - Text 'kafi' is set on object 'Object Repository/Edit Employee/inputFirstname'

08-12-2024T17:06:18 - [TEST_STEP][PASSED] - click(findTestObject("Edit Employee/buttonSave")): Object: 'Object Repository/Edit Employee/buttonSave' is clicked on

08-12-2024T17:06:19 - [MESSAGE][PASSED] - Object: 'Object Repository/Edit Employee/buttonSave' is clicked on

08-12-2024T17:06:19 - [TEST_STEP][PASSED] - verifyElementPresent(findTestObject("Edit Employee/toasSuccess"), 0): Object 'Object Repository/Edit Employee/toasSuccess' is present

08-12-2024T17:06:19 - [MESSAGE][WARNING] - Timeout '0' is invalid. Using default page load timeout: '30'

08-12-2024T17:06:19 - [MESSAGE][PASSED] - Object 'Object Repository/Edit Employee/toasSuccess' is present

08-12-2024T17:06:19 - [TEST_STEP][PASSED] - delay(3): Delayed 3 second(s)

08-12-2024T17:06:22 - [MESSAGE][PASSED] - Delayed 3 second(s)

08-12-2024T17:06:22 - [TEST_STEP][PASSED] - closeBrowser(): Browser is closed

08-12-2024T17:06:23 - [MESSAGE][PASSED] - Browser is closed]]></system-out>
         <system-err><![CDATA[]]></system-err>
      </testcase>
      <testcase name="Test Cases/TC - EK 006/TC 002 Mengubah Middle Name karyawan" time="42.894" classname="Test Cases/TC - EK 006/TC 002 Mengubah Middle Name karyawan" status="PASSED">
         <system-out><![CDATA[08-12-2024T17:06:23 - [TEST_CASE][PASSED] - Test Cases/TC - EK 006/TC 002 Mengubah Middle Name karyawan: Test Cases/TC - EK 006/TC 002 Mengubah Middle Name karyawan

08-12-2024T17:06:24 - [TEST_STEP][PASSED] - callTestCase(findTestCase("TC - TK 004/TC 001 Membuka fitur PIM"), [:], STOP_ON_FAILURE): Call Test Case 'Test Cases/TC - TK 004/TC 001 Membuka fitur PIM' successfully

08-12-2024T17:06:24 - [TEST_CASE][PASSED] - Test Cases/TC - TK 004/TC 001 Membuka fitur PIM: Test Cases/TC - TK 004/TC 001 Membuka fitur PIM

08-12-2024T17:06:24 - [TEST_STEP][PASSED] - callTestCase(findTestCase("TC - LW 002/TC 001 Login berhasil"), [:], STOP_ON_FAILURE): Call Test Case 'Test Cases/TC - LW 002/TC 001 Login berhasil' successfully

08-12-2024T17:06:24 - [TEST_CASE][PASSED] - Test Cases/TC - LW 002/TC 001 Login berhasil: Test Cases/TC - LW 002/TC 001 Login berhasil

08-12-2024T17:06:24 - [TEST_STEP][PASSED] - callTestCase(findTestCase("TC - OW 001/TC 001 Link website benar"), [:], STOP_ON_FAILURE): Call Test Case 'Test Cases/TC - OW 001/TC 001 Link website benar' successfully

08-12-2024T17:06:25 - [TEST_CASE][PASSED] - Test Cases/TC - OW 001/TC 001 Link website benar: Test Cases/TC - OW 001/TC 001 Link website benar

08-12-2024T17:06:25 - [TEST_STEP][PASSED] - openBrowser("https://opensource-demo.orangehrmlive.com/web/index.php/"): Browser is opened with url: 'https://opensource-demo.orangehrmlive.com/web/index.php/'

08-12-2024T17:06:25 - [MESSAGE][INFO] - Starting 'Chrome' driver

08-12-2024T17:06:25 - [MESSAGE][INFO] - Action delay is set to 0 milliseconds

08-12-2024T17:06:30 - [MESSAGE][PASSED] - Browser is opened with url: 'https://opensource-demo.orangehrmlive.com/web/index.php/'

08-12-2024T17:06:30 - [TEST_STEP][PASSED] - maximizeWindow(): Current window maximized

08-12-2024T17:06:33 - [MESSAGE][PASSED] - Current window maximized

08-12-2024T17:06:33 - [TEST_STEP][PASSED] - verifyElementPresent(findTestObject("Login/textLogin"), 0): Object 'Object Repository/Login/textLogin' is present

08-12-2024T17:06:33 - [MESSAGE][WARNING] - Timeout '0' is invalid. Using default page load timeout: '30'

08-12-2024T17:06:34 - [MESSAGE][PASSED] - Object 'Object Repository/Login/textLogin' is present

08-12-2024T17:06:34 - [MESSAGE][PASSED] - Call Test Case 'Test Cases/TC - OW 001/TC 001 Link website benar' successfully

08-12-2024T17:06:34 - [TEST_STEP][PASSED] - click(findTestObject("Login/inputUsername")): Object: 'Object Repository/Login/inputUsername' is clicked on

08-12-2024T17:06:35 - [MESSAGE][PASSED] - Object: 'Object Repository/Login/inputUsername' is clicked on

08-12-2024T17:06:35 - [TEST_STEP][PASSED] - setText(findTestObject("Login/inputUsername"), "admin"): Text 'admin' is set on object 'Object Repository/Login/inputUsername'

08-12-2024T17:06:36 - [MESSAGE][PASSED] - Text 'admin' is set on object 'Object Repository/Login/inputUsername'

08-12-2024T17:06:36 - [TEST_STEP][PASSED] - click(findTestObject("Login/inputPaasword")): Object: 'Object Repository/Login/inputPaasword' is clicked on

08-12-2024T17:06:36 - [MESSAGE][PASSED] - Object: 'Object Repository/Login/inputPaasword' is clicked on

08-12-2024T17:06:36 - [TEST_STEP][PASSED] - setText(findTestObject("Login/inputPaasword"), "admin123"): Text 'admin123' is set on object 'Object Repository/Login/inputPaasword'

08-12-2024T17:06:37 - [MESSAGE][PASSED] - Text 'admin123' is set on object 'Object Repository/Login/inputPaasword'

08-12-2024T17:06:37 - [TEST_STEP][PASSED] - click(findTestObject("Login/buttonLogin")): Object: 'Object Repository/Login/buttonLogin' is clicked on

08-12-2024T17:06:39 - [MESSAGE][PASSED] - Object: 'Object Repository/Login/buttonLogin' is clicked on

08-12-2024T17:06:39 - [TEST_STEP][PASSED] - verifyElementPresent(findTestObject("Dashboard/textDashboard"), 0): Object 'Object Repository/Dashboard/textDashboard' is present

08-12-2024T17:06:39 - [MESSAGE][WARNING] - Timeout '0' is invalid. Using default page load timeout: '30'

08-12-2024T17:06:42 - [MESSAGE][PASSED] - Object 'Object Repository/Dashboard/textDashboard' is present

08-12-2024T17:06:42 - [MESSAGE][PASSED] - Call Test Case 'Test Cases/TC - LW 002/TC 001 Login berhasil' successfully

08-12-2024T17:06:42 - [TEST_STEP][PASSED] - click(findTestObject("PIM/buttonMenupim")): Object: 'Object Repository/PIM/buttonMenupim' is clicked on

08-12-2024T17:06:44 - [MESSAGE][PASSED] - Object: 'Object Repository/PIM/buttonMenupim' is clicked on

08-12-2024T17:06:45 - [TEST_STEP][PASSED] - verifyElementPresent(findTestObject("Dashboard/textDashboard"), 0): Object 'Object Repository/Dashboard/textDashboard' is present

08-12-2024T17:06:45 - [MESSAGE][WARNING] - Timeout '0' is invalid. Using default page load timeout: '30'

08-12-2024T17:06:47 - [MESSAGE][PASSED] - Object 'Object Repository/Dashboard/textDashboard' is present

08-12-2024T17:06:47 - [MESSAGE][PASSED] - Call Test Case 'Test Cases/TC - TK 004/TC 001 Membuka fitur PIM' successfully

08-12-2024T17:06:47 - [TEST_STEP][PASSED] - click(findTestObject("Search Employee/inputUsername")): Object: 'Object Repository/Search Employee/inputUsername' is clicked on

08-12-2024T17:06:48 - [MESSAGE][PASSED] - Object: 'Object Repository/Search Employee/inputUsername' is clicked on

08-12-2024T17:06:48 - [TEST_STEP][PASSED] - click(findTestObject("Search Employee/inputEmployeeid")): Object: 'Object Repository/Search Employee/inputEmployeeid' is clicked on

08-12-2024T17:06:49 - [MESSAGE][PASSED] - Object: 'Object Repository/Search Employee/inputEmployeeid' is clicked on

08-12-2024T17:06:49 - [TEST_STEP][PASSED] - setText(findTestObject("Search Employee/inputEmployeeid"), "060997"): Text '060997' is set on object 'Object Repository/Search Employee/inputEmployeeid'

08-12-2024T17:06:50 - [MESSAGE][PASSED] - Text '060997' is set on object 'Object Repository/Search Employee/inputEmployeeid'

08-12-2024T17:06:50 - [TEST_STEP][PASSED] - click(findTestObject("Search Employee/buttonSearch")): Object: 'Object Repository/Search Employee/buttonSearch' is clicked on

08-12-2024T17:06:50 - [MESSAGE][PASSED] - Object: 'Object Repository/Search Employee/buttonSearch' is clicked on

08-12-2024T17:06:50 - [TEST_STEP][PASSED] - focus(findTestObject("Search Employee/tableEmployee")): Object: 'Object Repository/Search Employee/tableEmployee' is focused

08-12-2024T17:06:52 - [MESSAGE][PASSED] - Object: 'Object Repository/Search Employee/tableEmployee' is focused

08-12-2024T17:06:52 - [TEST_STEP][PASSED] - getText(findTestObject("Search Employee/inputEmployeeid")): Text of object 'Object Repository/Search Employee/inputEmployeeid' is: ''

08-12-2024T17:06:52 - [MESSAGE][PASSED] - Text of object 'Object Repository/Search Employee/inputEmployeeid' is: ''

08-12-2024T17:06:52 - [TEST_STEP][PASSED] - verifyMatch("060997", "060997", false): Actual text '060997' and expected text '060997' are matched 

08-12-2024T17:06:52 - [MESSAGE][PASSED] - Actual text '060997' and expected text '060997' are matched 

08-12-2024T17:06:52 - [TEST_STEP][PASSED] - delay(2): Delayed 2 second(s)

08-12-2024T17:06:54 - [MESSAGE][PASSED] - Delayed 2 second(s)

08-12-2024T17:06:54 - [TEST_STEP][PASSED] - click(findTestObject("Edit Employee/buttonEditemployee")): Object: 'Object Repository/Edit Employee/buttonEditemployee' is clicked on

08-12-2024T17:06:56 - [MESSAGE][PASSED] - Object: 'Object Repository/Edit Employee/buttonEditemployee' is clicked on

08-12-2024T17:06:56 - [TEST_STEP][PASSED] - click(findTestObject("Edit Employee/inputMiddlename")): Object: 'Object Repository/Edit Employee/inputMiddlename' is clicked on

08-12-2024T17:06:59 - [MESSAGE][PASSED] - Object: 'Object Repository/Edit Employee/inputMiddlename' is clicked on

08-12-2024T17:06:59 - [TEST_STEP][PASSED] - sendKeys(findTestObject("Edit Employee/inputMiddlename"), Keys.chord(CONTROL, "a", DELETE)): Keys 'CONTROL + DELETE + a' sent to object: 'Object Repository/Edit Employee/inputMiddlename'

08-12-2024T17:06:59 - [MESSAGE][PASSED] - Keys 'CONTROL + DELETE + a' sent to object: 'Object Repository/Edit Employee/inputMiddlename'

08-12-2024T17:06:59 - [TEST_STEP][PASSED] - setText(findTestObject("Edit Employee/inputMiddlename"), "abdullah"): Text 'abdullah' is set on object 'Object Repository/Edit Employee/inputMiddlename'

08-12-2024T17:07:00 - [MESSAGE][PASSED] - Text 'abdullah' is set on object 'Object Repository/Edit Employee/inputMiddlename'

08-12-2024T17:07:00 - [TEST_STEP][PASSED] - click(findTestObject("Edit Employee/buttonSave")): Object: 'Object Repository/Edit Employee/buttonSave' is clicked on

08-12-2024T17:07:01 - [MESSAGE][PASSED] - Object: 'Object Repository/Edit Employee/buttonSave' is clicked on

08-12-2024T17:07:01 - [TEST_STEP][PASSED] - verifyElementPresent(findTestObject("Edit Employee/toasSuccess"), 0): Object 'Object Repository/Edit Employee/toasSuccess' is present

08-12-2024T17:07:01 - [MESSAGE][WARNING] - Timeout '0' is invalid. Using default page load timeout: '30'

08-12-2024T17:07:02 - [MESSAGE][PASSED] - Object 'Object Repository/Edit Employee/toasSuccess' is present

08-12-2024T17:07:02 - [TEST_STEP][PASSED] - delay(3): Delayed 3 second(s)

08-12-2024T17:07:05 - [MESSAGE][PASSED] - Delayed 3 second(s)

08-12-2024T17:07:05 - [TEST_STEP][PASSED] - closeBrowser(): Browser is closed

08-12-2024T17:07:06 - [MESSAGE][PASSED] - Browser is closed]]></system-out>
         <system-err><![CDATA[]]></system-err>
      </testcase>
      <testcase name="Test Cases/TC - EK 006/TC 003 Mengubah Last Name karyawan" time="39.934" classname="Test Cases/TC - EK 006/TC 003 Mengubah Last Name karyawan" status="PASSED">
         <system-out><![CDATA[08-12-2024T17:07:06 - [TEST_CASE][PASSED] - Test Cases/TC - EK 006/TC 003 Mengubah Last Name karyawan: Test Cases/TC - EK 006/TC 003 Mengubah Last Name karyawan

08-12-2024T17:07:07 - [TEST_STEP][PASSED] - callTestCase(findTestCase("TC - TK 004/TC 001 Membuka fitur PIM"), [:], STOP_ON_FAILURE): Call Test Case 'Test Cases/TC - TK 004/TC 001 Membuka fitur PIM' successfully

08-12-2024T17:07:07 - [TEST_CASE][PASSED] - Test Cases/TC - TK 004/TC 001 Membuka fitur PIM: Test Cases/TC - TK 004/TC 001 Membuka fitur PIM

08-12-2024T17:07:07 - [TEST_STEP][PASSED] - callTestCase(findTestCase("TC - LW 002/TC 001 Login berhasil"), [:], STOP_ON_FAILURE): Call Test Case 'Test Cases/TC - LW 002/TC 001 Login berhasil' successfully

08-12-2024T17:07:07 - [TEST_CASE][PASSED] - Test Cases/TC - LW 002/TC 001 Login berhasil: Test Cases/TC - LW 002/TC 001 Login berhasil

08-12-2024T17:07:07 - [TEST_STEP][PASSED] - callTestCase(findTestCase("TC - OW 001/TC 001 Link website benar"), [:], STOP_ON_FAILURE): Call Test Case 'Test Cases/TC - OW 001/TC 001 Link website benar' successfully

08-12-2024T17:07:07 - [TEST_CASE][PASSED] - Test Cases/TC - OW 001/TC 001 Link website benar: Test Cases/TC - OW 001/TC 001 Link website benar

08-12-2024T17:07:07 - [TEST_STEP][PASSED] - openBrowser("https://opensource-demo.orangehrmlive.com/web/index.php/"): Browser is opened with url: 'https://opensource-demo.orangehrmlive.com/web/index.php/'

08-12-2024T17:07:07 - [MESSAGE][INFO] - Starting 'Chrome' driver

08-12-2024T17:07:07 - [MESSAGE][INFO] - Action delay is set to 0 milliseconds

08-12-2024T17:07:16 - [MESSAGE][PASSED] - Browser is opened with url: 'https://opensource-demo.orangehrmlive.com/web/index.php/'

08-12-2024T17:07:16 - [TEST_STEP][PASSED] - maximizeWindow(): Current window maximized

08-12-2024T17:07:16 - [MESSAGE][PASSED] - Current window maximized

08-12-2024T17:07:16 - [TEST_STEP][PASSED] - verifyElementPresent(findTestObject("Login/textLogin"), 0): Object 'Object Repository/Login/textLogin' is present

08-12-2024T17:07:16 - [MESSAGE][WARNING] - Timeout '0' is invalid. Using default page load timeout: '30'

08-12-2024T17:07:17 - [MESSAGE][PASSED] - Object 'Object Repository/Login/textLogin' is present

08-12-2024T17:07:17 - [MESSAGE][PASSED] - Call Test Case 'Test Cases/TC - OW 001/TC 001 Link website benar' successfully

08-12-2024T17:07:17 - [TEST_STEP][PASSED] - click(findTestObject("Login/inputUsername")): Object: 'Object Repository/Login/inputUsername' is clicked on

08-12-2024T17:07:17 - [MESSAGE][PASSED] - Object: 'Object Repository/Login/inputUsername' is clicked on

08-12-2024T17:07:17 - [TEST_STEP][PASSED] - setText(findTestObject("Login/inputUsername"), "admin"): Text 'admin' is set on object 'Object Repository/Login/inputUsername'

08-12-2024T17:07:18 - [MESSAGE][PASSED] - Text 'admin' is set on object 'Object Repository/Login/inputUsername'

08-12-2024T17:07:18 - [TEST_STEP][PASSED] - click(findTestObject("Login/inputPaasword")): Object: 'Object Repository/Login/inputPaasword' is clicked on

08-12-2024T17:07:19 - [MESSAGE][PASSED] - Object: 'Object Repository/Login/inputPaasword' is clicked on

08-12-2024T17:07:19 - [TEST_STEP][PASSED] - setText(findTestObject("Login/inputPaasword"), "admin123"): Text 'admin123' is set on object 'Object Repository/Login/inputPaasword'

08-12-2024T17:07:20 - [MESSAGE][PASSED] - Text 'admin123' is set on object 'Object Repository/Login/inputPaasword'

08-12-2024T17:07:20 - [TEST_STEP][PASSED] - click(findTestObject("Login/buttonLogin")): Object: 'Object Repository/Login/buttonLogin' is clicked on

08-12-2024T17:07:22 - [MESSAGE][PASSED] - Object: 'Object Repository/Login/buttonLogin' is clicked on

08-12-2024T17:07:22 - [TEST_STEP][PASSED] - verifyElementPresent(findTestObject("Dashboard/textDashboard"), 0): Object 'Object Repository/Dashboard/textDashboard' is present

08-12-2024T17:07:22 - [MESSAGE][WARNING] - Timeout '0' is invalid. Using default page load timeout: '30'

08-12-2024T17:07:24 - [MESSAGE][PASSED] - Object 'Object Repository/Dashboard/textDashboard' is present

08-12-2024T17:07:25 - [MESSAGE][PASSED] - Call Test Case 'Test Cases/TC - LW 002/TC 001 Login berhasil' successfully

08-12-2024T17:07:25 - [TEST_STEP][PASSED] - click(findTestObject("PIM/buttonMenupim")): Object: 'Object Repository/PIM/buttonMenupim' is clicked on

08-12-2024T17:07:27 - [MESSAGE][PASSED] - Object: 'Object Repository/PIM/buttonMenupim' is clicked on

08-12-2024T17:07:27 - [TEST_STEP][PASSED] - verifyElementPresent(findTestObject("Dashboard/textDashboard"), 0): Object 'Object Repository/Dashboard/textDashboard' is present

08-12-2024T17:07:27 - [MESSAGE][WARNING] - Timeout '0' is invalid. Using default page load timeout: '30'

08-12-2024T17:07:29 - [MESSAGE][PASSED] - Object 'Object Repository/Dashboard/textDashboard' is present

08-12-2024T17:07:29 - [MESSAGE][PASSED] - Call Test Case 'Test Cases/TC - TK 004/TC 001 Membuka fitur PIM' successfully

08-12-2024T17:07:29 - [TEST_STEP][PASSED] - click(findTestObject("Search Employee/inputUsername")): Object: 'Object Repository/Search Employee/inputUsername' is clicked on

08-12-2024T17:07:30 - [MESSAGE][PASSED] - Object: 'Object Repository/Search Employee/inputUsername' is clicked on

08-12-2024T17:07:30 - [TEST_STEP][PASSED] - click(findTestObject("Search Employee/inputEmployeeid")): Object: 'Object Repository/Search Employee/inputEmployeeid' is clicked on

08-12-2024T17:07:30 - [MESSAGE][PASSED] - Object: 'Object Repository/Search Employee/inputEmployeeid' is clicked on

08-12-2024T17:07:30 - [TEST_STEP][PASSED] - setText(findTestObject("Search Employee/inputEmployeeid"), "060997"): Text '060997' is set on object 'Object Repository/Search Employee/inputEmployeeid'

08-12-2024T17:07:31 - [MESSAGE][PASSED] - Text '060997' is set on object 'Object Repository/Search Employee/inputEmployeeid'

08-12-2024T17:07:31 - [TEST_STEP][PASSED] - click(findTestObject("Search Employee/buttonSearch")): Object: 'Object Repository/Search Employee/buttonSearch' is clicked on

08-12-2024T17:07:32 - [MESSAGE][PASSED] - Object: 'Object Repository/Search Employee/buttonSearch' is clicked on

08-12-2024T17:07:32 - [TEST_STEP][PASSED] - focus(findTestObject("Search Employee/tableEmployee")): Object: 'Object Repository/Search Employee/tableEmployee' is focused

08-12-2024T17:07:33 - [MESSAGE][PASSED] - Object: 'Object Repository/Search Employee/tableEmployee' is focused

08-12-2024T17:07:33 - [TEST_STEP][PASSED] - getText(findTestObject("Search Employee/inputEmployeeid")): Text of object 'Object Repository/Search Employee/inputEmployeeid' is: ''

08-12-2024T17:07:33 - [MESSAGE][PASSED] - Text of object 'Object Repository/Search Employee/inputEmployeeid' is: ''

08-12-2024T17:07:33 - [TEST_STEP][PASSED] - verifyMatch("060997", "060997", false): Actual text '060997' and expected text '060997' are matched 

08-12-2024T17:07:33 - [MESSAGE][PASSED] - Actual text '060997' and expected text '060997' are matched 

08-12-2024T17:07:33 - [TEST_STEP][PASSED] - delay(2): Delayed 2 second(s)

08-12-2024T17:07:35 - [MESSAGE][PASSED] - Delayed 2 second(s)

08-12-2024T17:07:35 - [TEST_STEP][PASSED] - click(findTestObject("Edit Employee/buttonEditemployee")): Object: 'Object Repository/Edit Employee/buttonEditemployee' is clicked on

08-12-2024T17:07:37 - [MESSAGE][PASSED] - Object: 'Object Repository/Edit Employee/buttonEditemployee' is clicked on

08-12-2024T17:07:37 - [TEST_STEP][PASSED] - click(findTestObject("Edit Employee/inputLastname")): Object: 'Object Repository/Edit Employee/inputLastname' is clicked on

08-12-2024T17:07:39 - [MESSAGE][PASSED] - Object: 'Object Repository/Edit Employee/inputLastname' is clicked on

08-12-2024T17:07:39 - [TEST_STEP][PASSED] - sendKeys(findTestObject("Edit Employee/inputLastname"), Keys.chord(CONTROL, "a", DELETE)): Keys 'CONTROL + DELETE + a' sent to object: 'Object Repository/Edit Employee/inputLastname'

08-12-2024T17:07:40 - [MESSAGE][PASSED] - Keys 'CONTROL + DELETE + a' sent to object: 'Object Repository/Edit Employee/inputLastname'

08-12-2024T17:07:40 - [TEST_STEP][PASSED] - setText(findTestObject("Edit Employee/inputLastname"), "rafki mustafa"): Text 'rafki mustafa' is set on object 'Object Repository/Edit Employee/inputLastname'

08-12-2024T17:07:41 - [MESSAGE][PASSED] - Text 'rafki mustafa' is set on object 'Object Repository/Edit Employee/inputLastname'

08-12-2024T17:07:41 - [TEST_STEP][PASSED] - click(findTestObject("Edit Employee/buttonSave")): Object: 'Object Repository/Edit Employee/buttonSave' is clicked on

08-12-2024T17:07:42 - [MESSAGE][PASSED] - Object: 'Object Repository/Edit Employee/buttonSave' is clicked on

08-12-2024T17:07:42 - [TEST_STEP][PASSED] - verifyElementPresent(findTestObject("Edit Employee/toasSuccess"), 0): Object 'Object Repository/Edit Employee/toasSuccess' is present

08-12-2024T17:07:42 - [MESSAGE][WARNING] - Timeout '0' is invalid. Using default page load timeout: '30'

08-12-2024T17:07:42 - [MESSAGE][PASSED] - Object 'Object Repository/Edit Employee/toasSuccess' is present

08-12-2024T17:07:42 - [TEST_STEP][PASSED] - delay(3): Delayed 3 second(s)

08-12-2024T17:07:45 - [MESSAGE][PASSED] - Delayed 3 second(s)

08-12-2024T17:07:45 - [TEST_STEP][PASSED] - closeBrowser(): Browser is closed

08-12-2024T17:07:46 - [MESSAGE][PASSED] - Browser is closed]]></system-out>
         <system-err><![CDATA[]]></system-err>
      </testcase>
      <testcase name="Test Cases/TC - EK 006/TC 004 Mengubah Employee id karyawan" time="40.481" classname="Test Cases/TC - EK 006/TC 004 Mengubah Employee id karyawan" status="PASSED">
         <system-out><![CDATA[08-12-2024T17:07:46 - [TEST_CASE][PASSED] - Test Cases/TC - EK 006/TC 004 Mengubah Employee id karyawan: Test Cases/TC - EK 006/TC 004 Mengubah Employee id karyawan

08-12-2024T17:07:47 - [TEST_STEP][PASSED] - callTestCase(findTestCase("TC - TK 004/TC 001 Membuka fitur PIM"), [:], STOP_ON_FAILURE): Call Test Case 'Test Cases/TC - TK 004/TC 001 Membuka fitur PIM' successfully

08-12-2024T17:07:47 - [TEST_CASE][PASSED] - Test Cases/TC - TK 004/TC 001 Membuka fitur PIM: Test Cases/TC - TK 004/TC 001 Membuka fitur PIM

08-12-2024T17:07:47 - [TEST_STEP][PASSED] - callTestCase(findTestCase("TC - LW 002/TC 001 Login berhasil"), [:], STOP_ON_FAILURE): Call Test Case 'Test Cases/TC - LW 002/TC 001 Login berhasil' successfully

08-12-2024T17:07:47 - [TEST_CASE][PASSED] - Test Cases/TC - LW 002/TC 001 Login berhasil: Test Cases/TC - LW 002/TC 001 Login berhasil

08-12-2024T17:07:47 - [TEST_STEP][PASSED] - callTestCase(findTestCase("TC - OW 001/TC 001 Link website benar"), [:], STOP_ON_FAILURE): Call Test Case 'Test Cases/TC - OW 001/TC 001 Link website benar' successfully

08-12-2024T17:07:47 - [TEST_CASE][PASSED] - Test Cases/TC - OW 001/TC 001 Link website benar: Test Cases/TC - OW 001/TC 001 Link website benar

08-12-2024T17:07:47 - [TEST_STEP][PASSED] - openBrowser("https://opensource-demo.orangehrmlive.com/web/index.php/"): Browser is opened with url: 'https://opensource-demo.orangehrmlive.com/web/index.php/'

08-12-2024T17:07:47 - [MESSAGE][INFO] - Starting 'Chrome' driver

08-12-2024T17:07:47 - [MESSAGE][INFO] - Action delay is set to 0 milliseconds

08-12-2024T17:07:55 - [MESSAGE][PASSED] - Browser is opened with url: 'https://opensource-demo.orangehrmlive.com/web/index.php/'

08-12-2024T17:07:55 - [TEST_STEP][PASSED] - maximizeWindow(): Current window maximized

08-12-2024T17:07:55 - [MESSAGE][PASSED] - Current window maximized

08-12-2024T17:07:55 - [TEST_STEP][PASSED] - verifyElementPresent(findTestObject("Login/textLogin"), 0): Object 'Object Repository/Login/textLogin' is present

08-12-2024T17:07:55 - [MESSAGE][WARNING] - Timeout '0' is invalid. Using default page load timeout: '30'

08-12-2024T17:07:56 - [MESSAGE][PASSED] - Object 'Object Repository/Login/textLogin' is present

08-12-2024T17:07:56 - [MESSAGE][PASSED] - Call Test Case 'Test Cases/TC - OW 001/TC 001 Link website benar' successfully

08-12-2024T17:07:56 - [TEST_STEP][PASSED] - click(findTestObject("Login/inputUsername")): Object: 'Object Repository/Login/inputUsername' is clicked on

08-12-2024T17:07:57 - [MESSAGE][PASSED] - Object: 'Object Repository/Login/inputUsername' is clicked on

08-12-2024T17:07:57 - [TEST_STEP][PASSED] - setText(findTestObject("Login/inputUsername"), "admin"): Text 'admin' is set on object 'Object Repository/Login/inputUsername'

08-12-2024T17:07:58 - [MESSAGE][PASSED] - Text 'admin' is set on object 'Object Repository/Login/inputUsername'

08-12-2024T17:07:58 - [TEST_STEP][PASSED] - click(findTestObject("Login/inputPaasword")): Object: 'Object Repository/Login/inputPaasword' is clicked on

08-12-2024T17:07:58 - [MESSAGE][PASSED] - Object: 'Object Repository/Login/inputPaasword' is clicked on

08-12-2024T17:07:58 - [TEST_STEP][PASSED] - setText(findTestObject("Login/inputPaasword"), "admin123"): Text 'admin123' is set on object 'Object Repository/Login/inputPaasword'

08-12-2024T17:08:00 - [MESSAGE][PASSED] - Text 'admin123' is set on object 'Object Repository/Login/inputPaasword'

08-12-2024T17:08:00 - [TEST_STEP][PASSED] - click(findTestObject("Login/buttonLogin")): Object: 'Object Repository/Login/buttonLogin' is clicked on

08-12-2024T17:08:01 - [MESSAGE][PASSED] - Object: 'Object Repository/Login/buttonLogin' is clicked on

08-12-2024T17:08:01 - [TEST_STEP][PASSED] - verifyElementPresent(findTestObject("Dashboard/textDashboard"), 0): Object 'Object Repository/Dashboard/textDashboard' is present

08-12-2024T17:08:01 - [MESSAGE][WARNING] - Timeout '0' is invalid. Using default page load timeout: '30'

08-12-2024T17:08:04 - [MESSAGE][PASSED] - Object 'Object Repository/Dashboard/textDashboard' is present

08-12-2024T17:08:04 - [MESSAGE][PASSED] - Call Test Case 'Test Cases/TC - LW 002/TC 001 Login berhasil' successfully

08-12-2024T17:08:04 - [TEST_STEP][PASSED] - click(findTestObject("PIM/buttonMenupim")): Object: 'Object Repository/PIM/buttonMenupim' is clicked on

08-12-2024T17:08:06 - [MESSAGE][PASSED] - Object: 'Object Repository/PIM/buttonMenupim' is clicked on

08-12-2024T17:08:06 - [TEST_STEP][PASSED] - verifyElementPresent(findTestObject("Dashboard/textDashboard"), 0): Object 'Object Repository/Dashboard/textDashboard' is present

08-12-2024T17:08:07 - [MESSAGE][WARNING] - Timeout '0' is invalid. Using default page load timeout: '30'

08-12-2024T17:08:09 - [MESSAGE][PASSED] - Object 'Object Repository/Dashboard/textDashboard' is present

08-12-2024T17:08:09 - [MESSAGE][PASSED] - Call Test Case 'Test Cases/TC - TK 004/TC 001 Membuka fitur PIM' successfully

08-12-2024T17:08:09 - [TEST_STEP][PASSED] - click(findTestObject("Search Employee/inputUsername")): Object: 'Object Repository/Search Employee/inputUsername' is clicked on

08-12-2024T17:08:10 - [MESSAGE][PASSED] - Object: 'Object Repository/Search Employee/inputUsername' is clicked on

08-12-2024T17:08:10 - [TEST_STEP][PASSED] - click(findTestObject("Search Employee/inputEmployeeid")): Object: 'Object Repository/Search Employee/inputEmployeeid' is clicked on

08-12-2024T17:08:11 - [MESSAGE][PASSED] - Object: 'Object Repository/Search Employee/inputEmployeeid' is clicked on

08-12-2024T17:08:11 - [TEST_STEP][PASSED] - setText(findTestObject("Search Employee/inputEmployeeid"), "060997"): Text '060997' is set on object 'Object Repository/Search Employee/inputEmployeeid'

08-12-2024T17:08:12 - [MESSAGE][PASSED] - Text '060997' is set on object 'Object Repository/Search Employee/inputEmployeeid'

08-12-2024T17:08:12 - [TEST_STEP][PASSED] - click(findTestObject("Search Employee/buttonSearch")): Object: 'Object Repository/Search Employee/buttonSearch' is clicked on

08-12-2024T17:08:12 - [MESSAGE][PASSED] - Object: 'Object Repository/Search Employee/buttonSearch' is clicked on

08-12-2024T17:08:12 - [TEST_STEP][PASSED] - focus(findTestObject("Search Employee/tableEmployee")): Object: 'Object Repository/Search Employee/tableEmployee' is focused

08-12-2024T17:08:13 - [MESSAGE][PASSED] - Object: 'Object Repository/Search Employee/tableEmployee' is focused

08-12-2024T17:08:13 - [TEST_STEP][PASSED] - getText(findTestObject("Search Employee/inputEmployeeid")): Text of object 'Object Repository/Search Employee/inputEmployeeid' is: ''

08-12-2024T17:08:14 - [MESSAGE][PASSED] - Text of object 'Object Repository/Search Employee/inputEmployeeid' is: ''

08-12-2024T17:08:14 - [TEST_STEP][PASSED] - verifyMatch("060997", "060997", false): Actual text '060997' and expected text '060997' are matched 

08-12-2024T17:08:14 - [MESSAGE][PASSED] - Actual text '060997' and expected text '060997' are matched 

08-12-2024T17:08:14 - [TEST_STEP][PASSED] - delay(2): Delayed 2 second(s)

08-12-2024T17:08:16 - [MESSAGE][PASSED] - Delayed 2 second(s)

08-12-2024T17:08:16 - [TEST_STEP][PASSED] - click(findTestObject("Edit Employee/buttonEditemployee")): Object: 'Object Repository/Edit Employee/buttonEditemployee' is clicked on

08-12-2024T17:08:17 - [MESSAGE][PASSED] - Object: 'Object Repository/Edit Employee/buttonEditemployee' is clicked on

08-12-2024T17:08:17 - [TEST_STEP][PASSED] - click(findTestObject("Edit Employee/inputEmployeeid")): Object: 'Object Repository/Edit Employee/inputEmployeeid' is clicked on

08-12-2024T17:08:20 - [MESSAGE][PASSED] - Object: 'Object Repository/Edit Employee/inputEmployeeid' is clicked on

08-12-2024T17:08:20 - [TEST_STEP][PASSED] - sendKeys(findTestObject("Edit Employee/inputEmployeeid"), Keys.chord(CONTROL, "a", DELETE)): Keys 'CONTROL + DELETE + a' sent to object: 'Object Repository/Edit Employee/inputEmployeeid'

08-12-2024T17:08:20 - [MESSAGE][PASSED] - Keys 'CONTROL + DELETE + a' sent to object: 'Object Repository/Edit Employee/inputEmployeeid'

08-12-2024T17:08:20 - [TEST_STEP][PASSED] - setText(findTestObject("Edit Employee/inputEmployeeid"), "970906"): Text '970906' is set on object 'Object Repository/Edit Employee/inputEmployeeid'

08-12-2024T17:08:21 - [MESSAGE][PASSED] - Text '970906' is set on object 'Object Repository/Edit Employee/inputEmployeeid'

08-12-2024T17:08:21 - [TEST_STEP][PASSED] - click(findTestObject("Edit Employee/buttonSave")): Object: 'Object Repository/Edit Employee/buttonSave' is clicked on

08-12-2024T17:08:22 - [MESSAGE][PASSED] - Object: 'Object Repository/Edit Employee/buttonSave' is clicked on

08-12-2024T17:08:22 - [TEST_STEP][PASSED] - verifyElementPresent(findTestObject("Edit Employee/toasSuccess"), 0): Object 'Object Repository/Edit Employee/toasSuccess' is present

08-12-2024T17:08:22 - [MESSAGE][WARNING] - Timeout '0' is invalid. Using default page load timeout: '30'

08-12-2024T17:08:22 - [MESSAGE][PASSED] - Object 'Object Repository/Edit Employee/toasSuccess' is present

08-12-2024T17:08:22 - [TEST_STEP][PASSED] - delay(3): Delayed 3 second(s)

08-12-2024T17:08:26 - [MESSAGE][PASSED] - Delayed 3 second(s)

08-12-2024T17:08:26 - [TEST_STEP][PASSED] - closeBrowser(): Browser is closed

08-12-2024T17:08:27 - [MESSAGE][PASSED] - Browser is closed]]></system-out>
         <system-err><![CDATA[]]></system-err>
      </testcase>
      <testcase name="Test Cases/TC - EK 006/TC 005 Mengubah Foto Profil karyawan PNG" time="60.746" classname="Test Cases/TC - EK 006/TC 005 Mengubah Foto Profil karyawan PNG" status="PASSED">
         <system-out><![CDATA[08-12-2024T17:08:27 - [TEST_CASE][PASSED] - Test Cases/TC - EK 006/TC 005 Mengubah Foto Profil karyawan PNG: Test Cases/TC - EK 006/TC 005 Mengubah Foto Profil karyawan PNG

08-12-2024T17:08:28 - [TEST_STEP][PASSED] - callTestCase(findTestCase("TC - TK 004/TC 001 Membuka fitur PIM"), [:], STOP_ON_FAILURE): Call Test Case 'Test Cases/TC - TK 004/TC 001 Membuka fitur PIM' successfully

08-12-2024T17:08:28 - [TEST_CASE][PASSED] - Test Cases/TC - TK 004/TC 001 Membuka fitur PIM: Test Cases/TC - TK 004/TC 001 Membuka fitur PIM

08-12-2024T17:08:28 - [TEST_STEP][PASSED] - callTestCase(findTestCase("TC - LW 002/TC 001 Login berhasil"), [:], STOP_ON_FAILURE): Call Test Case 'Test Cases/TC - LW 002/TC 001 Login berhasil' successfully

08-12-2024T17:08:28 - [TEST_CASE][PASSED] - Test Cases/TC - LW 002/TC 001 Login berhasil: Test Cases/TC - LW 002/TC 001 Login berhasil

08-12-2024T17:08:28 - [TEST_STEP][PASSED] - callTestCase(findTestCase("TC - OW 001/TC 001 Link website benar"), [:], STOP_ON_FAILURE): Call Test Case 'Test Cases/TC - OW 001/TC 001 Link website benar' successfully

08-12-2024T17:08:28 - [TEST_CASE][PASSED] - Test Cases/TC - OW 001/TC 001 Link website benar: Test Cases/TC - OW 001/TC 001 Link website benar

08-12-2024T17:08:28 - [TEST_STEP][PASSED] - openBrowser("https://opensource-demo.orangehrmlive.com/web/index.php/"): Browser is opened with url: 'https://opensource-demo.orangehrmlive.com/web/index.php/'

08-12-2024T17:08:28 - [MESSAGE][INFO] - Starting 'Chrome' driver

08-12-2024T17:08:28 - [MESSAGE][INFO] - Action delay is set to 0 milliseconds

08-12-2024T17:08:36 - [MESSAGE][PASSED] - Browser is opened with url: 'https://opensource-demo.orangehrmlive.com/web/index.php/'

08-12-2024T17:08:36 - [TEST_STEP][PASSED] - maximizeWindow(): Current window maximized

08-12-2024T17:08:37 - [MESSAGE][PASSED] - Current window maximized

08-12-2024T17:08:37 - [TEST_STEP][PASSED] - verifyElementPresent(findTestObject("Login/textLogin"), 0): Object 'Object Repository/Login/textLogin' is present

08-12-2024T17:08:37 - [MESSAGE][WARNING] - Timeout '0' is invalid. Using default page load timeout: '30'

08-12-2024T17:08:38 - [MESSAGE][PASSED] - Object 'Object Repository/Login/textLogin' is present

08-12-2024T17:08:38 - [MESSAGE][PASSED] - Call Test Case 'Test Cases/TC - OW 001/TC 001 Link website benar' successfully

08-12-2024T17:08:38 - [TEST_STEP][PASSED] - click(findTestObject("Login/inputUsername")): Object: 'Object Repository/Login/inputUsername' is clicked on

08-12-2024T17:08:38 - [MESSAGE][PASSED] - Object: 'Object Repository/Login/inputUsername' is clicked on

08-12-2024T17:08:38 - [TEST_STEP][PASSED] - setText(findTestObject("Login/inputUsername"), "admin"): Text 'admin' is set on object 'Object Repository/Login/inputUsername'

08-12-2024T17:08:39 - [MESSAGE][PASSED] - Text 'admin' is set on object 'Object Repository/Login/inputUsername'

08-12-2024T17:08:39 - [TEST_STEP][PASSED] - click(findTestObject("Login/inputPaasword")): Object: 'Object Repository/Login/inputPaasword' is clicked on

08-12-2024T17:08:40 - [MESSAGE][PASSED] - Object: 'Object Repository/Login/inputPaasword' is clicked on

08-12-2024T17:08:40 - [TEST_STEP][PASSED] - setText(findTestObject("Login/inputPaasword"), "admin123"): Text 'admin123' is set on object 'Object Repository/Login/inputPaasword'

08-12-2024T17:08:41 - [MESSAGE][PASSED] - Text 'admin123' is set on object 'Object Repository/Login/inputPaasword'

08-12-2024T17:08:41 - [TEST_STEP][PASSED] - click(findTestObject("Login/buttonLogin")): Object: 'Object Repository/Login/buttonLogin' is clicked on

08-12-2024T17:08:43 - [MESSAGE][PASSED] - Object: 'Object Repository/Login/buttonLogin' is clicked on

08-12-2024T17:08:43 - [TEST_STEP][PASSED] - verifyElementPresent(findTestObject("Dashboard/textDashboard"), 0): Object 'Object Repository/Dashboard/textDashboard' is present

08-12-2024T17:08:43 - [MESSAGE][WARNING] - Timeout '0' is invalid. Using default page load timeout: '30'

08-12-2024T17:08:47 - [MESSAGE][PASSED] - Object 'Object Repository/Dashboard/textDashboard' is present

08-12-2024T17:08:47 - [MESSAGE][PASSED] - Call Test Case 'Test Cases/TC - LW 002/TC 001 Login berhasil' successfully

08-12-2024T17:08:47 - [TEST_STEP][PASSED] - click(findTestObject("PIM/buttonMenupim")): Object: 'Object Repository/PIM/buttonMenupim' is clicked on

08-12-2024T17:08:49 - [MESSAGE][PASSED] - Object: 'Object Repository/PIM/buttonMenupim' is clicked on

08-12-2024T17:08:49 - [TEST_STEP][PASSED] - verifyElementPresent(findTestObject("Dashboard/textDashboard"), 0): Object 'Object Repository/Dashboard/textDashboard' is present

08-12-2024T17:08:49 - [MESSAGE][WARNING] - Timeout '0' is invalid. Using default page load timeout: '30'

08-12-2024T17:08:52 - [MESSAGE][PASSED] - Object 'Object Repository/Dashboard/textDashboard' is present

08-12-2024T17:08:52 - [MESSAGE][PASSED] - Call Test Case 'Test Cases/TC - TK 004/TC 001 Membuka fitur PIM' successfully

08-12-2024T17:08:52 - [TEST_STEP][PASSED] - click(findTestObject("Search Employee/inputUsername")): Object: 'Object Repository/Search Employee/inputUsername' is clicked on

08-12-2024T17:08:53 - [MESSAGE][PASSED] - Object: 'Object Repository/Search Employee/inputUsername' is clicked on

08-12-2024T17:08:53 - [TEST_STEP][PASSED] - click(findTestObject("Search Employee/inputEmployeeid")): Object: 'Object Repository/Search Employee/inputEmployeeid' is clicked on

08-12-2024T17:08:53 - [MESSAGE][PASSED] - Object: 'Object Repository/Search Employee/inputEmployeeid' is clicked on

08-12-2024T17:08:53 - [TEST_STEP][PASSED] - setText(findTestObject("Search Employee/inputEmployeeid"), "970906"): Text '970906' is set on object 'Object Repository/Search Employee/inputEmployeeid'

08-12-2024T17:08:54 - [MESSAGE][PASSED] - Text '970906' is set on object 'Object Repository/Search Employee/inputEmployeeid'

08-12-2024T17:08:54 - [TEST_STEP][PASSED] - click(findTestObject("Search Employee/buttonSearch")): Object: 'Object Repository/Search Employee/buttonSearch' is clicked on

08-12-2024T17:08:55 - [MESSAGE][PASSED] - Object: 'Object Repository/Search Employee/buttonSearch' is clicked on

08-12-2024T17:08:55 - [TEST_STEP][PASSED] - focus(findTestObject("Search Employee/tableEmployee")): Object: 'Object Repository/Search Employee/tableEmployee' is focused

08-12-2024T17:08:57 - [MESSAGE][PASSED] - Object: 'Object Repository/Search Employee/tableEmployee' is focused

08-12-2024T17:08:57 - [TEST_STEP][PASSED] - getText(findTestObject("Search Employee/inputEmployeeid")): Text of object 'Object Repository/Search Employee/inputEmployeeid' is: ''

08-12-2024T17:08:57 - [MESSAGE][PASSED] - Text of object 'Object Repository/Search Employee/inputEmployeeid' is: ''

08-12-2024T17:08:57 - [TEST_STEP][PASSED] - verifyMatch("970906", "970906", false): Actual text '970906' and expected text '970906' are matched 

08-12-2024T17:08:57 - [MESSAGE][PASSED] - Actual text '970906' and expected text '970906' are matched 

08-12-2024T17:08:57 - [TEST_STEP][PASSED] - delay(2): Delayed 2 second(s)

08-12-2024T17:08:59 - [MESSAGE][PASSED] - Delayed 2 second(s)

08-12-2024T17:08:59 - [TEST_STEP][PASSED] - click(findTestObject("Edit Employee/buttonEditemployee")): Object: 'Object Repository/Edit Employee/buttonEditemployee' is clicked on

08-12-2024T17:09:00 - [MESSAGE][PASSED] - Object: 'Object Repository/Edit Employee/buttonEditemployee' is clicked on

08-12-2024T17:09:00 - [TEST_STEP][PASSED] - click(findTestObject("Edit Employee/navImage")): Object: 'Object Repository/Edit Employee/navImage' is clicked on

08-12-2024T17:09:03 - [MESSAGE][PASSED] - Object: 'Object Repository/Edit Employee/navImage' is clicked on

08-12-2024T17:09:03 - [TEST_STEP][PASSED] - delay(2): Delayed 2 second(s)

08-12-2024T17:09:05 - [MESSAGE][PASSED] - Delayed 2 second(s)

08-12-2024T17:09:05 - [TEST_STEP][PASSED] - click(findTestObject("Edit Employee/addImage")): Object: 'Object Repository/Edit Employee/addImage' is clicked on

08-12-2024T17:09:06 - [MESSAGE][PASSED] - Object: 'Object Repository/Edit Employee/addImage' is clicked on

08-12-2024T17:09:06 - [TEST_STEP][PASSED] - filePath = "C:\Users\rafki\Pictures\Screenshots\test_upload.png": null

08-12-2024T17:09:06 - [TEST_STEP][PASSED] - filePathSelection = new java.awt.datatransfer.StringSelection(filePath): null

08-12-2024T17:09:06 - [TEST_STEP][PASSED] - getSystemClipboard().setContents(filePathSelection, null): null

08-12-2024T17:09:07 - [TEST_STEP][PASSED] - robot = new java.awt.Robot(): null

08-12-2024T17:09:08 - [TEST_STEP][PASSED] - Thread.sleep(2000): null

08-12-2024T17:09:10 - [TEST_STEP][PASSED] - robot.keyPress(VK_CONTROL): null

08-12-2024T17:09:10 - [TEST_STEP][PASSED] - robot.keyPress(VK_V): null

08-12-2024T17:09:10 - [TEST_STEP][PASSED] - robot.keyRelease(VK_V): null

08-12-2024T17:09:10 - [TEST_STEP][PASSED] - robot.keyRelease(VK_CONTROL): null

08-12-2024T17:09:10 - [TEST_STEP][PASSED] - robot.keyPress(VK_ENTER): null

08-12-2024T17:09:10 - [TEST_STEP][PASSED] - robot.keyRelease(VK_ENTER): null

08-12-2024T17:09:10 - [TEST_STEP][PASSED] - delay(10): Delayed 10 second(s)

08-12-2024T17:09:20 - [MESSAGE][PASSED] - Delayed 10 second(s)

08-12-2024T17:09:20 - [TEST_STEP][PASSED] - click(findTestObject("Edit Employee/buttonSaveimage")): Object: 'Object Repository/Edit Employee/buttonSaveimage' is clicked on

08-12-2024T17:09:21 - [MESSAGE][PASSED] - Object: 'Object Repository/Edit Employee/buttonSaveimage' is clicked on

08-12-2024T17:09:21 - [TEST_STEP][PASSED] - verifyElementPresent(findTestObject("Edit Employee/toasSuccess"), 0): Object 'Object Repository/Edit Employee/toasSuccess' is present

08-12-2024T17:09:21 - [MESSAGE][WARNING] - Timeout '0' is invalid. Using default page load timeout: '30'

08-12-2024T17:09:24 - [MESSAGE][PASSED] - Object 'Object Repository/Edit Employee/toasSuccess' is present

08-12-2024T17:09:24 - [TEST_STEP][PASSED] - delay(3): Delayed 3 second(s)

08-12-2024T17:09:27 - [MESSAGE][PASSED] - Delayed 3 second(s)

08-12-2024T17:09:27 - [TEST_STEP][PASSED] - closeBrowser(): Browser is closed

08-12-2024T17:09:28 - [MESSAGE][PASSED] - Browser is closed]]></system-out>
         <system-err><![CDATA[]]></system-err>
      </testcase>
      <testcase name="Test Cases/TC - EK 006/TC 006 Mengubah Foto Profil karyawan File Dokumen" time="58.911" classname="Test Cases/TC - EK 006/TC 006 Mengubah Foto Profil karyawan File Dokumen" status="PASSED">
         <system-out><![CDATA[08-12-2024T17:09:28 - [TEST_CASE][PASSED] - Test Cases/TC - EK 006/TC 006 Mengubah Foto Profil karyawan File Dokumen: Test Cases/TC - EK 006/TC 006 Mengubah Foto Profil karyawan File Dokumen

08-12-2024T17:09:28 - [TEST_STEP][PASSED] - callTestCase(findTestCase("TC - TK 004/TC 001 Membuka fitur PIM"), [:], STOP_ON_FAILURE): Call Test Case 'Test Cases/TC - TK 004/TC 001 Membuka fitur PIM' successfully

08-12-2024T17:09:28 - [TEST_CASE][PASSED] - Test Cases/TC - TK 004/TC 001 Membuka fitur PIM: Test Cases/TC - TK 004/TC 001 Membuka fitur PIM

08-12-2024T17:09:28 - [TEST_STEP][PASSED] - callTestCase(findTestCase("TC - LW 002/TC 001 Login berhasil"), [:], STOP_ON_FAILURE): Call Test Case 'Test Cases/TC - LW 002/TC 001 Login berhasil' successfully

08-12-2024T17:09:28 - [TEST_CASE][PASSED] - Test Cases/TC - LW 002/TC 001 Login berhasil: Test Cases/TC - LW 002/TC 001 Login berhasil

08-12-2024T17:09:28 - [TEST_STEP][PASSED] - callTestCase(findTestCase("TC - OW 001/TC 001 Link website benar"), [:], STOP_ON_FAILURE): Call Test Case 'Test Cases/TC - OW 001/TC 001 Link website benar' successfully

08-12-2024T17:09:29 - [TEST_CASE][PASSED] - Test Cases/TC - OW 001/TC 001 Link website benar: Test Cases/TC - OW 001/TC 001 Link website benar

08-12-2024T17:09:29 - [TEST_STEP][PASSED] - openBrowser("https://opensource-demo.orangehrmlive.com/web/index.php/"): Browser is opened with url: 'https://opensource-demo.orangehrmlive.com/web/index.php/'

08-12-2024T17:09:29 - [MESSAGE][INFO] - Starting 'Chrome' driver

08-12-2024T17:09:29 - [MESSAGE][INFO] - Action delay is set to 0 milliseconds

08-12-2024T17:09:36 - [MESSAGE][PASSED] - Browser is opened with url: 'https://opensource-demo.orangehrmlive.com/web/index.php/'

08-12-2024T17:09:36 - [TEST_STEP][PASSED] - maximizeWindow(): Current window maximized

08-12-2024T17:09:36 - [MESSAGE][PASSED] - Current window maximized

08-12-2024T17:09:36 - [TEST_STEP][PASSED] - verifyElementPresent(findTestObject("Login/textLogin"), 0): Object 'Object Repository/Login/textLogin' is present

08-12-2024T17:09:36 - [MESSAGE][WARNING] - Timeout '0' is invalid. Using default page load timeout: '30'

08-12-2024T17:09:37 - [MESSAGE][PASSED] - Object 'Object Repository/Login/textLogin' is present

08-12-2024T17:09:37 - [MESSAGE][PASSED] - Call Test Case 'Test Cases/TC - OW 001/TC 001 Link website benar' successfully

08-12-2024T17:09:37 - [TEST_STEP][PASSED] - click(findTestObject("Login/inputUsername")): Object: 'Object Repository/Login/inputUsername' is clicked on

08-12-2024T17:09:37 - [MESSAGE][PASSED] - Object: 'Object Repository/Login/inputUsername' is clicked on

08-12-2024T17:09:37 - [TEST_STEP][PASSED] - setText(findTestObject("Login/inputUsername"), "admin"): Text 'admin' is set on object 'Object Repository/Login/inputUsername'

08-12-2024T17:09:38 - [MESSAGE][PASSED] - Text 'admin' is set on object 'Object Repository/Login/inputUsername'

08-12-2024T17:09:38 - [TEST_STEP][PASSED] - click(findTestObject("Login/inputPaasword")): Object: 'Object Repository/Login/inputPaasword' is clicked on

08-12-2024T17:09:39 - [MESSAGE][PASSED] - Object: 'Object Repository/Login/inputPaasword' is clicked on

08-12-2024T17:09:39 - [TEST_STEP][PASSED] - setText(findTestObject("Login/inputPaasword"), "admin123"): Text 'admin123' is set on object 'Object Repository/Login/inputPaasword'

08-12-2024T17:09:40 - [MESSAGE][PASSED] - Text 'admin123' is set on object 'Object Repository/Login/inputPaasword'

08-12-2024T17:09:40 - [TEST_STEP][PASSED] - click(findTestObject("Login/buttonLogin")): Object: 'Object Repository/Login/buttonLogin' is clicked on

08-12-2024T17:09:40 - [MESSAGE][PASSED] - Object: 'Object Repository/Login/buttonLogin' is clicked on

08-12-2024T17:09:40 - [TEST_STEP][PASSED] - verifyElementPresent(findTestObject("Dashboard/textDashboard"), 0): Object 'Object Repository/Dashboard/textDashboard' is present

08-12-2024T17:09:40 - [MESSAGE][WARNING] - Timeout '0' is invalid. Using default page load timeout: '30'

08-12-2024T17:09:44 - [MESSAGE][PASSED] - Object 'Object Repository/Dashboard/textDashboard' is present

08-12-2024T17:09:44 - [MESSAGE][PASSED] - Call Test Case 'Test Cases/TC - LW 002/TC 001 Login berhasil' successfully

08-12-2024T17:09:44 - [TEST_STEP][PASSED] - click(findTestObject("PIM/buttonMenupim")): Object: 'Object Repository/PIM/buttonMenupim' is clicked on

08-12-2024T17:09:47 - [MESSAGE][PASSED] - Object: 'Object Repository/PIM/buttonMenupim' is clicked on

08-12-2024T17:09:47 - [TEST_STEP][PASSED] - verifyElementPresent(findTestObject("Dashboard/textDashboard"), 0): Object 'Object Repository/Dashboard/textDashboard' is present

08-12-2024T17:09:47 - [MESSAGE][WARNING] - Timeout '0' is invalid. Using default page load timeout: '30'

08-12-2024T17:09:50 - [MESSAGE][PASSED] - Object 'Object Repository/Dashboard/textDashboard' is present

08-12-2024T17:09:50 - [MESSAGE][PASSED] - Call Test Case 'Test Cases/TC - TK 004/TC 001 Membuka fitur PIM' successfully

08-12-2024T17:09:50 - [TEST_STEP][PASSED] - click(findTestObject("Search Employee/inputUsername")): Object: 'Object Repository/Search Employee/inputUsername' is clicked on

08-12-2024T17:09:51 - [MESSAGE][PASSED] - Object: 'Object Repository/Search Employee/inputUsername' is clicked on

08-12-2024T17:09:52 - [TEST_STEP][PASSED] - click(findTestObject("Search Employee/inputEmployeeid")): Object: 'Object Repository/Search Employee/inputEmployeeid' is clicked on

08-12-2024T17:09:52 - [MESSAGE][PASSED] - Object: 'Object Repository/Search Employee/inputEmployeeid' is clicked on

08-12-2024T17:09:52 - [TEST_STEP][PASSED] - setText(findTestObject("Search Employee/inputEmployeeid"), "970906"): Text '970906' is set on object 'Object Repository/Search Employee/inputEmployeeid'

08-12-2024T17:09:53 - [MESSAGE][PASSED] - Text '970906' is set on object 'Object Repository/Search Employee/inputEmployeeid'

08-12-2024T17:09:53 - [TEST_STEP][PASSED] - click(findTestObject("Search Employee/buttonSearch")): Object: 'Object Repository/Search Employee/buttonSearch' is clicked on

08-12-2024T17:09:54 - [MESSAGE][PASSED] - Object: 'Object Repository/Search Employee/buttonSearch' is clicked on

08-12-2024T17:09:54 - [TEST_STEP][PASSED] - focus(findTestObject("Search Employee/tableEmployee")): Object: 'Object Repository/Search Employee/tableEmployee' is focused

08-12-2024T17:09:55 - [MESSAGE][PASSED] - Object: 'Object Repository/Search Employee/tableEmployee' is focused

08-12-2024T17:09:55 - [TEST_STEP][PASSED] - getText(findTestObject("Search Employee/inputEmployeeid")): Text of object 'Object Repository/Search Employee/inputEmployeeid' is: ''

08-12-2024T17:09:55 - [MESSAGE][PASSED] - Text of object 'Object Repository/Search Employee/inputEmployeeid' is: ''

08-12-2024T17:09:55 - [TEST_STEP][PASSED] - verifyMatch("970906", "970906", false): Actual text '970906' and expected text '970906' are matched 

08-12-2024T17:09:55 - [MESSAGE][PASSED] - Actual text '970906' and expected text '970906' are matched 

08-12-2024T17:09:55 - [TEST_STEP][PASSED] - delay(2): Delayed 2 second(s)

08-12-2024T17:09:57 - [MESSAGE][PASSED] - Delayed 2 second(s)

08-12-2024T17:09:57 - [TEST_STEP][PASSED] - click(findTestObject("Edit Employee/buttonEditemployee")): Object: 'Object Repository/Edit Employee/buttonEditemployee' is clicked on

08-12-2024T17:09:58 - [MESSAGE][PASSED] - Object: 'Object Repository/Edit Employee/buttonEditemployee' is clicked on

08-12-2024T17:09:58 - [TEST_STEP][PASSED] - click(findTestObject("Edit Employee/navImage")): Object: 'Object Repository/Edit Employee/navImage' is clicked on

08-12-2024T17:10:01 - [MESSAGE][PASSED] - Object: 'Object Repository/Edit Employee/navImage' is clicked on

08-12-2024T17:10:01 - [TEST_STEP][PASSED] - delay(2): Delayed 2 second(s)

08-12-2024T17:10:03 - [MESSAGE][PASSED] - Delayed 2 second(s)

08-12-2024T17:10:03 - [TEST_STEP][PASSED] - click(findTestObject("Edit Employee/addImage")): Object: 'Object Repository/Edit Employee/addImage' is clicked on

08-12-2024T17:10:04 - [MESSAGE][PASSED] - Object: 'Object Repository/Edit Employee/addImage' is clicked on

08-12-2024T17:10:04 - [TEST_STEP][PASSED] - filePath = "C:\Users\rafki\Downloads\Technical Test Quality Assurance - Tripatra.docx": null

08-12-2024T17:10:04 - [TEST_STEP][PASSED] - filePathSelection = new java.awt.datatransfer.StringSelection(filePath): null

08-12-2024T17:10:04 - [TEST_STEP][PASSED] - getSystemClipboard().setContents(filePathSelection, null): null

08-12-2024T17:10:04 - [TEST_STEP][PASSED] - robot = new java.awt.Robot(): null

08-12-2024T17:10:04 - [TEST_STEP][PASSED] - Thread.sleep(2000): null

08-12-2024T17:10:06 - [TEST_STEP][PASSED] - robot.keyPress(VK_CONTROL): null

08-12-2024T17:10:06 - [TEST_STEP][PASSED] - robot.keyPress(VK_V): null

08-12-2024T17:10:06 - [TEST_STEP][PASSED] - robot.keyRelease(VK_V): null

08-12-2024T17:10:06 - [TEST_STEP][PASSED] - robot.keyRelease(VK_CONTROL): null

08-12-2024T17:10:06 - [TEST_STEP][PASSED] - robot.keyPress(VK_ENTER): null

08-12-2024T17:10:06 - [TEST_STEP][PASSED] - robot.keyRelease(VK_ENTER): null

08-12-2024T17:10:06 - [TEST_STEP][PASSED] - delay(10): Delayed 10 second(s)

08-12-2024T17:10:16 - [MESSAGE][PASSED] - Delayed 10 second(s)

08-12-2024T17:10:16 - [TEST_STEP][PASSED] - verifyElementPresent(findTestObject("Edit Employee/alertFilenotallowed"), 0): Object 'Object Repository/Edit Employee/alertFilenotallowed' is present

08-12-2024T17:10:16 - [MESSAGE][WARNING] - Timeout '0' is invalid. Using default page load timeout: '30'

08-12-2024T17:10:23 - [MESSAGE][PASSED] - Object 'Object Repository/Edit Employee/alertFilenotallowed' is present

08-12-2024T17:10:23 - [TEST_STEP][PASSED] - delay(3): Delayed 3 second(s)

08-12-2024T17:10:26 - [MESSAGE][PASSED] - Delayed 3 second(s)

08-12-2024T17:10:26 - [TEST_STEP][PASSED] - closeBrowser(): Browser is closed

08-12-2024T17:10:27 - [MESSAGE][PASSED] - Browser is closed]]></system-out>
         <system-err><![CDATA[]]></system-err>
      </testcase>
      <system-out><![CDATA[08-12-2024T17:05:28 - [TEST_SUITE][PASSED] - Edit Karyawan: Test Cases/TC - EK 006/TC 006 Mengubah Foto Profil karyawan File Dokumen]]></system-out>
      <system-err><![CDATA[]]></system-err>
   </testsuite>
</testsuites>
