<?xml version="1.0" encoding="UTF-8"?>
<testsuites name="Tambah Data Karyawan" time="452.611" tests="11" failures="0" errors="0">
   <testsuite name="Tambah Data Karyawan" tests="11" failures="0" errors="0" time="452.611" skipped="0" timestamp="08-12-2024T19:22:04" hostname="rafki - Tester" id="Test Suites/Tambah Data Karyawan">
      <properties>
         <property name="deviceName" value=""/>
         <property name="devicePlatform"/>
         <property name="logFolder" value="C:\\Users\\rafki\\git\\automationTest\\Reports\\20241208_192130\\Tambah Data Karyawan\\20241208_192130"/>
         <property name="logFiles" value="C:\\Users\\rafki\\git\\automationTest\\Reports\\20241208_192130\\Tambah Data Karyawan\\20241208_192130\\execution0.log"/>
         <property name="attachments" value=""/>
         <property name="hostName" value="rafki - Tester"/>
         <property name="os" value="Windows 11 64bit"/>
         <property name="katalonVersion" value="10.0.0.223"/>
         <property name="browser" value="Chrome 131.0.0.0"/>
         <property name="hostAddress" value="192.168.43.169"/>
         <property name="sessionId" value="48644f8fb16f8e405accd834e3b6edf4"/>
         <property name="seleniumVersion" value="4.22.0"/>
         <property name="proxyInformation" value="ProxyInformation { proxyOption=NO_PROXY, proxyServerType=HTTP, username=, password=********, proxyServerAddress=, proxyServerPort=0, executionList=&quot;&quot;, isApplyToDesiredCapabilities=true }"/>
         <property name="platform" value="Windows 11"/>
      </properties>
      <testcase name="Test Cases/TC - TK 004/TC 001 Membuka fitur PIM" time="38.875" classname="Test Cases/TC - TK 004/TC 001 Membuka fitur PIM" status="PASSED">
         <system-out><![CDATA[08-12-2024T19:22:05 - [TEST_CASE][PASSED] - Test Cases/TC - TK 004/TC 001 Membuka fitur PIM: Test Cases/TC - TK 004/TC 001 Membuka fitur PIM

08-12-2024T19:22:06 - [TEST_STEP][PASSED] - callTestCase(findTestCase("TC - LW 002/TC 001 Login berhasil"), [:], STOP_ON_FAILURE): Call Test Case 'Test Cases/TC - LW 002/TC 001 Login berhasil' successfully

08-12-2024T19:22:07 - [TEST_CASE][PASSED] - Test Cases/TC - LW 002/TC 001 Login berhasil: Test Cases/TC - LW 002/TC 001 Login berhasil

08-12-2024T19:22:07 - [TEST_STEP][PASSED] - callTestCase(findTestCase("TC - OW 001/TC 001 Link website benar"), [:], STOP_ON_FAILURE): Call Test Case 'Test Cases/TC - OW 001/TC 001 Link website benar' successfully

08-12-2024T19:22:07 - [TEST_CASE][PASSED] - Test Cases/TC - OW 001/TC 001 Link website benar: Test Cases/TC - OW 001/TC 001 Link website benar

08-12-2024T19:22:08 - [TEST_STEP][PASSED] - openBrowser("https://opensource-demo.orangehrmlive.com/web/index.php/"): Browser is opened with url: 'https://opensource-demo.orangehrmlive.com/web/index.php/'

08-12-2024T19:22:08 - [MESSAGE][INFO] - Starting 'Chrome' driver

08-12-2024T19:22:08 - [MESSAGE][INFO] - Action delay is set to 0 milliseconds

08-12-2024T19:22:24 - [MESSAGE][PASSED] - Browser is opened with url: 'https://opensource-demo.orangehrmlive.com/web/index.php/'

08-12-2024T19:22:25 - [TEST_STEP][PASSED] - maximizeWindow(): Current window maximized

08-12-2024T19:22:27 - [MESSAGE][PASSED] - Current window maximized

08-12-2024T19:22:27 - [TEST_STEP][PASSED] - verifyElementPresent(findTestObject("Login/textLogin"), 0): Object 'Object Repository/Login/textLogin' is present

08-12-2024T19:22:28 - [MESSAGE][WARNING] - Timeout '0' is invalid. Using default page load timeout: '30'

08-12-2024T19:22:29 - [MESSAGE][PASSED] - Object 'Object Repository/Login/textLogin' is present

08-12-2024T19:22:29 - [MESSAGE][PASSED] - Call Test Case 'Test Cases/TC - OW 001/TC 001 Link website benar' successfully

08-12-2024T19:22:29 - [TEST_STEP][PASSED] - click(findTestObject("Login/inputUsername")): Object: 'Object Repository/Login/inputUsername' is clicked on

08-12-2024T19:22:31 - [MESSAGE][PASSED] - Object: 'Object Repository/Login/inputUsername' is clicked on

08-12-2024T19:22:31 - [TEST_STEP][PASSED] - setText(findTestObject("Login/inputUsername"), "admin"): Text 'admin' is set on object 'Object Repository/Login/inputUsername'

08-12-2024T19:22:33 - [MESSAGE][PASSED] - Text 'admin' is set on object 'Object Repository/Login/inputUsername'

08-12-2024T19:22:33 - [TEST_STEP][PASSED] - click(findTestObject("Login/inputPaasword")): Object: 'Object Repository/Login/inputPaasword' is clicked on

08-12-2024T19:22:34 - [MESSAGE][PASSED] - Object: 'Object Repository/Login/inputPaasword' is clicked on

08-12-2024T19:22:34 - [TEST_STEP][PASSED] - setText(findTestObject("Login/inputPaasword"), "admin123"): Text 'admin123' is set on object 'Object Repository/Login/inputPaasword'

08-12-2024T19:22:36 - [MESSAGE][PASSED] - Text 'admin123' is set on object 'Object Repository/Login/inputPaasword'

08-12-2024T19:22:36 - [TEST_STEP][PASSED] - click(findTestObject("Login/buttonLogin")): Object: 'Object Repository/Login/buttonLogin' is clicked on

08-12-2024T19:22:38 - [MESSAGE][PASSED] - Object: 'Object Repository/Login/buttonLogin' is clicked on

08-12-2024T19:22:38 - [TEST_STEP][PASSED] - verifyElementPresent(findTestObject("Dashboard/textDashboard"), 0): Object 'Object Repository/Dashboard/textDashboard' is present

08-12-2024T19:22:38 - [MESSAGE][WARNING] - Timeout '0' is invalid. Using default page load timeout: '30'

08-12-2024T19:22:40 - [MESSAGE][PASSED] - Object 'Object Repository/Dashboard/textDashboard' is present

08-12-2024T19:22:41 - [MESSAGE][PASSED] - Call Test Case 'Test Cases/TC - LW 002/TC 001 Login berhasil' successfully

08-12-2024T19:22:41 - [TEST_STEP][PASSED] - click(findTestObject("PIM/buttonMenupim")): Object: 'Object Repository/PIM/buttonMenupim' is clicked on

08-12-2024T19:22:42 - [MESSAGE][PASSED] - Object: 'Object Repository/PIM/buttonMenupim' is clicked on

08-12-2024T19:22:42 - [TEST_STEP][PASSED] - verifyElementPresent(findTestObject("Dashboard/textDashboard"), 0): Object 'Object Repository/Dashboard/textDashboard' is present

08-12-2024T19:22:42 - [MESSAGE][WARNING] - Timeout '0' is invalid. Using default page load timeout: '30'

08-12-2024T19:22:44 - [MESSAGE][PASSED] - Object 'Object Repository/Dashboard/textDashboard' is present]]></system-out>
         <system-err><![CDATA[]]></system-err>
      </testcase>
      <testcase name="Test Cases/TC - TK 004/TC 002 Buat data karyawan" time="40.582" classname="Test Cases/TC - TK 004/TC 002 Buat data karyawan" status="PASSED">
         <system-out><![CDATA[08-12-2024T19:22:44 - [TEST_CASE][PASSED] - Test Cases/TC - TK 004/TC 002 Buat data karyawan: Test Cases/TC - TK 004/TC 002 Buat data karyawan

08-12-2024T19:22:45 - [TEST_STEP][PASSED] - callTestCase(findTestCase("TC - LW 002/TC 001 Login berhasil"), [:], STOP_ON_FAILURE): Call Test Case 'Test Cases/TC - LW 002/TC 001 Login berhasil' successfully

08-12-2024T19:22:45 - [TEST_CASE][PASSED] - Test Cases/TC - LW 002/TC 001 Login berhasil: Test Cases/TC - LW 002/TC 001 Login berhasil

08-12-2024T19:22:45 - [TEST_STEP][PASSED] - callTestCase(findTestCase("TC - OW 001/TC 001 Link website benar"), [:], STOP_ON_FAILURE): Call Test Case 'Test Cases/TC - OW 001/TC 001 Link website benar' successfully

08-12-2024T19:22:45 - [TEST_CASE][PASSED] - Test Cases/TC - OW 001/TC 001 Link website benar: Test Cases/TC - OW 001/TC 001 Link website benar

08-12-2024T19:22:45 - [TEST_STEP][PASSED] - openBrowser("https://opensource-demo.orangehrmlive.com/web/index.php/"): Browser is opened with url: 'https://opensource-demo.orangehrmlive.com/web/index.php/'

08-12-2024T19:22:45 - [MESSAGE][WARNING] - A browser is already opened. Closing browser and opening a new one

08-12-2024T19:22:46 - [MESSAGE][INFO] - Starting 'Chrome' driver

08-12-2024T19:22:46 - [MESSAGE][INFO] - Action delay is set to 0 milliseconds

08-12-2024T19:22:55 - [MESSAGE][PASSED] - Browser is opened with url: 'https://opensource-demo.orangehrmlive.com/web/index.php/'

08-12-2024T19:22:55 - [TEST_STEP][PASSED] - maximizeWindow(): Current window maximized

08-12-2024T19:22:55 - [MESSAGE][PASSED] - Current window maximized

08-12-2024T19:22:55 - [TEST_STEP][PASSED] - verifyElementPresent(findTestObject("Login/textLogin"), 0): Object 'Object Repository/Login/textLogin' is present

08-12-2024T19:22:55 - [MESSAGE][WARNING] - Timeout '0' is invalid. Using default page load timeout: '30'

08-12-2024T19:22:56 - [MESSAGE][PASSED] - Object 'Object Repository/Login/textLogin' is present

08-12-2024T19:22:56 - [MESSAGE][PASSED] - Call Test Case 'Test Cases/TC - OW 001/TC 001 Link website benar' successfully

08-12-2024T19:22:56 - [TEST_STEP][PASSED] - click(findTestObject("Login/inputUsername")): Object: 'Object Repository/Login/inputUsername' is clicked on

08-12-2024T19:22:57 - [MESSAGE][PASSED] - Object: 'Object Repository/Login/inputUsername' is clicked on

08-12-2024T19:22:57 - [TEST_STEP][PASSED] - setText(findTestObject("Login/inputUsername"), "admin"): Text 'admin' is set on object 'Object Repository/Login/inputUsername'

08-12-2024T19:22:58 - [MESSAGE][PASSED] - Text 'admin' is set on object 'Object Repository/Login/inputUsername'

08-12-2024T19:22:58 - [TEST_STEP][PASSED] - click(findTestObject("Login/inputPaasword")): Object: 'Object Repository/Login/inputPaasword' is clicked on

08-12-2024T19:22:58 - [MESSAGE][PASSED] - Object: 'Object Repository/Login/inputPaasword' is clicked on

08-12-2024T19:22:58 - [TEST_STEP][PASSED] - setText(findTestObject("Login/inputPaasword"), "admin123"): Text 'admin123' is set on object 'Object Repository/Login/inputPaasword'

08-12-2024T19:22:59 - [MESSAGE][PASSED] - Text 'admin123' is set on object 'Object Repository/Login/inputPaasword'

08-12-2024T19:22:59 - [TEST_STEP][PASSED] - click(findTestObject("Login/buttonLogin")): Object: 'Object Repository/Login/buttonLogin' is clicked on

08-12-2024T19:23:01 - [MESSAGE][PASSED] - Object: 'Object Repository/Login/buttonLogin' is clicked on

08-12-2024T19:23:01 - [TEST_STEP][PASSED] - verifyElementPresent(findTestObject("Dashboard/textDashboard"), 0): Object 'Object Repository/Dashboard/textDashboard' is present

08-12-2024T19:23:01 - [MESSAGE][WARNING] - Timeout '0' is invalid. Using default page load timeout: '30'

08-12-2024T19:23:04 - [MESSAGE][PASSED] - Object 'Object Repository/Dashboard/textDashboard' is present

08-12-2024T19:23:04 - [MESSAGE][PASSED] - Call Test Case 'Test Cases/TC - LW 002/TC 001 Login berhasil' successfully

08-12-2024T19:23:04 - [TEST_STEP][PASSED] - click(findTestObject("PIM/buttonMenupim")): Object: 'Object Repository/PIM/buttonMenupim' is clicked on

08-12-2024T19:23:07 - [MESSAGE][PASSED] - Object: 'Object Repository/PIM/buttonMenupim' is clicked on

08-12-2024T19:23:07 - [TEST_STEP][PASSED] - verifyElementPresent(findTestObject("Dashboard/textDashboard"), 0): Object 'Object Repository/Dashboard/textDashboard' is present

08-12-2024T19:23:07 - [MESSAGE][WARNING] - Timeout '0' is invalid. Using default page load timeout: '30'

08-12-2024T19:23:09 - [MESSAGE][PASSED] - Object 'Object Repository/Dashboard/textDashboard' is present

08-12-2024T19:23:09 - [TEST_STEP][PASSED] - click(findTestObject("PIM/addButton")): Object: 'Object Repository/PIM/addButton' is clicked on

08-12-2024T19:23:10 - [MESSAGE][PASSED] - Object: 'Object Repository/PIM/addButton' is clicked on

08-12-2024T19:23:11 - [TEST_STEP][PASSED] - click(findTestObject("PIM/inputFirstname")): Object: 'Object Repository/PIM/inputFirstname' is clicked on

08-12-2024T19:23:12 - [MESSAGE][PASSED] - Object: 'Object Repository/PIM/inputFirstname' is clicked on

08-12-2024T19:23:12 - [TEST_STEP][PASSED] - setText(findTestObject("PIM/inputFirstname"), "Rafki"): Text 'Rafki' is set on object 'Object Repository/PIM/inputFirstname'

08-12-2024T19:23:13 - [MESSAGE][PASSED] - Text 'Rafki' is set on object 'Object Repository/PIM/inputFirstname'

08-12-2024T19:23:13 - [TEST_STEP][PASSED] - click(findTestObject("PIM/inputMiddlename")): Object: 'Object Repository/PIM/inputMiddlename' is clicked on

08-12-2024T19:23:14 - [MESSAGE][PASSED] - Object: 'Object Repository/PIM/inputMiddlename' is clicked on

08-12-2024T19:23:14 - [TEST_STEP][PASSED] - setText(findTestObject("PIM/inputMiddlename"), "Mustafa"): Text 'Mustafa' is set on object 'Object Repository/PIM/inputMiddlename'

08-12-2024T19:23:15 - [MESSAGE][PASSED] - Text 'Mustafa' is set on object 'Object Repository/PIM/inputMiddlename'

08-12-2024T19:23:15 - [TEST_STEP][PASSED] - click(findTestObject("PIM/inputLastname")): Object: 'Object Repository/PIM/inputLastname' is clicked on

08-12-2024T19:23:15 - [MESSAGE][PASSED] - Object: 'Object Repository/PIM/inputLastname' is clicked on

08-12-2024T19:23:15 - [TEST_STEP][PASSED] - setText(findTestObject("PIM/inputLastname"), "Abdullah Kafi"): Text 'Abdullah Kafi' is set on object 'Object Repository/PIM/inputLastname'

08-12-2024T19:23:16 - [MESSAGE][PASSED] - Text 'Abdullah Kafi' is set on object 'Object Repository/PIM/inputLastname'

08-12-2024T19:23:16 - [TEST_STEP][PASSED] - click(findTestObject("PIM/inputEmployeeid")): Object: 'Object Repository/PIM/inputEmployeeid' is clicked on

08-12-2024T19:23:16 - [MESSAGE][PASSED] - Object: 'Object Repository/PIM/inputEmployeeid' is clicked on

08-12-2024T19:23:16 - [TEST_STEP][PASSED] - sendKeys(findTestObject("PIM/inputEmployeeid"), Keys.chord(CONTROL, "a", DELETE)): Keys 'CONTROL + DELETE + a' sent to object: 'Object Repository/PIM/inputEmployeeid'

08-12-2024T19:23:17 - [MESSAGE][PASSED] - Keys 'CONTROL + DELETE + a' sent to object: 'Object Repository/PIM/inputEmployeeid'

08-12-2024T19:23:17 - [TEST_STEP][PASSED] - setText(findTestObject("PIM/inputEmployeeid"), "65456453"): Text '65456453' is set on object 'Object Repository/PIM/inputEmployeeid'

08-12-2024T19:23:18 - [MESSAGE][PASSED] - Text '65456453' is set on object 'Object Repository/PIM/inputEmployeeid'

08-12-2024T19:23:18 - [TEST_STEP][PASSED] - click(findTestObject("PIM/buttonSave")): Object: 'Object Repository/PIM/buttonSave' is clicked on

08-12-2024T19:23:18 - [MESSAGE][PASSED] - Object: 'Object Repository/PIM/buttonSave' is clicked on

08-12-2024T19:23:18 - [TEST_STEP][PASSED] - verifyElementPresent(findTestObject("PIM/notificationSuccess"), 0): Object 'Object Repository/PIM/notificationSuccess' is present

08-12-2024T19:23:18 - [MESSAGE][WARNING] - Timeout '0' is invalid. Using default page load timeout: '30'

08-12-2024T19:23:22 - [MESSAGE][PASSED] - Object 'Object Repository/PIM/notificationSuccess' is present

08-12-2024T19:23:22 - [TEST_STEP][PASSED] - delay(2): Delayed 2 second(s)

08-12-2024T19:23:24 - [MESSAGE][PASSED] - Delayed 2 second(s)

08-12-2024T19:23:24 - [TEST_STEP][PASSED] - closeBrowser(): Browser is closed

08-12-2024T19:23:25 - [MESSAGE][PASSED] - Browser is closed]]></system-out>
         <system-err><![CDATA[]]></system-err>
      </testcase>
      <testcase name="Test Cases/TC - TK 004/TC 003 First Name karyawan kosong" time="34.224" classname="Test Cases/TC - TK 004/TC 003 First Name karyawan kosong" status="PASSED">
         <system-out><![CDATA[08-12-2024T19:23:25 - [TEST_CASE][PASSED] - Test Cases/TC - TK 004/TC 003 First Name karyawan kosong: Test Cases/TC - TK 004/TC 003 First Name karyawan kosong

08-12-2024T19:23:25 - [TEST_STEP][PASSED] - callTestCase(findTestCase("TC - TK 004/TC 001 Membuka fitur PIM"), [:], STOP_ON_FAILURE): Call Test Case 'Test Cases/TC - TK 004/TC 001 Membuka fitur PIM' successfully

08-12-2024T19:23:25 - [TEST_CASE][PASSED] - Test Cases/TC - TK 004/TC 001 Membuka fitur PIM: Test Cases/TC - TK 004/TC 001 Membuka fitur PIM

08-12-2024T19:23:25 - [TEST_STEP][PASSED] - callTestCase(findTestCase("TC - LW 002/TC 001 Login berhasil"), [:], STOP_ON_FAILURE): Call Test Case 'Test Cases/TC - LW 002/TC 001 Login berhasil' successfully

08-12-2024T19:23:25 - [TEST_CASE][PASSED] - Test Cases/TC - LW 002/TC 001 Login berhasil: Test Cases/TC - LW 002/TC 001 Login berhasil

08-12-2024T19:23:25 - [TEST_STEP][PASSED] - callTestCase(findTestCase("TC - OW 001/TC 001 Link website benar"), [:], STOP_ON_FAILURE): Call Test Case 'Test Cases/TC - OW 001/TC 001 Link website benar' successfully

08-12-2024T19:23:26 - [TEST_CASE][PASSED] - Test Cases/TC - OW 001/TC 001 Link website benar: Test Cases/TC - OW 001/TC 001 Link website benar

08-12-2024T19:23:26 - [TEST_STEP][PASSED] - openBrowser("https://opensource-demo.orangehrmlive.com/web/index.php/"): Browser is opened with url: 'https://opensource-demo.orangehrmlive.com/web/index.php/'

08-12-2024T19:23:26 - [MESSAGE][INFO] - Starting 'Chrome' driver

08-12-2024T19:23:26 - [MESSAGE][INFO] - Action delay is set to 0 milliseconds

08-12-2024T19:23:33 - [MESSAGE][PASSED] - Browser is opened with url: 'https://opensource-demo.orangehrmlive.com/web/index.php/'

08-12-2024T19:23:33 - [TEST_STEP][PASSED] - maximizeWindow(): Current window maximized

08-12-2024T19:23:34 - [MESSAGE][PASSED] - Current window maximized

08-12-2024T19:23:34 - [TEST_STEP][PASSED] - verifyElementPresent(findTestObject("Login/textLogin"), 0): Object 'Object Repository/Login/textLogin' is present

08-12-2024T19:23:34 - [MESSAGE][WARNING] - Timeout '0' is invalid. Using default page load timeout: '30'

08-12-2024T19:23:35 - [MESSAGE][PASSED] - Object 'Object Repository/Login/textLogin' is present

08-12-2024T19:23:35 - [MESSAGE][PASSED] - Call Test Case 'Test Cases/TC - OW 001/TC 001 Link website benar' successfully

08-12-2024T19:23:35 - [TEST_STEP][PASSED] - click(findTestObject("Login/inputUsername")): Object: 'Object Repository/Login/inputUsername' is clicked on

08-12-2024T19:23:35 - [MESSAGE][PASSED] - Object: 'Object Repository/Login/inputUsername' is clicked on

08-12-2024T19:23:35 - [TEST_STEP][PASSED] - setText(findTestObject("Login/inputUsername"), "admin"): Text 'admin' is set on object 'Object Repository/Login/inputUsername'

08-12-2024T19:23:36 - [MESSAGE][PASSED] - Text 'admin' is set on object 'Object Repository/Login/inputUsername'

08-12-2024T19:23:36 - [TEST_STEP][PASSED] - click(findTestObject("Login/inputPaasword")): Object: 'Object Repository/Login/inputPaasword' is clicked on

08-12-2024T19:23:37 - [MESSAGE][PASSED] - Object: 'Object Repository/Login/inputPaasword' is clicked on

08-12-2024T19:23:37 - [TEST_STEP][PASSED] - setText(findTestObject("Login/inputPaasword"), "admin123"): Text 'admin123' is set on object 'Object Repository/Login/inputPaasword'

08-12-2024T19:23:38 - [MESSAGE][PASSED] - Text 'admin123' is set on object 'Object Repository/Login/inputPaasword'

08-12-2024T19:23:38 - [TEST_STEP][PASSED] - click(findTestObject("Login/buttonLogin")): Object: 'Object Repository/Login/buttonLogin' is clicked on

08-12-2024T19:23:39 - [MESSAGE][PASSED] - Object: 'Object Repository/Login/buttonLogin' is clicked on

08-12-2024T19:23:39 - [TEST_STEP][PASSED] - verifyElementPresent(findTestObject("Dashboard/textDashboard"), 0): Object 'Object Repository/Dashboard/textDashboard' is present

08-12-2024T19:23:39 - [MESSAGE][WARNING] - Timeout '0' is invalid. Using default page load timeout: '30'

08-12-2024T19:23:42 - [MESSAGE][PASSED] - Object 'Object Repository/Dashboard/textDashboard' is present

08-12-2024T19:23:42 - [MESSAGE][PASSED] - Call Test Case 'Test Cases/TC - LW 002/TC 001 Login berhasil' successfully

08-12-2024T19:23:42 - [TEST_STEP][PASSED] - click(findTestObject("PIM/buttonMenupim")): Object: 'Object Repository/PIM/buttonMenupim' is clicked on

08-12-2024T19:23:44 - [MESSAGE][PASSED] - Object: 'Object Repository/PIM/buttonMenupim' is clicked on

08-12-2024T19:23:44 - [TEST_STEP][PASSED] - verifyElementPresent(findTestObject("Dashboard/textDashboard"), 0): Object 'Object Repository/Dashboard/textDashboard' is present

08-12-2024T19:23:44 - [MESSAGE][WARNING] - Timeout '0' is invalid. Using default page load timeout: '30'

08-12-2024T19:23:47 - [MESSAGE][PASSED] - Object 'Object Repository/Dashboard/textDashboard' is present

08-12-2024T19:23:47 - [MESSAGE][PASSED] - Call Test Case 'Test Cases/TC - TK 004/TC 001 Membuka fitur PIM' successfully

08-12-2024T19:23:47 - [TEST_STEP][PASSED] - click(findTestObject("Object Repository/PIM/addButton")): Object: 'Object Repository/PIM/addButton' is clicked on

08-12-2024T19:23:48 - [MESSAGE][PASSED] - Object: 'Object Repository/PIM/addButton' is clicked on

08-12-2024T19:23:48 - [TEST_STEP][PASSED] - click(findTestObject("Object Repository/PIM/inputFirstname")): Object: 'Object Repository/PIM/inputFirstname' is clicked on

08-12-2024T19:23:50 - [MESSAGE][PASSED] - Object: 'Object Repository/PIM/inputFirstname' is clicked on

08-12-2024T19:23:50 - [TEST_STEP][PASSED] - setText(findTestObject("Object Repository/PIM/inputFirstname"), ""): Text '' is set on object 'Object Repository/PIM/inputFirstname'

08-12-2024T19:23:51 - [MESSAGE][PASSED] - Text '' is set on object 'Object Repository/PIM/inputFirstname'

08-12-2024T19:23:51 - [TEST_STEP][PASSED] - click(findTestObject("Object Repository/PIM/inputMiddlename")): Object: 'Object Repository/PIM/inputMiddlename' is clicked on

08-12-2024T19:23:51 - [MESSAGE][PASSED] - Object: 'Object Repository/PIM/inputMiddlename' is clicked on

08-12-2024T19:23:52 - [TEST_STEP][PASSED] - setText(findTestObject("Object Repository/PIM/inputMiddlename"), "Mustafa"): Text 'Mustafa' is set on object 'Object Repository/PIM/inputMiddlename'

08-12-2024T19:23:52 - [MESSAGE][PASSED] - Text 'Mustafa' is set on object 'Object Repository/PIM/inputMiddlename'

08-12-2024T19:23:52 - [TEST_STEP][PASSED] - click(findTestObject("Object Repository/PIM/inputLastname")): Object: 'Object Repository/PIM/inputLastname' is clicked on

08-12-2024T19:23:53 - [MESSAGE][PASSED] - Object: 'Object Repository/PIM/inputLastname' is clicked on

08-12-2024T19:23:53 - [TEST_STEP][PASSED] - setText(findTestObject("Object Repository/PIM/inputLastname"), "Abdullah Kafi"): Text 'Abdullah Kafi' is set on object 'Object Repository/PIM/inputLastname'

08-12-2024T19:23:54 - [MESSAGE][PASSED] - Text 'Abdullah Kafi' is set on object 'Object Repository/PIM/inputLastname'

08-12-2024T19:23:54 - [TEST_STEP][PASSED] - click(findTestObject("Object Repository/PIM/buttonSave")): Object: 'Object Repository/PIM/buttonSave' is clicked on

08-12-2024T19:23:55 - [MESSAGE][PASSED] - Object: 'Object Repository/PIM/buttonSave' is clicked on

08-12-2024T19:23:55 - [TEST_STEP][PASSED] - verifyElementPresent(findTestObject("Object Repository/PIM/alertFirstnamerequired"), 0): Object 'Object Repository/PIM/alertFirstnamerequired' is present

08-12-2024T19:23:55 - [MESSAGE][WARNING] - Timeout '0' is invalid. Using default page load timeout: '30'

08-12-2024T19:23:56 - [MESSAGE][PASSED] - Object 'Object Repository/PIM/alertFirstnamerequired' is present

08-12-2024T19:23:56 - [TEST_STEP][PASSED] - delay(2): Delayed 2 second(s)

08-12-2024T19:23:59 - [MESSAGE][PASSED] - Delayed 2 second(s)

08-12-2024T19:23:59 - [TEST_STEP][PASSED] - closeBrowser(): Browser is closed

08-12-2024T19:23:59 - [MESSAGE][PASSED] - Browser is closed]]></system-out>
         <system-err><![CDATA[]]></system-err>
      </testcase>
      <testcase name="Test Cases/TC - TK 004/TC 005 Middle Name karyawan kosong" time="36.434" classname="Test Cases/TC - TK 004/TC 005 Middle Name karyawan kosong" status="PASSED">
         <system-out><![CDATA[08-12-2024T19:23:59 - [TEST_CASE][PASSED] - Test Cases/TC - TK 004/TC 005 Middle Name karyawan kosong: Test Cases/TC - TK 004/TC 005 Middle Name karyawan kosong

08-12-2024T19:24:00 - [TEST_STEP][PASSED] - callTestCase(findTestCase("TC - TK 004/TC 001 Membuka fitur PIM"), [:], STOP_ON_FAILURE): Call Test Case 'Test Cases/TC - TK 004/TC 001 Membuka fitur PIM' successfully

08-12-2024T19:24:00 - [TEST_CASE][PASSED] - Test Cases/TC - TK 004/TC 001 Membuka fitur PIM: Test Cases/TC - TK 004/TC 001 Membuka fitur PIM

08-12-2024T19:24:00 - [TEST_STEP][PASSED] - callTestCase(findTestCase("TC - LW 002/TC 001 Login berhasil"), [:], STOP_ON_FAILURE): Call Test Case 'Test Cases/TC - LW 002/TC 001 Login berhasil' successfully

08-12-2024T19:24:00 - [TEST_CASE][PASSED] - Test Cases/TC - LW 002/TC 001 Login berhasil: Test Cases/TC - LW 002/TC 001 Login berhasil

08-12-2024T19:24:00 - [TEST_STEP][PASSED] - callTestCase(findTestCase("TC - OW 001/TC 001 Link website benar"), [:], STOP_ON_FAILURE): Call Test Case 'Test Cases/TC - OW 001/TC 001 Link website benar' successfully

08-12-2024T19:24:00 - [TEST_CASE][PASSED] - Test Cases/TC - OW 001/TC 001 Link website benar: Test Cases/TC - OW 001/TC 001 Link website benar

08-12-2024T19:24:00 - [TEST_STEP][PASSED] - openBrowser("https://opensource-demo.orangehrmlive.com/web/index.php/"): Browser is opened with url: 'https://opensource-demo.orangehrmlive.com/web/index.php/'

08-12-2024T19:24:00 - [MESSAGE][INFO] - Starting 'Chrome' driver

08-12-2024T19:24:00 - [MESSAGE][INFO] - Action delay is set to 0 milliseconds

08-12-2024T19:24:08 - [MESSAGE][PASSED] - Browser is opened with url: 'https://opensource-demo.orangehrmlive.com/web/index.php/'

08-12-2024T19:24:08 - [TEST_STEP][PASSED] - maximizeWindow(): Current window maximized

08-12-2024T19:24:08 - [MESSAGE][PASSED] - Current window maximized

08-12-2024T19:24:08 - [TEST_STEP][PASSED] - verifyElementPresent(findTestObject("Login/textLogin"), 0): Object 'Object Repository/Login/textLogin' is present

08-12-2024T19:24:08 - [MESSAGE][WARNING] - Timeout '0' is invalid. Using default page load timeout: '30'

08-12-2024T19:24:09 - [MESSAGE][PASSED] - Object 'Object Repository/Login/textLogin' is present

08-12-2024T19:24:09 - [MESSAGE][PASSED] - Call Test Case 'Test Cases/TC - OW 001/TC 001 Link website benar' successfully

08-12-2024T19:24:09 - [TEST_STEP][PASSED] - click(findTestObject("Login/inputUsername")): Object: 'Object Repository/Login/inputUsername' is clicked on

08-12-2024T19:24:10 - [MESSAGE][PASSED] - Object: 'Object Repository/Login/inputUsername' is clicked on

08-12-2024T19:24:10 - [TEST_STEP][PASSED] - setText(findTestObject("Login/inputUsername"), "admin"): Text 'admin' is set on object 'Object Repository/Login/inputUsername'

08-12-2024T19:24:10 - [MESSAGE][PASSED] - Text 'admin' is set on object 'Object Repository/Login/inputUsername'

08-12-2024T19:24:10 - [TEST_STEP][PASSED] - click(findTestObject("Login/inputPaasword")): Object: 'Object Repository/Login/inputPaasword' is clicked on

08-12-2024T19:24:11 - [MESSAGE][PASSED] - Object: 'Object Repository/Login/inputPaasword' is clicked on

08-12-2024T19:24:11 - [TEST_STEP][PASSED] - setText(findTestObject("Login/inputPaasword"), "admin123"): Text 'admin123' is set on object 'Object Repository/Login/inputPaasword'

08-12-2024T19:24:12 - [MESSAGE][PASSED] - Text 'admin123' is set on object 'Object Repository/Login/inputPaasword'

08-12-2024T19:24:12 - [TEST_STEP][PASSED] - click(findTestObject("Login/buttonLogin")): Object: 'Object Repository/Login/buttonLogin' is clicked on

08-12-2024T19:24:14 - [MESSAGE][PASSED] - Object: 'Object Repository/Login/buttonLogin' is clicked on

08-12-2024T19:24:14 - [TEST_STEP][PASSED] - verifyElementPresent(findTestObject("Dashboard/textDashboard"), 0): Object 'Object Repository/Dashboard/textDashboard' is present

08-12-2024T19:24:14 - [MESSAGE][WARNING] - Timeout '0' is invalid. Using default page load timeout: '30'

08-12-2024T19:24:17 - [MESSAGE][PASSED] - Object 'Object Repository/Dashboard/textDashboard' is present

08-12-2024T19:24:17 - [MESSAGE][PASSED] - Call Test Case 'Test Cases/TC - LW 002/TC 001 Login berhasil' successfully

08-12-2024T19:24:17 - [TEST_STEP][PASSED] - click(findTestObject("PIM/buttonMenupim")): Object: 'Object Repository/PIM/buttonMenupim' is clicked on

08-12-2024T19:24:18 - [MESSAGE][PASSED] - Object: 'Object Repository/PIM/buttonMenupim' is clicked on

08-12-2024T19:24:18 - [TEST_STEP][PASSED] - verifyElementPresent(findTestObject("Dashboard/textDashboard"), 0): Object 'Object Repository/Dashboard/textDashboard' is present

08-12-2024T19:24:18 - [MESSAGE][WARNING] - Timeout '0' is invalid. Using default page load timeout: '30'

08-12-2024T19:24:21 - [MESSAGE][PASSED] - Object 'Object Repository/Dashboard/textDashboard' is present

08-12-2024T19:24:21 - [MESSAGE][PASSED] - Call Test Case 'Test Cases/TC - TK 004/TC 001 Membuka fitur PIM' successfully

08-12-2024T19:24:21 - [TEST_STEP][PASSED] - click(findTestObject("Object Repository/PIM/addButton")): Object: 'Object Repository/PIM/addButton' is clicked on

08-12-2024T19:24:23 - [MESSAGE][PASSED] - Object: 'Object Repository/PIM/addButton' is clicked on

08-12-2024T19:24:23 - [TEST_STEP][PASSED] - click(findTestObject("Object Repository/PIM/inputFirstname")): Object: 'Object Repository/PIM/inputFirstname' is clicked on

08-12-2024T19:24:25 - [MESSAGE][PASSED] - Object: 'Object Repository/PIM/inputFirstname' is clicked on

08-12-2024T19:24:25 - [TEST_STEP][PASSED] - setText(findTestObject("Object Repository/PIM/inputFirstname"), "Rafki"): Text 'Rafki' is set on object 'Object Repository/PIM/inputFirstname'

08-12-2024T19:24:26 - [MESSAGE][PASSED] - Text 'Rafki' is set on object 'Object Repository/PIM/inputFirstname'

08-12-2024T19:24:26 - [TEST_STEP][PASSED] - click(findTestObject("Object Repository/PIM/inputMiddlename")): Object: 'Object Repository/PIM/inputMiddlename' is clicked on

08-12-2024T19:24:26 - [MESSAGE][PASSED] - Object: 'Object Repository/PIM/inputMiddlename' is clicked on

08-12-2024T19:24:26 - [TEST_STEP][PASSED] - setText(findTestObject("Object Repository/PIM/inputMiddlename"), ""): Text '' is set on object 'Object Repository/PIM/inputMiddlename'

08-12-2024T19:24:27 - [MESSAGE][PASSED] - Text '' is set on object 'Object Repository/PIM/inputMiddlename'

08-12-2024T19:24:27 - [TEST_STEP][PASSED] - click(findTestObject("Object Repository/PIM/inputLastname")): Object: 'Object Repository/PIM/inputLastname' is clicked on

08-12-2024T19:24:27 - [MESSAGE][PASSED] - Object: 'Object Repository/PIM/inputLastname' is clicked on

08-12-2024T19:24:27 - [TEST_STEP][PASSED] - setText(findTestObject("Object Repository/PIM/inputLastname"), "Abdullah Kafi"): Text 'Abdullah Kafi' is set on object 'Object Repository/PIM/inputLastname'

08-12-2024T19:24:28 - [MESSAGE][PASSED] - Text 'Abdullah Kafi' is set on object 'Object Repository/PIM/inputLastname'

08-12-2024T19:24:28 - [TEST_STEP][PASSED] - click(findTestObject("PIM/inputEmployeeid")): Object: 'Object Repository/PIM/inputEmployeeid' is clicked on

08-12-2024T19:24:29 - [MESSAGE][PASSED] - Object: 'Object Repository/PIM/inputEmployeeid' is clicked on

08-12-2024T19:24:29 - [TEST_STEP][PASSED] - sendKeys(findTestObject("PIM/inputEmployeeid"), Keys.chord(CONTROL, "a", DELETE)): Keys 'CONTROL + DELETE + a' sent to object: 'Object Repository/PIM/inputEmployeeid'

08-12-2024T19:24:29 - [MESSAGE][PASSED] - Keys 'CONTROL + DELETE + a' sent to object: 'Object Repository/PIM/inputEmployeeid'

08-12-2024T19:24:29 - [TEST_STEP][PASSED] - setText(findTestObject("PIM/inputEmployeeid"), "6234237"): Text '6234237' is set on object 'Object Repository/PIM/inputEmployeeid'

08-12-2024T19:24:30 - [MESSAGE][PASSED] - Text '6234237' is set on object 'Object Repository/PIM/inputEmployeeid'

08-12-2024T19:24:30 - [TEST_STEP][PASSED] - click(findTestObject("Object Repository/PIM/buttonSave")): Object: 'Object Repository/PIM/buttonSave' is clicked on

08-12-2024T19:24:31 - [MESSAGE][PASSED] - Object: 'Object Repository/PIM/buttonSave' is clicked on

08-12-2024T19:24:31 - [TEST_STEP][PASSED] - verifyElementPresent(findTestObject("PIM/notificationSuccess"), 0): Object 'Object Repository/PIM/notificationSuccess' is present

08-12-2024T19:24:31 - [MESSAGE][WARNING] - Timeout '0' is invalid. Using default page load timeout: '30'

08-12-2024T19:24:33 - [MESSAGE][PASSED] - Object 'Object Repository/PIM/notificationSuccess' is present

08-12-2024T19:24:33 - [TEST_STEP][PASSED] - delay(2): Delayed 2 second(s)

08-12-2024T19:24:35 - [MESSAGE][PASSED] - Delayed 2 second(s)

08-12-2024T19:24:35 - [TEST_STEP][PASSED] - closeBrowser(): Browser is closed

08-12-2024T19:24:36 - [MESSAGE][PASSED] - Browser is closed]]></system-out>
         <system-err><![CDATA[]]></system-err>
      </testcase>
      <testcase name="Test Cases/TC - TK 004/TC 006 Last Name karyawan kosong" time="41.995" classname="Test Cases/TC - TK 004/TC 006 Last Name karyawan kosong" status="PASSED">
         <system-out><![CDATA[08-12-2024T19:24:36 - [TEST_CASE][PASSED] - Test Cases/TC - TK 004/TC 006 Last Name karyawan kosong: Test Cases/TC - TK 004/TC 006 Last Name karyawan kosong

08-12-2024T19:24:36 - [TEST_STEP][PASSED] - callTestCase(findTestCase("TC - TK 004/TC 001 Membuka fitur PIM"), [:], STOP_ON_FAILURE): Call Test Case 'Test Cases/TC - TK 004/TC 001 Membuka fitur PIM' successfully

08-12-2024T19:24:36 - [TEST_CASE][PASSED] - Test Cases/TC - TK 004/TC 001 Membuka fitur PIM: Test Cases/TC - TK 004/TC 001 Membuka fitur PIM

08-12-2024T19:24:37 - [TEST_STEP][PASSED] - callTestCase(findTestCase("TC - LW 002/TC 001 Login berhasil"), [:], STOP_ON_FAILURE): Call Test Case 'Test Cases/TC - LW 002/TC 001 Login berhasil' successfully

08-12-2024T19:24:37 - [TEST_CASE][PASSED] - Test Cases/TC - LW 002/TC 001 Login berhasil: Test Cases/TC - LW 002/TC 001 Login berhasil

08-12-2024T19:24:37 - [TEST_STEP][PASSED] - callTestCase(findTestCase("TC - OW 001/TC 001 Link website benar"), [:], STOP_ON_FAILURE): Call Test Case 'Test Cases/TC - OW 001/TC 001 Link website benar' successfully

08-12-2024T19:24:37 - [TEST_CASE][PASSED] - Test Cases/TC - OW 001/TC 001 Link website benar: Test Cases/TC - OW 001/TC 001 Link website benar

08-12-2024T19:24:37 - [TEST_STEP][PASSED] - openBrowser("https://opensource-demo.orangehrmlive.com/web/index.php/"): Browser is opened with url: 'https://opensource-demo.orangehrmlive.com/web/index.php/'

08-12-2024T19:24:37 - [MESSAGE][INFO] - Starting 'Chrome' driver

08-12-2024T19:24:37 - [MESSAGE][INFO] - Action delay is set to 0 milliseconds

08-12-2024T19:24:49 - [MESSAGE][PASSED] - Browser is opened with url: 'https://opensource-demo.orangehrmlive.com/web/index.php/'

08-12-2024T19:24:49 - [TEST_STEP][PASSED] - maximizeWindow(): Current window maximized

08-12-2024T19:24:49 - [MESSAGE][PASSED] - Current window maximized

08-12-2024T19:24:49 - [TEST_STEP][PASSED] - verifyElementPresent(findTestObject("Login/textLogin"), 0): Object 'Object Repository/Login/textLogin' is present

08-12-2024T19:24:49 - [MESSAGE][WARNING] - Timeout '0' is invalid. Using default page load timeout: '30'

08-12-2024T19:24:51 - [MESSAGE][PASSED] - Object 'Object Repository/Login/textLogin' is present

08-12-2024T19:24:51 - [MESSAGE][PASSED] - Call Test Case 'Test Cases/TC - OW 001/TC 001 Link website benar' successfully

08-12-2024T19:24:51 - [TEST_STEP][PASSED] - click(findTestObject("Login/inputUsername")): Object: 'Object Repository/Login/inputUsername' is clicked on

08-12-2024T19:24:52 - [MESSAGE][PASSED] - Object: 'Object Repository/Login/inputUsername' is clicked on

08-12-2024T19:24:52 - [TEST_STEP][PASSED] - setText(findTestObject("Login/inputUsername"), "admin"): Text 'admin' is set on object 'Object Repository/Login/inputUsername'

08-12-2024T19:24:52 - [MESSAGE][PASSED] - Text 'admin' is set on object 'Object Repository/Login/inputUsername'

08-12-2024T19:24:52 - [TEST_STEP][PASSED] - click(findTestObject("Login/inputPaasword")): Object: 'Object Repository/Login/inputPaasword' is clicked on

08-12-2024T19:24:53 - [MESSAGE][PASSED] - Object: 'Object Repository/Login/inputPaasword' is clicked on

08-12-2024T19:24:53 - [TEST_STEP][PASSED] - setText(findTestObject("Login/inputPaasword"), "admin123"): Text 'admin123' is set on object 'Object Repository/Login/inputPaasword'

08-12-2024T19:24:54 - [MESSAGE][PASSED] - Text 'admin123' is set on object 'Object Repository/Login/inputPaasword'

08-12-2024T19:24:54 - [TEST_STEP][PASSED] - click(findTestObject("Login/buttonLogin")): Object: 'Object Repository/Login/buttonLogin' is clicked on

08-12-2024T19:24:56 - [MESSAGE][PASSED] - Object: 'Object Repository/Login/buttonLogin' is clicked on

08-12-2024T19:24:56 - [TEST_STEP][PASSED] - verifyElementPresent(findTestObject("Dashboard/textDashboard"), 0): Object 'Object Repository/Dashboard/textDashboard' is present

08-12-2024T19:24:56 - [MESSAGE][WARNING] - Timeout '0' is invalid. Using default page load timeout: '30'

08-12-2024T19:25:00 - [MESSAGE][PASSED] - Object 'Object Repository/Dashboard/textDashboard' is present

08-12-2024T19:25:00 - [MESSAGE][PASSED] - Call Test Case 'Test Cases/TC - LW 002/TC 001 Login berhasil' successfully

08-12-2024T19:25:00 - [TEST_STEP][PASSED] - click(findTestObject("PIM/buttonMenupim")): Object: 'Object Repository/PIM/buttonMenupim' is clicked on

08-12-2024T19:25:03 - [MESSAGE][PASSED] - Object: 'Object Repository/PIM/buttonMenupim' is clicked on

08-12-2024T19:25:03 - [TEST_STEP][PASSED] - verifyElementPresent(findTestObject("Dashboard/textDashboard"), 0): Object 'Object Repository/Dashboard/textDashboard' is present

08-12-2024T19:25:03 - [MESSAGE][WARNING] - Timeout '0' is invalid. Using default page load timeout: '30'

08-12-2024T19:25:06 - [MESSAGE][PASSED] - Object 'Object Repository/Dashboard/textDashboard' is present

08-12-2024T19:25:06 - [MESSAGE][PASSED] - Call Test Case 'Test Cases/TC - TK 004/TC 001 Membuka fitur PIM' successfully

08-12-2024T19:25:06 - [TEST_STEP][PASSED] - click(findTestObject("Object Repository/PIM/addButton")): Object: 'Object Repository/PIM/addButton' is clicked on

08-12-2024T19:25:07 - [MESSAGE][PASSED] - Object: 'Object Repository/PIM/addButton' is clicked on

08-12-2024T19:25:07 - [TEST_STEP][PASSED] - click(findTestObject("Object Repository/PIM/inputFirstname")): Object: 'Object Repository/PIM/inputFirstname' is clicked on

08-12-2024T19:25:09 - [MESSAGE][PASSED] - Object: 'Object Repository/PIM/inputFirstname' is clicked on

08-12-2024T19:25:09 - [TEST_STEP][PASSED] - setText(findTestObject("Object Repository/PIM/inputFirstname"), "Rafki"): Text 'Rafki' is set on object 'Object Repository/PIM/inputFirstname'

08-12-2024T19:25:09 - [MESSAGE][PASSED] - Text 'Rafki' is set on object 'Object Repository/PIM/inputFirstname'

08-12-2024T19:25:09 - [TEST_STEP][PASSED] - click(findTestObject("Object Repository/PIM/inputMiddlename")): Object: 'Object Repository/PIM/inputMiddlename' is clicked on

08-12-2024T19:25:10 - [MESSAGE][PASSED] - Object: 'Object Repository/PIM/inputMiddlename' is clicked on

08-12-2024T19:25:10 - [TEST_STEP][PASSED] - setText(findTestObject("Object Repository/PIM/inputMiddlename"), "Mustafa"): Text 'Mustafa' is set on object 'Object Repository/PIM/inputMiddlename'

08-12-2024T19:25:11 - [MESSAGE][PASSED] - Text 'Mustafa' is set on object 'Object Repository/PIM/inputMiddlename'

08-12-2024T19:25:11 - [TEST_STEP][PASSED] - click(findTestObject("Object Repository/PIM/inputLastname")): Object: 'Object Repository/PIM/inputLastname' is clicked on

08-12-2024T19:25:11 - [MESSAGE][PASSED] - Object: 'Object Repository/PIM/inputLastname' is clicked on

08-12-2024T19:25:11 - [TEST_STEP][PASSED] - setText(findTestObject("Object Repository/PIM/inputLastname"), ""): Text '' is set on object 'Object Repository/PIM/inputLastname'

08-12-2024T19:25:12 - [MESSAGE][PASSED] - Text '' is set on object 'Object Repository/PIM/inputLastname'

08-12-2024T19:25:12 - [TEST_STEP][PASSED] - click(findTestObject("Object Repository/PIM/buttonSave")): Object: 'Object Repository/PIM/buttonSave' is clicked on

08-12-2024T19:25:12 - [MESSAGE][PASSED] - Object: 'Object Repository/PIM/buttonSave' is clicked on

08-12-2024T19:25:12 - [TEST_STEP][PASSED] - verifyElementPresent(findTestObject("PIM/alertLastnamerequired"), 0): Object 'Object Repository/PIM/alertLastnamerequired' is present

08-12-2024T19:25:12 - [MESSAGE][WARNING] - Timeout '0' is invalid. Using default page load timeout: '30'

08-12-2024T19:25:14 - [MESSAGE][PASSED] - Object 'Object Repository/PIM/alertLastnamerequired' is present

08-12-2024T19:25:14 - [TEST_STEP][PASSED] - delay(2): Delayed 2 second(s)

08-12-2024T19:25:16 - [MESSAGE][PASSED] - Delayed 2 second(s)

08-12-2024T19:25:16 - [TEST_STEP][PASSED] - closeBrowser(): Browser is closed

08-12-2024T19:25:18 - [MESSAGE][PASSED] - Browser is closed]]></system-out>
         <system-err><![CDATA[]]></system-err>
      </testcase>
      <testcase name="Test Cases/TC - TK 004/TC 007 Employee ID karyawan duplikat" time="46.072" classname="Test Cases/TC - TK 004/TC 007 Employee ID karyawan duplikat" status="PASSED">
         <system-out><![CDATA[08-12-2024T19:25:18 - [TEST_CASE][PASSED] - Test Cases/TC - TK 004/TC 007 Employee ID karyawan duplikat: Test Cases/TC - TK 004/TC 007 Employee ID karyawan duplikat

08-12-2024T19:25:18 - [TEST_STEP][PASSED] - callTestCase(findTestCase("TC - TK 004/TC 001 Membuka fitur PIM"), [:], STOP_ON_FAILURE): Call Test Case 'Test Cases/TC - TK 004/TC 001 Membuka fitur PIM' successfully

08-12-2024T19:25:19 - [TEST_CASE][PASSED] - Test Cases/TC - TK 004/TC 001 Membuka fitur PIM: Test Cases/TC - TK 004/TC 001 Membuka fitur PIM

08-12-2024T19:25:19 - [TEST_STEP][PASSED] - callTestCase(findTestCase("TC - LW 002/TC 001 Login berhasil"), [:], STOP_ON_FAILURE): Call Test Case 'Test Cases/TC - LW 002/TC 001 Login berhasil' successfully

08-12-2024T19:25:19 - [TEST_CASE][PASSED] - Test Cases/TC - LW 002/TC 001 Login berhasil: Test Cases/TC - LW 002/TC 001 Login berhasil

08-12-2024T19:25:19 - [TEST_STEP][PASSED] - callTestCase(findTestCase("TC - OW 001/TC 001 Link website benar"), [:], STOP_ON_FAILURE): Call Test Case 'Test Cases/TC - OW 001/TC 001 Link website benar' successfully

08-12-2024T19:25:19 - [TEST_CASE][PASSED] - Test Cases/TC - OW 001/TC 001 Link website benar: Test Cases/TC - OW 001/TC 001 Link website benar

08-12-2024T19:25:19 - [TEST_STEP][PASSED] - openBrowser("https://opensource-demo.orangehrmlive.com/web/index.php/"): Browser is opened with url: 'https://opensource-demo.orangehrmlive.com/web/index.php/'

08-12-2024T19:25:19 - [MESSAGE][INFO] - Starting 'Chrome' driver

08-12-2024T19:25:19 - [MESSAGE][INFO] - Action delay is set to 0 milliseconds

08-12-2024T19:25:33 - [MESSAGE][PASSED] - Browser is opened with url: 'https://opensource-demo.orangehrmlive.com/web/index.php/'

08-12-2024T19:25:33 - [TEST_STEP][PASSED] - maximizeWindow(): Current window maximized

08-12-2024T19:25:34 - [MESSAGE][PASSED] - Current window maximized

08-12-2024T19:25:34 - [TEST_STEP][PASSED] - verifyElementPresent(findTestObject("Login/textLogin"), 0): Object 'Object Repository/Login/textLogin' is present

08-12-2024T19:25:34 - [MESSAGE][WARNING] - Timeout '0' is invalid. Using default page load timeout: '30'

08-12-2024T19:25:36 - [MESSAGE][PASSED] - Object 'Object Repository/Login/textLogin' is present

08-12-2024T19:25:36 - [MESSAGE][PASSED] - Call Test Case 'Test Cases/TC - OW 001/TC 001 Link website benar' successfully

08-12-2024T19:25:36 - [TEST_STEP][PASSED] - click(findTestObject("Login/inputUsername")): Object: 'Object Repository/Login/inputUsername' is clicked on

08-12-2024T19:25:37 - [MESSAGE][PASSED] - Object: 'Object Repository/Login/inputUsername' is clicked on

08-12-2024T19:25:37 - [TEST_STEP][PASSED] - setText(findTestObject("Login/inputUsername"), "admin"): Text 'admin' is set on object 'Object Repository/Login/inputUsername'

08-12-2024T19:25:38 - [MESSAGE][PASSED] - Text 'admin' is set on object 'Object Repository/Login/inputUsername'

08-12-2024T19:25:38 - [TEST_STEP][PASSED] - click(findTestObject("Login/inputPaasword")): Object: 'Object Repository/Login/inputPaasword' is clicked on

08-12-2024T19:25:38 - [MESSAGE][PASSED] - Object: 'Object Repository/Login/inputPaasword' is clicked on

08-12-2024T19:25:38 - [TEST_STEP][PASSED] - setText(findTestObject("Login/inputPaasword"), "admin123"): Text 'admin123' is set on object 'Object Repository/Login/inputPaasword'

08-12-2024T19:25:40 - [MESSAGE][PASSED] - Text 'admin123' is set on object 'Object Repository/Login/inputPaasword'

08-12-2024T19:25:40 - [TEST_STEP][PASSED] - click(findTestObject("Login/buttonLogin")): Object: 'Object Repository/Login/buttonLogin' is clicked on

08-12-2024T19:25:42 - [MESSAGE][PASSED] - Object: 'Object Repository/Login/buttonLogin' is clicked on

08-12-2024T19:25:42 - [TEST_STEP][PASSED] - verifyElementPresent(findTestObject("Dashboard/textDashboard"), 0): Object 'Object Repository/Dashboard/textDashboard' is present

08-12-2024T19:25:43 - [MESSAGE][WARNING] - Timeout '0' is invalid. Using default page load timeout: '30'

08-12-2024T19:25:46 - [MESSAGE][PASSED] - Object 'Object Repository/Dashboard/textDashboard' is present

08-12-2024T19:25:46 - [MESSAGE][PASSED] - Call Test Case 'Test Cases/TC - LW 002/TC 001 Login berhasil' successfully

08-12-2024T19:25:46 - [TEST_STEP][PASSED] - click(findTestObject("PIM/buttonMenupim")): Object: 'Object Repository/PIM/buttonMenupim' is clicked on

08-12-2024T19:25:49 - [MESSAGE][PASSED] - Object: 'Object Repository/PIM/buttonMenupim' is clicked on

08-12-2024T19:25:49 - [TEST_STEP][PASSED] - verifyElementPresent(findTestObject("Dashboard/textDashboard"), 0): Object 'Object Repository/Dashboard/textDashboard' is present

08-12-2024T19:25:49 - [MESSAGE][WARNING] - Timeout '0' is invalid. Using default page load timeout: '30'

08-12-2024T19:25:51 - [MESSAGE][PASSED] - Object 'Object Repository/Dashboard/textDashboard' is present

08-12-2024T19:25:51 - [MESSAGE][PASSED] - Call Test Case 'Test Cases/TC - TK 004/TC 001 Membuka fitur PIM' successfully

08-12-2024T19:25:51 - [TEST_STEP][PASSED] - click(findTestObject("Object Repository/PIM/addButton")): Object: 'Object Repository/PIM/addButton' is clicked on

08-12-2024T19:25:52 - [MESSAGE][PASSED] - Object: 'Object Repository/PIM/addButton' is clicked on

08-12-2024T19:25:52 - [TEST_STEP][PASSED] - click(findTestObject("Object Repository/PIM/inputFirstname")): Object: 'Object Repository/PIM/inputFirstname' is clicked on

08-12-2024T19:25:54 - [MESSAGE][PASSED] - Object: 'Object Repository/PIM/inputFirstname' is clicked on

08-12-2024T19:25:54 - [TEST_STEP][PASSED] - setText(findTestObject("Object Repository/PIM/inputFirstname"), "Rafki"): Text 'Rafki' is set on object 'Object Repository/PIM/inputFirstname'

08-12-2024T19:25:54 - [MESSAGE][PASSED] - Text 'Rafki' is set on object 'Object Repository/PIM/inputFirstname'

08-12-2024T19:25:54 - [TEST_STEP][PASSED] - click(findTestObject("Object Repository/PIM/inputMiddlename")): Object: 'Object Repository/PIM/inputMiddlename' is clicked on

08-12-2024T19:25:55 - [MESSAGE][PASSED] - Object: 'Object Repository/PIM/inputMiddlename' is clicked on

08-12-2024T19:25:55 - [TEST_STEP][PASSED] - setText(findTestObject("Object Repository/PIM/inputMiddlename"), "Mustafa"): Text 'Mustafa' is set on object 'Object Repository/PIM/inputMiddlename'

08-12-2024T19:25:56 - [MESSAGE][PASSED] - Text 'Mustafa' is set on object 'Object Repository/PIM/inputMiddlename'

08-12-2024T19:25:56 - [TEST_STEP][PASSED] - click(findTestObject("Object Repository/PIM/inputLastname")): Object: 'Object Repository/PIM/inputLastname' is clicked on

08-12-2024T19:25:56 - [MESSAGE][PASSED] - Object: 'Object Repository/PIM/inputLastname' is clicked on

08-12-2024T19:25:56 - [TEST_STEP][PASSED] - setText(findTestObject("Object Repository/PIM/inputLastname"), "Abdullah Kafi"): Text 'Abdullah Kafi' is set on object 'Object Repository/PIM/inputLastname'

08-12-2024T19:25:57 - [MESSAGE][PASSED] - Text 'Abdullah Kafi' is set on object 'Object Repository/PIM/inputLastname'

08-12-2024T19:25:57 - [TEST_STEP][PASSED] - click(findTestObject("PIM/inputEmployeeid")): Object: 'Object Repository/PIM/inputEmployeeid' is clicked on

08-12-2024T19:25:58 - [MESSAGE][PASSED] - Object: 'Object Repository/PIM/inputEmployeeid' is clicked on

08-12-2024T19:25:58 - [TEST_STEP][PASSED] - sendKeys(findTestObject("PIM/inputEmployeeid"), Keys.chord(CONTROL, "a", DELETE)): Keys 'CONTROL + DELETE + a' sent to object: 'Object Repository/PIM/inputEmployeeid'

08-12-2024T19:25:58 - [MESSAGE][PASSED] - Keys 'CONTROL + DELETE + a' sent to object: 'Object Repository/PIM/inputEmployeeid'

08-12-2024T19:25:58 - [TEST_STEP][PASSED] - setText(findTestObject("PIM/inputEmployeeid"), "65456453"): Text '65456453' is set on object 'Object Repository/PIM/inputEmployeeid'

08-12-2024T19:25:59 - [MESSAGE][PASSED] - Text '65456453' is set on object 'Object Repository/PIM/inputEmployeeid'

08-12-2024T19:25:59 - [TEST_STEP][PASSED] - delay(2): Delayed 2 second(s)

08-12-2024T19:26:01 - [MESSAGE][PASSED] - Delayed 2 second(s)

08-12-2024T19:26:01 - [TEST_STEP][PASSED] - verifyElementPresent(findTestObject("PIM/alertEmployeeidrequired"), 0): Object 'Object Repository/PIM/alertEmployeeidrequired' is present

08-12-2024T19:26:01 - [MESSAGE][WARNING] - Timeout '0' is invalid. Using default page load timeout: '30'

08-12-2024T19:26:01 - [MESSAGE][PASSED] - Object 'Object Repository/PIM/alertEmployeeidrequired' is present

08-12-2024T19:26:01 - [TEST_STEP][PASSED] - delay(2): Delayed 2 second(s)

08-12-2024T19:26:03 - [MESSAGE][PASSED] - Delayed 2 second(s)

08-12-2024T19:26:03 - [TEST_STEP][PASSED] - closeBrowser(): Browser is closed

08-12-2024T19:26:04 - [MESSAGE][PASSED] - Browser is closed]]></system-out>
         <system-err><![CDATA[]]></system-err>
      </testcase>
      <testcase name="Test Cases/TC - TK 004/TC 008 Employee ID 10 karakter" time="40.247" classname="Test Cases/TC - TK 004/TC 008 Employee ID 10 karakter" status="PASSED">
         <system-out><![CDATA[08-12-2024T19:26:04 - [TEST_CASE][PASSED] - Test Cases/TC - TK 004/TC 008 Employee ID 10 karakter: Test Cases/TC - TK 004/TC 008 Employee ID 10 karakter

08-12-2024T19:26:05 - [TEST_STEP][PASSED] - callTestCase(findTestCase("TC - TK 004/TC 001 Membuka fitur PIM"), [:], STOP_ON_FAILURE): Call Test Case 'Test Cases/TC - TK 004/TC 001 Membuka fitur PIM' successfully

08-12-2024T19:26:05 - [TEST_CASE][PASSED] - Test Cases/TC - TK 004/TC 001 Membuka fitur PIM: Test Cases/TC - TK 004/TC 001 Membuka fitur PIM

08-12-2024T19:26:05 - [TEST_STEP][PASSED] - callTestCase(findTestCase("TC - LW 002/TC 001 Login berhasil"), [:], STOP_ON_FAILURE): Call Test Case 'Test Cases/TC - LW 002/TC 001 Login berhasil' successfully

08-12-2024T19:26:05 - [TEST_CASE][PASSED] - Test Cases/TC - LW 002/TC 001 Login berhasil: Test Cases/TC - LW 002/TC 001 Login berhasil

08-12-2024T19:26:05 - [TEST_STEP][PASSED] - callTestCase(findTestCase("TC - OW 001/TC 001 Link website benar"), [:], STOP_ON_FAILURE): Call Test Case 'Test Cases/TC - OW 001/TC 001 Link website benar' successfully

08-12-2024T19:26:05 - [TEST_CASE][PASSED] - Test Cases/TC - OW 001/TC 001 Link website benar: Test Cases/TC - OW 001/TC 001 Link website benar

08-12-2024T19:26:05 - [TEST_STEP][PASSED] - openBrowser("https://opensource-demo.orangehrmlive.com/web/index.php/"): Browser is opened with url: 'https://opensource-demo.orangehrmlive.com/web/index.php/'

08-12-2024T19:26:05 - [MESSAGE][INFO] - Starting 'Chrome' driver

08-12-2024T19:26:05 - [MESSAGE][INFO] - Action delay is set to 0 milliseconds

08-12-2024T19:26:14 - [MESSAGE][PASSED] - Browser is opened with url: 'https://opensource-demo.orangehrmlive.com/web/index.php/'

08-12-2024T19:26:14 - [TEST_STEP][PASSED] - maximizeWindow(): Current window maximized

08-12-2024T19:26:15 - [MESSAGE][PASSED] - Current window maximized

08-12-2024T19:26:15 - [TEST_STEP][PASSED] - verifyElementPresent(findTestObject("Login/textLogin"), 0): Object 'Object Repository/Login/textLogin' is present

08-12-2024T19:26:15 - [MESSAGE][WARNING] - Timeout '0' is invalid. Using default page load timeout: '30'

08-12-2024T19:26:17 - [MESSAGE][PASSED] - Object 'Object Repository/Login/textLogin' is present

08-12-2024T19:26:17 - [MESSAGE][PASSED] - Call Test Case 'Test Cases/TC - OW 001/TC 001 Link website benar' successfully

08-12-2024T19:26:17 - [TEST_STEP][PASSED] - click(findTestObject("Login/inputUsername")): Object: 'Object Repository/Login/inputUsername' is clicked on

08-12-2024T19:26:18 - [MESSAGE][PASSED] - Object: 'Object Repository/Login/inputUsername' is clicked on

08-12-2024T19:26:18 - [TEST_STEP][PASSED] - setText(findTestObject("Login/inputUsername"), "admin"): Text 'admin' is set on object 'Object Repository/Login/inputUsername'

08-12-2024T19:26:18 - [MESSAGE][PASSED] - Text 'admin' is set on object 'Object Repository/Login/inputUsername'

08-12-2024T19:26:18 - [TEST_STEP][PASSED] - click(findTestObject("Login/inputPaasword")): Object: 'Object Repository/Login/inputPaasword' is clicked on

08-12-2024T19:26:19 - [MESSAGE][PASSED] - Object: 'Object Repository/Login/inputPaasword' is clicked on

08-12-2024T19:26:19 - [TEST_STEP][PASSED] - setText(findTestObject("Login/inputPaasword"), "admin123"): Text 'admin123' is set on object 'Object Repository/Login/inputPaasword'

08-12-2024T19:26:20 - [MESSAGE][PASSED] - Text 'admin123' is set on object 'Object Repository/Login/inputPaasword'

08-12-2024T19:26:20 - [TEST_STEP][PASSED] - click(findTestObject("Login/buttonLogin")): Object: 'Object Repository/Login/buttonLogin' is clicked on

08-12-2024T19:26:22 - [MESSAGE][PASSED] - Object: 'Object Repository/Login/buttonLogin' is clicked on

08-12-2024T19:26:22 - [TEST_STEP][PASSED] - verifyElementPresent(findTestObject("Dashboard/textDashboard"), 0): Object 'Object Repository/Dashboard/textDashboard' is present

08-12-2024T19:26:22 - [MESSAGE][WARNING] - Timeout '0' is invalid. Using default page load timeout: '30'

08-12-2024T19:26:25 - [MESSAGE][PASSED] - Object 'Object Repository/Dashboard/textDashboard' is present

08-12-2024T19:26:25 - [MESSAGE][PASSED] - Call Test Case 'Test Cases/TC - LW 002/TC 001 Login berhasil' successfully

08-12-2024T19:26:25 - [TEST_STEP][PASSED] - click(findTestObject("PIM/buttonMenupim")): Object: 'Object Repository/PIM/buttonMenupim' is clicked on

08-12-2024T19:26:27 - [MESSAGE][PASSED] - Object: 'Object Repository/PIM/buttonMenupim' is clicked on

08-12-2024T19:26:27 - [TEST_STEP][PASSED] - verifyElementPresent(findTestObject("Dashboard/textDashboard"), 0): Object 'Object Repository/Dashboard/textDashboard' is present

08-12-2024T19:26:27 - [MESSAGE][WARNING] - Timeout '0' is invalid. Using default page load timeout: '30'

08-12-2024T19:26:30 - [MESSAGE][PASSED] - Object 'Object Repository/Dashboard/textDashboard' is present

08-12-2024T19:26:30 - [MESSAGE][PASSED] - Call Test Case 'Test Cases/TC - TK 004/TC 001 Membuka fitur PIM' successfully

08-12-2024T19:26:30 - [TEST_STEP][PASSED] - click(findTestObject("Object Repository/PIM/addButton")): Object: 'Object Repository/PIM/addButton' is clicked on

08-12-2024T19:26:31 - [MESSAGE][PASSED] - Object: 'Object Repository/PIM/addButton' is clicked on

08-12-2024T19:26:32 - [TEST_STEP][PASSED] - click(findTestObject("Object Repository/PIM/inputFirstname")): Object: 'Object Repository/PIM/inputFirstname' is clicked on

08-12-2024T19:26:33 - [MESSAGE][PASSED] - Object: 'Object Repository/PIM/inputFirstname' is clicked on

08-12-2024T19:26:33 - [TEST_STEP][PASSED] - setText(findTestObject("Object Repository/PIM/inputFirstname"), "Rafki"): Text 'Rafki' is set on object 'Object Repository/PIM/inputFirstname'

08-12-2024T19:26:34 - [MESSAGE][PASSED] - Text 'Rafki' is set on object 'Object Repository/PIM/inputFirstname'

08-12-2024T19:26:34 - [TEST_STEP][PASSED] - click(findTestObject("Object Repository/PIM/inputMiddlename")): Object: 'Object Repository/PIM/inputMiddlename' is clicked on

08-12-2024T19:26:35 - [MESSAGE][PASSED] - Object: 'Object Repository/PIM/inputMiddlename' is clicked on

08-12-2024T19:26:35 - [TEST_STEP][PASSED] - setText(findTestObject("Object Repository/PIM/inputMiddlename"), "Mustafa"): Text 'Mustafa' is set on object 'Object Repository/PIM/inputMiddlename'

08-12-2024T19:26:35 - [MESSAGE][PASSED] - Text 'Mustafa' is set on object 'Object Repository/PIM/inputMiddlename'

08-12-2024T19:26:35 - [TEST_STEP][PASSED] - click(findTestObject("Object Repository/PIM/inputLastname")): Object: 'Object Repository/PIM/inputLastname' is clicked on

08-12-2024T19:26:36 - [MESSAGE][PASSED] - Object: 'Object Repository/PIM/inputLastname' is clicked on

08-12-2024T19:26:36 - [TEST_STEP][PASSED] - setText(findTestObject("Object Repository/PIM/inputLastname"), "Abdullah Kafi"): Text 'Abdullah Kafi' is set on object 'Object Repository/PIM/inputLastname'

08-12-2024T19:26:37 - [MESSAGE][PASSED] - Text 'Abdullah Kafi' is set on object 'Object Repository/PIM/inputLastname'

08-12-2024T19:26:37 - [TEST_STEP][PASSED] - click(findTestObject("PIM/inputEmployeeid")): Object: 'Object Repository/PIM/inputEmployeeid' is clicked on

08-12-2024T19:26:37 - [MESSAGE][PASSED] - Object: 'Object Repository/PIM/inputEmployeeid' is clicked on

08-12-2024T19:26:37 - [TEST_STEP][PASSED] - setText(findTestObject("PIM/inputEmployeeid"), "442233"): Text '442233' is set on object 'Object Repository/PIM/inputEmployeeid'

08-12-2024T19:26:38 - [MESSAGE][PASSED] - Text '442233' is set on object 'Object Repository/PIM/inputEmployeeid'

08-12-2024T19:26:38 - [TEST_STEP][PASSED] - employeeId = getAttribute(findTestObject("PIM/inputEmployeeid"), "value"): Attribute 'value' of object 'Object Repository/PIM/inputEmployeeid' is: '0394442233'

08-12-2024T19:26:38 - [MESSAGE][PASSED] - Attribute 'value' of object 'Object Repository/PIM/inputEmployeeid' is: '0394442233'

08-12-2024T19:26:38 - [TEST_STEP][PASSED] - if (employeeId.length() == 10): Input Employee ID memiliki panjang 10 karakter.

08-12-2024T19:26:38 - [TEST_STEP][PASSED] - comment("Input Employee ID memiliki panjang 10 karakter."): Input Employee ID memiliki panjang 10 karakter.

08-12-2024T19:26:38 - [MESSAGE][INFO] - Input Employee ID memiliki panjang 10 karakter.

08-12-2024T19:26:38 - [TEST_STEP][PASSED] - click(findTestObject("PIM/buttonSave")): Object: 'Object Repository/PIM/buttonSave' is clicked on

08-12-2024T19:26:39 - [MESSAGE][PASSED] - Object: 'Object Repository/PIM/buttonSave' is clicked on

08-12-2024T19:26:39 - [TEST_STEP][PASSED] - verifyElementPresent(findTestObject("PIM/notificationSuccess"), 0): Object 'Object Repository/PIM/notificationSuccess' is present

08-12-2024T19:26:39 - [MESSAGE][WARNING] - Timeout '0' is invalid. Using default page load timeout: '30'

08-12-2024T19:26:41 - [MESSAGE][PASSED] - Object 'Object Repository/PIM/notificationSuccess' is present

08-12-2024T19:26:41 - [TEST_STEP][PASSED] - delay(2): Delayed 2 second(s)

08-12-2024T19:26:43 - [MESSAGE][PASSED] - Delayed 2 second(s)

08-12-2024T19:26:43 - [TEST_STEP][PASSED] - closeBrowser(): Browser is closed

08-12-2024T19:26:44 - [MESSAGE][PASSED] - Browser is closed]]></system-out>
         <system-err><![CDATA[]]></system-err>
      </testcase>
      <testcase name="Test Cases/TC - TK 004/TC 009 Employee ID lebih 10 karakter" time="35.644" classname="Test Cases/TC - TK 004/TC 009 Employee ID lebih 10 karakter" status="PASSED">
         <system-out><![CDATA[08-12-2024T19:26:44 - [TEST_CASE][PASSED] - Test Cases/TC - TK 004/TC 009 Employee ID lebih 10 karakter: Test Cases/TC - TK 004/TC 009 Employee ID lebih 10 karakter

08-12-2024T19:26:45 - [TEST_STEP][PASSED] - callTestCase(findTestCase("TC - TK 004/TC 001 Membuka fitur PIM"), [:], STOP_ON_FAILURE): Call Test Case 'Test Cases/TC - TK 004/TC 001 Membuka fitur PIM' successfully

08-12-2024T19:26:45 - [TEST_CASE][PASSED] - Test Cases/TC - TK 004/TC 001 Membuka fitur PIM: Test Cases/TC - TK 004/TC 001 Membuka fitur PIM

08-12-2024T19:26:45 - [TEST_STEP][PASSED] - callTestCase(findTestCase("TC - LW 002/TC 001 Login berhasil"), [:], STOP_ON_FAILURE): Call Test Case 'Test Cases/TC - LW 002/TC 001 Login berhasil' successfully

08-12-2024T19:26:45 - [TEST_CASE][PASSED] - Test Cases/TC - LW 002/TC 001 Login berhasil: Test Cases/TC - LW 002/TC 001 Login berhasil

08-12-2024T19:26:45 - [TEST_STEP][PASSED] - callTestCase(findTestCase("TC - OW 001/TC 001 Link website benar"), [:], STOP_ON_FAILURE): Call Test Case 'Test Cases/TC - OW 001/TC 001 Link website benar' successfully

08-12-2024T19:26:45 - [TEST_CASE][PASSED] - Test Cases/TC - OW 001/TC 001 Link website benar: Test Cases/TC - OW 001/TC 001 Link website benar

08-12-2024T19:26:45 - [TEST_STEP][PASSED] - openBrowser("https://opensource-demo.orangehrmlive.com/web/index.php/"): Browser is opened with url: 'https://opensource-demo.orangehrmlive.com/web/index.php/'

08-12-2024T19:26:45 - [MESSAGE][INFO] - Starting 'Chrome' driver

08-12-2024T19:26:45 - [MESSAGE][INFO] - Action delay is set to 0 milliseconds

08-12-2024T19:26:52 - [MESSAGE][PASSED] - Browser is opened with url: 'https://opensource-demo.orangehrmlive.com/web/index.php/'

08-12-2024T19:26:52 - [TEST_STEP][PASSED] - maximizeWindow(): Current window maximized

08-12-2024T19:26:53 - [MESSAGE][PASSED] - Current window maximized

08-12-2024T19:26:53 - [TEST_STEP][PASSED] - verifyElementPresent(findTestObject("Login/textLogin"), 0): Object 'Object Repository/Login/textLogin' is present

08-12-2024T19:26:53 - [MESSAGE][WARNING] - Timeout '0' is invalid. Using default page load timeout: '30'

08-12-2024T19:26:54 - [MESSAGE][PASSED] - Object 'Object Repository/Login/textLogin' is present

08-12-2024T19:26:54 - [MESSAGE][PASSED] - Call Test Case 'Test Cases/TC - OW 001/TC 001 Link website benar' successfully

08-12-2024T19:26:54 - [TEST_STEP][PASSED] - click(findTestObject("Login/inputUsername")): Object: 'Object Repository/Login/inputUsername' is clicked on

08-12-2024T19:26:54 - [MESSAGE][PASSED] - Object: 'Object Repository/Login/inputUsername' is clicked on

08-12-2024T19:26:54 - [TEST_STEP][PASSED] - setText(findTestObject("Login/inputUsername"), "admin"): Text 'admin' is set on object 'Object Repository/Login/inputUsername'

08-12-2024T19:26:55 - [MESSAGE][PASSED] - Text 'admin' is set on object 'Object Repository/Login/inputUsername'

08-12-2024T19:26:55 - [TEST_STEP][PASSED] - click(findTestObject("Login/inputPaasword")): Object: 'Object Repository/Login/inputPaasword' is clicked on

08-12-2024T19:26:56 - [MESSAGE][PASSED] - Object: 'Object Repository/Login/inputPaasword' is clicked on

08-12-2024T19:26:56 - [TEST_STEP][PASSED] - setText(findTestObject("Login/inputPaasword"), "admin123"): Text 'admin123' is set on object 'Object Repository/Login/inputPaasword'

08-12-2024T19:26:57 - [MESSAGE][PASSED] - Text 'admin123' is set on object 'Object Repository/Login/inputPaasword'

08-12-2024T19:26:57 - [TEST_STEP][PASSED] - click(findTestObject("Login/buttonLogin")): Object: 'Object Repository/Login/buttonLogin' is clicked on

08-12-2024T19:26:59 - [MESSAGE][PASSED] - Object: 'Object Repository/Login/buttonLogin' is clicked on

08-12-2024T19:26:59 - [TEST_STEP][PASSED] - verifyElementPresent(findTestObject("Dashboard/textDashboard"), 0): Object 'Object Repository/Dashboard/textDashboard' is present

08-12-2024T19:26:59 - [MESSAGE][WARNING] - Timeout '0' is invalid. Using default page load timeout: '30'

08-12-2024T19:27:02 - [MESSAGE][PASSED] - Object 'Object Repository/Dashboard/textDashboard' is present

08-12-2024T19:27:02 - [MESSAGE][PASSED] - Call Test Case 'Test Cases/TC - LW 002/TC 001 Login berhasil' successfully

08-12-2024T19:27:02 - [TEST_STEP][PASSED] - click(findTestObject("PIM/buttonMenupim")): Object: 'Object Repository/PIM/buttonMenupim' is clicked on

08-12-2024T19:27:04 - [MESSAGE][PASSED] - Object: 'Object Repository/PIM/buttonMenupim' is clicked on

08-12-2024T19:27:04 - [TEST_STEP][PASSED] - verifyElementPresent(findTestObject("Dashboard/textDashboard"), 0): Object 'Object Repository/Dashboard/textDashboard' is present

08-12-2024T19:27:04 - [MESSAGE][WARNING] - Timeout '0' is invalid. Using default page load timeout: '30'

08-12-2024T19:27:07 - [MESSAGE][PASSED] - Object 'Object Repository/Dashboard/textDashboard' is present

08-12-2024T19:27:07 - [MESSAGE][PASSED] - Call Test Case 'Test Cases/TC - TK 004/TC 001 Membuka fitur PIM' successfully

08-12-2024T19:27:07 - [TEST_STEP][PASSED] - click(findTestObject("Object Repository/PIM/addButton")): Object: 'Object Repository/PIM/addButton' is clicked on

08-12-2024T19:27:08 - [MESSAGE][PASSED] - Object: 'Object Repository/PIM/addButton' is clicked on

08-12-2024T19:27:08 - [TEST_STEP][PASSED] - click(findTestObject("Object Repository/PIM/inputFirstname")): Object: 'Object Repository/PIM/inputFirstname' is clicked on

08-12-2024T19:27:10 - [MESSAGE][PASSED] - Object: 'Object Repository/PIM/inputFirstname' is clicked on

08-12-2024T19:27:10 - [TEST_STEP][PASSED] - setText(findTestObject("Object Repository/PIM/inputFirstname"), "Rafki"): Text 'Rafki' is set on object 'Object Repository/PIM/inputFirstname'

08-12-2024T19:27:11 - [MESSAGE][PASSED] - Text 'Rafki' is set on object 'Object Repository/PIM/inputFirstname'

08-12-2024T19:27:11 - [TEST_STEP][PASSED] - click(findTestObject("Object Repository/PIM/inputMiddlename")): Object: 'Object Repository/PIM/inputMiddlename' is clicked on

08-12-2024T19:27:12 - [MESSAGE][PASSED] - Object: 'Object Repository/PIM/inputMiddlename' is clicked on

08-12-2024T19:27:12 - [TEST_STEP][PASSED] - setText(findTestObject("Object Repository/PIM/inputMiddlename"), "Mustafa"): Text 'Mustafa' is set on object 'Object Repository/PIM/inputMiddlename'

08-12-2024T19:27:13 - [MESSAGE][PASSED] - Text 'Mustafa' is set on object 'Object Repository/PIM/inputMiddlename'

08-12-2024T19:27:13 - [TEST_STEP][PASSED] - click(findTestObject("Object Repository/PIM/inputLastname")): Object: 'Object Repository/PIM/inputLastname' is clicked on

08-12-2024T19:27:13 - [MESSAGE][PASSED] - Object: 'Object Repository/PIM/inputLastname' is clicked on

08-12-2024T19:27:13 - [TEST_STEP][PASSED] - setText(findTestObject("Object Repository/PIM/inputLastname"), "Abdullah Kafi"): Text 'Abdullah Kafi' is set on object 'Object Repository/PIM/inputLastname'

08-12-2024T19:27:14 - [MESSAGE][PASSED] - Text 'Abdullah Kafi' is set on object 'Object Repository/PIM/inputLastname'

08-12-2024T19:27:14 - [TEST_STEP][PASSED] - click(findTestObject("PIM/inputEmployeeid")): Object: 'Object Repository/PIM/inputEmployeeid' is clicked on

08-12-2024T19:27:14 - [MESSAGE][PASSED] - Object: 'Object Repository/PIM/inputEmployeeid' is clicked on

08-12-2024T19:27:14 - [TEST_STEP][PASSED] - setText(findTestObject("PIM/inputEmployeeid"), "65456453"): Text '65456453' is set on object 'Object Repository/PIM/inputEmployeeid'

08-12-2024T19:27:15 - [MESSAGE][PASSED] - Text '65456453' is set on object 'Object Repository/PIM/inputEmployeeid'

08-12-2024T19:27:15 - [TEST_STEP][PASSED] - verifyElementPresent(findTestObject("PIM/alertMaximalemployeeid"), 0): Object 'Object Repository/PIM/alertMaximalemployeeid' is present

08-12-2024T19:27:15 - [MESSAGE][WARNING] - Timeout '0' is invalid. Using default page load timeout: '30'

08-12-2024T19:27:17 - [MESSAGE][PASSED] - Object 'Object Repository/PIM/alertMaximalemployeeid' is present

08-12-2024T19:27:17 - [TEST_STEP][PASSED] - delay(2): Delayed 2 second(s)

08-12-2024T19:27:19 - [MESSAGE][PASSED] - Delayed 2 second(s)

08-12-2024T19:27:19 - [TEST_STEP][PASSED] - closeBrowser(): Browser is closed

08-12-2024T19:27:20 - [MESSAGE][PASSED] - Browser is closed]]></system-out>
         <system-err><![CDATA[]]></system-err>
      </testcase>
      <testcase name="Test Cases/TC - TK 004/TC 010 Tambah karyawan dengan foto" time="52.955" classname="Test Cases/TC - TK 004/TC 010 Tambah karyawan dengan foto" status="PASSED">
         <system-out><![CDATA[08-12-2024T19:27:20 - [TEST_CASE][PASSED] - Test Cases/TC - TK 004/TC 010 Tambah karyawan dengan foto: Test Cases/TC - TK 004/TC 010 Tambah karyawan dengan foto

08-12-2024T19:27:21 - [TEST_STEP][PASSED] - callTestCase(findTestCase("TC - LW 002/TC 001 Login berhasil"), [:], STOP_ON_FAILURE): Call Test Case 'Test Cases/TC - LW 002/TC 001 Login berhasil' successfully

08-12-2024T19:27:21 - [TEST_CASE][PASSED] - Test Cases/TC - LW 002/TC 001 Login berhasil: Test Cases/TC - LW 002/TC 001 Login berhasil

08-12-2024T19:27:21 - [TEST_STEP][PASSED] - callTestCase(findTestCase("TC - OW 001/TC 001 Link website benar"), [:], STOP_ON_FAILURE): Call Test Case 'Test Cases/TC - OW 001/TC 001 Link website benar' successfully

08-12-2024T19:27:21 - [TEST_CASE][PASSED] - Test Cases/TC - OW 001/TC 001 Link website benar: Test Cases/TC - OW 001/TC 001 Link website benar

08-12-2024T19:27:21 - [TEST_STEP][PASSED] - openBrowser("https://opensource-demo.orangehrmlive.com/web/index.php/"): Browser is opened with url: 'https://opensource-demo.orangehrmlive.com/web/index.php/'

08-12-2024T19:27:21 - [MESSAGE][INFO] - Starting 'Chrome' driver

08-12-2024T19:27:21 - [MESSAGE][INFO] - Action delay is set to 0 milliseconds

08-12-2024T19:27:29 - [MESSAGE][PASSED] - Browser is opened with url: 'https://opensource-demo.orangehrmlive.com/web/index.php/'

08-12-2024T19:27:29 - [TEST_STEP][PASSED] - maximizeWindow(): Current window maximized

08-12-2024T19:27:29 - [MESSAGE][PASSED] - Current window maximized

08-12-2024T19:27:29 - [TEST_STEP][PASSED] - verifyElementPresent(findTestObject("Login/textLogin"), 0): Object 'Object Repository/Login/textLogin' is present

08-12-2024T19:27:29 - [MESSAGE][WARNING] - Timeout '0' is invalid. Using default page load timeout: '30'

08-12-2024T19:27:30 - [MESSAGE][PASSED] - Object 'Object Repository/Login/textLogin' is present

08-12-2024T19:27:30 - [MESSAGE][PASSED] - Call Test Case 'Test Cases/TC - OW 001/TC 001 Link website benar' successfully

08-12-2024T19:27:30 - [TEST_STEP][PASSED] - click(findTestObject("Login/inputUsername")): Object: 'Object Repository/Login/inputUsername' is clicked on

08-12-2024T19:27:31 - [MESSAGE][PASSED] - Object: 'Object Repository/Login/inputUsername' is clicked on

08-12-2024T19:27:31 - [TEST_STEP][PASSED] - setText(findTestObject("Login/inputUsername"), "admin"): Text 'admin' is set on object 'Object Repository/Login/inputUsername'

08-12-2024T19:27:32 - [MESSAGE][PASSED] - Text 'admin' is set on object 'Object Repository/Login/inputUsername'

08-12-2024T19:27:32 - [TEST_STEP][PASSED] - click(findTestObject("Login/inputPaasword")): Object: 'Object Repository/Login/inputPaasword' is clicked on

08-12-2024T19:27:32 - [MESSAGE][PASSED] - Object: 'Object Repository/Login/inputPaasword' is clicked on

08-12-2024T19:27:32 - [TEST_STEP][PASSED] - setText(findTestObject("Login/inputPaasword"), "admin123"): Text 'admin123' is set on object 'Object Repository/Login/inputPaasword'

08-12-2024T19:27:33 - [MESSAGE][PASSED] - Text 'admin123' is set on object 'Object Repository/Login/inputPaasword'

08-12-2024T19:27:33 - [TEST_STEP][PASSED] - click(findTestObject("Login/buttonLogin")): Object: 'Object Repository/Login/buttonLogin' is clicked on

08-12-2024T19:27:35 - [MESSAGE][PASSED] - Object: 'Object Repository/Login/buttonLogin' is clicked on

08-12-2024T19:27:35 - [TEST_STEP][PASSED] - verifyElementPresent(findTestObject("Dashboard/textDashboard"), 0): Object 'Object Repository/Dashboard/textDashboard' is present

08-12-2024T19:27:35 - [MESSAGE][WARNING] - Timeout '0' is invalid. Using default page load timeout: '30'

08-12-2024T19:27:38 - [MESSAGE][PASSED] - Object 'Object Repository/Dashboard/textDashboard' is present

08-12-2024T19:27:38 - [MESSAGE][PASSED] - Call Test Case 'Test Cases/TC - LW 002/TC 001 Login berhasil' successfully

08-12-2024T19:27:38 - [TEST_STEP][PASSED] - click(findTestObject("PIM/buttonMenupim")): Object: 'Object Repository/PIM/buttonMenupim' is clicked on

08-12-2024T19:27:40 - [MESSAGE][PASSED] - Object: 'Object Repository/PIM/buttonMenupim' is clicked on

08-12-2024T19:27:40 - [TEST_STEP][PASSED] - verifyElementPresent(findTestObject("Dashboard/textDashboard"), 0): Object 'Object Repository/Dashboard/textDashboard' is present

08-12-2024T19:27:40 - [MESSAGE][WARNING] - Timeout '0' is invalid. Using default page load timeout: '30'

08-12-2024T19:27:44 - [MESSAGE][PASSED] - Object 'Object Repository/Dashboard/textDashboard' is present

08-12-2024T19:27:44 - [TEST_STEP][PASSED] - click(findTestObject("PIM/addButton")): Object: 'Object Repository/PIM/addButton' is clicked on

08-12-2024T19:27:45 - [MESSAGE][PASSED] - Object: 'Object Repository/PIM/addButton' is clicked on

08-12-2024T19:27:45 - [TEST_STEP][PASSED] - click(findTestObject("PIM/inputFirstname")): Object: 'Object Repository/PIM/inputFirstname' is clicked on

08-12-2024T19:27:47 - [MESSAGE][PASSED] - Object: 'Object Repository/PIM/inputFirstname' is clicked on

08-12-2024T19:27:47 - [TEST_STEP][PASSED] - setText(findTestObject("PIM/inputFirstname"), "Rafki"): Text 'Rafki' is set on object 'Object Repository/PIM/inputFirstname'

08-12-2024T19:27:48 - [MESSAGE][PASSED] - Text 'Rafki' is set on object 'Object Repository/PIM/inputFirstname'

08-12-2024T19:27:48 - [TEST_STEP][PASSED] - click(findTestObject("PIM/inputMiddlename")): Object: 'Object Repository/PIM/inputMiddlename' is clicked on

08-12-2024T19:27:48 - [MESSAGE][PASSED] - Object: 'Object Repository/PIM/inputMiddlename' is clicked on

08-12-2024T19:27:48 - [TEST_STEP][PASSED] - setText(findTestObject("PIM/inputMiddlename"), "Mustafa"): Text 'Mustafa' is set on object 'Object Repository/PIM/inputMiddlename'

08-12-2024T19:27:49 - [MESSAGE][PASSED] - Text 'Mustafa' is set on object 'Object Repository/PIM/inputMiddlename'

08-12-2024T19:27:49 - [TEST_STEP][PASSED] - click(findTestObject("PIM/inputLastname")): Object: 'Object Repository/PIM/inputLastname' is clicked on

08-12-2024T19:27:49 - [MESSAGE][PASSED] - Object: 'Object Repository/PIM/inputLastname' is clicked on

08-12-2024T19:27:49 - [TEST_STEP][PASSED] - setText(findTestObject("PIM/inputLastname"), "Abdullah Kafi"): Text 'Abdullah Kafi' is set on object 'Object Repository/PIM/inputLastname'

08-12-2024T19:27:50 - [MESSAGE][PASSED] - Text 'Abdullah Kafi' is set on object 'Object Repository/PIM/inputLastname'

08-12-2024T19:27:50 - [TEST_STEP][PASSED] - click(findTestObject("PIM/inputEmployeeid")): Object: 'Object Repository/PIM/inputEmployeeid' is clicked on

08-12-2024T19:27:51 - [MESSAGE][PASSED] - Object: 'Object Repository/PIM/inputEmployeeid' is clicked on

08-12-2024T19:27:51 - [TEST_STEP][PASSED] - sendKeys(findTestObject("PIM/inputEmployeeid"), Keys.chord(CONTROL, "a", DELETE)): Keys 'CONTROL + DELETE + a' sent to object: 'Object Repository/PIM/inputEmployeeid'

08-12-2024T19:27:51 - [MESSAGE][PASSED] - Keys 'CONTROL + DELETE + a' sent to object: 'Object Repository/PIM/inputEmployeeid'

08-12-2024T19:27:51 - [TEST_STEP][PASSED] - setText(findTestObject("PIM/inputEmployeeid"), "6734983"): Text '6734983' is set on object 'Object Repository/PIM/inputEmployeeid'

08-12-2024T19:27:52 - [MESSAGE][PASSED] - Text '6734983' is set on object 'Object Repository/PIM/inputEmployeeid'

08-12-2024T19:27:52 - [TEST_STEP][PASSED] - click(findTestObject("PIM/addImage")): Object: 'Object Repository/PIM/addImage' is clicked on

08-12-2024T19:27:52 - [MESSAGE][PASSED] - Object: 'Object Repository/PIM/addImage' is clicked on

08-12-2024T19:27:52 - [TEST_STEP][PASSED] - filePath = "C:\Users\rafki\git\automationTest\Screenshots\test_upload.png": null

08-12-2024T19:27:52 - [TEST_STEP][PASSED] - filePathSelection = new java.awt.datatransfer.StringSelection(filePath): null

08-12-2024T19:27:52 - [TEST_STEP][PASSED] - getSystemClipboard().setContents(filePathSelection, null): null

08-12-2024T19:27:53 - [TEST_STEP][PASSED] - robot = new java.awt.Robot(): null

08-12-2024T19:27:53 - [TEST_STEP][PASSED] - Thread.sleep(2000): null

08-12-2024T19:27:55 - [TEST_STEP][PASSED] - robot.keyPress(VK_CONTROL): null

08-12-2024T19:27:55 - [TEST_STEP][PASSED] - robot.keyPress(VK_V): null

08-12-2024T19:27:55 - [TEST_STEP][PASSED] - robot.keyRelease(VK_V): null

08-12-2024T19:27:56 - [TEST_STEP][PASSED] - robot.keyRelease(VK_CONTROL): null

08-12-2024T19:27:56 - [TEST_STEP][PASSED] - robot.keyPress(VK_ENTER): null

08-12-2024T19:27:56 - [TEST_STEP][PASSED] - robot.keyRelease(VK_ENTER): null

08-12-2024T19:27:56 - [TEST_STEP][PASSED] - delay(10): Delayed 10 second(s)

08-12-2024T19:28:06 - [MESSAGE][PASSED] - Delayed 10 second(s)

08-12-2024T19:28:06 - [TEST_STEP][PASSED] - click(findTestObject("PIM/buttonSave")): Object: 'Object Repository/PIM/buttonSave' is clicked on

08-12-2024T19:28:06 - [MESSAGE][PASSED] - Object: 'Object Repository/PIM/buttonSave' is clicked on

08-12-2024T19:28:06 - [TEST_STEP][PASSED] - verifyElementPresent(findTestObject("PIM/notificationSuccess"), 0): Object 'Object Repository/PIM/notificationSuccess' is present

08-12-2024T19:28:06 - [MESSAGE][WARNING] - Timeout '0' is invalid. Using default page load timeout: '30'

08-12-2024T19:28:10 - [MESSAGE][PASSED] - Object 'Object Repository/PIM/notificationSuccess' is present

08-12-2024T19:28:10 - [TEST_STEP][PASSED] - delay(2): Delayed 2 second(s)

08-12-2024T19:28:12 - [MESSAGE][PASSED] - Delayed 2 second(s)

08-12-2024T19:28:12 - [TEST_STEP][PASSED] - closeBrowser(): Browser is closed

08-12-2024T19:28:13 - [MESSAGE][PASSED] - Browser is closed]]></system-out>
         <system-err><![CDATA[]]></system-err>
      </testcase>
      <testcase name="Test Cases/TC - TK 004/TC 011 Tambah foto karyawan dengan file dokumen" time="41.46" classname="Test Cases/TC - TK 004/TC 011 Tambah foto karyawan dengan file dokumen" status="PASSED">
         <system-out><![CDATA[08-12-2024T19:28:13 - [TEST_CASE][PASSED] - Test Cases/TC - TK 004/TC 011 Tambah foto karyawan dengan file dokumen: Test Cases/TC - TK 004/TC 011 Tambah foto karyawan dengan file dokumen

08-12-2024T19:28:13 - [TEST_STEP][PASSED] - callTestCase(findTestCase("TC - LW 002/TC 001 Login berhasil"), [:], STOP_ON_FAILURE): Call Test Case 'Test Cases/TC - LW 002/TC 001 Login berhasil' successfully

08-12-2024T19:28:14 - [TEST_CASE][PASSED] - Test Cases/TC - LW 002/TC 001 Login berhasil: Test Cases/TC - LW 002/TC 001 Login berhasil

08-12-2024T19:28:14 - [TEST_STEP][PASSED] - callTestCase(findTestCase("TC - OW 001/TC 001 Link website benar"), [:], STOP_ON_FAILURE): Call Test Case 'Test Cases/TC - OW 001/TC 001 Link website benar' successfully

08-12-2024T19:28:14 - [TEST_CASE][PASSED] - Test Cases/TC - OW 001/TC 001 Link website benar: Test Cases/TC - OW 001/TC 001 Link website benar

08-12-2024T19:28:14 - [TEST_STEP][PASSED] - openBrowser("https://opensource-demo.orangehrmlive.com/web/index.php/"): Browser is opened with url: 'https://opensource-demo.orangehrmlive.com/web/index.php/'

08-12-2024T19:28:14 - [MESSAGE][INFO] - Starting 'Chrome' driver

08-12-2024T19:28:14 - [MESSAGE][INFO] - Action delay is set to 0 milliseconds

08-12-2024T19:28:21 - [MESSAGE][PASSED] - Browser is opened with url: 'https://opensource-demo.orangehrmlive.com/web/index.php/'

08-12-2024T19:28:21 - [TEST_STEP][PASSED] - maximizeWindow(): Current window maximized

08-12-2024T19:28:22 - [MESSAGE][PASSED] - Current window maximized

08-12-2024T19:28:22 - [TEST_STEP][PASSED] - verifyElementPresent(findTestObject("Login/textLogin"), 0): Object 'Object Repository/Login/textLogin' is present

08-12-2024T19:28:22 - [MESSAGE][WARNING] - Timeout '0' is invalid. Using default page load timeout: '30'

08-12-2024T19:28:22 - [MESSAGE][PASSED] - Object 'Object Repository/Login/textLogin' is present

08-12-2024T19:28:22 - [MESSAGE][PASSED] - Call Test Case 'Test Cases/TC - OW 001/TC 001 Link website benar' successfully

08-12-2024T19:28:22 - [TEST_STEP][PASSED] - click(findTestObject("Login/inputUsername")): Object: 'Object Repository/Login/inputUsername' is clicked on

08-12-2024T19:28:23 - [MESSAGE][PASSED] - Object: 'Object Repository/Login/inputUsername' is clicked on

08-12-2024T19:28:23 - [TEST_STEP][PASSED] - setText(findTestObject("Login/inputUsername"), "admin"): Text 'admin' is set on object 'Object Repository/Login/inputUsername'

08-12-2024T19:28:24 - [MESSAGE][PASSED] - Text 'admin' is set on object 'Object Repository/Login/inputUsername'

08-12-2024T19:28:24 - [TEST_STEP][PASSED] - click(findTestObject("Login/inputPaasword")): Object: 'Object Repository/Login/inputPaasword' is clicked on

08-12-2024T19:28:24 - [MESSAGE][PASSED] - Object: 'Object Repository/Login/inputPaasword' is clicked on

08-12-2024T19:28:24 - [TEST_STEP][PASSED] - setText(findTestObject("Login/inputPaasword"), "admin123"): Text 'admin123' is set on object 'Object Repository/Login/inputPaasword'

08-12-2024T19:28:25 - [MESSAGE][PASSED] - Text 'admin123' is set on object 'Object Repository/Login/inputPaasword'

08-12-2024T19:28:25 - [TEST_STEP][PASSED] - click(findTestObject("Login/buttonLogin")): Object: 'Object Repository/Login/buttonLogin' is clicked on

08-12-2024T19:28:27 - [MESSAGE][PASSED] - Object: 'Object Repository/Login/buttonLogin' is clicked on

08-12-2024T19:28:27 - [TEST_STEP][PASSED] - verifyElementPresent(findTestObject("Dashboard/textDashboard"), 0): Object 'Object Repository/Dashboard/textDashboard' is present

08-12-2024T19:28:27 - [MESSAGE][WARNING] - Timeout '0' is invalid. Using default page load timeout: '30'

08-12-2024T19:28:29 - [MESSAGE][PASSED] - Object 'Object Repository/Dashboard/textDashboard' is present

08-12-2024T19:28:29 - [MESSAGE][PASSED] - Call Test Case 'Test Cases/TC - LW 002/TC 001 Login berhasil' successfully

08-12-2024T19:28:29 - [TEST_STEP][PASSED] - click(findTestObject("PIM/buttonMenupim")): Object: 'Object Repository/PIM/buttonMenupim' is clicked on

08-12-2024T19:28:32 - [MESSAGE][PASSED] - Object: 'Object Repository/PIM/buttonMenupim' is clicked on

08-12-2024T19:28:32 - [TEST_STEP][PASSED] - verifyElementPresent(findTestObject("Dashboard/textDashboard"), 0): Object 'Object Repository/Dashboard/textDashboard' is present

08-12-2024T19:28:32 - [MESSAGE][WARNING] - Timeout '0' is invalid. Using default page load timeout: '30'

08-12-2024T19:28:35 - [MESSAGE][PASSED] - Object 'Object Repository/Dashboard/textDashboard' is present

08-12-2024T19:28:35 - [TEST_STEP][PASSED] - click(findTestObject("PIM/addButton")): Object: 'Object Repository/PIM/addButton' is clicked on

08-12-2024T19:28:39 - [MESSAGE][PASSED] - Object: 'Object Repository/PIM/addButton' is clicked on

08-12-2024T19:28:39 - [TEST_STEP][PASSED] - click(findTestObject("PIM/inputFirstname")): Object: 'Object Repository/PIM/inputFirstname' is clicked on

08-12-2024T19:28:42 - [MESSAGE][PASSED] - Object: 'Object Repository/PIM/inputFirstname' is clicked on

08-12-2024T19:28:42 - [TEST_STEP][PASSED] - setText(findTestObject("PIM/inputFirstname"), "Rafki"): Text 'Rafki' is set on object 'Object Repository/PIM/inputFirstname'

08-12-2024T19:28:42 - [MESSAGE][PASSED] - Text 'Rafki' is set on object 'Object Repository/PIM/inputFirstname'

08-12-2024T19:28:42 - [TEST_STEP][PASSED] - click(findTestObject("PIM/inputMiddlename")): Object: 'Object Repository/PIM/inputMiddlename' is clicked on

08-12-2024T19:28:43 - [MESSAGE][PASSED] - Object: 'Object Repository/PIM/inputMiddlename' is clicked on

08-12-2024T19:28:43 - [TEST_STEP][PASSED] - setText(findTestObject("PIM/inputMiddlename"), "Mustafa"): Text 'Mustafa' is set on object 'Object Repository/PIM/inputMiddlename'

08-12-2024T19:28:44 - [MESSAGE][PASSED] - Text 'Mustafa' is set on object 'Object Repository/PIM/inputMiddlename'

08-12-2024T19:28:44 - [TEST_STEP][PASSED] - click(findTestObject("PIM/inputLastname")): Object: 'Object Repository/PIM/inputLastname' is clicked on

08-12-2024T19:28:44 - [MESSAGE][PASSED] - Object: 'Object Repository/PIM/inputLastname' is clicked on

08-12-2024T19:28:44 - [TEST_STEP][PASSED] - setText(findTestObject("PIM/inputLastname"), "Abdullah Kafi"): Text 'Abdullah Kafi' is set on object 'Object Repository/PIM/inputLastname'

08-12-2024T19:28:45 - [MESSAGE][PASSED] - Text 'Abdullah Kafi' is set on object 'Object Repository/PIM/inputLastname'

08-12-2024T19:28:45 - [TEST_STEP][PASSED] - click(findTestObject("PIM/inputEmployeeid")): Object: 'Object Repository/PIM/inputEmployeeid' is clicked on

08-12-2024T19:28:46 - [MESSAGE][PASSED] - Object: 'Object Repository/PIM/inputEmployeeid' is clicked on

08-12-2024T19:28:46 - [TEST_STEP][PASSED] - sendKeys(findTestObject("PIM/inputEmployeeid"), Keys.chord(CONTROL, "a", DELETE)): Keys 'CONTROL + DELETE + a' sent to object: 'Object Repository/PIM/inputEmployeeid'

08-12-2024T19:28:46 - [MESSAGE][PASSED] - Keys 'CONTROL + DELETE + a' sent to object: 'Object Repository/PIM/inputEmployeeid'

08-12-2024T19:28:46 - [TEST_STEP][PASSED] - setText(findTestObject("PIM/inputEmployeeid"), "6234238"): Text '6234238' is set on object 'Object Repository/PIM/inputEmployeeid'

08-12-2024T19:28:47 - [MESSAGE][PASSED] - Text '6234238' is set on object 'Object Repository/PIM/inputEmployeeid'

08-12-2024T19:28:47 - [TEST_STEP][PASSED] - click(findTestObject("PIM/addImage")): Object: 'Object Repository/PIM/addImage' is clicked on

08-12-2024T19:28:47 - [MESSAGE][PASSED] - Object: 'Object Repository/PIM/addImage' is clicked on

08-12-2024T19:28:47 - [TEST_STEP][PASSED] - filePath = "C:\Users\rafki\git\automationTest\Screenshots\test_doc.docx": null

08-12-2024T19:28:47 - [TEST_STEP][PASSED] - filePathSelection = new java.awt.datatransfer.StringSelection(filePath): null

08-12-2024T19:28:47 - [TEST_STEP][PASSED] - getSystemClipboard().setContents(filePathSelection, null): null

08-12-2024T19:28:47 - [TEST_STEP][PASSED] - robot = new java.awt.Robot(): null

08-12-2024T19:28:47 - [TEST_STEP][PASSED] - Thread.sleep(2000): null

08-12-2024T19:28:49 - [TEST_STEP][PASSED] - robot.keyPress(VK_CONTROL): null

08-12-2024T19:28:49 - [TEST_STEP][PASSED] - robot.keyPress(VK_V): null

08-12-2024T19:28:49 - [TEST_STEP][PASSED] - robot.keyRelease(VK_V): null

08-12-2024T19:28:49 - [TEST_STEP][PASSED] - robot.keyRelease(VK_CONTROL): null

08-12-2024T19:28:50 - [TEST_STEP][PASSED] - robot.keyPress(VK_ENTER): null

08-12-2024T19:28:50 - [TEST_STEP][PASSED] - robot.keyRelease(VK_ENTER): null

08-12-2024T19:28:50 - [TEST_STEP][PASSED] - delay(2): Delayed 2 second(s)

08-12-2024T19:28:52 - [MESSAGE][PASSED] - Delayed 2 second(s)

08-12-2024T19:28:52 - [TEST_STEP][PASSED] - verifyElementPresent(findTestObject("PIM/textFilenotallowed"), 0): Object 'Object Repository/PIM/textFilenotallowed' is present

08-12-2024T19:28:52 - [MESSAGE][WARNING] - Timeout '0' is invalid. Using default page load timeout: '30'

08-12-2024T19:28:52 - [MESSAGE][PASSED] - Object 'Object Repository/PIM/textFilenotallowed' is present

08-12-2024T19:28:52 - [TEST_STEP][PASSED] - delay(2): Delayed 2 second(s)

08-12-2024T19:28:54 - [MESSAGE][PASSED] - Delayed 2 second(s)

08-12-2024T19:28:54 - [TEST_STEP][PASSED] - closeBrowser(): Browser is closed

08-12-2024T19:28:54 - [MESSAGE][PASSED] - Browser is closed]]></system-out>
         <system-err><![CDATA[]]></system-err>
      </testcase>
      <testcase name="Test Cases/TC - TK 004/TC 012 tombol cancel tambah karaywan" time="42.519" classname="Test Cases/TC - TK 004/TC 012 tombol cancel tambah karaywan" status="PASSED">
         <system-out><![CDATA[08-12-2024T19:28:55 - [TEST_CASE][PASSED] - Test Cases/TC - TK 004/TC 012 tombol cancel tambah karaywan: Test Cases/TC - TK 004/TC 012 tombol cancel tambah karaywan

08-12-2024T19:28:55 - [TEST_STEP][PASSED] - callTestCase(findTestCase("TC - LW 002/TC 001 Login berhasil"), [:], STOP_ON_FAILURE): Call Test Case 'Test Cases/TC - LW 002/TC 001 Login berhasil' successfully

08-12-2024T19:28:55 - [TEST_CASE][PASSED] - Test Cases/TC - LW 002/TC 001 Login berhasil: Test Cases/TC - LW 002/TC 001 Login berhasil

08-12-2024T19:28:55 - [TEST_STEP][PASSED] - callTestCase(findTestCase("TC - OW 001/TC 001 Link website benar"), [:], STOP_ON_FAILURE): Call Test Case 'Test Cases/TC - OW 001/TC 001 Link website benar' successfully

08-12-2024T19:28:55 - [TEST_CASE][PASSED] - Test Cases/TC - OW 001/TC 001 Link website benar: Test Cases/TC - OW 001/TC 001 Link website benar

08-12-2024T19:28:55 - [TEST_STEP][PASSED] - openBrowser("https://opensource-demo.orangehrmlive.com/web/index.php/"): Browser is opened with url: 'https://opensource-demo.orangehrmlive.com/web/index.php/'

08-12-2024T19:28:55 - [MESSAGE][INFO] - Starting 'Chrome' driver

08-12-2024T19:28:55 - [MESSAGE][INFO] - Action delay is set to 0 milliseconds

08-12-2024T19:29:08 - [MESSAGE][PASSED] - Browser is opened with url: 'https://opensource-demo.orangehrmlive.com/web/index.php/'

08-12-2024T19:29:08 - [TEST_STEP][PASSED] - maximizeWindow(): Current window maximized

08-12-2024T19:29:08 - [MESSAGE][PASSED] - Current window maximized

08-12-2024T19:29:08 - [TEST_STEP][PASSED] - verifyElementPresent(findTestObject("Login/textLogin"), 0): Object 'Object Repository/Login/textLogin' is present

08-12-2024T19:29:08 - [MESSAGE][WARNING] - Timeout '0' is invalid. Using default page load timeout: '30'

08-12-2024T19:29:10 - [MESSAGE][PASSED] - Object 'Object Repository/Login/textLogin' is present

08-12-2024T19:29:10 - [MESSAGE][PASSED] - Call Test Case 'Test Cases/TC - OW 001/TC 001 Link website benar' successfully

08-12-2024T19:29:10 - [TEST_STEP][PASSED] - click(findTestObject("Login/inputUsername")): Object: 'Object Repository/Login/inputUsername' is clicked on

08-12-2024T19:29:10 - [MESSAGE][PASSED] - Object: 'Object Repository/Login/inputUsername' is clicked on

08-12-2024T19:29:10 - [TEST_STEP][PASSED] - setText(findTestObject("Login/inputUsername"), "admin"): Text 'admin' is set on object 'Object Repository/Login/inputUsername'

08-12-2024T19:29:11 - [MESSAGE][PASSED] - Text 'admin' is set on object 'Object Repository/Login/inputUsername'

08-12-2024T19:29:11 - [TEST_STEP][PASSED] - click(findTestObject("Login/inputPaasword")): Object: 'Object Repository/Login/inputPaasword' is clicked on

08-12-2024T19:29:11 - [MESSAGE][PASSED] - Object: 'Object Repository/Login/inputPaasword' is clicked on

08-12-2024T19:29:11 - [TEST_STEP][PASSED] - setText(findTestObject("Login/inputPaasword"), "admin123"): Text 'admin123' is set on object 'Object Repository/Login/inputPaasword'

08-12-2024T19:29:12 - [MESSAGE][PASSED] - Text 'admin123' is set on object 'Object Repository/Login/inputPaasword'

08-12-2024T19:29:12 - [TEST_STEP][PASSED] - click(findTestObject("Login/buttonLogin")): Object: 'Object Repository/Login/buttonLogin' is clicked on

08-12-2024T19:29:14 - [MESSAGE][PASSED] - Object: 'Object Repository/Login/buttonLogin' is clicked on

08-12-2024T19:29:14 - [TEST_STEP][PASSED] - verifyElementPresent(findTestObject("Dashboard/textDashboard"), 0): Object 'Object Repository/Dashboard/textDashboard' is present

08-12-2024T19:29:14 - [MESSAGE][WARNING] - Timeout '0' is invalid. Using default page load timeout: '30'

08-12-2024T19:29:17 - [MESSAGE][PASSED] - Object 'Object Repository/Dashboard/textDashboard' is present

08-12-2024T19:29:17 - [MESSAGE][PASSED] - Call Test Case 'Test Cases/TC - LW 002/TC 001 Login berhasil' successfully

08-12-2024T19:29:17 - [TEST_STEP][PASSED] - click(findTestObject("PIM/buttonMenupim")): Object: 'Object Repository/PIM/buttonMenupim' is clicked on

08-12-2024T19:29:23 - [MESSAGE][PASSED] - Object: 'Object Repository/PIM/buttonMenupim' is clicked on

08-12-2024T19:29:23 - [TEST_STEP][PASSED] - verifyElementPresent(findTestObject("Dashboard/textDashboard"), 0): Object 'Object Repository/Dashboard/textDashboard' is present

08-12-2024T19:29:23 - [MESSAGE][WARNING] - Timeout '0' is invalid. Using default page load timeout: '30'

08-12-2024T19:29:29 - [MESSAGE][PASSED] - Object 'Object Repository/Dashboard/textDashboard' is present

08-12-2024T19:29:29 - [TEST_STEP][PASSED] - click(findTestObject("PIM/addButton")): Object: 'Object Repository/PIM/addButton' is clicked on

08-12-2024T19:29:30 - [MESSAGE][PASSED] - Object: 'Object Repository/PIM/addButton' is clicked on

08-12-2024T19:29:30 - [TEST_STEP][PASSED] - click(findTestObject("PIM/buttonCancel")): Object: 'Object Repository/PIM/buttonCancel' is clicked on

08-12-2024T19:29:32 - [MESSAGE][PASSED] - Object: 'Object Repository/PIM/buttonCancel' is clicked on

08-12-2024T19:29:32 - [TEST_STEP][PASSED] - verifyElementPresent(findTestObject("Dashboard/textDashboard"), 0): Object 'Object Repository/Dashboard/textDashboard' is present

08-12-2024T19:29:32 - [MESSAGE][WARNING] - Timeout '0' is invalid. Using default page load timeout: '30'

08-12-2024T19:29:34 - [MESSAGE][PASSED] - Object 'Object Repository/Dashboard/textDashboard' is present

08-12-2024T19:29:34 - [TEST_STEP][PASSED] - delay(2): Delayed 2 second(s)

08-12-2024T19:29:36 - [MESSAGE][PASSED] - Delayed 2 second(s)

08-12-2024T19:29:36 - [TEST_STEP][PASSED] - closeBrowser(): Browser is closed

08-12-2024T19:29:37 - [MESSAGE][PASSED] - Browser is closed]]></system-out>
         <system-err><![CDATA[]]></system-err>
      </testcase>
      <system-out><![CDATA[08-12-2024T19:22:04 - [TEST_SUITE][PASSED] - Tambah Data Karyawan: Test Cases/TC - TK 004/TC 012 tombol cancel tambah karaywan]]></system-out>
      <system-err><![CDATA[]]></system-err>
   </testsuite>
</testsuites>
